[1.732s] Invoking command in '/home/robot/human_ws/src/human': AMENT_PREFIX_PATH=/home/robot/human_ws/install/myinterfaces:${AMENT_PREFIX_PATH} CMAKE_PREFIX_PATH=/home/robot/human_ws/install/myinterfaces:${CMAKE_PREFIX_PATH} LD_LIBRARY_PATH=/home/robot/human_ws/install/myinterfaces/lib:${LD_LIBRARY_PATH} PYTHONPATH=/home/robot/human_ws/build/human/prefix_override:/usr/lib/python3/dist-packages/colcon_core/task/python/colcon_distutils_commands:/home/robot/human_ws/install/human/lib/python3.10/site-packages:/home/robot/human_ws/install/myinterfaces/local/lib/python3.10/dist-packages:${PYTHONPATH} /usr/bin/python3 -W ignore:setup.py install is deprecated setup.py egg_info --egg-base ../../build/human build --build-base /home/robot/human_ws/build/human/build install --record /home/robot/human_ws/build/human/install.log --single-version-externally-managed install_data
[2.301s] running egg_info
[2.303s] writing ../../build/human/human.egg-info/PKG-INFO
[2.303s] writing dependency_links to ../../build/human/human.egg-info/dependency_links.txt
[2.304s] writing entry points to ../../build/human/human.egg-info/entry_points.txt
[2.305s] writing requirements to ../../build/human/human.egg-info/requires.txt
[2.305s] writing top-level names to ../../build/human/human.egg-info/top_level.txt
[2.309s] reading manifest file '../../build/human/human.egg-info/SOURCES.txt'
[2.311s] writing manifest file '../../build/human/human.egg-info/SOURCES.txt'
[2.312s] running build
[2.312s] running build_py
[2.312s] copying human/coordinates_publisher.py -> /home/robot/human_ws/build/human/build/lib/human
[2.315s] running install
[2.315s] running install_lib
[2.318s] copying /home/robot/human_ws/build/human/build/lib/human/coordinates_publisher.py -> /home/robot/human_ws/install/human/lib/python3.10/site-packages/human
[2.319s] byte-compiling /home/robot/human_ws/install/human/lib/python3.10/site-packages/human/coordinates_publisher.py to coordinates_publisher.cpython-310.pyc
[2.323s] running install_data
[2.324s] running install_egg_info
[2.327s] removing '/home/robot/human_ws/install/human/lib/python3.10/site-packages/human-0.0.0-py3.10.egg-info' (and everything under it)
[2.339s] Copying ../../build/human/human.egg-info to /home/robot/human_ws/install/human/lib/python3.10/site-packages/human-0.0.0-py3.10.egg-info
[2.339s] running install_scripts
[2.373s] Installing coordinates_publisher script to /home/robot/human_ws/install/human/lib/human
[2.374s] Installing human_coordinate_client script to /home/robot/human_ws/install/human/lib/human
[2.375s] Installing human_coordinate_client_pcd script to /home/robot/human_ws/install/human/lib/human
[2.375s] Installing human_coordinate_server script to /home/robot/human_ws/install/human/lib/human
[2.375s] Installing human_coordinate_server_pcd script to /home/robot/human_ws/install/human/lib/human
[2.375s] Installing start_nodes script to /home/robot/human_ws/install/human/lib/human
[2.376s] writing list of installed files to '/home/robot/human_ws/build/human/install.log'
[2.450s] Invoked command in '/home/robot/human_ws/src/human' returned '0': AMENT_PREFIX_PATH=/home/robot/human_ws/install/myinterfaces:${AMENT_PREFIX_PATH} CMAKE_PREFIX_PATH=/home/robot/human_ws/install/myinterfaces:${CMAKE_PREFIX_PATH} LD_LIBRARY_PATH=/home/robot/human_ws/install/myinterfaces/lib:${LD_LIBRARY_PATH} PYTHONPATH=/home/robot/human_ws/build/human/prefix_override:/usr/lib/python3/dist-packages/colcon_core/task/python/colcon_distutils_commands:/home/robot/human_ws/install/human/lib/python3.10/site-packages:/home/robot/human_ws/install/myinterfaces/local/lib/python3.10/dist-packages:${PYTHONPATH} /usr/bin/python3 -W ignore:setup.py install is deprecated setup.py egg_info --egg-base ../../build/human build --build-base /home/robot/human_ws/build/human/build install --record /home/robot/human_ws/build/human/install.log --single-version-externally-managed install_data
