[1.115s] Invoking command in '/home/robot/human_ws/src/locomotion': PYTHONPATH=/home/robot/human_ws/build/locomotion/prefix_override:/usr/lib/python3/dist-packages/colcon_core/task/python/colcon_distutils_commands:/home/robot/human_ws/install/locomotion/lib/python3.10/site-packages:${PYTHONPATH} /usr/bin/python3 -W ignore:setup.py install is deprecated setup.py egg_info --egg-base ../../build/locomotion build --build-base /home/robot/human_ws/build/locomotion/build install --record /home/robot/human_ws/build/locomotion/install.log --single-version-externally-managed install_data
[1.533s] running egg_info
[1.533s] writing ../../build/locomotion/locomotion.egg-info/PKG-INFO
[1.534s] writing dependency_links to ../../build/locomotion/locomotion.egg-info/dependency_links.txt
[1.534s] writing entry points to ../../build/locomotion/locomotion.egg-info/entry_points.txt
[1.535s] writing requirements to ../../build/locomotion/locomotion.egg-info/requires.txt
[1.535s] writing top-level names to ../../build/locomotion/locomotion.egg-info/top_level.txt
[1.537s] reading manifest file '../../build/locomotion/locomotion.egg-info/SOURCES.txt'
[1.538s] writing manifest file '../../build/locomotion/locomotion.egg-info/SOURCES.txt'
[1.539s] running build
[1.539s] running build_py
[1.539s] copying locomotion/locomotion.py -> /home/robot/human_ws/build/locomotion/build/lib/locomotion
[1.539s] running install
[1.540s] running install_lib
[1.541s] copying /home/robot/human_ws/build/locomotion/build/lib/locomotion/locomotion.py -> /home/robot/human_ws/install/locomotion/lib/python3.10/site-packages/locomotion
[1.542s] byte-compiling /home/robot/human_ws/install/locomotion/lib/python3.10/site-packages/locomotion/locomotion.py to locomotion.cpython-310.pyc
[1.545s] running install_data
[1.545s] running install_egg_info
[1.547s] removing '/home/robot/human_ws/install/locomotion/lib/python3.10/site-packages/locomotion-0.0.0-py3.10.egg-info' (and everything under it)
[1.549s] Copying ../../build/locomotion/locomotion.egg-info to /home/robot/human_ws/install/locomotion/lib/python3.10/site-packages/locomotion-0.0.0-py3.10.egg-info
[1.549s] running install_scripts
[1.577s] Installing locomotion script to /home/robot/human_ws/install/locomotion/lib/locomotion
[1.580s] writing list of installed files to '/home/robot/human_ws/build/locomotion/install.log'
[1.636s] Invoked command in '/home/robot/human_ws/src/locomotion' returned '0': PYTHONPATH=/home/robot/human_ws/build/locomotion/prefix_override:/usr/lib/python3/dist-packages/colcon_core/task/python/colcon_distutils_commands:/home/robot/human_ws/install/locomotion/lib/python3.10/site-packages:${PYTHONPATH} /usr/bin/python3 -W ignore:setup.py install is deprecated setup.py egg_info --egg-base ../../build/locomotion build --build-base /home/robot/human_ws/build/locomotion/build install --record /home/robot/human_ws/build/locomotion/install.log --single-version-externally-managed install_data
