[1.405s] Invoking command in '/home/robot/human_ws/src/follow': PYTHONPATH=/home/robot/human_ws/build/follow/prefix_override:/usr/lib/python3/dist-packages/colcon_core/task/python/colcon_distutils_commands:/home/robot/human_ws/install/follow/lib/python3.10/site-packages:${PYTHONPATH} /usr/bin/python3 -W ignore:setup.py install is deprecated setup.py egg_info --egg-base ../../build/follow build --build-base /home/robot/human_ws/build/follow/build install --record /home/robot/human_ws/build/follow/install.log --single-version-externally-managed install_data
[1.789s] running egg_info
[1.789s] writing ../../build/follow/follow.egg-info/PKG-INFO
[1.790s] writing dependency_links to ../../build/follow/follow.egg-info/dependency_links.txt
[1.790s] writing entry points to ../../build/follow/follow.egg-info/entry_points.txt
[1.790s] writing requirements to ../../build/follow/follow.egg-info/requires.txt
[1.790s] writing top-level names to ../../build/follow/follow.egg-info/top_level.txt
[1.793s] reading manifest file '../../build/follow/follow.egg-info/SOURCES.txt'
[1.793s] writing manifest file '../../build/follow/follow.egg-info/SOURCES.txt'
[1.794s] running build
[1.794s] running build_py
[1.794s] copying follow/follower.py -> /home/robot/human_ws/build/follow/build/lib/follow
[1.795s] running install
[1.795s] running install_lib
[1.797s] copying /home/robot/human_ws/build/follow/build/lib/follow/follower.py -> /home/robot/human_ws/install/follow/lib/python3.10/site-packages/follow
[1.798s] byte-compiling /home/robot/human_ws/install/follow/lib/python3.10/site-packages/follow/follower.py to follower.cpython-310.pyc
[1.799s] running install_data
[1.799s] running install_egg_info
[1.801s] removing '/home/robot/human_ws/install/follow/lib/python3.10/site-packages/follow-0.0.0-py3.10.egg-info' (and everything under it)
[1.802s] Copying ../../build/follow/follow.egg-info to /home/robot/human_ws/install/follow/lib/python3.10/site-packages/follow-0.0.0-py3.10.egg-info
[1.802s] running install_scripts
[1.830s] Installing follower script to /home/robot/human_ws/install/follow/lib/follow
[1.830s] Installing test_publisher script to /home/robot/human_ws/install/follow/lib/follow
[1.831s] writing list of installed files to '/home/robot/human_ws/build/follow/install.log'
[1.898s] Invoked command in '/home/robot/human_ws/src/follow' returned '0': PYTHONPATH=/home/robot/human_ws/build/follow/prefix_override:/usr/lib/python3/dist-packages/colcon_core/task/python/colcon_distutils_commands:/home/robot/human_ws/install/follow/lib/python3.10/site-packages:${PYTHONPATH} /usr/bin/python3 -W ignore:setup.py install is deprecated setup.py egg_info --egg-base ../../build/follow build --build-base /home/robot/human_ws/build/follow/build install --record /home/robot/human_ws/build/follow/install.log --single-version-externally-managed install_data
