[0.681s] Invoking command in '/home/robot/human_ws/src/follow': PYTHONPATH=/home/robot/human_ws/build/follow/prefix_override:/usr/lib/python3/dist-packages/colcon_core/task/python/colcon_distutils_commands:/home/robot/human_ws/install/follow/lib/python3.10/site-packages:${PYTHONPATH} /usr/bin/python3 -W ignore:setup.py install is deprecated setup.py egg_info --egg-base ../../build/follow build --build-base /home/robot/human_ws/build/follow/build install --record /home/robot/human_ws/build/follow/install.log --single-version-externally-managed install_data
[0.905s] running egg_info
[0.906s] creating ../../build/follow/follow.egg-info
[0.906s] writing ../../build/follow/follow.egg-info/PKG-INFO
[0.906s] writing dependency_links to ../../build/follow/follow.egg-info/dependency_links.txt
[0.906s] writing entry points to ../../build/follow/follow.egg-info/entry_points.txt
[0.906s] writing requirements to ../../build/follow/follow.egg-info/requires.txt
[0.906s] writing top-level names to ../../build/follow/follow.egg-info/top_level.txt
[0.906s] writing manifest file '../../build/follow/follow.egg-info/SOURCES.txt'
[0.908s] reading manifest file '../../build/follow/follow.egg-info/SOURCES.txt'
[0.908s] writing manifest file '../../build/follow/follow.egg-info/SOURCES.txt'
[0.908s] running build
[0.908s] running build_py
[0.908s] creating /home/robot/human_ws/build/follow/build
[0.909s] creating /home/robot/human_ws/build/follow/build/lib
[0.909s] creating /home/robot/human_ws/build/follow/build/lib/follow
[0.909s] copying follow/test_joy.py -> /home/robot/human_ws/build/follow/build/lib/follow
[0.909s] copying follow/__init__.py -> /home/robot/human_ws/build/follow/build/lib/follow
[0.909s] copying follow/follow_tag.py -> /home/robot/human_ws/build/follow/build/lib/follow
[0.909s] copying follow/follower.py -> /home/robot/human_ws/build/follow/build/lib/follow
[0.909s] copying follow/test_publisher.py -> /home/robot/human_ws/build/follow/build/lib/follow
[0.909s] running install
[0.909s] running install_lib
[0.909s] creating /home/robot/human_ws/install/follow/lib/python3.10/site-packages/follow
[0.909s] copying /home/robot/human_ws/build/follow/build/lib/follow/test_joy.py -> /home/robot/human_ws/install/follow/lib/python3.10/site-packages/follow
[0.910s] copying /home/robot/human_ws/build/follow/build/lib/follow/__init__.py -> /home/robot/human_ws/install/follow/lib/python3.10/site-packages/follow
[0.910s] copying /home/robot/human_ws/build/follow/build/lib/follow/follow_tag.py -> /home/robot/human_ws/install/follow/lib/python3.10/site-packages/follow
[0.910s] copying /home/robot/human_ws/build/follow/build/lib/follow/follower.py -> /home/robot/human_ws/install/follow/lib/python3.10/site-packages/follow
[0.910s] copying /home/robot/human_ws/build/follow/build/lib/follow/test_publisher.py -> /home/robot/human_ws/install/follow/lib/python3.10/site-packages/follow
[0.910s] byte-compiling /home/robot/human_ws/install/follow/lib/python3.10/site-packages/follow/test_joy.py to test_joy.cpython-310.pyc
[0.910s] byte-compiling /home/robot/human_ws/install/follow/lib/python3.10/site-packages/follow/__init__.py to __init__.cpython-310.pyc
[0.910s] byte-compiling /home/robot/human_ws/install/follow/lib/python3.10/site-packages/follow/follow_tag.py to follow_tag.cpython-310.pyc
[0.911s] byte-compiling /home/robot/human_ws/install/follow/lib/python3.10/site-packages/follow/follower.py to follower.cpython-310.pyc
[0.911s] byte-compiling /home/robot/human_ws/install/follow/lib/python3.10/site-packages/follow/test_publisher.py to test_publisher.cpython-310.pyc
[0.911s] running install_data
[0.911s] creating /home/robot/human_ws/install/follow/share/ament_index
[0.911s] creating /home/robot/human_ws/install/follow/share/ament_index/resource_index
[0.911s] creating /home/robot/human_ws/install/follow/share/ament_index/resource_index/packages
[0.912s] copying resource/follow -> /home/robot/human_ws/install/follow/share/ament_index/resource_index/packages
[0.912s] copying package.xml -> /home/robot/human_ws/install/follow/share/follow
[0.912s] running install_egg_info
[0.913s] Copying ../../build/follow/follow.egg-info to /home/robot/human_ws/install/follow/lib/python3.10/site-packages/follow-0.0.0-py3.10.egg-info
[0.913s] running install_scripts
[0.928s] Installing follower script to /home/robot/human_ws/install/follow/lib/follow
[0.928s] Installing joy_publisher script to /home/robot/human_ws/install/follow/lib/follow
[0.928s] Installing tag_follower script to /home/robot/human_ws/install/follow/lib/follow
[0.929s] Installing test_publisher script to /home/robot/human_ws/install/follow/lib/follow
[0.929s] writing list of installed files to '/home/robot/human_ws/build/follow/install.log'
[0.953s] Invoked command in '/home/robot/human_ws/src/follow' returned '0': PYTHONPATH=/home/robot/human_ws/build/follow/prefix_override:/usr/lib/python3/dist-packages/colcon_core/task/python/colcon_distutils_commands:/home/robot/human_ws/install/follow/lib/python3.10/site-packages:${PYTHONPATH} /usr/bin/python3 -W ignore:setup.py install is deprecated setup.py egg_info --egg-base ../../build/follow build --build-base /home/robot/human_ws/build/follow/build install --record /home/robot/human_ws/build/follow/install.log --single-version-externally-managed install_data
