[0.778s] Invoking command in '/home/robot/human_ws/src/follow': PYTHONPATH=/home/robot/human_ws/build/follow/prefix_override:/usr/lib/python3/dist-packages/colcon_core/task/python/colcon_distutils_commands:/home/robot/human_ws/install/follow/lib/python3.10/site-packages:${PYTHONPATH} /usr/bin/python3 -W ignore:setup.py install is deprecated setup.py egg_info --egg-base ../../build/follow build --build-base /home/robot/human_ws/build/follow/build install --record /home/robot/human_ws/build/follow/install.log --single-version-externally-managed install_data
[1.061s] running egg_info
[1.061s] writing ../../build/follow/follow.egg-info/PKG-INFO
[1.062s] writing dependency_links to ../../build/follow/follow.egg-info/dependency_links.txt
[1.062s] writing entry points to ../../build/follow/follow.egg-info/entry_points.txt
[1.062s] writing requirements to ../../build/follow/follow.egg-info/requires.txt
[1.062s] writing top-level names to ../../build/follow/follow.egg-info/top_level.txt
[1.064s] reading manifest file '../../build/follow/follow.egg-info/SOURCES.txt'
[1.064s] writing manifest file '../../build/follow/follow.egg-info/SOURCES.txt'
[1.064s] running build
[1.065s] running build_py
[1.065s] copying follow/tag_server.py -> /home/robot/human_ws/build/follow/build/lib/follow
[1.065s] running install
[1.066s] running install_lib
[1.067s] copying /home/robot/human_ws/build/follow/build/lib/follow/tag_server.py -> /home/robot/human_ws/install/follow/lib/python3.10/site-packages/follow
[1.067s] byte-compiling /home/robot/human_ws/install/follow/lib/python3.10/site-packages/follow/tag_server.py to tag_server.cpython-310.pyc
[1.070s] running install_data
[1.070s] running install_egg_info
[1.072s] removing '/home/robot/human_ws/install/follow/lib/python3.10/site-packages/follow-0.0.0-py3.10.egg-info' (and everything under it)
[1.072s] Copying ../../build/follow/follow.egg-info to /home/robot/human_ws/install/follow/lib/python3.10/site-packages/follow-0.0.0-py3.10.egg-info
[1.073s] running install_scripts
[1.088s] Installing camerainfo script to /home/robot/human_ws/install/follow/lib/follow
[1.088s] Installing follower script to /home/robot/human_ws/install/follow/lib/follow
[1.088s] Installing joy_publisher script to /home/robot/human_ws/install/follow/lib/follow
[1.088s] Installing rotate_human script to /home/robot/human_ws/install/follow/lib/follow
[1.088s] Installing tag_follower script to /home/robot/human_ws/install/follow/lib/follow
[1.089s] Installing tag_follower_static script to /home/robot/human_ws/install/follow/lib/follow
[1.089s] Installing tag_follower_static2 script to /home/robot/human_ws/install/follow/lib/follow
[1.089s] Installing tag_server script to /home/robot/human_ws/install/follow/lib/follow
[1.089s] Installing tag_test_client script to /home/robot/human_ws/install/follow/lib/follow
[1.089s] Installing test_publisher script to /home/robot/human_ws/install/follow/lib/follow
[1.089s] writing list of installed files to '/home/robot/human_ws/build/follow/install.log'
[1.118s] Invoked command in '/home/robot/human_ws/src/follow' returned '0': PYTHONPATH=/home/robot/human_ws/build/follow/prefix_override:/usr/lib/python3/dist-packages/colcon_core/task/python/colcon_distutils_commands:/home/robot/human_ws/install/follow/lib/python3.10/site-packages:${PYTHONPATH} /usr/bin/python3 -W ignore:setup.py install is deprecated setup.py egg_info --egg-base ../../build/follow build --build-base /home/robot/human_ws/build/follow/build install --record /home/robot/human_ws/build/follow/install.log --single-version-externally-managed install_data
