running egg_info
creating ../../build/rotate/rotate.egg-info
writing ../../build/rotate/rotate.egg-info/PKG-INFO
writing dependency_links to ../../build/rotate/rotate.egg-info/dependency_links.txt
writing entry points to ../../build/rotate/rotate.egg-info/entry_points.txt
writing requirements to ../../build/rotate/rotate.egg-info/requires.txt
writing top-level names to ../../build/rotate/rotate.egg-info/top_level.txt
writing manifest file '../../build/rotate/rotate.egg-info/SOURCES.txt'
reading manifest file '../../build/rotate/rotate.egg-info/SOURCES.txt'
writing manifest file '../../build/rotate/rotate.egg-info/SOURCES.txt'
running build
running build_py
creating /home/robot/human_ws/build/rotate/build
creating /home/robot/human_ws/build/rotate/build/lib
creating /home/robot/human_ws/build/rotate/build/lib/rotate
copying rotate/__init__.py -> /home/robot/human_ws/build/rotate/build/lib/rotate
copying rotate/rotate_server.py -> /home/robot/human_ws/build/rotate/build/lib/rotate
copying rotate/rotate_client.py -> /home/robot/human_ws/build/rotate/build/lib/rotate
running install
running install_lib
creating /home/robot/human_ws/install/rotate/lib/python3.10/site-packages/rotate
copying /home/robot/human_ws/build/rotate/build/lib/rotate/__init__.py -> /home/robot/human_ws/install/rotate/lib/python3.10/site-packages/rotate
copying /home/robot/human_ws/build/rotate/build/lib/rotate/rotate_server.py -> /home/robot/human_ws/install/rotate/lib/python3.10/site-packages/rotate
copying /home/robot/human_ws/build/rotate/build/lib/rotate/rotate_client.py -> /home/robot/human_ws/install/rotate/lib/python3.10/site-packages/rotate
byte-compiling /home/robot/human_ws/install/rotate/lib/python3.10/site-packages/rotate/__init__.py to __init__.cpython-310.pyc
byte-compiling /home/robot/human_ws/install/rotate/lib/python3.10/site-packages/rotate/rotate_server.py to rotate_server.cpython-310.pyc
byte-compiling /home/robot/human_ws/install/rotate/lib/python3.10/site-packages/rotate/rotate_client.py to rotate_client.cpython-310.pyc
running install_data
creating /home/robot/human_ws/install/rotate/share/ament_index
creating /home/robot/human_ws/install/rotate/share/ament_index/resource_index
creating /home/robot/human_ws/install/rotate/share/ament_index/resource_index/packages
copying resource/rotate -> /home/robot/human_ws/install/rotate/share/ament_index/resource_index/packages
copying package.xml -> /home/robot/human_ws/install/rotate/share/rotate
running install_egg_info
Copying ../../build/rotate/rotate.egg-info to /home/robot/human_ws/install/rotate/lib/python3.10/site-packages/rotate-0.0.0-py3.10.egg-info
running install_scripts
Installing rotate_server script to /home/robot/human_ws/install/rotate/lib/rotate
writing list of installed files to '/home/robot/human_ws/build/rotate/install.log'
