[1.359s] Invoking command in '/home/robot/human_ws/src/rotate': PYTHONPATH=/home/robot/human_ws/build/rotate/prefix_override:/usr/lib/python3/dist-packages/colcon_core/task/python/colcon_distutils_commands:/home/robot/human_ws/install/rotate/lib/python3.10/site-packages:${PYTHONPATH} /usr/bin/python3 -W ignore:setup.py install is deprecated setup.py egg_info --egg-base ../../build/rotate build --build-base /home/robot/human_ws/build/rotate/build install --record /home/robot/human_ws/build/rotate/install.log --single-version-externally-managed install_data
[1.563s] running egg_info
[1.563s] creating ../../build/rotate/rotate.egg-info
[1.564s] writing ../../build/rotate/rotate.egg-info/PKG-INFO
[1.564s] writing dependency_links to ../../build/rotate/rotate.egg-info/dependency_links.txt
[1.564s] writing entry points to ../../build/rotate/rotate.egg-info/entry_points.txt
[1.564s] writing requirements to ../../build/rotate/rotate.egg-info/requires.txt
[1.564s] writing top-level names to ../../build/rotate/rotate.egg-info/top_level.txt
[1.565s] writing manifest file '../../build/rotate/rotate.egg-info/SOURCES.txt'
[1.566s] reading manifest file '../../build/rotate/rotate.egg-info/SOURCES.txt'
[1.566s] writing manifest file '../../build/rotate/rotate.egg-info/SOURCES.txt'
[1.566s] running build
[1.566s] running build_py
[1.567s] creating /home/robot/human_ws/build/rotate/build
[1.567s] creating /home/robot/human_ws/build/rotate/build/lib
[1.567s] creating /home/robot/human_ws/build/rotate/build/lib/rotate
[1.567s] copying rotate/__init__.py -> /home/robot/human_ws/build/rotate/build/lib/rotate
[1.567s] copying rotate/rotate_server.py -> /home/robot/human_ws/build/rotate/build/lib/rotate
[1.567s] copying rotate/rotate_client.py -> /home/robot/human_ws/build/rotate/build/lib/rotate
[1.567s] running install
[1.568s] running install_lib
[1.568s] creating /home/robot/human_ws/install/rotate/lib/python3.10/site-packages/rotate
[1.568s] copying /home/robot/human_ws/build/rotate/build/lib/rotate/__init__.py -> /home/robot/human_ws/install/rotate/lib/python3.10/site-packages/rotate
[1.568s] copying /home/robot/human_ws/build/rotate/build/lib/rotate/rotate_server.py -> /home/robot/human_ws/install/rotate/lib/python3.10/site-packages/rotate
[1.568s] copying /home/robot/human_ws/build/rotate/build/lib/rotate/rotate_client.py -> /home/robot/human_ws/install/rotate/lib/python3.10/site-packages/rotate
[1.568s] byte-compiling /home/robot/human_ws/install/rotate/lib/python3.10/site-packages/rotate/__init__.py to __init__.cpython-310.pyc
[1.568s] byte-compiling /home/robot/human_ws/install/rotate/lib/python3.10/site-packages/rotate/rotate_server.py to rotate_server.cpython-310.pyc
[1.569s] byte-compiling /home/robot/human_ws/install/rotate/lib/python3.10/site-packages/rotate/rotate_client.py to rotate_client.cpython-310.pyc
[1.569s] running install_data
[1.569s] creating /home/robot/human_ws/install/rotate/share/ament_index
[1.569s] creating /home/robot/human_ws/install/rotate/share/ament_index/resource_index
[1.569s] creating /home/robot/human_ws/install/rotate/share/ament_index/resource_index/packages
[1.569s] copying resource/rotate -> /home/robot/human_ws/install/rotate/share/ament_index/resource_index/packages
[1.570s] copying package.xml -> /home/robot/human_ws/install/rotate/share/rotate
[1.570s] running install_egg_info
[1.571s] Copying ../../build/rotate/rotate.egg-info to /home/robot/human_ws/install/rotate/lib/python3.10/site-packages/rotate-0.0.0-py3.10.egg-info
[1.571s] running install_scripts
[1.585s] Installing rotate_server script to /home/robot/human_ws/install/rotate/lib/rotate
[1.585s] writing list of installed files to '/home/robot/human_ws/build/rotate/install.log'
[1.634s] Invoked command in '/home/robot/human_ws/src/rotate' returned '0': PYTHONPATH=/home/robot/human_ws/build/rotate/prefix_override:/usr/lib/python3/dist-packages/colcon_core/task/python/colcon_distutils_commands:/home/robot/human_ws/install/rotate/lib/python3.10/site-packages:${PYTHONPATH} /usr/bin/python3 -W ignore:setup.py install is deprecated setup.py egg_info --egg-base ../../build/rotate build --build-base /home/robot/human_ws/build/rotate/build install --record /home/robot/human_ws/build/rotate/install.log --single-version-externally-managed install_data
