[0.012s] Invoking command in '/home/robot/human_ws/build/myinterfaces': CMAKE_PREFIX_PATH=${CMAKE_PREFIX_PATH}:/home/robot/robot_controller_release/ros2_packages/object_detect_track_node_py:/opt/ros/humble /usr/bin/cmake /home/robot/human_ws/src/myinterfaces -DCMAKE_INSTALL_PREFIX=/home/robot/human_ws/install/myinterfaces
[0.051s] -- Found ament_cmake: 1.3.10 (/opt/ros/humble/share/ament_cmake/cmake)
[0.196s] -- Found rosidl_default_generators: 1.2.0 (/opt/ros/humble/share/rosidl_default_generators/cmake)
[0.199s] -- Using all available rosidl_typesupport_c: rosidl_typesupport_fastrtps_c;rosidl_typesupport_introspection_c
[0.202s] -- Found rosidl_adapter: 3.1.5 (/opt/ros/humble/share/rosidl_adapter/cmake)
[0.232s] -- Using all available rosidl_typesupport_cpp: rosidl_typesupport_fastrtps_cpp;rosidl_typesupport_introspection_cpp
[0.255s] -- Found geometry_msgs: 4.2.4 (/opt/ros/humble/share/geometry_msgs/cmake)
[0.286s] -- Found sensor_msgs: 4.2.4 (/opt/ros/humble/share/sensor_msgs/cmake)
[0.475s] [31mCMake Error at /opt/ros/humble/share/rosidl_adapter/cmake/rosidl_adapt_interfaces.cmake:59 (message):
[0.475s]   execute_process(/usr/bin/python3 -m rosidl_adapter --package-name
[0.475s]   myinterfaces --arguments-file
[0.475s]   /home/robot/human_ws/build/myinterfaces/rosidl_adapter__arguments__myinterfaces.json
[0.475s]   --output-dir
[0.475s]   /home/robot/human_ws/build/myinterfaces/rosidl_adapter/myinterfaces
[0.475s]   --output-file
[0.475s]   /home/robot/human_ws/build/myinterfaces/rosidl_adapter/myinterfaces.idls)
[0.475s]   returned error code 1:
[0.475s] 
[0.475s]   Traceback (most recent call last):
[0.475s] 
[0.476s]     File "/usr/lib/python3.10/runpy.py", line 196, in _run_module_as_main
[0.476s]       return _run_code(code, main_globals, None,
[0.476s]     File "/usr/lib/python3.10/runpy.py", line 86, in _run_code
[0.476s]       exec(code, run_globals)
[0.476s]     File "/opt/ros/humble/local/lib/python3.10/dist-packages/rosidl_adapter/__main__.py", line 19, in <module>
[0.476s]       sys.exit(main())
[0.476s]     File "/opt/ros/humble/local/lib/python3.10/dist-packages/rosidl_adapter/main.py", line 53, in main
[0.476s]       abs_idl_file = convert_to_idl(
[0.476s]     File "/opt/ros/humble/local/lib/python3.10/dist-packages/rosidl_adapter/__init__.py", line 24, in convert_to_idl
[0.476s]       return convert_srv_to_idl(
[0.476s]     File "/opt/ros/humble/local/lib/python3.10/dist-packages/rosidl_adapter/srv/__init__.py", line 28, in convert_srv_to_idl
[0.476s]       srv = parse_service_string(package_name, input_file.stem, content)
[0.476s]     File "/opt/ros/humble/local/lib/python3.10/dist-packages/rosidl_adapter/parser.py", line 850, in parse_service_string
[0.477s]       raise InvalidServiceSpecification(
[0.477s] 
[0.477s]   rosidl_adapter.parser.InvalidServiceSpecification: Could not find separator
[0.477s]   '---' between request and response
[0.477s] 
[0.477s] Call Stack (most recent call first):
[0.477s]   /opt/ros/humble/share/rosidl_cmake/cmake/rosidl_generate_interfaces.cmake:130 (rosidl_adapt_interfaces)
[0.477s]   CMakeLists.txt:14 (rosidl_generate_interfaces)
[0.477s] 
[0.477s] [0m
[0.477s] -- Configuring incomplete, errors occurred!
[0.477s] See also "/home/robot/human_ws/build/myinterfaces/CMakeFiles/CMakeOutput.log".
[0.480s] Invoked command in '/home/robot/human_ws/build/myinterfaces' returned '1': CMAKE_PREFIX_PATH=${CMAKE_PREFIX_PATH}:/home/robot/robot_controller_release/ros2_packages/object_detect_track_node_py:/opt/ros/humble /usr/bin/cmake /home/robot/human_ws/src/myinterfaces -DCMAKE_INSTALL_PREFIX=/home/robot/human_ws/install/myinterfaces
