running egg_info
creating ../../build/manager/manager.egg-info
writing ../../build/manager/manager.egg-info/PKG-INFO
writing dependency_links to ../../build/manager/manager.egg-info/dependency_links.txt
writing entry points to ../../build/manager/manager.egg-info/entry_points.txt
writing requirements to ../../build/manager/manager.egg-info/requires.txt
writing top-level names to ../../build/manager/manager.egg-info/top_level.txt
writing manifest file '../../build/manager/manager.egg-info/SOURCES.txt'
reading manifest file '../../build/manager/manager.egg-info/SOURCES.txt'
writing manifest file '../../build/manager/manager.egg-info/SOURCES.txt'
running build
running build_py
creating /home/robot/human_ws/build/manager/build
creating /home/robot/human_ws/build/manager/build/lib
creating /home/robot/human_ws/build/manager/build/lib/manager
copying manager/rotate.py -> /home/robot/human_ws/build/manager/build/lib/manager
copying manager/__init__.py -> /home/robot/human_ws/build/manager/build/lib/manager
copying manager/manager.py -> /home/robot/human_ws/build/manager/build/lib/manager
running install
running install_lib
copying /home/robot/human_ws/build/manager/build/lib/manager/rotate.py -> /home/robot/human_ws/install/manager/lib/python3.10/site-packages/manager
copying /home/robot/human_ws/build/manager/build/lib/manager/manager.py -> /home/robot/human_ws/install/manager/lib/python3.10/site-packages/manager
byte-compiling /home/robot/human_ws/install/manager/lib/python3.10/site-packages/manager/rotate.py to rotate.cpython-310.pyc
byte-compiling /home/robot/human_ws/install/manager/lib/python3.10/site-packages/manager/manager.py to manager.cpython-310.pyc
running install_data
running install_egg_info
removing '/home/robot/human_ws/install/manager/lib/python3.10/site-packages/manager-0.0.0-py3.10.egg-info' (and everything under it)
Copying ../../build/manager/manager.egg-info to /home/robot/human_ws/install/manager/lib/python3.10/site-packages/manager-0.0.0-py3.10.egg-info
running install_scripts
writing list of installed files to '/home/robot/human_ws/build/manager/install.log'
