[3.053s] Invoking command in '/home/robot/human_ws/src/manager': PYTHONPATH=/home/robot/human_ws/build/manager/prefix_override:/usr/lib/python3/dist-packages/colcon_core/task/python/colcon_distutils_commands:/home/robot/human_ws/install/manager/lib/python3.10/site-packages:${PYTHONPATH} /usr/bin/python3 -W ignore:setup.py install is deprecated setup.py egg_info --egg-base ../../build/manager build --build-base /home/robot/human_ws/build/manager/build install --record /home/robot/human_ws/build/manager/install.log --single-version-externally-managed install_data
[3.611s] running egg_info
[3.615s] creating ../../build/manager/manager.egg-info
[3.615s] writing ../../build/manager/manager.egg-info/PKG-INFO
[3.615s] writing dependency_links to ../../build/manager/manager.egg-info/dependency_links.txt
[3.616s] writing entry points to ../../build/manager/manager.egg-info/entry_points.txt
[3.617s] writing requirements to ../../build/manager/manager.egg-info/requires.txt
[3.618s] writing top-level names to ../../build/manager/manager.egg-info/top_level.txt
[3.618s] writing manifest file '../../build/manager/manager.egg-info/SOURCES.txt'
[3.621s] reading manifest file '../../build/manager/manager.egg-info/SOURCES.txt'
[3.622s] writing manifest file '../../build/manager/manager.egg-info/SOURCES.txt'
[3.625s] running build
[3.626s] running build_py
[3.626s] creating /home/robot/human_ws/build/manager/build
[3.626s] creating /home/robot/human_ws/build/manager/build/lib
[3.626s] creating /home/robot/human_ws/build/manager/build/lib/manager
[3.626s] copying manager/rotate.py -> /home/robot/human_ws/build/manager/build/lib/manager
[3.626s] copying manager/__init__.py -> /home/robot/human_ws/build/manager/build/lib/manager
[3.626s] copying manager/manager.py -> /home/robot/human_ws/build/manager/build/lib/manager
[3.626s] running install
[3.626s] running install_lib
[3.627s] copying /home/robot/human_ws/build/manager/build/lib/manager/rotate.py -> /home/robot/human_ws/install/manager/lib/python3.10/site-packages/manager
[3.628s] copying /home/robot/human_ws/build/manager/build/lib/manager/manager.py -> /home/robot/human_ws/install/manager/lib/python3.10/site-packages/manager
[3.629s] byte-compiling /home/robot/human_ws/install/manager/lib/python3.10/site-packages/manager/rotate.py to rotate.cpython-310.pyc
[3.631s] byte-compiling /home/robot/human_ws/install/manager/lib/python3.10/site-packages/manager/manager.py to manager.cpython-310.pyc
[3.634s] running install_data
[3.635s] running install_egg_info
[3.635s] removing '/home/robot/human_ws/install/manager/lib/python3.10/site-packages/manager-0.0.0-py3.10.egg-info' (and everything under it)
[3.635s] Copying ../../build/manager/manager.egg-info to /home/robot/human_ws/install/manager/lib/python3.10/site-packages/manager-0.0.0-py3.10.egg-info
[3.636s] running install_scripts
[3.682s] writing list of installed files to '/home/robot/human_ws/build/manager/install.log'
[3.845s] Invoked command in '/home/robot/human_ws/src/manager' returned '0': PYTHONPATH=/home/robot/human_ws/build/manager/prefix_override:/usr/lib/python3/dist-packages/colcon_core/task/python/colcon_distutils_commands:/home/robot/human_ws/install/manager/lib/python3.10/site-packages:${PYTHONPATH} /usr/bin/python3 -W ignore:setup.py install is deprecated setup.py egg_info --egg-base ../../build/manager build --build-base /home/robot/human_ws/build/manager/build install --record /home/robot/human_ws/build/manager/install.log --single-version-externally-managed install_data
