[1.847s] Invoking command in '/home/robot/human_ws/src/image': PYTHONPATH=/home/robot/human_ws/build/image/prefix_override:/usr/lib/python3/dist-packages/colcon_core/task/python/colcon_distutils_commands:/home/robot/human_ws/install/image/lib/python3.10/site-packages:${PYTHONPATH} /usr/bin/python3 -W ignore:setup.py install is deprecated setup.py egg_info --egg-base ../../build/image build --build-base /home/robot/human_ws/build/image/build install --record /home/robot/human_ws/build/image/install.log --single-version-externally-managed install_data
[2.168s] running egg_info
[2.168s] writing ../../build/image/image.egg-info/PKG-INFO
[2.168s] writing dependency_links to ../../build/image/image.egg-info/dependency_links.txt
[2.168s] writing entry points to ../../build/image/image.egg-info/entry_points.txt
[2.168s] writing requirements to ../../build/image/image.egg-info/requires.txt
[2.169s] writing top-level names to ../../build/image/image.egg-info/top_level.txt
[2.170s] reading manifest file '../../build/image/image.egg-info/SOURCES.txt'
[2.170s] writing manifest file '../../build/image/image.egg-info/SOURCES.txt'
[2.171s] running build
[2.171s] running build_py
[2.171s] running install
[2.171s] running install_lib
[2.172s] running install_data
[2.172s] running install_egg_info
[2.173s] removing '/home/robot/human_ws/install/image/lib/python3.10/site-packages/image-0.0.0-py3.10.egg-info' (and everything under it)
[2.173s] Copying ../../build/image/image.egg-info to /home/robot/human_ws/install/image/lib/python3.10/site-packages/image-0.0.0-py3.10.egg-info
[2.174s] running install_scripts
[2.190s] Installing image_client script to /home/robot/human_ws/install/image/lib/image
[2.190s] writing list of installed files to '/home/robot/human_ws/build/image/install.log'
[2.233s] Invoked command in '/home/robot/human_ws/src/image' returned '0': PYTHONPATH=/home/robot/human_ws/build/image/prefix_override:/usr/lib/python3/dist-packages/colcon_core/task/python/colcon_distutils_commands:/home/robot/human_ws/install/image/lib/python3.10/site-packages:${PYTHONPATH} /usr/bin/python3 -W ignore:setup.py install is deprecated setup.py egg_info --egg-base ../../build/image build --build-base /home/robot/human_ws/build/image/build install --record /home/robot/human_ws/build/image/install.log --single-version-externally-managed install_data
