[0.710s] Invoking command in '/home/robot/human_ws/src/follow': PYTHONPATH=/home/robot/human_ws/build/follow/prefix_override:/usr/lib/python3/dist-packages/colcon_core/task/python/colcon_distutils_commands:/home/robot/human_ws/install/follow/lib/python3.10/site-packages:${PYTHONPATH} /usr/bin/python3 -W ignore:setup.py install is deprecated setup.py egg_info --egg-base ../../build/follow build --build-base /home/robot/human_ws/build/follow/build install --record /home/robot/human_ws/build/follow/install.log --single-version-externally-managed install_data
[0.931s] running egg_info
[0.932s] writing ../../build/follow/follow.egg-info/PKG-INFO
[0.932s] writing dependency_links to ../../build/follow/follow.egg-info/dependency_links.txt
[0.932s] writing entry points to ../../build/follow/follow.egg-info/entry_points.txt
[0.932s] writing requirements to ../../build/follow/follow.egg-info/requires.txt
[0.932s] writing top-level names to ../../build/follow/follow.egg-info/top_level.txt
[0.933s] reading manifest file '../../build/follow/follow.egg-info/SOURCES.txt'
[0.934s] writing manifest file '../../build/follow/follow.egg-info/SOURCES.txt'
[0.934s] running build
[0.934s] running build_py
[0.934s] copying follow/follow_tag_static2.py -> /home/robot/human_ws/build/follow/build/lib/follow
[0.934s] running install
[0.935s] running install_lib
[0.935s] copying /home/robot/human_ws/build/follow/build/lib/follow/follow_tag_static2.py -> /home/robot/human_ws/install/follow/lib/python3.10/site-packages/follow
[0.936s] byte-compiling /home/robot/human_ws/install/follow/lib/python3.10/site-packages/follow/follow_tag_static2.py to follow_tag_static2.cpython-310.pyc
[0.936s]   File "/home/robot/human_ws/install/follow/lib/python3.10/site-packages/follow/follow_tag_static2.py", line 102
[0.937s]     if self.translation is not None and self.count=5:
[0.937s]                                                   ^
[0.937s] SyntaxError: invalid syntax
[0.937s] 
[0.937s] running install_data
[0.937s] running install_egg_info
[0.938s] removing '/home/robot/human_ws/install/follow/lib/python3.10/site-packages/follow-0.0.0-py3.10.egg-info' (and everything under it)
[0.938s] Copying ../../build/follow/follow.egg-info to /home/robot/human_ws/install/follow/lib/python3.10/site-packages/follow-0.0.0-py3.10.egg-info
[0.938s] running install_scripts
[0.954s] Installing camerainfo script to /home/robot/human_ws/install/follow/lib/follow
[0.954s] Installing follower script to /home/robot/human_ws/install/follow/lib/follow
[0.954s] Installing joy_publisher script to /home/robot/human_ws/install/follow/lib/follow
[0.954s] Installing tag_follower script to /home/robot/human_ws/install/follow/lib/follow
[0.954s] Installing tag_follower_static script to /home/robot/human_ws/install/follow/lib/follow
[0.954s] Installing tag_follower_static2 script to /home/robot/human_ws/install/follow/lib/follow
[0.954s] Installing test_publisher script to /home/robot/human_ws/install/follow/lib/follow
[0.954s] writing list of installed files to '/home/robot/human_ws/build/follow/install.log'
[0.973s] Invoked command in '/home/robot/human_ws/src/follow' returned '0': PYTHONPATH=/home/robot/human_ws/build/follow/prefix_override:/usr/lib/python3/dist-packages/colcon_core/task/python/colcon_distutils_commands:/home/robot/human_ws/install/follow/lib/python3.10/site-packages:${PYTHONPATH} /usr/bin/python3 -W ignore:setup.py install is deprecated setup.py egg_info --egg-base ../../build/follow build --build-base /home/robot/human_ws/build/follow/build install --record /home/robot/human_ws/build/follow/install.log --single-version-externally-managed install_data
