[0.562s] Invoking command in '/home/robot/human_ws/build/depthimage_to_laserscan': CMAKE_PREFIX_PATH=${CMAKE_PREFIX_PATH}:/home/robot/robot_controller_release/ros2_packages/object_detect_track_node_py:/opt/ros/humble /usr/bin/cmake /home/robot/human_ws/src/depthimage_to_laserscan -DCMAKE_INSTALL_PREFIX=/home/robot/human_ws/install/depthimage_to_laserscan
[1.442s] -- The C compiler identification is GNU 11.4.0
[1.443s] -- The CXX compiler identification is GNU 11.4.0
[1.443s] -- Detecting C compiler ABI info
[1.443s] -- Detecting C compiler ABI info - done
[1.443s] -- Check for working C compiler: /usr/bin/cc - skipped
[1.443s] -- Detecting C compile features
[1.443s] -- Detecting C compile features - done
[1.443s] -- Detecting CXX compiler ABI info
[1.443s] -- Detecting CXX compiler ABI info - done
[1.443s] -- Check for working CXX compiler: /usr/bin/c++ - skipped
[1.443s] -- Detecting CXX compile features
[1.443s] -- Detecting CXX compile features - done
[1.443s] -- Found ament_cmake_ros: 0.10.0 (/opt/ros/humble/share/ament_cmake_ros/cmake)
[1.443s] -- Found Python3: /usr/bin/python3 (found version "3.10.12") found components: Interpreter 
[1.444s] -- Found image_geometry: 3.2.1 (/opt/ros/humble/share/image_geometry/cmake)
[1.444s] -- Found rosidl_generator_c: 3.1.5 (/opt/ros/humble/share/rosidl_generator_c/cmake)
[1.444s] -- Found rosidl_adapter: 3.1.5 (/opt/ros/humble/share/rosidl_adapter/cmake)
[1.444s] -- Found rosidl_generator_cpp: 3.1.5 (/opt/ros/humble/share/rosidl_generator_cpp/cmake)
[1.444s] -- Using all available rosidl_typesupport_c: rosidl_typesupport_fastrtps_c;rosidl_typesupport_introspection_c
[1.444s] -- Using all available rosidl_typesupport_cpp: rosidl_typesupport_fastrtps_cpp;rosidl_typesupport_introspection_cpp
[1.444s] -- Found OpenCV: /usr (found version "4.5.4") found components: core 
[1.444s] -- Found rclcpp: 16.0.10 (/opt/ros/humble/share/rclcpp/cmake)
[1.444s] -- Found rmw_implementation_cmake: 6.1.2 (/opt/ros/humble/share/rmw_implementation_cmake/cmake)
[1.444s] -- Found rmw_fastrtps_cpp: 6.2.7 (/opt/ros/humble/share/rmw_fastrtps_cpp/cmake)
[1.444s] -- Found OpenSSL: /usr/lib/x86_64-linux-gnu/libcrypto.so (found version "3.0.2")  
[1.444s] -- Found FastRTPS: /opt/ros/humble/include  
[1.492s] -- Using RMW implementation 'rmw_fastrtps_cpp' as default
[1.508s] -- Looking for pthread.h
[1.590s] -- Looking for pthread.h - found
[1.590s] -- Performing Test CMAKE_HAVE_LIBC_PTHREAD
[1.675s] -- Performing Test CMAKE_HAVE_LIBC_PTHREAD - Success
[1.676s] -- Found Threads: TRUE  
[1.719s] -- Found rclcpp_components: 16.0.10 (/opt/ros/humble/share/rclcpp_components/cmake)
[1.755s] -- Performing Test COMPILER_HAS_HIDDEN_VISIBILITY
[1.854s] -- Performing Test COMPILER_HAS_HIDDEN_VISIBILITY - Success
[1.855s] -- Performing Test COMPILER_HAS_HIDDEN_INLINE_VISIBILITY
[1.929s] -- Performing Test COMPILER_HAS_HIDDEN_INLINE_VISIBILITY - Success
[1.930s] -- Performing Test COMPILER_HAS_DEPRECATED_ATTR
[2.034s] -- Performing Test COMPILER_HAS_DEPRECATED_ATTR - Success
[2.041s] -- Found ament_lint_auto: 0.12.11 (/opt/ros/humble/share/ament_lint_auto/cmake)
[2.158s] -- Found gtest sources under '/opt/ros/humble/src/gtest_vendor': C++ tests using 'Google Test' will be built
[2.177s] -- Added test 'copyright' to check source files copyright and LICENSE
[2.181s] -- Added test 'cppcheck' to perform static code analysis on C / C++ code
[2.182s] -- Configured cppcheck include dirs: $<BUILD_INTERFACE:/home/robot/human_ws/src/depthimage_to_laserscan/include>
[2.182s] -- Configured cppcheck exclude dirs and/or files: 
[2.186s] -- Added test 'cpplint' to check C / C++ code against the Google style
[2.186s] -- Configured cpplint exclude dirs and/or files: 
[2.187s] -- Added test 'flake8' to check Python code syntax and style conventions
[2.189s] -- Added test 'lint_cmake' to check CMake code style
[2.190s] -- Added test 'pep257' to check Python code against some of the docstring style conventions in PEP 257
[2.195s] -- Added test 'uncrustify' to check C / C++ code style
[2.195s] -- Configured uncrustify additional arguments: 
[2.196s] -- Added test 'xmllint' to check XML markup files
[2.202s] -- Configuring done
[2.239s] -- Generating done
[2.243s] -- Build files have been written to: /home/robot/human_ws/build/depthimage_to_laserscan
[2.272s] Invoked command in '/home/robot/human_ws/build/depthimage_to_laserscan' returned '0': CMAKE_PREFIX_PATH=${CMAKE_PREFIX_PATH}:/home/robot/robot_controller_release/ros2_packages/object_detect_track_node_py:/opt/ros/humble /usr/bin/cmake /home/robot/human_ws/src/depthimage_to_laserscan -DCMAKE_INSTALL_PREFIX=/home/robot/human_ws/install/depthimage_to_laserscan
[2.273s] Invoking command in '/home/robot/human_ws/build/depthimage_to_laserscan': CMAKE_PREFIX_PATH=${CMAKE_PREFIX_PATH}:/home/robot/robot_controller_release/ros2_packages/object_detect_track_node_py:/opt/ros/humble /usr/bin/cmake --build /home/robot/human_ws/build/depthimage_to_laserscan -- -j16 -l16
[2.358s] [ 16%] [32mBuilding CXX object gtest/CMakeFiles/gtest.dir/src/gtest-all.cc.o[0m
[2.358s] [ 16%] [32mBuilding CXX object CMakeFiles/DepthImageToLaserScan.dir/src/DepthImageToLaserScan.cpp.o[0m
[2.359s] [ 25%] [32mBuilding CXX object gtest/CMakeFiles/gtest_main.dir/src/gtest_main.cc.o[0m
[4.386s] [ 33%] [32m[1mLinking CXX static library libgtest_main.a[0m
[4.542s] [ 33%] Built target gtest_main
[5.287s] [ 41%] [32m[1mLinking CXX shared library libDepthImageToLaserScan.so[0m
[5.719s] [ 41%] Built target DepthImageToLaserScan
[5.762s] [ 50%] [32mBuilding CXX object CMakeFiles/DepthImageToLaserScanROS.dir/src/DepthImageToLaserScanROS.cpp.o[0m
[7.522s] [ 58%] [32m[1mLinking CXX static library libgtest.a[0m
[7.608s] [ 58%] Built target gtest
[7.636s] [ 66%] [32mBuilding CXX object CMakeFiles/depthimage_to_laserscan-test.dir/test/DepthImageToLaserScanTest.cpp.o[0m
[9.511s] [ 75%] [32m[1mLinking CXX executable depthimage_to_laserscan-test[0m
[9.684s] [ 75%] Built target depthimage_to_laserscan-test
[15.484s] [ 83%] [32m[1mLinking CXX shared library libDepthImageToLaserScanROS.so[0m
[15.957s] [ 83%] Built target DepthImageToLaserScanROS
[15.978s] [ 91%] [32mBuilding CXX object CMakeFiles/depthimage_to_laserscan_node.dir/src/depthimage_to_laserscan.cpp.o[0m
[18.321s] [100%] [32m[1mLinking CXX executable depthimage_to_laserscan_node[0m
[18.517s] [100%] Built target depthimage_to_laserscan_node
[18.530s] Invoked command in '/home/robot/human_ws/build/depthimage_to_laserscan' returned '0': CMAKE_PREFIX_PATH=${CMAKE_PREFIX_PATH}:/home/robot/robot_controller_release/ros2_packages/object_detect_track_node_py:/opt/ros/humble /usr/bin/cmake --build /home/robot/human_ws/build/depthimage_to_laserscan -- -j16 -l16
[18.586s] Invoking command in '/home/robot/human_ws/build/depthimage_to_laserscan': CMAKE_PREFIX_PATH=${CMAKE_PREFIX_PATH}:/home/robot/robot_controller_release/ros2_packages/object_detect_track_node_py:/opt/ros/humble /usr/bin/cmake --install /home/robot/human_ws/build/depthimage_to_laserscan
[18.596s] -- Install configuration: ""
[18.596s] -- Up-to-date: /home/robot/human_ws/install/depthimage_to_laserscan/include/depthimage_to_laserscan
[18.596s] -- Up-to-date: /home/robot/human_ws/install/depthimage_to_laserscan/include/depthimage_to_laserscan/depthimage_to_laserscan
[18.596s] -- Up-to-date: /home/robot/human_ws/install/depthimage_to_laserscan/include/depthimage_to_laserscan/depthimage_to_laserscan/DepthImageToLaserScanROS.hpp
[18.596s] -- Up-to-date: /home/robot/human_ws/install/depthimage_to_laserscan/include/depthimage_to_laserscan/depthimage_to_laserscan/DepthImageToLaserScan.hpp
[18.596s] -- Up-to-date: /home/robot/human_ws/install/depthimage_to_laserscan/include/depthimage_to_laserscan/depthimage_to_laserscan/depth_traits.hpp
[18.596s] -- Up-to-date: /home/robot/human_ws/install/depthimage_to_laserscan/share/depthimage_to_laserscan//launch
[18.596s] -- Up-to-date: /home/robot/human_ws/install/depthimage_to_laserscan/share/depthimage_to_laserscan//launch/depthimage_to_laserscan-launch.py
[18.596s] -- Up-to-date: /home/robot/human_ws/install/depthimage_to_laserscan/share/depthimage_to_laserscan//launch/depthimage_to_laserscan_composed-launch.py
[18.596s] -- Up-to-date: /home/robot/human_ws/install/depthimage_to_laserscan/share/depthimage_to_laserscan//cfg
[18.596s] -- Up-to-date: /home/robot/human_ws/install/depthimage_to_laserscan/share/depthimage_to_laserscan//cfg/param.yaml
[18.598s] -- Installing: /home/robot/human_ws/install/depthimage_to_laserscan/lib/libDepthImageToLaserScan.so
[18.598s] -- Set runtime path of "/home/robot/human_ws/install/depthimage_to_laserscan/lib/libDepthImageToLaserScan.so" to ""
[18.599s] -- Installing: /home/robot/human_ws/install/depthimage_to_laserscan/lib/libDepthImageToLaserScanROS.so
[18.609s] -- Set runtime path of "/home/robot/human_ws/install/depthimage_to_laserscan/lib/libDepthImageToLaserScanROS.so" to ""
[18.610s] -- Installing: /home/robot/human_ws/install/depthimage_to_laserscan/lib/depthimage_to_laserscan/depthimage_to_laserscan_node
[18.610s] -- Set runtime path of "/home/robot/human_ws/install/depthimage_to_laserscan/lib/depthimage_to_laserscan/depthimage_to_laserscan_node" to ""
[18.610s] -- Installing: /home/robot/human_ws/install/depthimage_to_laserscan/include/depthimage_to_laserscan/depthimage_to_laserscan/DepthImageToLaserScan_export.h
[18.610s] -- Installing: /home/robot/human_ws/install/depthimage_to_laserscan/include/depthimage_to_laserscan/depthimage_to_laserscan/DepthImageToLaserScanROS_export.h
[18.611s] -- Up-to-date: /home/robot/human_ws/install/depthimage_to_laserscan/share/depthimage_to_laserscan/environment/library_path.sh
[18.611s] -- Installing: /home/robot/human_ws/install/depthimage_to_laserscan/share/depthimage_to_laserscan/environment/library_path.dsv
[18.611s] -- Installing: /home/robot/human_ws/install/depthimage_to_laserscan/share/ament_index/resource_index/package_run_dependencies/depthimage_to_laserscan
[18.611s] -- Installing: /home/robot/human_ws/install/depthimage_to_laserscan/share/ament_index/resource_index/parent_prefix_path/depthimage_to_laserscan
[18.611s] -- Up-to-date: /home/robot/human_ws/install/depthimage_to_laserscan/share/depthimage_to_laserscan/environment/ament_prefix_path.sh
[18.611s] -- Installing: /home/robot/human_ws/install/depthimage_to_laserscan/share/depthimage_to_laserscan/environment/ament_prefix_path.dsv
[18.612s] -- Up-to-date: /home/robot/human_ws/install/depthimage_to_laserscan/share/depthimage_to_laserscan/environment/path.sh
[18.612s] -- Installing: /home/robot/human_ws/install/depthimage_to_laserscan/share/depthimage_to_laserscan/environment/path.dsv
[18.612s] -- Installing: /home/robot/human_ws/install/depthimage_to_laserscan/share/depthimage_to_laserscan/local_setup.bash
[18.612s] -- Installing: /home/robot/human_ws/install/depthimage_to_laserscan/share/depthimage_to_laserscan/local_setup.sh
[18.612s] -- Installing: /home/robot/human_ws/install/depthimage_to_laserscan/share/depthimage_to_laserscan/local_setup.zsh
[18.612s] -- Installing: /home/robot/human_ws/install/depthimage_to_laserscan/share/depthimage_to_laserscan/local_setup.dsv
[18.612s] -- Installing: /home/robot/human_ws/install/depthimage_to_laserscan/share/depthimage_to_laserscan/package.dsv
[18.612s] -- Installing: /home/robot/human_ws/install/depthimage_to_laserscan/share/ament_index/resource_index/packages/depthimage_to_laserscan
[18.612s] -- Installing: /home/robot/human_ws/install/depthimage_to_laserscan/share/ament_index/resource_index/rclcpp_components/depthimage_to_laserscan
[18.612s] -- Installing: /home/robot/human_ws/install/depthimage_to_laserscan/share/depthimage_to_laserscan/cmake/export_depthimage_to_laserscanExport.cmake
[18.612s] -- Installing: /home/robot/human_ws/install/depthimage_to_laserscan/share/depthimage_to_laserscan/cmake/export_depthimage_to_laserscanExport-noconfig.cmake
[18.613s] -- Installing: /home/robot/human_ws/install/depthimage_to_laserscan/share/depthimage_to_laserscan/cmake/ament_cmake_export_include_directories-extras.cmake
[18.613s] -- Installing: /home/robot/human_ws/install/depthimage_to_laserscan/share/depthimage_to_laserscan/cmake/ament_cmake_export_libraries-extras.cmake
[18.613s] -- Installing: /home/robot/human_ws/install/depthimage_to_laserscan/share/depthimage_to_laserscan/cmake/ament_cmake_export_targets-extras.cmake
[18.613s] -- Installing: /home/robot/human_ws/install/depthimage_to_laserscan/share/depthimage_to_laserscan/cmake/ament_cmake_export_dependencies-extras.cmake
[18.613s] -- Installing: /home/robot/human_ws/install/depthimage_to_laserscan/share/depthimage_to_laserscan/cmake/depthimage_to_laserscanConfig.cmake
[18.613s] -- Installing: /home/robot/human_ws/install/depthimage_to_laserscan/share/depthimage_to_laserscan/cmake/depthimage_to_laserscanConfig-version.cmake
[18.613s] -- Up-to-date: /home/robot/human_ws/install/depthimage_to_laserscan/share/depthimage_to_laserscan/package.xml
[18.614s] Invoked command in '/home/robot/human_ws/build/depthimage_to_laserscan' returned '0': CMAKE_PREFIX_PATH=${CMAKE_PREFIX_PATH}:/home/robot/robot_controller_release/ros2_packages/object_detect_track_node_py:/opt/ros/humble /usr/bin/cmake --install /home/robot/human_ws/build/depthimage_to_laserscan
