[0.007s] Invoking command in '/home/robot/human_ws/build/myinterfaces': CMAKE_PREFIX_PATH=${CMAKE_PREFIX_PATH}:/home/robot/human_ws/install/human:/opt/ros/humble /usr/bin/cmake --build /home/robot/human_ws/build/myinterfaces -- -j16 -l16
[0.029s] -- Found ament_cmake: 1.3.10 (/opt/ros/humble/share/ament_cmake/cmake)
[0.134s] -- Found rosidl_default_generators: 1.2.0 (/opt/ros/humble/share/rosidl_default_generators/cmake)
[0.135s] -- Using all available rosidl_typesupport_c: rosidl_typesupport_fastrtps_c;rosidl_typesupport_introspection_c
[0.136s] -- Found rosidl_adapter: 3.1.5 (/opt/ros/humble/share/rosidl_adapter/cmake)
[0.156s] -- Using all available rosidl_typesupport_cpp: rosidl_typesupport_fastrtps_cpp;rosidl_typesupport_introspection_cpp
[0.173s] -- Found geometry_msgs: 4.2.4 (/opt/ros/humble/share/geometry_msgs/cmake)
[0.196s] -- Found sensor_msgs: 4.2.4 (/opt/ros/humble/share/sensor_msgs/cmake)
[0.428s] -- Found ament_cmake_ros: 0.10.0 (/opt/ros/humble/share/ament_cmake_ros/cmake)
[0.639s] -- Using all available rosidl_typesupport_c: rosidl_typesupport_fastrtps_c;rosidl_typesupport_introspection_c
[0.928s] -- Using all available rosidl_typesupport_cpp: rosidl_typesupport_fastrtps_cpp;rosidl_typesupport_introspection_cpp
[0.952s] -- Found python_cmake_module: 0.10.0 (/opt/ros/humble/share/python_cmake_module/cmake)
[0.977s] -- Using PYTHON_EXECUTABLE: /usr/bin/python3
[0.977s] -- Using PYTHON_INCLUDE_DIRS: /usr/include/python3.10
[0.977s] -- Using PYTHON_LIBRARIES: /usr/lib/x86_64-linux-gnu/libpython3.10.so
[1.015s] -- Found ament_lint_auto: 0.12.11 (/opt/ros/humble/share/ament_lint_auto/cmake)
[1.020s] -- Added test 'lint_cmake' to check CMake code style
[1.021s] -- Added test 'xmllint' to check XML markup files
[1.022s] -- Configuring done
[1.044s] -- Generating done
[1.045s] -- Build files have been written to: /home/robot/human_ws/build/myinterfaces
[1.067s] [  2%] [34m[1mGenerating C code for ROS interfaces[0m
[1.077s] [  5%] [34m[1mGenerating C++ code for ROS interfaces[0m
[1.086s] [  5%] Built target ament_cmake_python_copy_myinterfaces
[1.276s] running egg_info
[1.277s] writing myinterfaces.egg-info/PKG-INFO
[1.277s] writing dependency_links to myinterfaces.egg-info/dependency_links.txt
[1.277s] writing top-level names to myinterfaces.egg-info/top_level.txt
[1.279s] reading manifest file 'myinterfaces.egg-info/SOURCES.txt'
[1.280s] writing manifest file 'myinterfaces.egg-info/SOURCES.txt'
[1.311s] [  5%] Built target myinterfaces__cpp
[1.323s] [ 12%] [34m[1mGenerating C++ type support dispatch for ROS interfaces[0m
[1.323s] [ 12%] [34m[1mGenerating C++ type support for eProsima Fast-RTPS[0m
[1.324s] [ 12%] [34m[1mGenerating C++ introspection for ROS interfaces[0m
[1.324s] [ 12%] Built target ament_cmake_python_build_myinterfaces_egg
[1.329s] [35m[1mConsolidate compiler generated dependencies of target myinterfaces__rosidl_generator_c[0m
[1.339s] [ 15%] [32mBuilding C object CMakeFiles/myinterfaces__rosidl_generator_c.dir/rosidl_generator_c/myinterfaces/srv/detail/humancoordinates__functions.c.o[0m
[1.342s] [ 17%] [32mBuilding C object CMakeFiles/myinterfaces__rosidl_generator_c.dir/rosidl_generator_c/myinterfaces/srv/detail/humancoordinatespcd__functions.c.o[0m
[1.388s] [ 20%] [32m[1mLinking C shared library libmyinterfaces__rosidl_generator_c.so[0m
[1.425s] [ 20%] Built target myinterfaces__rosidl_generator_c
[1.435s] [ 23%] [34m[1mGenerating C introspection for ROS interfaces[0m
[1.437s] [ 28%] [34m[1mGenerating C type support dispatch for ROS interfaces[0m
[1.437s] [ 28%] [34m[1mGenerating C type support for eProsima Fast-RTPS[0m
[1.513s] [35m[1mConsolidate compiler generated dependencies of target myinterfaces__rosidl_typesupport_cpp[0m
[1.523s] [ 30%] [32mBuilding CXX object CMakeFiles/myinterfaces__rosidl_typesupport_cpp.dir/rosidl_typesupport_cpp/myinterfaces/srv/humancoordinates__type_support.cpp.o[0m
[1.523s] [ 33%] [32mBuilding CXX object CMakeFiles/myinterfaces__rosidl_typesupport_cpp.dir/rosidl_typesupport_cpp/myinterfaces/srv/humancoordinatespcd__type_support.cpp.o[0m
[1.530s] [35m[1mConsolidate compiler generated dependencies of target myinterfaces__rosidl_typesupport_introspection_cpp[0m
[1.548s] [ 38%] [32mBuilding CXX object CMakeFiles/myinterfaces__rosidl_typesupport_introspection_cpp.dir/rosidl_typesupport_introspection_cpp/myinterfaces/srv/detail/humancoordinatespcd__type_support.cpp.o[0m
[1.548s] [ 38%] [32mBuilding CXX object CMakeFiles/myinterfaces__rosidl_typesupport_introspection_cpp.dir/rosidl_typesupport_introspection_cpp/myinterfaces/srv/detail/humancoordinates__type_support.cpp.o[0m
[1.562s] [35m[1mConsolidate compiler generated dependencies of target myinterfaces__rosidl_typesupport_fastrtps_cpp[0m
[1.578s] [ 43%] [32mBuilding CXX object CMakeFiles/myinterfaces__rosidl_typesupport_fastrtps_cpp.dir/rosidl_typesupport_fastrtps_cpp/myinterfaces/srv/detail/dds_fastrtps/humancoordinatespcd__type_support.cpp.o[0m
[1.578s] [ 43%] [32mBuilding CXX object CMakeFiles/myinterfaces__rosidl_typesupport_fastrtps_cpp.dir/rosidl_typesupport_fastrtps_cpp/myinterfaces/srv/detail/dds_fastrtps/humancoordinates__type_support.cpp.o[0m
[1.667s] [35m[1mConsolidate compiler generated dependencies of target myinterfaces__rosidl_typesupport_introspection_c[0m
[1.682s] [ 46%] [32mBuilding C object CMakeFiles/myinterfaces__rosidl_typesupport_introspection_c.dir/rosidl_typesupport_introspection_c/myinterfaces/srv/detail/humancoordinates__type_support.c.o[0m
[1.683s] [ 48%] [32mBuilding C object CMakeFiles/myinterfaces__rosidl_typesupport_introspection_c.dir/rosidl_typesupport_introspection_c/myinterfaces/srv/detail/humancoordinatespcd__type_support.c.o[0m
[1.723s] [ 51%] [32m[1mLinking C shared library libmyinterfaces__rosidl_typesupport_introspection_c.so[0m
[1.726s] [ 53%] [32m[1mLinking CXX shared library libmyinterfaces__rosidl_typesupport_cpp.so[0m
[1.754s] [ 53%] Built target myinterfaces__rosidl_typesupport_introspection_c
[1.770s] [ 53%] Built target myinterfaces__rosidl_typesupport_cpp
[1.786s] [35m[1mConsolidate compiler generated dependencies of target myinterfaces__rosidl_typesupport_c[0m
[1.797s] [ 56%] [32mBuilding CXX object CMakeFiles/myinterfaces__rosidl_typesupport_c.dir/rosidl_typesupport_c/myinterfaces/srv/humancoordinatespcd__type_support.cpp.o[0m
[1.801s] [ 58%] [32mBuilding CXX object CMakeFiles/myinterfaces__rosidl_typesupport_c.dir/rosidl_typesupport_c/myinterfaces/srv/humancoordinates__type_support.cpp.o[0m
[1.841s] [ 61%] [32m[1mLinking CXX shared library libmyinterfaces__rosidl_typesupport_c.so[0m
[1.855s] [35m[1mConsolidate compiler generated dependencies of target myinterfaces__rosidl_typesupport_fastrtps_c[0m
[1.871s] [ 66%] [32mBuilding CXX object CMakeFiles/myinterfaces__rosidl_typesupport_fastrtps_c.dir/rosidl_typesupport_fastrtps_c/myinterfaces/srv/detail/humancoordinatespcd__type_support_c.cpp.o[0m
[1.872s] [ 66%] [32mBuilding CXX object CMakeFiles/myinterfaces__rosidl_typesupport_fastrtps_c.dir/rosidl_typesupport_fastrtps_c/myinterfaces/srv/detail/humancoordinates__type_support_c.cpp.o[0m
[1.893s] [ 66%] Built target myinterfaces__rosidl_typesupport_c
[1.966s] [ 69%] [32m[1mLinking CXX shared library libmyinterfaces__rosidl_typesupport_introspection_cpp.so[0m
[2.039s] [ 69%] Built target myinterfaces__rosidl_typesupport_introspection_cpp
[2.075s] [ 71%] [32m[1mLinking CXX shared library libmyinterfaces__rosidl_typesupport_fastrtps_cpp.so[0m
[2.117s] [ 74%] [32m[1mLinking CXX shared library libmyinterfaces__rosidl_typesupport_fastrtps_c.so[0m
[2.144s] [ 74%] Built target myinterfaces__rosidl_typesupport_fastrtps_cpp
[2.181s] [ 74%] Built target myinterfaces__rosidl_typesupport_fastrtps_c
[2.202s] [ 74%] Built target myinterfaces
[2.225s] [ 76%] [34m[1mGenerating Python code for ROS interfaces[0m
[2.558s] [ 76%] Built target myinterfaces__py
[2.570s] [35m[1mConsolidate compiler generated dependencies of target myinterfaces__rosidl_generator_py[0m
[2.587s] [ 79%] [32mBuilding C object CMakeFiles/myinterfaces__rosidl_generator_py.dir/rosidl_generator_py/myinterfaces/srv/_humancoordinatespcd_s.c.o[0m
[2.588s] [ 82%] [32mBuilding C object CMakeFiles/myinterfaces__rosidl_generator_py.dir/rosidl_generator_py/myinterfaces/srv/_humancoordinates_s.c.o[0m
[2.669s] [ 84%] [32m[1mLinking C shared library rosidl_generator_py/myinterfaces/libmyinterfaces__rosidl_generator_py.so[0m
[2.708s] [ 84%] Built target myinterfaces__rosidl_generator_py
[2.722s] [35m[1mConsolidate compiler generated dependencies of target myinterfaces__rosidl_typesupport_introspection_c__pyext[0m
[2.723s] [35m[1mConsolidate compiler generated dependencies of target myinterfaces__rosidl_typesupport_fastrtps_c__pyext[0m
[2.724s] [35m[1mConsolidate compiler generated dependencies of target myinterfaces__rosidl_typesupport_c__pyext[0m
[2.738s] [ 89%] [32mBuilding C object CMakeFiles/myinterfaces__rosidl_typesupport_fastrtps_c__pyext.dir/rosidl_generator_py/myinterfaces/_myinterfaces_s.ep.rosidl_typesupport_fastrtps_c.c.o[0m
[2.738s] [ 89%] [32mBuilding C object CMakeFiles/myinterfaces__rosidl_typesupport_introspection_c__pyext.dir/rosidl_generator_py/myinterfaces/_myinterfaces_s.ep.rosidl_typesupport_introspection_c.c.o[0m
[2.742s] [ 92%] [32mBuilding C object CMakeFiles/myinterfaces__rosidl_typesupport_c__pyext.dir/rosidl_generator_py/myinterfaces/_myinterfaces_s.ep.rosidl_typesupport_c.c.o[0m
[2.813s] [ 94%] [32m[1mLinking C shared library rosidl_generator_py/myinterfaces/myinterfaces_s__rosidl_typesupport_introspection_c.cpython-310-x86_64-linux-gnu.so[0m
[2.818s] [ 97%] [32m[1mLinking C shared library rosidl_generator_py/myinterfaces/myinterfaces_s__rosidl_typesupport_fastrtps_c.cpython-310-x86_64-linux-gnu.so[0m
[2.818s] [100%] [32m[1mLinking C shared library rosidl_generator_py/myinterfaces/myinterfaces_s__rosidl_typesupport_c.cpython-310-x86_64-linux-gnu.so[0m
[2.856s] [100%] Built target myinterfaces__rosidl_typesupport_introspection_c__pyext
[2.858s] [100%] Built target myinterfaces__rosidl_typesupport_fastrtps_c__pyext
[2.859s] [100%] Built target myinterfaces__rosidl_typesupport_c__pyext
[2.869s] Invoked command in '/home/robot/human_ws/build/myinterfaces' returned '0': CMAKE_PREFIX_PATH=${CMAKE_PREFIX_PATH}:/home/robot/human_ws/install/human:/opt/ros/humble /usr/bin/cmake --build /home/robot/human_ws/build/myinterfaces -- -j16 -l16
[2.984s] Invoking command in '/home/robot/human_ws/build/myinterfaces': CMAKE_PREFIX_PATH=${CMAKE_PREFIX_PATH}:/home/robot/human_ws/install/human:/opt/ros/humble /usr/bin/cmake --install /home/robot/human_ws/build/myinterfaces
[2.996s] -- Install configuration: ""
[2.996s] -- Installing: /home/robot/human_ws/install/myinterfaces/share/ament_index/resource_index/rosidl_interfaces/myinterfaces
[2.996s] -- Up-to-date: /home/robot/human_ws/install/myinterfaces/include/myinterfaces/myinterfaces
[2.996s] -- Up-to-date: /home/robot/human_ws/install/myinterfaces/include/myinterfaces/myinterfaces/srv
[2.996s] -- Up-to-date: /home/robot/human_ws/install/myinterfaces/include/myinterfaces/myinterfaces/srv/detail
[2.996s] -- Installing: /home/robot/human_ws/install/myinterfaces/include/myinterfaces/myinterfaces/srv/detail/humancoordinatespcd__functions.c
[2.996s] -- Installing: /home/robot/human_ws/install/myinterfaces/include/myinterfaces/myinterfaces/srv/detail/humancoordinatespcd__struct.h
[2.997s] -- Installing: /home/robot/human_ws/install/myinterfaces/include/myinterfaces/myinterfaces/srv/detail/humancoordinates__functions.h
[2.997s] -- Installing: /home/robot/human_ws/install/myinterfaces/include/myinterfaces/myinterfaces/srv/detail/humancoordinates__functions.c
[2.997s] -- Installing: /home/robot/human_ws/install/myinterfaces/include/myinterfaces/myinterfaces/srv/detail/humancoordinatespcd__type_support.h
[2.997s] -- Installing: /home/robot/human_ws/install/myinterfaces/include/myinterfaces/myinterfaces/srv/detail/humancoordinates__struct.h
[2.997s] -- Installing: /home/robot/human_ws/install/myinterfaces/include/myinterfaces/myinterfaces/srv/detail/humancoordinates__type_support.h
[2.997s] -- Installing: /home/robot/human_ws/install/myinterfaces/include/myinterfaces/myinterfaces/srv/detail/humancoordinatespcd__functions.h
[2.997s] -- Installing: /home/robot/human_ws/install/myinterfaces/include/myinterfaces/myinterfaces/srv/humancoordinates.h
[2.997s] -- Installing: /home/robot/human_ws/install/myinterfaces/include/myinterfaces/myinterfaces/srv/humancoordinatespcd.h
[2.997s] -- Up-to-date: /home/robot/human_ws/install/myinterfaces/include/myinterfaces/myinterfaces/msg
[2.998s] -- Up-to-date: /home/robot/human_ws/install/myinterfaces/include/myinterfaces/myinterfaces/msg/rosidl_generator_c__visibility_control.h
[2.998s] -- Up-to-date: /home/robot/human_ws/install/myinterfaces/share/myinterfaces/environment/library_path.sh
[2.998s] -- Installing: /home/robot/human_ws/install/myinterfaces/share/myinterfaces/environment/library_path.dsv
[2.998s] -- Installing: /home/robot/human_ws/install/myinterfaces/lib/libmyinterfaces__rosidl_generator_c.so
[2.998s] -- Set runtime path of "/home/robot/human_ws/install/myinterfaces/lib/libmyinterfaces__rosidl_generator_c.so" to ""
[2.998s] -- Up-to-date: /home/robot/human_ws/install/myinterfaces/include/myinterfaces/myinterfaces
[2.998s] -- Up-to-date: /home/robot/human_ws/install/myinterfaces/include/myinterfaces/myinterfaces/srv
[2.998s] -- Up-to-date: /home/robot/human_ws/install/myinterfaces/include/myinterfaces/myinterfaces/srv/detail
[2.999s] -- Installing: /home/robot/human_ws/install/myinterfaces/include/myinterfaces/myinterfaces/srv/detail/humancoordinates__rosidl_typesupport_fastrtps_c.h
[2.999s] -- Installing: /home/robot/human_ws/install/myinterfaces/include/myinterfaces/myinterfaces/srv/detail/humancoordinatespcd__rosidl_typesupport_fastrtps_c.h
[2.999s] -- Up-to-date: /home/robot/human_ws/install/myinterfaces/include/myinterfaces/myinterfaces/msg
[2.999s] -- Up-to-date: /home/robot/human_ws/install/myinterfaces/include/myinterfaces/myinterfaces/msg/rosidl_typesupport_fastrtps_c__visibility_control.h
[2.999s] -- Installing: /home/robot/human_ws/install/myinterfaces/lib/libmyinterfaces__rosidl_typesupport_fastrtps_c.so
[2.999s] -- Set runtime path of "/home/robot/human_ws/install/myinterfaces/lib/libmyinterfaces__rosidl_typesupport_fastrtps_c.so" to ""
[2.999s] -- Up-to-date: /home/robot/human_ws/install/myinterfaces/include/myinterfaces/myinterfaces
[2.999s] -- Up-to-date: /home/robot/human_ws/install/myinterfaces/include/myinterfaces/myinterfaces/srv
[2.999s] -- Up-to-date: /home/robot/human_ws/install/myinterfaces/include/myinterfaces/myinterfaces/srv/detail
[3.000s] -- Installing: /home/robot/human_ws/install/myinterfaces/include/myinterfaces/myinterfaces/srv/detail/humancoordinates__rosidl_typesupport_introspection_c.h
[3.000s] -- Installing: /home/robot/human_ws/install/myinterfaces/include/myinterfaces/myinterfaces/srv/detail/humancoordinatespcd__type_support.c
[3.000s] -- Installing: /home/robot/human_ws/install/myinterfaces/include/myinterfaces/myinterfaces/srv/detail/humancoordinatespcd__rosidl_typesupport_introspection_c.h
[3.000s] -- Installing: /home/robot/human_ws/install/myinterfaces/include/myinterfaces/myinterfaces/srv/detail/humancoordinates__type_support.c
[3.000s] -- Up-to-date: /home/robot/human_ws/install/myinterfaces/include/myinterfaces/myinterfaces/msg
[3.000s] -- Up-to-date: /home/robot/human_ws/install/myinterfaces/include/myinterfaces/myinterfaces/msg/rosidl_typesupport_introspection_c__visibility_control.h
[3.000s] -- Installing: /home/robot/human_ws/install/myinterfaces/lib/libmyinterfaces__rosidl_typesupport_introspection_c.so
[3.000s] -- Set runtime path of "/home/robot/human_ws/install/myinterfaces/lib/libmyinterfaces__rosidl_typesupport_introspection_c.so" to ""
[3.000s] -- Installing: /home/robot/human_ws/install/myinterfaces/lib/libmyinterfaces__rosidl_typesupport_c.so
[3.000s] -- Set runtime path of "/home/robot/human_ws/install/myinterfaces/lib/libmyinterfaces__rosidl_typesupport_c.so" to ""
[3.000s] -- Up-to-date: /home/robot/human_ws/install/myinterfaces/include/myinterfaces/myinterfaces
[3.001s] -- Up-to-date: /home/robot/human_ws/install/myinterfaces/include/myinterfaces/myinterfaces/srv
[3.001s] -- Up-to-date: /home/robot/human_ws/install/myinterfaces/include/myinterfaces/myinterfaces/srv/detail
[3.001s] -- Installing: /home/robot/human_ws/install/myinterfaces/include/myinterfaces/myinterfaces/srv/detail/humancoordinates__builder.hpp
[3.001s] -- Installing: /home/robot/human_ws/install/myinterfaces/include/myinterfaces/myinterfaces/srv/detail/humancoordinatespcd__builder.hpp
[3.001s] -- Installing: /home/robot/human_ws/install/myinterfaces/include/myinterfaces/myinterfaces/srv/detail/humancoordinates__traits.hpp
[3.002s] -- Installing: /home/robot/human_ws/install/myinterfaces/include/myinterfaces/myinterfaces/srv/detail/humancoordinatespcd__traits.hpp
[3.002s] -- Installing: /home/robot/human_ws/install/myinterfaces/include/myinterfaces/myinterfaces/srv/detail/humancoordinates__struct.hpp
[3.002s] -- Installing: /home/robot/human_ws/install/myinterfaces/include/myinterfaces/myinterfaces/srv/detail/humancoordinatespcd__struct.hpp
[3.002s] -- Installing: /home/robot/human_ws/install/myinterfaces/include/myinterfaces/myinterfaces/srv/humancoordinatespcd.hpp
[3.002s] -- Installing: /home/robot/human_ws/install/myinterfaces/include/myinterfaces/myinterfaces/srv/humancoordinates.hpp
[3.002s] -- Up-to-date: /home/robot/human_ws/install/myinterfaces/include/myinterfaces/myinterfaces
[3.002s] -- Up-to-date: /home/robot/human_ws/install/myinterfaces/include/myinterfaces/myinterfaces/srv
[3.002s] -- Up-to-date: /home/robot/human_ws/install/myinterfaces/include/myinterfaces/myinterfaces/srv/detail
[3.002s] -- Installing: /home/robot/human_ws/install/myinterfaces/include/myinterfaces/myinterfaces/srv/detail/humancoordinates__rosidl_typesupport_fastrtps_cpp.hpp
[3.002s] -- Installing: /home/robot/human_ws/install/myinterfaces/include/myinterfaces/myinterfaces/srv/detail/humancoordinatespcd__rosidl_typesupport_fastrtps_cpp.hpp
[3.002s] -- Up-to-date: /home/robot/human_ws/install/myinterfaces/include/myinterfaces/myinterfaces/srv/detail/dds_fastrtps
[3.002s] -- Up-to-date: /home/robot/human_ws/install/myinterfaces/include/myinterfaces/myinterfaces/msg
[3.002s] -- Up-to-date: /home/robot/human_ws/install/myinterfaces/include/myinterfaces/myinterfaces/msg/rosidl_typesupport_fastrtps_cpp__visibility_control.h
[3.002s] -- Installing: /home/robot/human_ws/install/myinterfaces/lib/libmyinterfaces__rosidl_typesupport_fastrtps_cpp.so
[3.002s] -- Set runtime path of "/home/robot/human_ws/install/myinterfaces/lib/libmyinterfaces__rosidl_typesupport_fastrtps_cpp.so" to ""
[3.002s] -- Up-to-date: /home/robot/human_ws/install/myinterfaces/include/myinterfaces/myinterfaces
[3.002s] -- Up-to-date: /home/robot/human_ws/install/myinterfaces/include/myinterfaces/myinterfaces/srv
[3.002s] -- Up-to-date: /home/robot/human_ws/install/myinterfaces/include/myinterfaces/myinterfaces/srv/detail
[3.002s] -- Installing: /home/robot/human_ws/install/myinterfaces/include/myinterfaces/myinterfaces/srv/detail/humancoordinatespcd__type_support.cpp
[3.002s] -- Installing: /home/robot/human_ws/install/myinterfaces/include/myinterfaces/myinterfaces/srv/detail/humancoordinatespcd__rosidl_typesupport_introspection_cpp.hpp
[3.003s] -- Installing: /home/robot/human_ws/install/myinterfaces/include/myinterfaces/myinterfaces/srv/detail/humancoordinates__type_support.cpp
[3.003s] -- Installing: /home/robot/human_ws/install/myinterfaces/include/myinterfaces/myinterfaces/srv/detail/humancoordinates__rosidl_typesupport_introspection_cpp.hpp
[3.003s] -- Installing: /home/robot/human_ws/install/myinterfaces/lib/libmyinterfaces__rosidl_typesupport_introspection_cpp.so
[3.003s] -- Set runtime path of "/home/robot/human_ws/install/myinterfaces/lib/libmyinterfaces__rosidl_typesupport_introspection_cpp.so" to ""
[3.003s] -- Installing: /home/robot/human_ws/install/myinterfaces/lib/libmyinterfaces__rosidl_typesupport_cpp.so
[3.003s] -- Set runtime path of "/home/robot/human_ws/install/myinterfaces/lib/libmyinterfaces__rosidl_typesupport_cpp.so" to ""
[3.003s] -- Up-to-date: /home/robot/human_ws/install/myinterfaces/share/myinterfaces/environment/pythonpath.sh
[3.003s] -- Installing: /home/robot/human_ws/install/myinterfaces/share/myinterfaces/environment/pythonpath.dsv
[3.003s] -- Up-to-date: /home/robot/human_ws/install/myinterfaces/local/lib/python3.10/dist-packages/myinterfaces-0.0.0-py3.10.egg-info
[3.003s] -- Installing: /home/robot/human_ws/install/myinterfaces/local/lib/python3.10/dist-packages/myinterfaces-0.0.0-py3.10.egg-info/PKG-INFO
[3.003s] -- Installing: /home/robot/human_ws/install/myinterfaces/local/lib/python3.10/dist-packages/myinterfaces-0.0.0-py3.10.egg-info/top_level.txt
[3.003s] -- Installing: /home/robot/human_ws/install/myinterfaces/local/lib/python3.10/dist-packages/myinterfaces-0.0.0-py3.10.egg-info/SOURCES.txt
[3.003s] -- Installing: /home/robot/human_ws/install/myinterfaces/local/lib/python3.10/dist-packages/myinterfaces-0.0.0-py3.10.egg-info/dependency_links.txt
[3.003s] -- Up-to-date: /home/robot/human_ws/install/myinterfaces/local/lib/python3.10/dist-packages/myinterfaces
[3.003s] -- Installing: /home/robot/human_ws/install/myinterfaces/local/lib/python3.10/dist-packages/myinterfaces/myinterfaces_s__rosidl_typesupport_introspection_c.cpython-310-x86_64-linux-gnu.so
[3.004s] -- Installing: /home/robot/human_ws/install/myinterfaces/local/lib/python3.10/dist-packages/myinterfaces/__init__.py
[3.004s] -- Installing: /home/robot/human_ws/install/myinterfaces/local/lib/python3.10/dist-packages/myinterfaces/_myinterfaces_s.ep.rosidl_typesupport_c.c
[3.004s] -- Installing: /home/robot/human_ws/install/myinterfaces/local/lib/python3.10/dist-packages/myinterfaces/_myinterfaces_s.ep.rosidl_typesupport_fastrtps_c.c
[3.004s] -- Installing: /home/robot/human_ws/install/myinterfaces/local/lib/python3.10/dist-packages/myinterfaces/libmyinterfaces__rosidl_generator_py.so
[3.004s] -- Up-to-date: /home/robot/human_ws/install/myinterfaces/local/lib/python3.10/dist-packages/myinterfaces/srv
[3.004s] -- Installing: /home/robot/human_ws/install/myinterfaces/local/lib/python3.10/dist-packages/myinterfaces/srv/_humancoordinatespcd.py
[3.004s] -- Installing: /home/robot/human_ws/install/myinterfaces/local/lib/python3.10/dist-packages/myinterfaces/srv/__init__.py
[3.004s] -- Installing: /home/robot/human_ws/install/myinterfaces/local/lib/python3.10/dist-packages/myinterfaces/srv/_humancoordinates.py
[3.004s] -- Installing: /home/robot/human_ws/install/myinterfaces/local/lib/python3.10/dist-packages/myinterfaces/srv/_humancoordinatespcd_s.c
[3.004s] -- Installing: /home/robot/human_ws/install/myinterfaces/local/lib/python3.10/dist-packages/myinterfaces/srv/_humancoordinates_s.c
[3.005s] -- Installing: /home/robot/human_ws/install/myinterfaces/local/lib/python3.10/dist-packages/myinterfaces/_myinterfaces_s.ep.rosidl_typesupport_introspection_c.c
[3.005s] -- Installing: /home/robot/human_ws/install/myinterfaces/local/lib/python3.10/dist-packages/myinterfaces/myinterfaces_s__rosidl_typesupport_c.cpython-310-x86_64-linux-gnu.so
[3.005s] -- Installing: /home/robot/human_ws/install/myinterfaces/local/lib/python3.10/dist-packages/myinterfaces/myinterfaces_s__rosidl_typesupport_fastrtps_c.cpython-310-x86_64-linux-gnu.so
[3.029s] Listing '/home/robot/human_ws/install/myinterfaces/local/lib/python3.10/dist-packages/myinterfaces'...
[3.029s] Compiling '/home/robot/human_ws/install/myinterfaces/local/lib/python3.10/dist-packages/myinterfaces/__init__.py'...
[3.029s] Listing '/home/robot/human_ws/install/myinterfaces/local/lib/python3.10/dist-packages/myinterfaces/srv'...
[3.030s] Compiling '/home/robot/human_ws/install/myinterfaces/local/lib/python3.10/dist-packages/myinterfaces/srv/__init__.py'...
[3.030s] Compiling '/home/robot/human_ws/install/myinterfaces/local/lib/python3.10/dist-packages/myinterfaces/srv/_humancoordinates.py'...
[3.030s] Compiling '/home/robot/human_ws/install/myinterfaces/local/lib/python3.10/dist-packages/myinterfaces/srv/_humancoordinatespcd.py'...
[3.033s] -- Installing: /home/robot/human_ws/install/myinterfaces/local/lib/python3.10/dist-packages/myinterfaces/myinterfaces_s__rosidl_typesupport_fastrtps_c.cpython-310-x86_64-linux-gnu.so
[3.033s] -- Set runtime path of "/home/robot/human_ws/install/myinterfaces/local/lib/python3.10/dist-packages/myinterfaces/myinterfaces_s__rosidl_typesupport_fastrtps_c.cpython-310-x86_64-linux-gnu.so" to ""
[3.033s] -- Installing: /home/robot/human_ws/install/myinterfaces/local/lib/python3.10/dist-packages/myinterfaces/myinterfaces_s__rosidl_typesupport_introspection_c.cpython-310-x86_64-linux-gnu.so
[3.033s] -- Set runtime path of "/home/robot/human_ws/install/myinterfaces/local/lib/python3.10/dist-packages/myinterfaces/myinterfaces_s__rosidl_typesupport_introspection_c.cpython-310-x86_64-linux-gnu.so" to ""
[3.034s] -- Installing: /home/robot/human_ws/install/myinterfaces/local/lib/python3.10/dist-packages/myinterfaces/myinterfaces_s__rosidl_typesupport_c.cpython-310-x86_64-linux-gnu.so
[3.034s] -- Set runtime path of "/home/robot/human_ws/install/myinterfaces/local/lib/python3.10/dist-packages/myinterfaces/myinterfaces_s__rosidl_typesupport_c.cpython-310-x86_64-linux-gnu.so" to ""
[3.034s] -- Installing: /home/robot/human_ws/install/myinterfaces/lib/libmyinterfaces__rosidl_generator_py.so
[3.035s] -- Set runtime path of "/home/robot/human_ws/install/myinterfaces/lib/libmyinterfaces__rosidl_generator_py.so" to ""
[3.035s] -- Installing: /home/robot/human_ws/install/myinterfaces/share/myinterfaces/srv/Humancoordinates.idl
[3.035s] -- Installing: /home/robot/human_ws/install/myinterfaces/share/myinterfaces/srv/Humancoordinatespcd.idl
[3.035s] -- Installing: /home/robot/human_ws/install/myinterfaces/share/myinterfaces/srv/Humancoordinates.srv
[3.035s] -- Installing: /home/robot/human_ws/install/myinterfaces/share/myinterfaces/srv/Humancoordinates_Request.msg
[3.035s] -- Up-to-date: /home/robot/human_ws/install/myinterfaces/share/myinterfaces/srv/Humancoordinates_Response.msg
[3.036s] -- Installing: /home/robot/human_ws/install/myinterfaces/share/myinterfaces/srv/Humancoordinatespcd.srv
[3.036s] -- Installing: /home/robot/human_ws/install/myinterfaces/share/myinterfaces/srv/Humancoordinatespcd_Request.msg
[3.036s] -- Installing: /home/robot/human_ws/install/myinterfaces/share/myinterfaces/srv/Humancoordinatespcd_Response.msg
[3.036s] -- Up-to-date: /home/robot/human_ws/install/myinterfaces/share/ament_index/resource_index/package_run_dependencies/myinterfaces
[3.036s] -- Up-to-date: /home/robot/human_ws/install/myinterfaces/share/ament_index/resource_index/parent_prefix_path/myinterfaces
[3.036s] -- Up-to-date: /home/robot/human_ws/install/myinterfaces/share/myinterfaces/environment/ament_prefix_path.sh
[3.036s] -- Installing: /home/robot/human_ws/install/myinterfaces/share/myinterfaces/environment/ament_prefix_path.dsv
[3.036s] -- Up-to-date: /home/robot/human_ws/install/myinterfaces/share/myinterfaces/environment/path.sh
[3.036s] -- Installing: /home/robot/human_ws/install/myinterfaces/share/myinterfaces/environment/path.dsv
[3.037s] -- Up-to-date: /home/robot/human_ws/install/myinterfaces/share/myinterfaces/local_setup.bash
[3.037s] -- Up-to-date: /home/robot/human_ws/install/myinterfaces/share/myinterfaces/local_setup.sh
[3.037s] -- Up-to-date: /home/robot/human_ws/install/myinterfaces/share/myinterfaces/local_setup.zsh
[3.037s] -- Installing: /home/robot/human_ws/install/myinterfaces/share/myinterfaces/local_setup.dsv
[3.037s] -- Installing: /home/robot/human_ws/install/myinterfaces/share/myinterfaces/package.dsv
[3.037s] -- Up-to-date: /home/robot/human_ws/install/myinterfaces/share/ament_index/resource_index/packages/myinterfaces
[3.037s] -- Up-to-date: /home/robot/human_ws/install/myinterfaces/share/myinterfaces/cmake/export_myinterfaces__rosidl_generator_cExport.cmake
[3.037s] -- Up-to-date: /home/robot/human_ws/install/myinterfaces/share/myinterfaces/cmake/export_myinterfaces__rosidl_generator_cExport-noconfig.cmake
[3.037s] -- Up-to-date: /home/robot/human_ws/install/myinterfaces/share/myinterfaces/cmake/export_myinterfaces__rosidl_typesupport_fastrtps_cExport.cmake
[3.037s] -- Up-to-date: /home/robot/human_ws/install/myinterfaces/share/myinterfaces/cmake/export_myinterfaces__rosidl_typesupport_fastrtps_cExport-noconfig.cmake
[3.038s] -- Up-to-date: /home/robot/human_ws/install/myinterfaces/share/myinterfaces/cmake/myinterfaces__rosidl_typesupport_introspection_cExport.cmake
[3.038s] -- Up-to-date: /home/robot/human_ws/install/myinterfaces/share/myinterfaces/cmake/myinterfaces__rosidl_typesupport_introspection_cExport-noconfig.cmake
[3.038s] -- Up-to-date: /home/robot/human_ws/install/myinterfaces/share/myinterfaces/cmake/myinterfaces__rosidl_typesupport_cExport.cmake
[3.038s] -- Up-to-date: /home/robot/human_ws/install/myinterfaces/share/myinterfaces/cmake/myinterfaces__rosidl_typesupport_cExport-noconfig.cmake
[3.038s] -- Up-to-date: /home/robot/human_ws/install/myinterfaces/share/myinterfaces/cmake/export_myinterfaces__rosidl_generator_cppExport.cmake
[3.038s] -- Up-to-date: /home/robot/human_ws/install/myinterfaces/share/myinterfaces/cmake/export_myinterfaces__rosidl_typesupport_fastrtps_cppExport.cmake
[3.038s] -- Up-to-date: /home/robot/human_ws/install/myinterfaces/share/myinterfaces/cmake/export_myinterfaces__rosidl_typesupport_fastrtps_cppExport-noconfig.cmake
[3.038s] -- Up-to-date: /home/robot/human_ws/install/myinterfaces/share/myinterfaces/cmake/myinterfaces__rosidl_typesupport_introspection_cppExport.cmake
[3.038s] -- Up-to-date: /home/robot/human_ws/install/myinterfaces/share/myinterfaces/cmake/myinterfaces__rosidl_typesupport_introspection_cppExport-noconfig.cmake
[3.038s] -- Up-to-date: /home/robot/human_ws/install/myinterfaces/share/myinterfaces/cmake/myinterfaces__rosidl_typesupport_cppExport.cmake
[3.039s] -- Up-to-date: /home/robot/human_ws/install/myinterfaces/share/myinterfaces/cmake/myinterfaces__rosidl_typesupport_cppExport-noconfig.cmake
[3.039s] -- Up-to-date: /home/robot/human_ws/install/myinterfaces/share/myinterfaces/cmake/export_myinterfaces__rosidl_generator_pyExport.cmake
[3.039s] -- Up-to-date: /home/robot/human_ws/install/myinterfaces/share/myinterfaces/cmake/export_myinterfaces__rosidl_generator_pyExport-noconfig.cmake
[3.039s] -- Installing: /home/robot/human_ws/install/myinterfaces/share/myinterfaces/cmake/rosidl_cmake-extras.cmake
[3.039s] -- Up-to-date: /home/robot/human_ws/install/myinterfaces/share/myinterfaces/cmake/ament_cmake_export_dependencies-extras.cmake
[3.039s] -- Up-to-date: /home/robot/human_ws/install/myinterfaces/share/myinterfaces/cmake/ament_cmake_export_include_directories-extras.cmake
[3.039s] -- Up-to-date: /home/robot/human_ws/install/myinterfaces/share/myinterfaces/cmake/ament_cmake_export_libraries-extras.cmake
[3.039s] -- Up-to-date: /home/robot/human_ws/install/myinterfaces/share/myinterfaces/cmake/ament_cmake_export_targets-extras.cmake
[3.039s] -- Up-to-date: /home/robot/human_ws/install/myinterfaces/share/myinterfaces/cmake/rosidl_cmake_export_typesupport_targets-extras.cmake
[3.039s] -- Up-to-date: /home/robot/human_ws/install/myinterfaces/share/myinterfaces/cmake/rosidl_cmake_export_typesupport_libraries-extras.cmake
[3.039s] -- Up-to-date: /home/robot/human_ws/install/myinterfaces/share/myinterfaces/cmake/myinterfacesConfig.cmake
[3.040s] -- Up-to-date: /home/robot/human_ws/install/myinterfaces/share/myinterfaces/cmake/myinterfacesConfig-version.cmake
[3.040s] -- Up-to-date: /home/robot/human_ws/install/myinterfaces/share/myinterfaces/package.xml
[3.041s] Invoked command in '/home/robot/human_ws/build/myinterfaces' returned '0': CMAKE_PREFIX_PATH=${CMAKE_PREFIX_PATH}:/home/robot/human_ws/install/human:/opt/ros/humble /usr/bin/cmake --install /home/robot/human_ws/build/myinterfaces
