[1.322s] Invoking command in '/home/robot/human_ws/src/locomotion': PYTHONPATH=/home/robot/human_ws/build/locomotion/prefix_override:/usr/lib/python3/dist-packages/colcon_core/task/python/colcon_distutils_commands:/home/robot/human_ws/install/locomotion/lib/python3.10/site-packages:${PYTHONPATH} /usr/bin/python3 -W ignore:setup.py install is deprecated setup.py egg_info --egg-base ../../build/locomotion build --build-base /home/robot/human_ws/build/locomotion/build install --record /home/robot/human_ws/build/locomotion/install.log --single-version-externally-managed install_data
[1.855s] running egg_info
[1.856s] writing ../../build/locomotion/locomotion.egg-info/PKG-INFO
[1.856s] writing dependency_links to ../../build/locomotion/locomotion.egg-info/dependency_links.txt
[1.856s] writing entry points to ../../build/locomotion/locomotion.egg-info/entry_points.txt
[1.856s] writing requirements to ../../build/locomotion/locomotion.egg-info/requires.txt
[1.856s] writing top-level names to ../../build/locomotion/locomotion.egg-info/top_level.txt
[1.863s] reading manifest file '../../build/locomotion/locomotion.egg-info/SOURCES.txt'
[1.865s] writing manifest file '../../build/locomotion/locomotion.egg-info/SOURCES.txt'
[1.865s] running build
[1.867s] running build_py
[1.867s] copying locomotion/locomotion.py -> /home/robot/human_ws/build/locomotion/build/lib/locomotion
[1.867s] running install
[1.868s] running install_lib
[1.869s] copying /home/robot/human_ws/build/locomotion/build/lib/locomotion/locomotion.py -> /home/robot/human_ws/install/locomotion/lib/python3.10/site-packages/locomotion
[1.872s] byte-compiling /home/robot/human_ws/install/locomotion/lib/python3.10/site-packages/locomotion/locomotion.py to locomotion.cpython-310.pyc
[1.875s] running install_data
[1.875s] running install_egg_info
[1.878s] removing '/home/robot/human_ws/install/locomotion/lib/python3.10/site-packages/locomotion-0.0.0-py3.10.egg-info' (and everything under it)
[1.878s] Copying ../../build/locomotion/locomotion.egg-info to /home/robot/human_ws/install/locomotion/lib/python3.10/site-packages/locomotion-0.0.0-py3.10.egg-info
[1.880s] running install_scripts
[1.914s] Installing locomotion script to /home/robot/human_ws/install/locomotion/lib/locomotion
[1.914s] writing list of installed files to '/home/robot/human_ws/build/locomotion/install.log'
[1.982s] Invoked command in '/home/robot/human_ws/src/locomotion' returned '0': PYTHONPATH=/home/robot/human_ws/build/locomotion/prefix_override:/usr/lib/python3/dist-packages/colcon_core/task/python/colcon_distutils_commands:/home/robot/human_ws/install/locomotion/lib/python3.10/site-packages:${PYTHONPATH} /usr/bin/python3 -W ignore:setup.py install is deprecated setup.py egg_info --egg-base ../../build/locomotion build --build-base /home/robot/human_ws/build/locomotion/build install --record /home/robot/human_ws/build/locomotion/install.log --single-version-externally-managed install_data
