[4.796s] Invoking command in '/home/robot/human_ws/src/follow': PYTHONPATH=/home/robot/human_ws/build/follow/prefix_override:/usr/lib/python3/dist-packages/colcon_core/task/python/colcon_distutils_commands:/home/robot/human_ws/install/follow/lib/python3.10/site-packages:${PYTHONPATH} /usr/bin/python3 -W ignore:setup.py install is deprecated setup.py egg_info --egg-base ../../build/follow build --build-base /home/robot/human_ws/build/follow/build install --record /home/robot/human_ws/build/follow/install.log --single-version-externally-managed install_data
[5.347s] running egg_info
[5.347s] writing ../../build/follow/follow.egg-info/PKG-INFO
[5.348s] writing dependency_links to ../../build/follow/follow.egg-info/dependency_links.txt
[5.348s] writing entry points to ../../build/follow/follow.egg-info/entry_points.txt
[5.348s] writing requirements to ../../build/follow/follow.egg-info/requires.txt
[5.348s] writing top-level names to ../../build/follow/follow.egg-info/top_level.txt
[5.352s] reading manifest file '../../build/follow/follow.egg-info/SOURCES.txt'
[5.352s] writing manifest file '../../build/follow/follow.egg-info/SOURCES.txt'
[5.353s] running build
[5.353s] running build_py
[5.354s] copying follow/follower.py -> /home/robot/human_ws/build/follow/build/lib/follow
[5.354s] running install
[5.356s] running install_lib
[5.356s] copying /home/robot/human_ws/build/follow/build/lib/follow/follower.py -> /home/robot/human_ws/install/follow/lib/python3.10/site-packages/follow
[5.358s] byte-compiling /home/robot/human_ws/install/follow/lib/python3.10/site-packages/follow/follower.py to follower.cpython-310.pyc
[5.359s] running install_data
[5.359s] running install_egg_info
[5.362s] removing '/home/robot/human_ws/install/follow/lib/python3.10/site-packages/follow-0.0.0-py3.10.egg-info' (and everything under it)
[5.363s] Copying ../../build/follow/follow.egg-info to /home/robot/human_ws/install/follow/lib/python3.10/site-packages/follow-0.0.0-py3.10.egg-info
[5.369s] running install_scripts
[5.430s] Installing follower script to /home/robot/human_ws/install/follow/lib/follow
[5.434s] Installing joy_publisher script to /home/robot/human_ws/install/follow/lib/follow
[5.435s] Installing test_publisher script to /home/robot/human_ws/install/follow/lib/follow
[5.435s] writing list of installed files to '/home/robot/human_ws/build/follow/install.log'
[5.510s] Invoked command in '/home/robot/human_ws/src/follow' returned '0': PYTHONPATH=/home/robot/human_ws/build/follow/prefix_override:/usr/lib/python3/dist-packages/colcon_core/task/python/colcon_distutils_commands:/home/robot/human_ws/install/follow/lib/python3.10/site-packages:${PYTHONPATH} /usr/bin/python3 -W ignore:setup.py install is deprecated setup.py egg_info --egg-base ../../build/follow build --build-base /home/robot/human_ws/build/follow/build install --record /home/robot/human_ws/build/follow/install.log --single-version-externally-managed install_data
