[4.743s] Invoking command in '/home/robot/human_ws/src/rotate': PYTHONPATH=/home/robot/human_ws/build/rotate/prefix_override:/usr/lib/python3/dist-packages/colcon_core/task/python/colcon_distutils_commands:/home/robot/human_ws/install/rotate/lib/python3.10/site-packages:${PYTHONPATH} /usr/bin/python3 -W ignore:setup.py install is deprecated setup.py egg_info --egg-base ../../build/rotate build --build-base /home/robot/human_ws/build/rotate/build install --record /home/robot/human_ws/build/rotate/install.log --single-version-externally-managed install_data
[5.110s] running egg_info
[5.111s] writing ../../build/rotate/rotate.egg-info/PKG-INFO
[5.111s] writing dependency_links to ../../build/rotate/rotate.egg-info/dependency_links.txt
[5.111s] writing entry points to ../../build/rotate/rotate.egg-info/entry_points.txt
[5.111s] writing requirements to ../../build/rotate/rotate.egg-info/requires.txt
[5.111s] writing top-level names to ../../build/rotate/rotate.egg-info/top_level.txt
[5.114s] reading manifest file '../../build/rotate/rotate.egg-info/SOURCES.txt'
[5.116s] writing manifest file '../../build/rotate/rotate.egg-info/SOURCES.txt'
[5.117s] running build
[5.117s] running build_py
[5.118s] running install
[5.119s] running install_lib
[5.120s] running install_data
[5.121s] running install_egg_info
[5.123s] removing '/home/robot/human_ws/install/rotate/lib/python3.10/site-packages/rotate-0.0.0-py3.10.egg-info' (and everything under it)
[5.129s] Copying ../../build/rotate/rotate.egg-info to /home/robot/human_ws/install/rotate/lib/python3.10/site-packages/rotate-0.0.0-py3.10.egg-info
[5.129s] running install_scripts
[5.154s] Installing rotate_server script to /home/robot/human_ws/install/rotate/lib/rotate
[5.154s] writing list of installed files to '/home/robot/human_ws/build/rotate/install.log'
[5.202s] Invoked command in '/home/robot/human_ws/src/rotate' returned '0': PYTHONPATH=/home/robot/human_ws/build/rotate/prefix_override:/usr/lib/python3/dist-packages/colcon_core/task/python/colcon_distutils_commands:/home/robot/human_ws/install/rotate/lib/python3.10/site-packages:${PYTHONPATH} /usr/bin/python3 -W ignore:setup.py install is deprecated setup.py egg_info --egg-base ../../build/rotate build --build-base /home/robot/human_ws/build/rotate/build install --record /home/robot/human_ws/build/rotate/install.log --single-version-externally-managed install_data
