[0.013s] Invoking command in '/home/robot/human_ws/build/startup': CMAKE_PREFIX_PATH=${CMAKE_PREFIX_PATH}:/home/robot/robot_controller_release/ros2_packages/object_detect_track_node_py:/opt/ros/humble /usr/bin/cmake --build /home/robot/human_ws/build/startup -- -j16 -l16
[0.089s] Invoked command in '/home/robot/human_ws/build/startup' returned '0': CMAKE_PREFIX_PATH=${CMAKE_PREFIX_PATH}:/home/robot/robot_controller_release/ros2_packages/object_detect_track_node_py:/opt/ros/humble /usr/bin/cmake --build /home/robot/human_ws/build/startup -- -j16 -l16
[0.141s] Invoking command in '/home/robot/human_ws/build/startup': CMAKE_PREFIX_PATH=${CMAKE_PREFIX_PATH}:/home/robot/robot_controller_release/ros2_packages/object_detect_track_node_py:/opt/ros/humble /usr/bin/cmake --install /home/robot/human_ws/build/startup
[0.153s] -- Install configuration: ""
[0.153s] -- Up-to-date: /home/robot/human_ws/install/startup/share/startup/launch
[0.153s] -- Installing: /home/robot/human_ws/install/startup/share/startup/launch/start.launch.py
[0.154s] -- Up-to-date: /home/robot/human_ws/install/startup/share/ament_index/resource_index/package_run_dependencies/startup
[0.154s] -- Up-to-date: /home/robot/human_ws/install/startup/share/ament_index/resource_index/parent_prefix_path/startup
[0.154s] -- Up-to-date: /home/robot/human_ws/install/startup/share/startup/environment/ament_prefix_path.sh
[0.154s] -- Up-to-date: /home/robot/human_ws/install/startup/share/startup/environment/ament_prefix_path.dsv
[0.154s] -- Up-to-date: /home/robot/human_ws/install/startup/share/startup/environment/path.sh
[0.154s] -- Up-to-date: /home/robot/human_ws/install/startup/share/startup/environment/path.dsv
[0.154s] -- Up-to-date: /home/robot/human_ws/install/startup/share/startup/local_setup.bash
[0.154s] -- Up-to-date: /home/robot/human_ws/install/startup/share/startup/local_setup.sh
[0.155s] -- Up-to-date: /home/robot/human_ws/install/startup/share/startup/local_setup.zsh
[0.155s] -- Up-to-date: /home/robot/human_ws/install/startup/share/startup/local_setup.dsv
[0.155s] -- Installing: /home/robot/human_ws/install/startup/share/startup/package.dsv
[0.155s] -- Up-to-date: /home/robot/human_ws/install/startup/share/ament_index/resource_index/packages/startup
[0.155s] -- Up-to-date: /home/robot/human_ws/install/startup/share/startup/cmake/startupConfig.cmake
[0.155s] -- Up-to-date: /home/robot/human_ws/install/startup/share/startup/cmake/startupConfig-version.cmake
[0.155s] -- Up-to-date: /home/robot/human_ws/install/startup/share/startup/package.xml
[0.156s] Invoked command in '/home/robot/human_ws/build/startup' returned '0': CMAKE_PREFIX_PATH=${CMAKE_PREFIX_PATH}:/home/robot/robot_controller_release/ros2_packages/object_detect_track_node_py:/opt/ros/humble /usr/bin/cmake --install /home/robot/human_ws/build/startup
