[0.771s] Invoking command in '/home/robot/human_ws/src/listen': PYTHONPATH=/home/robot/human_ws/build/listen/prefix_override:/usr/lib/python3/dist-packages/colcon_core/task/python/colcon_distutils_commands:/home/robot/human_ws/install/listen/lib/python3.10/site-packages:${PYTHONPATH} /usr/bin/python3 -W ignore:setup.py install is deprecated setup.py egg_info --egg-base ../../build/listen build --build-base /home/robot/human_ws/build/listen/build install --record /home/robot/human_ws/build/listen/install.log --single-version-externally-managed install_data
[0.981s] running egg_info
[0.981s] creating ../../build/listen/listen.egg-info
[0.982s] writing ../../build/listen/listen.egg-info/PKG-INFO
[0.982s] writing dependency_links to ../../build/listen/listen.egg-info/dependency_links.txt
[0.982s] writing entry points to ../../build/listen/listen.egg-info/entry_points.txt
[0.982s] writing requirements to ../../build/listen/listen.egg-info/requires.txt
[0.982s] writing top-level names to ../../build/listen/listen.egg-info/top_level.txt
[0.982s] writing manifest file '../../build/listen/listen.egg-info/SOURCES.txt'
[0.983s] reading manifest file '../../build/listen/listen.egg-info/SOURCES.txt'
[0.984s] writing manifest file '../../build/listen/listen.egg-info/SOURCES.txt'
[0.984s] running build
[0.984s] running build_py
[0.984s] creating /home/robot/human_ws/build/listen/build
[0.984s] creating /home/robot/human_ws/build/listen/build/lib
[0.984s] creating /home/robot/human_ws/build/listen/build/lib/listen
[0.984s] copying listen/listen.py -> /home/robot/human_ws/build/listen/build/lib/listen
[0.984s] copying listen/__init__.py -> /home/robot/human_ws/build/listen/build/lib/listen
[0.984s] running install
[0.984s] running install_lib
[0.985s] creating /home/robot/human_ws/install/listen/lib/python3.10/site-packages/listen
[0.985s] copying /home/robot/human_ws/build/listen/build/lib/listen/listen.py -> /home/robot/human_ws/install/listen/lib/python3.10/site-packages/listen
[0.985s] copying /home/robot/human_ws/build/listen/build/lib/listen/__init__.py -> /home/robot/human_ws/install/listen/lib/python3.10/site-packages/listen
[0.985s] byte-compiling /home/robot/human_ws/install/listen/lib/python3.10/site-packages/listen/listen.py to listen.cpython-310.pyc
[0.985s] byte-compiling /home/robot/human_ws/install/listen/lib/python3.10/site-packages/listen/__init__.py to __init__.cpython-310.pyc
[0.986s]   File "/home/robot/human_ws/install/listen/lib/python3.10/site-packages/listen/listen.py", line 9
[0.986s]     self.__init__(self):
[0.986s]                        ^
[0.986s] SyntaxError: invalid syntax
[0.986s] 
[0.986s] running install_data
[0.986s] creating /home/robot/human_ws/install/listen/share/ament_index
[0.986s] creating /home/robot/human_ws/install/listen/share/ament_index/resource_index
[0.986s] creating /home/robot/human_ws/install/listen/share/ament_index/resource_index/packages
[0.986s] copying resource/listen -> /home/robot/human_ws/install/listen/share/ament_index/resource_index/packages
[0.986s] copying package.xml -> /home/robot/human_ws/install/listen/share/listen
[0.987s] running install_egg_info
[0.987s] Copying ../../build/listen/listen.egg-info to /home/robot/human_ws/install/listen/lib/python3.10/site-packages/listen-0.0.0-py3.10.egg-info
[0.987s] running install_scripts
[1.001s] Installing listen_node script to /home/robot/human_ws/install/listen/lib/listen
[1.001s] writing list of installed files to '/home/robot/human_ws/build/listen/install.log'
[1.022s] Invoked command in '/home/robot/human_ws/src/listen' returned '0': PYTHONPATH=/home/robot/human_ws/build/listen/prefix_override:/usr/lib/python3/dist-packages/colcon_core/task/python/colcon_distutils_commands:/home/robot/human_ws/install/listen/lib/python3.10/site-packages:${PYTHONPATH} /usr/bin/python3 -W ignore:setup.py install is deprecated setup.py egg_info --egg-base ../../build/listen build --build-base /home/robot/human_ws/build/listen/build install --record /home/robot/human_ws/build/listen/install.log --single-version-externally-managed install_data
