[3.089s] Invoking command in '/home/robot/human_ws/src/apriltag_detection': PYTHONPATH=/home/robot/human_ws/build/apriltag_detection/prefix_override:/usr/lib/python3/dist-packages/colcon_core/task/python/colcon_distutils_commands:/home/robot/human_ws/install/apriltag_detection/lib/python3.10/site-packages:${PYTHONPATH} /usr/bin/python3 -W ignore:setup.py install is deprecated setup.py egg_info --egg-base ../../build/apriltag_detection build --build-base /home/robot/human_ws/build/apriltag_detection/build install --record /home/robot/human_ws/build/apriltag_detection/install.log --single-version-externally-managed install_data
[3.819s] running egg_info
[3.820s] creating ../../build/apriltag_detection/apriltag_detection.egg-info
[3.820s] writing ../../build/apriltag_detection/apriltag_detection.egg-info/PKG-INFO
[3.827s] writing dependency_links to ../../build/apriltag_detection/apriltag_detection.egg-info/dependency_links.txt
[3.827s] writing entry points to ../../build/apriltag_detection/apriltag_detection.egg-info/entry_points.txt
[3.827s] writing requirements to ../../build/apriltag_detection/apriltag_detection.egg-info/requires.txt
[3.827s] writing top-level names to ../../build/apriltag_detection/apriltag_detection.egg-info/top_level.txt
[3.827s] writing manifest file '../../build/apriltag_detection/apriltag_detection.egg-info/SOURCES.txt'
[3.829s] reading manifest file '../../build/apriltag_detection/apriltag_detection.egg-info/SOURCES.txt'
[3.829s] writing manifest file '../../build/apriltag_detection/apriltag_detection.egg-info/SOURCES.txt'
[3.830s] running build
[3.830s] running build_py
[3.830s] creating /home/robot/human_ws/build/apriltag_detection/build
[3.830s] creating /home/robot/human_ws/build/apriltag_detection/build/lib
[3.830s] creating /home/robot/human_ws/build/apriltag_detection/build/lib/apriltag_detection
[3.830s] copying apriltag_detection/__init__.py -> /home/robot/human_ws/build/apriltag_detection/build/lib/apriltag_detection
[3.830s] copying apriltag_detection/camerainfo_tag.py -> /home/robot/human_ws/build/apriltag_detection/build/lib/apriltag_detection
[3.845s] running install
[3.845s] running install_lib
[3.846s] running install_data
[3.846s] running install_egg_info
[3.846s] removing '/home/robot/human_ws/install/apriltag_detection/lib/python3.10/site-packages/apriltag_detection-0.0.0-py3.10.egg-info' (and everything under it)
[3.846s] Copying ../../build/apriltag_detection/apriltag_detection.egg-info to /home/robot/human_ws/install/apriltag_detection/lib/python3.10/site-packages/apriltag_detection-0.0.0-py3.10.egg-info
[3.846s] running install_scripts
[3.891s] Installing camerainfo script to /home/robot/human_ws/install/apriltag_detection/lib/apriltag_detection
[3.892s] writing list of installed files to '/home/robot/human_ws/build/apriltag_detection/install.log'
[4.020s] Invoked command in '/home/robot/human_ws/src/apriltag_detection' returned '0': PYTHONPATH=/home/robot/human_ws/build/apriltag_detection/prefix_override:/usr/lib/python3/dist-packages/colcon_core/task/python/colcon_distutils_commands:/home/robot/human_ws/install/apriltag_detection/lib/python3.10/site-packages:${PYTHONPATH} /usr/bin/python3 -W ignore:setup.py install is deprecated setup.py egg_info --egg-base ../../build/apriltag_detection build --build-base /home/robot/human_ws/build/apriltag_detection/build install --record /home/robot/human_ws/build/apriltag_detection/install.log --single-version-externally-managed install_data
