[0.714s] Invoking command in '/home/robot/human_ws/src/manager': PYTHONPATH=/home/robot/human_ws/build/manager/prefix_override:/usr/lib/python3/dist-packages/colcon_core/task/python/colcon_distutils_commands:/home/robot/human_ws/install/manager/lib/python3.10/site-packages:${PYTHONPATH} /usr/bin/python3 -W ignore:setup.py install is deprecated setup.py egg_info --egg-base ../../build/manager build --build-base /home/robot/human_ws/build/manager/build install --record /home/robot/human_ws/build/manager/install.log --single-version-externally-managed install_data
[0.937s] running egg_info
[0.938s] writing ../../build/manager/manager.egg-info/PKG-INFO
[0.938s] writing dependency_links to ../../build/manager/manager.egg-info/dependency_links.txt
[0.938s] writing entry points to ../../build/manager/manager.egg-info/entry_points.txt
[0.938s] writing requirements to ../../build/manager/manager.egg-info/requires.txt
[0.938s] writing top-level names to ../../build/manager/manager.egg-info/top_level.txt
[0.941s] reading manifest file '../../build/manager/manager.egg-info/SOURCES.txt'
[0.941s] writing manifest file '../../build/manager/manager.egg-info/SOURCES.txt'
[0.941s] running build
[0.942s] running build_py
[0.942s] copying manager/manager.py -> /home/robot/human_ws/build/manager/build/lib/manager
[0.942s] running install
[0.942s] running install_lib
[0.943s] copying /home/robot/human_ws/build/manager/build/lib/manager/manager.py -> /home/robot/human_ws/install/manager/lib/python3.10/site-packages/manager
[0.943s] byte-compiling /home/robot/human_ws/install/manager/lib/python3.10/site-packages/manager/manager.py to manager.cpython-310.pyc
[0.944s] running install_data
[0.944s] running install_egg_info
[0.945s] removing '/home/robot/human_ws/install/manager/lib/python3.10/site-packages/manager-0.0.0-py3.10.egg-info' (and everything under it)
[0.945s] Copying ../../build/manager/manager.egg-info to /home/robot/human_ws/install/manager/lib/python3.10/site-packages/manager-0.0.0-py3.10.egg-info
[0.946s] running install_scripts
[0.960s] Installing manager_node script to /home/robot/human_ws/install/manager/lib/manager
[0.960s] writing list of installed files to '/home/robot/human_ws/build/manager/install.log'
[0.981s] Invoked command in '/home/robot/human_ws/src/manager' returned '0': PYTHONPATH=/home/robot/human_ws/build/manager/prefix_override:/usr/lib/python3/dist-packages/colcon_core/task/python/colcon_distutils_commands:/home/robot/human_ws/install/manager/lib/python3.10/site-packages:${PYTHONPATH} /usr/bin/python3 -W ignore:setup.py install is deprecated setup.py egg_info --egg-base ../../build/manager build --build-base /home/robot/human_ws/build/manager/build install --record /home/robot/human_ws/build/manager/install.log --single-version-externally-managed install_data
