[0.852s] Invoking command in '/home/robot/human_ws/build/robot_startup': CMAKE_PREFIX_PATH=${CMAKE_PREFIX_PATH}:/home/robot/robot_controller_release/ros2_packages/object_detect_track_node_py:/opt/ros/humble /usr/bin/cmake --build /home/robot/human_ws/build/robot_startup -- -j16 -l16
[1.108s] Invoked command in '/home/robot/human_ws/build/robot_startup' returned '0': CMAKE_PREFIX_PATH=${CMAKE_PREFIX_PATH}:/home/robot/robot_controller_release/ros2_packages/object_detect_track_node_py:/opt/ros/humble /usr/bin/cmake --build /home/robot/human_ws/build/robot_startup -- -j16 -l16
[1.167s] Invoking command in '/home/robot/human_ws/build/robot_startup': CMAKE_PREFIX_PATH=${CMAKE_PREFIX_PATH}:/home/robot/robot_controller_release/ros2_packages/object_detect_track_node_py:/opt/ros/humble /usr/bin/cmake --install /home/robot/human_ws/build/robot_startup
[1.177s] -- Install configuration: ""
[1.177s] -- Up-to-date: /home/robot/human_ws/install/robot_startup/share/robot_startup/launch
[1.178s] -- Up-to-date: /home/robot/human_ws/install/robot_startup/share/robot_startup/launch/start.launch.py
[1.178s] -- Up-to-date: /home/robot/human_ws/install/robot_startup/share/ament_index/resource_index/package_run_dependencies/robot_startup
[1.178s] -- Up-to-date: /home/robot/human_ws/install/robot_startup/share/ament_index/resource_index/parent_prefix_path/robot_startup
[1.178s] -- Up-to-date: /home/robot/human_ws/install/robot_startup/share/robot_startup/environment/ament_prefix_path.sh
[1.178s] -- Up-to-date: /home/robot/human_ws/install/robot_startup/share/robot_startup/environment/ament_prefix_path.dsv
[1.178s] -- Up-to-date: /home/robot/human_ws/install/robot_startup/share/robot_startup/environment/path.sh
[1.179s] -- Up-to-date: /home/robot/human_ws/install/robot_startup/share/robot_startup/environment/path.dsv
[1.179s] -- Up-to-date: /home/robot/human_ws/install/robot_startup/share/robot_startup/local_setup.bash
[1.180s] -- Up-to-date: /home/robot/human_ws/install/robot_startup/share/robot_startup/local_setup.sh
[1.181s] -- Up-to-date: /home/robot/human_ws/install/robot_startup/share/robot_startup/local_setup.zsh
[1.181s] -- Up-to-date: /home/robot/human_ws/install/robot_startup/share/robot_startup/local_setup.dsv
[1.182s] -- Installing: /home/robot/human_ws/install/robot_startup/share/robot_startup/package.dsv
[1.182s] -- Up-to-date: /home/robot/human_ws/install/robot_startup/share/ament_index/resource_index/packages/robot_startup
[1.182s] -- Up-to-date: /home/robot/human_ws/install/robot_startup/share/robot_startup/cmake/robot_startupConfig.cmake
[1.183s] -- Up-to-date: /home/robot/human_ws/install/robot_startup/share/robot_startup/cmake/robot_startupConfig-version.cmake
[1.183s] -- Up-to-date: /home/robot/human_ws/install/robot_startup/share/robot_startup/package.xml
[1.183s] Invoked command in '/home/robot/human_ws/build/robot_startup' returned '0': CMAKE_PREFIX_PATH=${CMAKE_PREFIX_PATH}:/home/robot/robot_controller_release/ros2_packages/object_detect_track_node_py:/opt/ros/humble /usr/bin/cmake --install /home/robot/human_ws/build/robot_startup
