[2.748s] Invoking command in '/home/robot/human_ws/src/follow': PYTHONPATH=/home/robot/human_ws/build/follow/prefix_override:/usr/lib/python3/dist-packages/colcon_core/task/python/colcon_distutils_commands:/home/robot/human_ws/install/follow/lib/python3.10/site-packages:${PYTHONPATH} /usr/bin/python3 -W ignore:setup.py install is deprecated setup.py egg_info --egg-base ../../build/follow build --build-base /home/robot/human_ws/build/follow/build install --record /home/robot/human_ws/build/follow/install.log --single-version-externally-managed install_data
[3.256s] running egg_info
[3.258s] writing ../../build/follow/follow.egg-info/PKG-INFO
[3.259s] writing dependency_links to ../../build/follow/follow.egg-info/dependency_links.txt
[3.259s] writing entry points to ../../build/follow/follow.egg-info/entry_points.txt
[3.259s] writing requirements to ../../build/follow/follow.egg-info/requires.txt
[3.259s] writing top-level names to ../../build/follow/follow.egg-info/top_level.txt
[3.266s] reading manifest file '../../build/follow/follow.egg-info/SOURCES.txt'
[3.267s] writing manifest file '../../build/follow/follow.egg-info/SOURCES.txt'
[3.267s] running build
[3.267s] running build_py
[3.267s] running install
[3.267s] running install_lib
[3.269s] running install_data
[3.269s] running install_egg_info
[3.270s] removing '/home/robot/human_ws/install/follow/lib/python3.10/site-packages/follow-0.0.0-py3.10.egg-info' (and everything under it)
[3.271s] Copying ../../build/follow/follow.egg-info to /home/robot/human_ws/install/follow/lib/python3.10/site-packages/follow-0.0.0-py3.10.egg-info
[3.271s] running install_scripts
[3.309s] Installing camerainfo script to /home/robot/human_ws/install/follow/lib/follow
[3.310s] Installing head_client script to /home/robot/human_ws/install/follow/lib/follow
[3.310s] Installing robot_head_controller script to /home/robot/human_ws/install/follow/lib/follow
[3.310s] Installing rotate_human_node script to /home/robot/human_ws/install/follow/lib/follow
[3.310s] Installing tag_server script to /home/robot/human_ws/install/follow/lib/follow
[3.311s] writing list of installed files to '/home/robot/human_ws/build/follow/install.log'
[3.409s] Invoked command in '/home/robot/human_ws/src/follow' returned '0': PYTHONPATH=/home/robot/human_ws/build/follow/prefix_override:/usr/lib/python3/dist-packages/colcon_core/task/python/colcon_distutils_commands:/home/robot/human_ws/install/follow/lib/python3.10/site-packages:${PYTHONPATH} /usr/bin/python3 -W ignore:setup.py install is deprecated setup.py egg_info --egg-base ../../build/follow build --build-base /home/robot/human_ws/build/follow/build install --record /home/robot/human_ws/build/follow/install.log --single-version-externally-managed install_data
