[  2%] Built target myinterfaces__cpp
[ 12%] Built target myinterfaces__rosidl_generator_c
[ 12%] Built target ament_cmake_python_copy_myinterfaces
[ 23%] Built target myinterfaces__rosidl_typesupport_cpp
[ 43%] Built target myinterfaces__rosidl_typesupport_introspection_cpp
[ 43%] Built target myinterfaces__rosidl_typesupport_fastrtps_cpp
[ 56%] Built target myinterfaces__rosidl_typesupport_c
[ 64%] Built target myinterfaces__rosidl_typesupport_fastrtps_c
[ 74%] Built target myinterfaces__rosidl_typesupport_introspection_c
[ 74%] Built target myinterfaces
[ 76%] Built target myinterfaces__py
[ 84%] Built target myinterfaces__rosidl_generator_py
[ 89%] Built target myinterfaces__rosidl_typesupport_c__pyext
[ 94%] Built target myinterfaces__rosidl_typesupport_introspection_c__pyext
[100%] Built target myinterfaces__rosidl_typesupport_fastrtps_c__pyext
running egg_info
writing myinterfaces.egg-info/PKG-INFO
writing dependency_links to myinterfaces.egg-info/dependency_links.txt
writing top-level names to myinterfaces.egg-info/top_level.txt
reading manifest file 'myinterfaces.egg-info/SOURCES.txt'
writing manifest file 'myinterfaces.egg-info/SOURCES.txt'
[100%] Built target ament_cmake_python_build_myinterfaces_egg
