[0.217s] DEBUG:colcon:Command line arguments: ['/usr/bin/colcon', 'build', '--packages-select', 'locomotion']
[0.217s] DEBUG:colcon:Parsed command line arguments: Namespace(log_base=None, log_level=None, verb_name='build', build_base='build', install_base='install', merge_install=False, symlink_install=False, test_result_base=None, continue_on_error=False, executor='parallel', parallel_workers=16, event_handlers=None, ignore_user_meta=False, metas=['./colcon.meta'], base_paths=['.'], packages_ignore=None, packages_ignore_regex=None, paths=None, packages_up_to=None, packages_up_to_regex=None, packages_above=None, packages_above_and_dependencies=None, packages_above_depth=None, packages_select_by_dep=None, packages_skip_by_dep=None, packages_skip_up_to=None, packages_select_build_failed=False, packages_skip_build_finished=False, packages_select_test_failures=False, packages_skip_test_passed=False, packages_select=['locomotion'], packages_skip=None, packages_select_regex=None, packages_skip_regex=None, packages_start=None, packages_end=None, allow_overriding=[], cmake_args=None, cmake_target=None, cmake_target_skip_unavailable=False, cmake_clean_cache=False, cmake_clean_first=False, cmake_force_configure=False, ament_cmake_args=None, catkin_cmake_args=None, catkin_skip_building_tests=False, verb_parser=<colcon_defaults.argument_parser.defaults.DefaultArgumentsDecorator object at 0x78f6d3669f60>, verb_extension=<colcon_core.verb.build.BuildVerb object at 0x78f6d3776b00>, main=<bound method BuildVerb.main of <colcon_core.verb.build.BuildVerb object at 0x78f6d3776b00>>)
[0.592s] Level 1:colcon.colcon_core.package_discovery:discover_packages(colcon_meta) check parameters
[0.592s] Level 1:colcon.colcon_core.package_discovery:discover_packages(recursive) check parameters
[0.592s] Level 1:colcon.colcon_core.package_discovery:discover_packages(ignore) check parameters
[0.592s] Level 1:colcon.colcon_core.package_discovery:discover_packages(path) check parameters
[0.592s] Level 1:colcon.colcon_core.package_discovery:discover_packages(colcon_meta) discover
[0.592s] Level 1:colcon.colcon_core.package_discovery:discover_packages(recursive) discover
[0.592s] INFO:colcon.colcon_core.package_discovery:Crawling recursively for packages in '/home/robot/human_ws'
[0.592s] Level 1:colcon.colcon_core.package_identification:_identify(.) by extensions ['ignore', 'ignore_ament_install']
[0.593s] Level 1:colcon.colcon_core.package_identification:_identify(.) by extension 'ignore'
[0.593s] Level 1:colcon.colcon_core.package_identification:_identify(.) by extension 'ignore_ament_install'
[0.593s] Level 1:colcon.colcon_core.package_identification:_identify(.) by extensions ['colcon_pkg']
[0.593s] Level 1:colcon.colcon_core.package_identification:_identify(.) by extension 'colcon_pkg'
[0.593s] Level 1:colcon.colcon_core.package_identification:_identify(.) by extensions ['colcon_meta']
[0.593s] Level 1:colcon.colcon_core.package_identification:_identify(.) by extension 'colcon_meta'
[0.593s] Level 1:colcon.colcon_core.package_identification:_identify(.) by extensions ['ros']
[0.593s] Level 1:colcon.colcon_core.package_identification:_identify(.) by extension 'ros'
[0.610s] Level 1:colcon.colcon_core.package_identification:_identify(.) by extensions ['cmake', 'python']
[0.611s] Level 1:colcon.colcon_core.package_identification:_identify(.) by extension 'cmake'
[0.611s] Level 1:colcon.colcon_core.package_identification:_identify(.) by extension 'python'
[0.611s] Level 1:colcon.colcon_core.package_identification:_identify(.) by extensions ['python_setup_py']
[0.611s] Level 1:colcon.colcon_core.package_identification:_identify(.) by extension 'python_setup_py'
[0.611s] Level 1:colcon.colcon_core.package_identification:_identify(build) by extensions ['ignore', 'ignore_ament_install']
[0.611s] Level 1:colcon.colcon_core.package_identification:_identify(build) by extension 'ignore'
[0.611s] Level 1:colcon.colcon_core.package_identification:_identify(build) ignored
[0.611s] Level 1:colcon.colcon_core.package_identification:_identify(config) by extensions ['ignore', 'ignore_ament_install']
[0.612s] Level 1:colcon.colcon_core.package_identification:_identify(config) by extension 'ignore'
[0.612s] Level 1:colcon.colcon_core.package_identification:_identify(config) by extension 'ignore_ament_install'
[0.612s] Level 1:colcon.colcon_core.package_identification:_identify(config) by extensions ['colcon_pkg']
[0.612s] Level 1:colcon.colcon_core.package_identification:_identify(config) by extension 'colcon_pkg'
[0.612s] Level 1:colcon.colcon_core.package_identification:_identify(config) by extensions ['colcon_meta']
[0.612s] Level 1:colcon.colcon_core.package_identification:_identify(config) by extension 'colcon_meta'
[0.613s] Level 1:colcon.colcon_core.package_identification:_identify(config) by extensions ['ros']
[0.613s] Level 1:colcon.colcon_core.package_identification:_identify(config) by extension 'ros'
[0.613s] Level 1:colcon.colcon_core.package_identification:_identify(config) by extensions ['cmake', 'python']
[0.613s] Level 1:colcon.colcon_core.package_identification:_identify(config) by extension 'cmake'
[0.613s] Level 1:colcon.colcon_core.package_identification:_identify(config) by extension 'python'
[0.613s] Level 1:colcon.colcon_core.package_identification:_identify(config) by extensions ['python_setup_py']
[0.613s] Level 1:colcon.colcon_core.package_identification:_identify(config) by extension 'python_setup_py'
[0.613s] Level 1:colcon.colcon_core.package_identification:_identify(install) by extensions ['ignore', 'ignore_ament_install']
[0.614s] Level 1:colcon.colcon_core.package_identification:_identify(install) by extension 'ignore'
[0.614s] Level 1:colcon.colcon_core.package_identification:_identify(install) ignored
[0.614s] Level 1:colcon.colcon_core.package_identification:_identify(log) by extensions ['ignore', 'ignore_ament_install']
[0.614s] Level 1:colcon.colcon_core.package_identification:_identify(log) by extension 'ignore'
[0.614s] Level 1:colcon.colcon_core.package_identification:_identify(log) ignored
[0.614s] Level 1:colcon.colcon_core.package_identification:_identify(src) by extensions ['ignore', 'ignore_ament_install']
[0.615s] Level 1:colcon.colcon_core.package_identification:_identify(src) by extension 'ignore'
[0.615s] Level 1:colcon.colcon_core.package_identification:_identify(src) by extension 'ignore_ament_install'
[0.615s] Level 1:colcon.colcon_core.package_identification:_identify(src) by extensions ['colcon_pkg']
[0.615s] Level 1:colcon.colcon_core.package_identification:_identify(src) by extension 'colcon_pkg'
[0.615s] Level 1:colcon.colcon_core.package_identification:_identify(src) by extensions ['colcon_meta']
[0.615s] Level 1:colcon.colcon_core.package_identification:_identify(src) by extension 'colcon_meta'
[0.615s] Level 1:colcon.colcon_core.package_identification:_identify(src) by extensions ['ros']
[0.615s] Level 1:colcon.colcon_core.package_identification:_identify(src) by extension 'ros'
[0.615s] Level 1:colcon.colcon_core.package_identification:_identify(src) by extensions ['cmake', 'python']
[0.615s] Level 1:colcon.colcon_core.package_identification:_identify(src) by extension 'cmake'
[0.615s] Level 1:colcon.colcon_core.package_identification:_identify(src) by extension 'python'
[0.615s] Level 1:colcon.colcon_core.package_identification:_identify(src) by extensions ['python_setup_py']
[0.615s] Level 1:colcon.colcon_core.package_identification:_identify(src) by extension 'python_setup_py'
[0.615s] Level 1:colcon.colcon_core.package_identification:_identify(src/depthimage_to_laserscan) by extensions ['ignore', 'ignore_ament_install']
[0.615s] Level 1:colcon.colcon_core.package_identification:_identify(src/depthimage_to_laserscan) by extension 'ignore'
[0.615s] Level 1:colcon.colcon_core.package_identification:_identify(src/depthimage_to_laserscan) by extension 'ignore_ament_install'
[0.616s] Level 1:colcon.colcon_core.package_identification:_identify(src/depthimage_to_laserscan) by extensions ['colcon_pkg']
[0.616s] Level 1:colcon.colcon_core.package_identification:_identify(src/depthimage_to_laserscan) by extension 'colcon_pkg'
[0.616s] Level 1:colcon.colcon_core.package_identification:_identify(src/depthimage_to_laserscan) by extensions ['colcon_meta']
[0.616s] Level 1:colcon.colcon_core.package_identification:_identify(src/depthimage_to_laserscan) by extension 'colcon_meta'
[0.616s] Level 1:colcon.colcon_core.package_identification:_identify(src/depthimage_to_laserscan) by extensions ['ros']
[0.616s] Level 1:colcon.colcon_core.package_identification:_identify(src/depthimage_to_laserscan) by extension 'ros'
[0.620s] DEBUG:colcon.colcon_core.package_identification:Package 'src/depthimage_to_laserscan' with type 'ros.ament_cmake' and name 'depthimage_to_laserscan'
[0.621s] Level 1:colcon.colcon_core.package_identification:_identify(src/follow) by extensions ['ignore', 'ignore_ament_install']
[0.621s] Level 1:colcon.colcon_core.package_identification:_identify(src/follow) by extension 'ignore'
[0.621s] Level 1:colcon.colcon_core.package_identification:_identify(src/follow) by extension 'ignore_ament_install'
[0.621s] Level 1:colcon.colcon_core.package_identification:_identify(src/follow) by extensions ['colcon_pkg']
[0.621s] Level 1:colcon.colcon_core.package_identification:_identify(src/follow) by extension 'colcon_pkg'
[0.621s] Level 1:colcon.colcon_core.package_identification:_identify(src/follow) by extensions ['colcon_meta']
[0.621s] Level 1:colcon.colcon_core.package_identification:_identify(src/follow) by extension 'colcon_meta'
[0.622s] Level 1:colcon.colcon_core.package_identification:_identify(src/follow) by extensions ['ros']
[0.622s] Level 1:colcon.colcon_core.package_identification:_identify(src/follow) by extension 'ros'
[0.623s] DEBUG:colcon.colcon_core.package_identification:Package 'src/follow' with type 'ros.ament_python' and name 'follow'
[0.623s] Level 1:colcon.colcon_core.package_identification:_identify(src/human) by extensions ['ignore', 'ignore_ament_install']
[0.623s] Level 1:colcon.colcon_core.package_identification:_identify(src/human) by extension 'ignore'
[0.624s] Level 1:colcon.colcon_core.package_identification:_identify(src/human) by extension 'ignore_ament_install'
[0.624s] Level 1:colcon.colcon_core.package_identification:_identify(src/human) by extensions ['colcon_pkg']
[0.624s] Level 1:colcon.colcon_core.package_identification:_identify(src/human) by extension 'colcon_pkg'
[0.624s] Level 1:colcon.colcon_core.package_identification:_identify(src/human) by extensions ['colcon_meta']
[0.624s] Level 1:colcon.colcon_core.package_identification:_identify(src/human) by extension 'colcon_meta'
[0.624s] Level 1:colcon.colcon_core.package_identification:_identify(src/human) by extensions ['ros']
[0.624s] Level 1:colcon.colcon_core.package_identification:_identify(src/human) by extension 'ros'
[0.625s] DEBUG:colcon.colcon_core.package_identification:Package 'src/human' with type 'ros.ament_python' and name 'human'
[0.625s] Level 1:colcon.colcon_core.package_identification:_identify(src/image) by extensions ['ignore', 'ignore_ament_install']
[0.626s] Level 1:colcon.colcon_core.package_identification:_identify(src/image) by extension 'ignore'
[0.626s] Level 1:colcon.colcon_core.package_identification:_identify(src/image) by extension 'ignore_ament_install'
[0.626s] Level 1:colcon.colcon_core.package_identification:_identify(src/image) by extensions ['colcon_pkg']
[0.626s] Level 1:colcon.colcon_core.package_identification:_identify(src/image) by extension 'colcon_pkg'
[0.626s] Level 1:colcon.colcon_core.package_identification:_identify(src/image) by extensions ['colcon_meta']
[0.626s] Level 1:colcon.colcon_core.package_identification:_identify(src/image) by extension 'colcon_meta'
[0.627s] Level 1:colcon.colcon_core.package_identification:_identify(src/image) by extensions ['ros']
[0.627s] Level 1:colcon.colcon_core.package_identification:_identify(src/image) by extension 'ros'
[0.627s] DEBUG:colcon.colcon_core.package_identification:Package 'src/image' with type 'ros.ament_python' and name 'image'
[0.627s] Level 1:colcon.colcon_core.package_identification:_identify(src/locomotion) by extensions ['ignore', 'ignore_ament_install']
[0.627s] Level 1:colcon.colcon_core.package_identification:_identify(src/locomotion) by extension 'ignore'
[0.628s] Level 1:colcon.colcon_core.package_identification:_identify(src/locomotion) by extension 'ignore_ament_install'
[0.628s] Level 1:colcon.colcon_core.package_identification:_identify(src/locomotion) by extensions ['colcon_pkg']
[0.628s] Level 1:colcon.colcon_core.package_identification:_identify(src/locomotion) by extension 'colcon_pkg'
[0.628s] Level 1:colcon.colcon_core.package_identification:_identify(src/locomotion) by extensions ['colcon_meta']
[0.628s] Level 1:colcon.colcon_core.package_identification:_identify(src/locomotion) by extension 'colcon_meta'
[0.628s] Level 1:colcon.colcon_core.package_identification:_identify(src/locomotion) by extensions ['ros']
[0.628s] Level 1:colcon.colcon_core.package_identification:_identify(src/locomotion) by extension 'ros'
[0.629s] DEBUG:colcon.colcon_core.package_identification:Package 'src/locomotion' with type 'ros.ament_python' and name 'locomotion'
[0.629s] Level 1:colcon.colcon_core.package_identification:_identify(src/myinterfaces) by extensions ['ignore', 'ignore_ament_install']
[0.630s] Level 1:colcon.colcon_core.package_identification:_identify(src/myinterfaces) by extension 'ignore'
[0.630s] Level 1:colcon.colcon_core.package_identification:_identify(src/myinterfaces) by extension 'ignore_ament_install'
[0.630s] Level 1:colcon.colcon_core.package_identification:_identify(src/myinterfaces) by extensions ['colcon_pkg']
[0.630s] Level 1:colcon.colcon_core.package_identification:_identify(src/myinterfaces) by extension 'colcon_pkg'
[0.630s] Level 1:colcon.colcon_core.package_identification:_identify(src/myinterfaces) by extensions ['colcon_meta']
[0.630s] Level 1:colcon.colcon_core.package_identification:_identify(src/myinterfaces) by extension 'colcon_meta'
[0.630s] Level 1:colcon.colcon_core.package_identification:_identify(src/myinterfaces) by extensions ['ros']
[0.631s] Level 1:colcon.colcon_core.package_identification:_identify(src/myinterfaces) by extension 'ros'
[0.632s] DEBUG:colcon.colcon_core.package_identification:Package 'src/myinterfaces' with type 'ros.ament_cmake' and name 'myinterfaces'
[0.632s] Level 1:colcon.colcon_core.package_identification:_identify(src/rotate) by extensions ['ignore', 'ignore_ament_install']
[0.633s] Level 1:colcon.colcon_core.package_identification:_identify(src/rotate) by extension 'ignore'
[0.633s] Level 1:colcon.colcon_core.package_identification:_identify(src/rotate) by extension 'ignore_ament_install'
[0.633s] Level 1:colcon.colcon_core.package_identification:_identify(src/rotate) by extensions ['colcon_pkg']
[0.633s] Level 1:colcon.colcon_core.package_identification:_identify(src/rotate) by extension 'colcon_pkg'
[0.633s] Level 1:colcon.colcon_core.package_identification:_identify(src/rotate) by extensions ['colcon_meta']
[0.633s] Level 1:colcon.colcon_core.package_identification:_identify(src/rotate) by extension 'colcon_meta'
[0.633s] Level 1:colcon.colcon_core.package_identification:_identify(src/rotate) by extensions ['ros']
[0.633s] Level 1:colcon.colcon_core.package_identification:_identify(src/rotate) by extension 'ros'
[0.634s] DEBUG:colcon.colcon_core.package_identification:Package 'src/rotate' with type 'ros.ament_python' and name 'rotate'
[0.635s] Level 1:colcon.colcon_core.package_identification:_identify(weights) by extensions ['ignore', 'ignore_ament_install']
[0.635s] Level 1:colcon.colcon_core.package_identification:_identify(weights) by extension 'ignore'
[0.635s] Level 1:colcon.colcon_core.package_identification:_identify(weights) by extension 'ignore_ament_install'
[0.635s] Level 1:colcon.colcon_core.package_identification:_identify(weights) by extensions ['colcon_pkg']
[0.635s] Level 1:colcon.colcon_core.package_identification:_identify(weights) by extension 'colcon_pkg'
[0.635s] Level 1:colcon.colcon_core.package_identification:_identify(weights) by extensions ['colcon_meta']
[0.635s] Level 1:colcon.colcon_core.package_identification:_identify(weights) by extension 'colcon_meta'
[0.635s] Level 1:colcon.colcon_core.package_identification:_identify(weights) by extensions ['ros']
[0.635s] Level 1:colcon.colcon_core.package_identification:_identify(weights) by extension 'ros'
[0.635s] Level 1:colcon.colcon_core.package_identification:_identify(weights) by extensions ['cmake', 'python']
[0.635s] Level 1:colcon.colcon_core.package_identification:_identify(weights) by extension 'cmake'
[0.636s] Level 1:colcon.colcon_core.package_identification:_identify(weights) by extension 'python'
[0.636s] Level 1:colcon.colcon_core.package_identification:_identify(weights) by extensions ['python_setup_py']
[0.636s] Level 1:colcon.colcon_core.package_identification:_identify(weights) by extension 'python_setup_py'
[0.636s] Level 1:colcon.colcon_core.package_discovery:discover_packages(recursive) using defaults
[0.636s] Level 1:colcon.colcon_core.package_discovery:discover_packages(ignore) discover
[0.636s] Level 1:colcon.colcon_core.package_discovery:discover_packages(ignore) using defaults
[0.636s] Level 1:colcon.colcon_core.package_discovery:discover_packages(path) discover
[0.636s] Level 1:colcon.colcon_core.package_discovery:discover_packages(path) using defaults
[0.668s] INFO:colcon.colcon_core.package_selection:Skipping not selected package 'depthimage_to_laserscan' in 'src/depthimage_to_laserscan'
[0.668s] INFO:colcon.colcon_core.package_selection:Skipping not selected package 'follow' in 'src/follow'
[0.669s] INFO:colcon.colcon_core.package_selection:Skipping not selected package 'image' in 'src/image'
[0.669s] INFO:colcon.colcon_core.package_selection:Skipping not selected package 'myinterfaces' in 'src/myinterfaces'
[0.669s] INFO:colcon.colcon_core.package_selection:Skipping not selected package 'rotate' in 'src/rotate'
[0.669s] INFO:colcon.colcon_core.package_selection:Skipping not selected package 'human' in 'src/human'
[0.670s] Level 1:colcon.colcon_core.package_discovery:discover_packages(prefix_path) check parameters
[0.670s] Level 1:colcon.colcon_core.package_discovery:discover_packages(prefix_path) discover
[0.674s] DEBUG:colcon.colcon_installed_package_information.package_discovery:Found 7 installed packages in /home/robot/human_ws/install
[0.675s] DEBUG:colcon.colcon_installed_package_information.package_discovery:Found 9 installed packages in /home/robot/robot_controller_release/ros2_packages
[0.677s] DEBUG:colcon.colcon_installed_package_information.package_discovery:Found 354 installed packages in /opt/ros/humble
[0.680s] Level 1:colcon.colcon_core.package_discovery:discover_packages(prefix_path) using defaults
[0.743s] Level 5:colcon.colcon_core.verb:set package 'locomotion' build argument 'cmake_args' from command line to 'None'
[0.743s] Level 5:colcon.colcon_core.verb:set package 'locomotion' build argument 'cmake_target' from command line to 'None'
[0.743s] Level 5:colcon.colcon_core.verb:set package 'locomotion' build argument 'cmake_target_skip_unavailable' from command line to 'False'
[0.743s] Level 5:colcon.colcon_core.verb:set package 'locomotion' build argument 'cmake_clean_cache' from command line to 'False'
[0.744s] Level 5:colcon.colcon_core.verb:set package 'locomotion' build argument 'cmake_clean_first' from command line to 'False'
[0.744s] Level 5:colcon.colcon_core.verb:set package 'locomotion' build argument 'cmake_force_configure' from command line to 'False'
[0.744s] Level 5:colcon.colcon_core.verb:set package 'locomotion' build argument 'ament_cmake_args' from command line to 'None'
[0.744s] Level 5:colcon.colcon_core.verb:set package 'locomotion' build argument 'catkin_cmake_args' from command line to 'None'
[0.744s] Level 5:colcon.colcon_core.verb:set package 'locomotion' build argument 'catkin_skip_building_tests' from command line to 'False'
[0.744s] DEBUG:colcon.colcon_core.verb:Building package 'locomotion' with the following arguments: {'ament_cmake_args': None, 'build_base': '/home/robot/human_ws/build/locomotion', 'catkin_cmake_args': None, 'catkin_skip_building_tests': False, 'cmake_args': None, 'cmake_clean_cache': False, 'cmake_clean_first': False, 'cmake_force_configure': False, 'cmake_target': None, 'cmake_target_skip_unavailable': False, 'install_base': '/home/robot/human_ws/install/locomotion', 'merge_install': False, 'path': '/home/robot/human_ws/src/locomotion', 'symlink_install': False, 'test_result_base': None}
[0.744s] INFO:colcon.colcon_core.executor:Executing jobs using 'parallel' executor
[0.751s] DEBUG:colcon.colcon_parallel_executor.executor.parallel:run_until_complete
[0.751s] INFO:colcon.colcon_ros.task.ament_python.build:Building ROS package in '/home/robot/human_ws/src/locomotion' with build type 'ament_python'
[0.752s] Level 1:colcon.colcon_core.shell:create_environment_hook('locomotion', 'ament_prefix_path')
[0.759s] INFO:colcon.colcon_core.plugin_system:Skipping extension 'colcon_core.shell.bat': Not used on non-Windows systems
[0.763s] INFO:colcon.colcon_core.shell:Creating environment hook '/home/robot/human_ws/install/locomotion/share/locomotion/hook/ament_prefix_path.ps1'
[0.765s] INFO:colcon.colcon_core.shell:Creating environment descriptor '/home/robot/human_ws/install/locomotion/share/locomotion/hook/ament_prefix_path.dsv'
[0.766s] INFO:colcon.colcon_core.shell:Creating environment hook '/home/robot/human_ws/install/locomotion/share/locomotion/hook/ament_prefix_path.sh'
[0.767s] INFO:colcon.colcon_core.shell:Skip shell extension 'powershell' for command environment: Not usable outside of PowerShell
[0.767s] DEBUG:colcon.colcon_core.shell:Skip shell extension 'dsv' for command environment
[1.390s] INFO:colcon.colcon_core.task.python.build:Building Python package in '/home/robot/human_ws/src/locomotion'
[1.391s] INFO:colcon.colcon_core.shell:Skip shell extension 'powershell' for command environment: Not usable outside of PowerShell
[1.392s] DEBUG:colcon.colcon_core.shell:Skip shell extension 'dsv' for command environment
[2.388s] DEBUG:colcon.colcon_core.event_handler.log_command:Invoking command in '/home/robot/human_ws/src/locomotion': PYTHONPATH=/home/robot/human_ws/build/locomotion/prefix_override:/usr/lib/python3/dist-packages/colcon_core/task/python/colcon_distutils_commands:/home/robot/human_ws/install/locomotion/lib/python3.10/site-packages:${PYTHONPATH} /usr/bin/python3 -W ignore:setup.py install is deprecated setup.py egg_info --egg-base ../../build/locomotion build --build-base /home/robot/human_ws/build/locomotion/build install --record /home/robot/human_ws/build/locomotion/install.log --single-version-externally-managed install_data
[3.036s] DEBUG:colcon.colcon_core.event_handler.log_command:Invoked command in '/home/robot/human_ws/src/locomotion' returned '0': PYTHONPATH=/home/robot/human_ws/build/locomotion/prefix_override:/usr/lib/python3/dist-packages/colcon_core/task/python/colcon_distutils_commands:/home/robot/human_ws/install/locomotion/lib/python3.10/site-packages:${PYTHONPATH} /usr/bin/python3 -W ignore:setup.py install is deprecated setup.py egg_info --egg-base ../../build/locomotion build --build-base /home/robot/human_ws/build/locomotion/build install --record /home/robot/human_ws/build/locomotion/install.log --single-version-externally-managed install_data
[3.039s] Level 1:colcon.colcon_core.environment:checking '/home/robot/human_ws/install/locomotion' for CMake module files
[3.039s] Level 1:colcon.colcon_core.environment:checking '/home/robot/human_ws/install/locomotion' for CMake config files
[3.040s] Level 1:colcon.colcon_core.environment:checking '/home/robot/human_ws/install/locomotion/lib'
[3.041s] Level 1:colcon.colcon_core.environment:checking '/home/robot/human_ws/install/locomotion/bin'
[3.041s] Level 1:colcon.colcon_core.environment:checking '/home/robot/human_ws/install/locomotion/lib/pkgconfig/locomotion.pc'
[3.041s] Level 1:colcon.colcon_core.environment:checking '/home/robot/human_ws/install/locomotion/lib/python3.10/site-packages'
[3.041s] Level 1:colcon.colcon_core.shell:create_environment_hook('locomotion', 'pythonpath')
[3.042s] INFO:colcon.colcon_core.shell:Creating environment hook '/home/robot/human_ws/install/locomotion/share/locomotion/hook/pythonpath.ps1'
[3.043s] INFO:colcon.colcon_core.shell:Creating environment descriptor '/home/robot/human_ws/install/locomotion/share/locomotion/hook/pythonpath.dsv'
[3.044s] INFO:colcon.colcon_core.shell:Creating environment hook '/home/robot/human_ws/install/locomotion/share/locomotion/hook/pythonpath.sh'
[3.045s] Level 1:colcon.colcon_core.environment:checking '/home/robot/human_ws/install/locomotion/bin'
[3.045s] Level 1:colcon.colcon_core.environment:create_environment_scripts_only(locomotion)
[3.046s] INFO:colcon.colcon_core.shell:Creating package script '/home/robot/human_ws/install/locomotion/share/locomotion/package.ps1'
[3.048s] INFO:colcon.colcon_core.shell:Creating package descriptor '/home/robot/human_ws/install/locomotion/share/locomotion/package.dsv'
[3.051s] INFO:colcon.colcon_core.shell:Creating package script '/home/robot/human_ws/install/locomotion/share/locomotion/package.sh'
[3.052s] INFO:colcon.colcon_core.shell:Creating package script '/home/robot/human_ws/install/locomotion/share/locomotion/package.bash'
[3.053s] INFO:colcon.colcon_core.shell:Creating package script '/home/robot/human_ws/install/locomotion/share/locomotion/package.zsh'
[3.054s] Level 1:colcon.colcon_core.environment:create_file_with_runtime_dependencies(/home/robot/human_ws/install/locomotion/share/colcon-core/packages/locomotion)
[3.055s] DEBUG:colcon.colcon_parallel_executor.executor.parallel:closing loop
[3.055s] DEBUG:colcon.colcon_parallel_executor.executor.parallel:loop closed
[3.055s] DEBUG:colcon.colcon_parallel_executor.executor.parallel:run_until_complete finished with '0'
[3.055s] DEBUG:colcon.colcon_core.event_reactor:joining thread
[3.070s] INFO:colcon.colcon_core.plugin_system:Skipping extension 'colcon_notification.desktop_notification.terminal_notifier': Not used on non-Darwin systems
[3.070s] INFO:colcon.colcon_core.plugin_system:Skipping extension 'colcon_notification.desktop_notification.win32': Not used on non-Windows systems
[3.070s] INFO:colcon.colcon_notification.desktop_notification:Sending desktop notification using 'notify2'
[3.090s] DEBUG:colcon.colcon_core.event_reactor:joined thread
[3.091s] INFO:colcon.colcon_core.shell:Creating prefix script '/home/robot/human_ws/install/local_setup.ps1'
[3.092s] INFO:colcon.colcon_core.shell:Creating prefix util module '/home/robot/human_ws/install/_local_setup_util_ps1.py'
[3.094s] INFO:colcon.colcon_core.shell:Creating prefix chain script '/home/robot/human_ws/install/setup.ps1'
[3.097s] INFO:colcon.colcon_core.shell:Creating prefix script '/home/robot/human_ws/install/local_setup.sh'
[3.098s] INFO:colcon.colcon_core.shell:Creating prefix util module '/home/robot/human_ws/install/_local_setup_util_sh.py'
[3.099s] INFO:colcon.colcon_core.shell:Creating prefix chain script '/home/robot/human_ws/install/setup.sh'
[3.102s] INFO:colcon.colcon_core.shell:Creating prefix script '/home/robot/human_ws/install/local_setup.bash'
[3.102s] INFO:colcon.colcon_core.shell:Creating prefix chain script '/home/robot/human_ws/install/setup.bash'
[3.104s] INFO:colcon.colcon_core.shell:Creating prefix script '/home/robot/human_ws/install/local_setup.zsh'
[3.104s] INFO:colcon.colcon_core.shell:Creating prefix chain script '/home/robot/human_ws/install/setup.zsh'
