[0.600s] Invoking command in '/home/robot/human_ws/src/locomotion': PYTHONPATH=/home/robot/human_ws/build/locomotion/prefix_override:/usr/lib/python3/dist-packages/colcon_core/task/python/colcon_distutils_commands:/home/robot/human_ws/install/locomotion/lib/python3.10/site-packages:${PYTHONPATH} /usr/bin/python3 -W ignore:setup.py install is deprecated setup.py egg_info --egg-base ../../build/locomotion build --build-base /home/robot/human_ws/build/locomotion/build install --record /home/robot/human_ws/build/locomotion/install.log --single-version-externally-managed install_data
[0.808s] running egg_info
[0.808s] writing ../../build/locomotion/locomotion.egg-info/PKG-INFO
[0.808s] writing dependency_links to ../../build/locomotion/locomotion.egg-info/dependency_links.txt
[0.808s] writing entry points to ../../build/locomotion/locomotion.egg-info/entry_points.txt
[0.808s] writing requirements to ../../build/locomotion/locomotion.egg-info/requires.txt
[0.808s] writing top-level names to ../../build/locomotion/locomotion.egg-info/top_level.txt
[0.810s] reading manifest file '../../build/locomotion/locomotion.egg-info/SOURCES.txt'
[0.810s] writing manifest file '../../build/locomotion/locomotion.egg-info/SOURCES.txt'
[0.810s] running build
[0.810s] running build_py
[0.810s] copying locomotion/locomotion.py -> /home/robot/human_ws/build/locomotion/build/lib/locomotion
[0.810s] running install
[0.811s] running install_lib
[0.811s] copying /home/robot/human_ws/build/locomotion/build/lib/locomotion/locomotion.py -> /home/robot/human_ws/install/locomotion/lib/python3.10/site-packages/locomotion
[0.811s] byte-compiling /home/robot/human_ws/install/locomotion/lib/python3.10/site-packages/locomotion/locomotion.py to locomotion.cpython-310.pyc
[0.813s] running install_data
[0.813s] running install_egg_info
[0.814s] removing '/home/robot/human_ws/install/locomotion/lib/python3.10/site-packages/locomotion-0.0.0-py3.10.egg-info' (and everything under it)
[0.814s] Copying ../../build/locomotion/locomotion.egg-info to /home/robot/human_ws/install/locomotion/lib/python3.10/site-packages/locomotion-0.0.0-py3.10.egg-info
[0.814s] running install_scripts
[0.828s] Installing locomotion script to /home/robot/human_ws/install/locomotion/lib/locomotion
[0.828s] writing list of installed files to '/home/robot/human_ws/build/locomotion/install.log'
[0.847s] Invoked command in '/home/robot/human_ws/src/locomotion' returned '0': PYTHONPATH=/home/robot/human_ws/build/locomotion/prefix_override:/usr/lib/python3/dist-packages/colcon_core/task/python/colcon_distutils_commands:/home/robot/human_ws/install/locomotion/lib/python3.10/site-packages:${PYTHONPATH} /usr/bin/python3 -W ignore:setup.py install is deprecated setup.py egg_info --egg-base ../../build/locomotion build --build-base /home/robot/human_ws/build/locomotion/build install --record /home/robot/human_ws/build/locomotion/install.log --single-version-externally-managed install_data
