[1.118s] Invoking command in '/home/robot/human_ws/src/human': AMENT_PREFIX_PATH=/home/robot/human_ws/install/myinterfaces:${AMENT_PREFIX_PATH} CMAKE_PREFIX_PATH=/home/robot/human_ws/install/myinterfaces:${CMAKE_PREFIX_PATH} LD_LIBRARY_PATH=/home/robot/human_ws/install/myinterfaces/lib:${LD_LIBRARY_PATH} PYTHONPATH=/home/robot/human_ws/build/human/prefix_override:/usr/lib/python3/dist-packages/colcon_core/task/python/colcon_distutils_commands:/home/robot/human_ws/install/human/lib/python3.10/site-packages:/home/robot/human_ws/install/myinterfaces/local/lib/python3.10/dist-packages:${PYTHONPATH} /usr/bin/python3 -W ignore:setup.py install is deprecated setup.py egg_info --egg-base ../../build/human build --build-base /home/robot/human_ws/build/human/build install --record /home/robot/human_ws/build/human/install.log --single-version-externally-managed install_data
[1.451s] running egg_info
[1.451s] creating ../../build/human/human.egg-info
[1.451s] writing ../../build/human/human.egg-info/PKG-INFO
[1.451s] writing dependency_links to ../../build/human/human.egg-info/dependency_links.txt
[1.451s] writing entry points to ../../build/human/human.egg-info/entry_points.txt
[1.451s] writing requirements to ../../build/human/human.egg-info/requires.txt
[1.452s] writing top-level names to ../../build/human/human.egg-info/top_level.txt
[1.452s] writing manifest file '../../build/human/human.egg-info/SOURCES.txt'
[1.454s] reading manifest file '../../build/human/human.egg-info/SOURCES.txt'
[1.455s] writing manifest file '../../build/human/human.egg-info/SOURCES.txt'
[1.455s] running build
[1.455s] running build_py
[1.455s] creating /home/robot/human_ws/build/human/build
[1.455s] creating /home/robot/human_ws/build/human/build/lib
[1.455s] creating /home/robot/human_ws/build/human/build/lib/human
[1.455s] copying human/human_client_pcd.py -> /home/robot/human_ws/build/human/build/lib/human
[1.456s] copying human/__init__.py -> /home/robot/human_ws/build/human/build/lib/human
[1.456s] copying human/human_client.py -> /home/robot/human_ws/build/human/build/lib/human
[1.456s] copying human/human_detection.py -> /home/robot/human_ws/build/human/build/lib/human
[1.456s] copying human/coordinates_publisher.py -> /home/robot/human_ws/build/human/build/lib/human
[1.456s] copying human/human_detection_pcd.py -> /home/robot/human_ws/build/human/build/lib/human
[1.458s] creating /home/robot/human_ws/build/human/build/lib/human/models
[1.458s] copying human/models/tf.py -> /home/robot/human_ws/build/human/build/lib/human/models
[1.458s] copying human/models/__init__.py -> /home/robot/human_ws/build/human/build/lib/human/models
[1.458s] copying human/models/common.py -> /home/robot/human_ws/build/human/build/lib/human/models
[1.458s] copying human/models/experimental.py -> /home/robot/human_ws/build/human/build/lib/human/models
[1.458s] copying human/models/yolo.py -> /home/robot/human_ws/build/human/build/lib/human/models
[1.459s] creating /home/robot/human_ws/build/human/build/lib/human/utils
[1.459s] copying human/utils/plots.py -> /home/robot/human_ws/build/human/build/lib/human/utils
[1.459s] copying human/utils/loss.py -> /home/robot/human_ws/build/human/build/lib/human/utils
[1.460s] copying human/utils/metrics.py -> /home/robot/human_ws/build/human/build/lib/human/utils
[1.461s] copying human/utils/torch_utils.py -> /home/robot/human_ws/build/human/build/lib/human/utils
[1.461s] copying human/utils/callbacks.py -> /home/robot/human_ws/build/human/build/lib/human/utils
[1.461s] copying human/utils/__init__.py -> /home/robot/human_ws/build/human/build/lib/human/utils
[1.461s] copying human/utils/downloads.py -> /home/robot/human_ws/build/human/build/lib/human/utils
[1.461s] copying human/utils/datasets.py -> /home/robot/human_ws/build/human/build/lib/human/utils
[1.461s] copying human/utils/general.py -> /home/robot/human_ws/build/human/build/lib/human/utils
[1.461s] copying human/utils/activations.py -> /home/robot/human_ws/build/human/build/lib/human/utils
[1.462s] copying human/utils/autoanchor.py -> /home/robot/human_ws/build/human/build/lib/human/utils
[1.462s] copying human/utils/augmentations.py -> /home/robot/human_ws/build/human/build/lib/human/utils
[1.462s] creating /home/robot/human_ws/build/human/build/lib/human/utils/loggers
[1.462s] copying human/utils/loggers/__init__.py -> /home/robot/human_ws/build/human/build/lib/human/utils/loggers
[1.462s] creating /home/robot/human_ws/build/human/build/lib/human/utils/aws
[1.462s] copying human/utils/aws/__init__.py -> /home/robot/human_ws/build/human/build/lib/human/utils/aws
[1.462s] copying human/utils/aws/resume.py -> /home/robot/human_ws/build/human/build/lib/human/utils/aws
[1.463s] creating /home/robot/human_ws/build/human/build/lib/human/utils/loggers/wandb
[1.463s] copying human/utils/loggers/wandb/__init__.py -> /home/robot/human_ws/build/human/build/lib/human/utils/loggers/wandb
[1.463s] copying human/utils/loggers/wandb/log_dataset.py -> /home/robot/human_ws/build/human/build/lib/human/utils/loggers/wandb
[1.463s] copying human/utils/loggers/wandb/wandb_utils.py -> /home/robot/human_ws/build/human/build/lib/human/utils/loggers/wandb
[1.463s] copying human/utils/loggers/wandb/sweep.py -> /home/robot/human_ws/build/human/build/lib/human/utils/loggers/wandb
[1.463s] running install
[1.464s] running install_lib
[1.465s] running install_data
[1.466s] running install_egg_info
[1.467s] removing '/home/robot/human_ws/install/human/lib/python3.10/site-packages/human-0.0.0-py3.10.egg-info' (and everything under it)
[1.467s] Copying ../../build/human/human.egg-info to /home/robot/human_ws/install/human/lib/python3.10/site-packages/human-0.0.0-py3.10.egg-info
[1.468s] running install_scripts
[1.484s] Installing coordinates_publisher script to /home/robot/human_ws/install/human/lib/human
[1.484s] Installing human_coordinate_client script to /home/robot/human_ws/install/human/lib/human
[1.484s] Installing human_coordinate_client_pcd script to /home/robot/human_ws/install/human/lib/human
[1.484s] Installing human_coordinate_server script to /home/robot/human_ws/install/human/lib/human
[1.484s] Installing human_coordinate_server_pcd script to /home/robot/human_ws/install/human/lib/human
[1.484s] Installing start_nodes script to /home/robot/human_ws/install/human/lib/human
[1.485s] writing list of installed files to '/home/robot/human_ws/build/human/install.log'
[1.514s] Invoked command in '/home/robot/human_ws/src/human' returned '0': AMENT_PREFIX_PATH=/home/robot/human_ws/install/myinterfaces:${AMENT_PREFIX_PATH} CMAKE_PREFIX_PATH=/home/robot/human_ws/install/myinterfaces:${CMAKE_PREFIX_PATH} LD_LIBRARY_PATH=/home/robot/human_ws/install/myinterfaces/lib:${LD_LIBRARY_PATH} PYTHONPATH=/home/robot/human_ws/build/human/prefix_override:/usr/lib/python3/dist-packages/colcon_core/task/python/colcon_distutils_commands:/home/robot/human_ws/install/human/lib/python3.10/site-packages:/home/robot/human_ws/install/myinterfaces/local/lib/python3.10/dist-packages:${PYTHONPATH} /usr/bin/python3 -W ignore:setup.py install is deprecated setup.py egg_info --egg-base ../../build/human build --build-base /home/robot/human_ws/build/human/build install --record /home/robot/human_ws/build/human/install.log --single-version-externally-managed install_data
