[0.825s] Invoking command in '/home/robot/human_ws/src/follow': PYTHONPATH=/home/robot/human_ws/build/follow/prefix_override:/usr/lib/python3/dist-packages/colcon_core/task/python/colcon_distutils_commands:/home/robot/human_ws/install/follow/lib/python3.10/site-packages:${PYTHONPATH} /usr/bin/python3 -W ignore:setup.py install is deprecated setup.py egg_info --egg-base ../../build/follow build --build-base /home/robot/human_ws/build/follow/build install --record /home/robot/human_ws/build/follow/install.log --single-version-externally-managed install_data
[1.057s] running egg_info
[1.057s] writing ../../build/follow/follow.egg-info/PKG-INFO
[1.057s] writing dependency_links to ../../build/follow/follow.egg-info/dependency_links.txt
[1.057s] writing entry points to ../../build/follow/follow.egg-info/entry_points.txt
[1.057s] writing requirements to ../../build/follow/follow.egg-info/requires.txt
[1.058s] writing top-level names to ../../build/follow/follow.egg-info/top_level.txt
[1.060s] reading manifest file '../../build/follow/follow.egg-info/SOURCES.txt'
[1.061s] writing manifest file '../../build/follow/follow.egg-info/SOURCES.txt'
[1.061s] running build
[1.061s] running build_py
[1.061s] copying follow/follow_tag_static2.py -> /home/robot/human_ws/build/follow/build/lib/follow
[1.062s] running install
[1.062s] running install_lib
[1.062s] copying /home/robot/human_ws/build/follow/build/lib/follow/follow_tag_static2.py -> /home/robot/human_ws/install/follow/lib/python3.10/site-packages/follow
[1.063s] byte-compiling /home/robot/human_ws/install/follow/lib/python3.10/site-packages/follow/follow_tag_static2.py to follow_tag_static2.cpython-310.pyc
[1.064s]   File "/home/robot/human_ws/install/follow/lib/python3.10/site-packages/follow/follow_tag_static2.py", line 36
[1.064s]     self.z_offset = [-0.7,,1.4,0.45,1]
[1.064s]                           ^
[1.064s] SyntaxError: invalid syntax
[1.064s] 
[1.064s] running install_data
[1.064s] running install_egg_info
[1.065s] removing '/home/robot/human_ws/install/follow/lib/python3.10/site-packages/follow-0.0.0-py3.10.egg-info' (and everything under it)
[1.066s] Copying ../../build/follow/follow.egg-info to /home/robot/human_ws/install/follow/lib/python3.10/site-packages/follow-0.0.0-py3.10.egg-info
[1.066s] running install_scripts
[1.082s] Installing camerainfo script to /home/robot/human_ws/install/follow/lib/follow
[1.082s] Installing follower script to /home/robot/human_ws/install/follow/lib/follow
[1.082s] Installing joy_publisher script to /home/robot/human_ws/install/follow/lib/follow
[1.083s] Installing tag_follower script to /home/robot/human_ws/install/follow/lib/follow
[1.083s] Installing tag_follower_static script to /home/robot/human_ws/install/follow/lib/follow
[1.083s] Installing tag_follower_static2 script to /home/robot/human_ws/install/follow/lib/follow
[1.083s] Installing test_publisher script to /home/robot/human_ws/install/follow/lib/follow
[1.083s] writing list of installed files to '/home/robot/human_ws/build/follow/install.log'
[1.105s] Invoked command in '/home/robot/human_ws/src/follow' returned '0': PYTHONPATH=/home/robot/human_ws/build/follow/prefix_override:/usr/lib/python3/dist-packages/colcon_core/task/python/colcon_distutils_commands:/home/robot/human_ws/install/follow/lib/python3.10/site-packages:${PYTHONPATH} /usr/bin/python3 -W ignore:setup.py install is deprecated setup.py egg_info --egg-base ../../build/follow build --build-base /home/robot/human_ws/build/follow/build install --record /home/robot/human_ws/build/follow/install.log --single-version-externally-managed install_data
