[2.700s] Invoking command in '/home/robot/human_ws/src/data': PYTHONPATH=/home/robot/human_ws/build/data/prefix_override:/usr/lib/python3/dist-packages/colcon_core/task/python/colcon_distutils_commands:/home/robot/human_ws/install/data/lib/python3.10/site-packages:${PYTHONPATH} /usr/bin/python3 -W ignore:setup.py install is deprecated setup.py egg_info --egg-base ../../build/data build --build-base /home/robot/human_ws/build/data/build install --record /home/robot/human_ws/build/data/install.log --single-version-externally-managed install_data
[3.077s] running egg_info
[3.078s] writing ../../build/data/data.egg-info/PKG-INFO
[3.079s] writing dependency_links to ../../build/data/data.egg-info/dependency_links.txt
[3.079s] writing entry points to ../../build/data/data.egg-info/entry_points.txt
[3.079s] writing requirements to ../../build/data/data.egg-info/requires.txt
[3.079s] writing top-level names to ../../build/data/data.egg-info/top_level.txt
[3.081s] reading manifest file '../../build/data/data.egg-info/SOURCES.txt'
[3.082s] writing manifest file '../../build/data/data.egg-info/SOURCES.txt'
[3.082s] running build
[3.082s] running build_py
[3.082s] running install
[3.083s] running install_lib
[3.084s] running install_data
[3.084s] running install_egg_info
[3.086s] removing '/home/robot/human_ws/install/data/lib/python3.10/site-packages/data-0.0.0-py3.10.egg-info' (and everything under it)
[3.086s] Copying ../../build/data/data.egg-info to /home/robot/human_ws/install/data/lib/python3.10/site-packages/data-0.0.0-py3.10.egg-info
[3.087s] running install_scripts
[3.115s] Installing data_node script to /home/robot/human_ws/install/data/lib/data
[3.115s] writing list of installed files to '/home/robot/human_ws/build/data/install.log'
[3.179s] Invoked command in '/home/robot/human_ws/src/data' returned '0': PYTHONPATH=/home/robot/human_ws/build/data/prefix_override:/usr/lib/python3/dist-packages/colcon_core/task/python/colcon_distutils_commands:/home/robot/human_ws/install/data/lib/python3.10/site-packages:${PYTHONPATH} /usr/bin/python3 -W ignore:setup.py install is deprecated setup.py egg_info --egg-base ../../build/data build --build-base /home/robot/human_ws/build/data/build install --record /home/robot/human_ws/build/data/install.log --single-version-externally-managed install_data
