[0.018s] Invoking command in '/home/robot/human_ws/build/apriltag_ros': CMAKE_PREFIX_PATH=${CMAKE_PREFIX_PATH}:/home/robot/robot_controller_release/ros2_packages/object_detect_track_node_py:/opt/ros/humble /usr/bin/cmake --build /home/robot/human_ws/build/apriltag_ros -- -j16 -l16
[0.120s] [35m[1mConsolidate compiler generated dependencies of target tags[0m
[0.120s] [35m[1mConsolidate compiler generated dependencies of target conversion[0m
[0.124s] [35m[1mConsolidate compiler generated dependencies of target apriltag_node[0m
[0.171s] [ 20%] Built target tags
[0.177s] [ 40%] Built target conversion
[0.181s] [ 60%] Built target apriltag_node
[0.193s] [35m[1mConsolidate compiler generated dependencies of target pose_estimation[0m
[0.214s] [ 80%] Built target pose_estimation
[0.231s] [35m[1mConsolidate compiler generated dependencies of target AprilTagNode[0m
[0.253s] [100%] Built target AprilTagNode
[0.268s] Invoked command in '/home/robot/human_ws/build/apriltag_ros' returned '0': CMAKE_PREFIX_PATH=${CMAKE_PREFIX_PATH}:/home/robot/robot_controller_release/ros2_packages/object_detect_track_node_py:/opt/ros/humble /usr/bin/cmake --build /home/robot/human_ws/build/apriltag_ros -- -j16 -l16
[0.318s] Invoking command in '/home/robot/human_ws/build/apriltag_ros': CMAKE_PREFIX_PATH=${CMAKE_PREFIX_PATH}:/home/robot/robot_controller_release/ros2_packages/object_detect_track_node_py:/opt/ros/humble /usr/bin/cmake --install /home/robot/human_ws/build/apriltag_ros
[0.325s] -- Install configuration: ""
[0.328s] -- Up-to-date: /home/robot/human_ws/install/apriltag_ros/lib/apriltag_ros/apriltag_node
[0.329s] -- Up-to-date: /home/robot/human_ws/install/apriltag_ros/share/apriltag_ros/environment/library_path.sh
[0.329s] -- Up-to-date: /home/robot/human_ws/install/apriltag_ros/share/apriltag_ros/environment/library_path.dsv
[0.329s] -- Up-to-date: /home/robot/human_ws/install/apriltag_ros/lib/libAprilTagNode.so
[0.329s] -- Up-to-date: /home/robot/human_ws/install/apriltag_ros/share/apriltag_ros/cfg
[0.330s] -- Installing: /home/robot/human_ws/install/apriltag_ros/share/apriltag_ros/cfg/tags_36h11.yaml
[0.330s] -- Up-to-date: /home/robot/human_ws/install/apriltag_ros/share/apriltag_ros/launch
[0.330s] -- Up-to-date: /home/robot/human_ws/install/apriltag_ros/share/apriltag_ros/launch/ostrich_36h11.launch.yml
[0.330s] -- Up-to-date: /home/robot/human_ws/install/apriltag_ros/share/apriltag_ros/launch/v4l2_36h11.launch.yml
[0.331s] -- Up-to-date: /home/robot/human_ws/install/apriltag_ros/share/ament_index/resource_index/package_run_dependencies/apriltag_ros
[0.331s] -- Up-to-date: /home/robot/human_ws/install/apriltag_ros/share/ament_index/resource_index/parent_prefix_path/apriltag_ros
[0.331s] -- Up-to-date: /home/robot/human_ws/install/apriltag_ros/share/apriltag_ros/environment/ament_prefix_path.sh
[0.331s] -- Up-to-date: /home/robot/human_ws/install/apriltag_ros/share/apriltag_ros/environment/ament_prefix_path.dsv
[0.331s] -- Up-to-date: /home/robot/human_ws/install/apriltag_ros/share/apriltag_ros/environment/path.sh
[0.332s] -- Up-to-date: /home/robot/human_ws/install/apriltag_ros/share/apriltag_ros/environment/path.dsv
[0.332s] -- Up-to-date: /home/robot/human_ws/install/apriltag_ros/share/apriltag_ros/local_setup.bash
[0.332s] -- Up-to-date: /home/robot/human_ws/install/apriltag_ros/share/apriltag_ros/local_setup.sh
[0.332s] -- Up-to-date: /home/robot/human_ws/install/apriltag_ros/share/apriltag_ros/local_setup.zsh
[0.333s] -- Up-to-date: /home/robot/human_ws/install/apriltag_ros/share/apriltag_ros/local_setup.dsv
[0.334s] -- Installing: /home/robot/human_ws/install/apriltag_ros/share/apriltag_ros/package.dsv
[0.335s] -- Up-to-date: /home/robot/human_ws/install/apriltag_ros/share/ament_index/resource_index/packages/apriltag_ros
[0.335s] -- Up-to-date: /home/robot/human_ws/install/apriltag_ros/share/ament_index/resource_index/rclcpp_components/apriltag_ros
[0.335s] -- Up-to-date: /home/robot/human_ws/install/apriltag_ros/share/apriltag_ros/cmake/apriltag_rosConfig.cmake
[0.336s] -- Up-to-date: /home/robot/human_ws/install/apriltag_ros/share/apriltag_ros/cmake/apriltag_rosConfig-version.cmake
[0.336s] -- Up-to-date: /home/robot/human_ws/install/apriltag_ros/share/apriltag_ros/package.xml
[0.336s] Invoked command in '/home/robot/human_ws/build/apriltag_ros' returned '0': CMAKE_PREFIX_PATH=${CMAKE_PREFIX_PATH}:/home/robot/robot_controller_release/ros2_packages/object_detect_track_node_py:/opt/ros/humble /usr/bin/cmake --install /home/robot/human_ws/build/apriltag_ros
