[3.072s] Invoking command in '/home/robot/human_ws/src/image': PYTHONPATH=/home/robot/human_ws/build/image/prefix_override:/usr/lib/python3/dist-packages/colcon_core/task/python/colcon_distutils_commands:/home/robot/human_ws/install/image/lib/python3.10/site-packages:${PYTHONPATH} /usr/bin/python3 -W ignore:setup.py install is deprecated setup.py egg_info --egg-base ../../build/image build --build-base /home/robot/human_ws/build/image/build install --record /home/robot/human_ws/build/image/install.log --single-version-externally-managed install_data
[3.571s] running egg_info
[3.571s] creating ../../build/image/image.egg-info
[3.571s] writing ../../build/image/image.egg-info/PKG-INFO
[3.571s] writing dependency_links to ../../build/image/image.egg-info/dependency_links.txt
[3.571s] writing entry points to ../../build/image/image.egg-info/entry_points.txt
[3.571s] writing requirements to ../../build/image/image.egg-info/requires.txt
[3.572s] writing top-level names to ../../build/image/image.egg-info/top_level.txt
[3.572s] writing manifest file '../../build/image/image.egg-info/SOURCES.txt'
[3.578s] reading manifest file '../../build/image/image.egg-info/SOURCES.txt'
[3.578s] writing manifest file '../../build/image/image.egg-info/SOURCES.txt'
[3.578s] running build
[3.578s] running build_py
[3.578s] creating /home/robot/human_ws/build/image/build
[3.578s] creating /home/robot/human_ws/build/image/build/lib
[3.578s] creating /home/robot/human_ws/build/image/build/lib/image
[3.579s] copying image/image.py -> /home/robot/human_ws/build/image/build/lib/image
[3.582s] copying image/__init__.py -> /home/robot/human_ws/build/image/build/lib/image
[3.582s] copying image/image_rec.py -> /home/robot/human_ws/build/image/build/lib/image
[3.582s] running install
[3.583s] running install_lib
[3.590s] running install_data
[3.590s] running install_egg_info
[3.597s] removing '/home/robot/human_ws/install/image/lib/python3.10/site-packages/image-0.0.0-py3.10.egg-info' (and everything under it)
[3.598s] Copying ../../build/image/image.egg-info to /home/robot/human_ws/install/image/lib/python3.10/site-packages/image-0.0.0-py3.10.egg-info
[3.599s] running install_scripts
[3.645s] Installing image_client script to /home/robot/human_ws/install/image/lib/image
[3.646s] writing list of installed files to '/home/robot/human_ws/build/image/install.log'
[3.762s] Invoked command in '/home/robot/human_ws/src/image' returned '0': PYTHONPATH=/home/robot/human_ws/build/image/prefix_override:/usr/lib/python3/dist-packages/colcon_core/task/python/colcon_distutils_commands:/home/robot/human_ws/install/image/lib/python3.10/site-packages:${PYTHONPATH} /usr/bin/python3 -W ignore:setup.py install is deprecated setup.py egg_info --egg-base ../../build/image build --build-base /home/robot/human_ws/build/image/build install --record /home/robot/human_ws/build/image/install.log --single-version-externally-managed install_data
