/home/robot/human_ws/install/human/lib/python3.10/site-packages/human/human_client_pcd.py
/home/robot/human_ws/install/human/lib/python3.10/site-packages/human/__init__.py
/home/robot/human_ws/install/human/lib/python3.10/site-packages/human/human_client.py
/home/robot/human_ws/install/human/lib/python3.10/site-packages/human/human_detection.py
/home/robot/human_ws/install/human/lib/python3.10/site-packages/human/coordinates_publisher.py
/home/robot/human_ws/install/human/lib/python3.10/site-packages/human/human_detection_pcd.py
/home/robot/human_ws/install/human/lib/python3.10/site-packages/human/models/tf.py
/home/robot/human_ws/install/human/lib/python3.10/site-packages/human/models/__init__.py
/home/robot/human_ws/install/human/lib/python3.10/site-packages/human/models/common.py
/home/robot/human_ws/install/human/lib/python3.10/site-packages/human/models/experimental.py
/home/robot/human_ws/install/human/lib/python3.10/site-packages/human/models/yolo.py
/home/robot/human_ws/install/human/lib/python3.10/site-packages/human/utils/plots.py
/home/robot/human_ws/install/human/lib/python3.10/site-packages/human/utils/loss.py
/home/robot/human_ws/install/human/lib/python3.10/site-packages/human/utils/metrics.py
/home/robot/human_ws/install/human/lib/python3.10/site-packages/human/utils/torch_utils.py
/home/robot/human_ws/install/human/lib/python3.10/site-packages/human/utils/callbacks.py
/home/robot/human_ws/install/human/lib/python3.10/site-packages/human/utils/__init__.py
/home/robot/human_ws/install/human/lib/python3.10/site-packages/human/utils/downloads.py
/home/robot/human_ws/install/human/lib/python3.10/site-packages/human/utils/datasets.py
/home/robot/human_ws/install/human/lib/python3.10/site-packages/human/utils/general.py
/home/robot/human_ws/install/human/lib/python3.10/site-packages/human/utils/activations.py
/home/robot/human_ws/install/human/lib/python3.10/site-packages/human/utils/autoanchor.py
/home/robot/human_ws/install/human/lib/python3.10/site-packages/human/utils/augmentations.py
/home/robot/human_ws/install/human/lib/python3.10/site-packages/human/utils/loggers/__init__.py
/home/robot/human_ws/install/human/lib/python3.10/site-packages/human/utils/aws/__init__.py
/home/robot/human_ws/install/human/lib/python3.10/site-packages/human/utils/aws/resume.py
/home/robot/human_ws/install/human/lib/python3.10/site-packages/human/utils/loggers/wandb/__init__.py
/home/robot/human_ws/install/human/lib/python3.10/site-packages/human/utils/loggers/wandb/log_dataset.py
/home/robot/human_ws/install/human/lib/python3.10/site-packages/human/utils/loggers/wandb/wandb_utils.py
/home/robot/human_ws/install/human/lib/python3.10/site-packages/human/utils/loggers/wandb/sweep.py
/home/robot/human_ws/install/human/lib/python3.10/site-packages/human/__pycache__/human_client_pcd.cpython-310.pyc
/home/robot/human_ws/install/human/lib/python3.10/site-packages/human/__pycache__/__init__.cpython-310.pyc
/home/robot/human_ws/install/human/lib/python3.10/site-packages/human/__pycache__/human_client.cpython-310.pyc
/home/robot/human_ws/install/human/lib/python3.10/site-packages/human/__pycache__/human_detection.cpython-310.pyc
/home/robot/human_ws/install/human/lib/python3.10/site-packages/human/__pycache__/coordinates_publisher.cpython-310.pyc
/home/robot/human_ws/install/human/lib/python3.10/site-packages/human/__pycache__/human_detection_pcd.cpython-310.pyc
/home/robot/human_ws/install/human/lib/python3.10/site-packages/human/models/__pycache__/tf.cpython-310.pyc
/home/robot/human_ws/install/human/lib/python3.10/site-packages/human/models/__pycache__/__init__.cpython-310.pyc
/home/robot/human_ws/install/human/lib/python3.10/site-packages/human/models/__pycache__/common.cpython-310.pyc
/home/robot/human_ws/install/human/lib/python3.10/site-packages/human/models/__pycache__/experimental.cpython-310.pyc
/home/robot/human_ws/install/human/lib/python3.10/site-packages/human/models/__pycache__/yolo.cpython-310.pyc
/home/robot/human_ws/install/human/lib/python3.10/site-packages/human/utils/__pycache__/plots.cpython-310.pyc
/home/robot/human_ws/install/human/lib/python3.10/site-packages/human/utils/__pycache__/loss.cpython-310.pyc
/home/robot/human_ws/install/human/lib/python3.10/site-packages/human/utils/__pycache__/metrics.cpython-310.pyc
/home/robot/human_ws/install/human/lib/python3.10/site-packages/human/utils/__pycache__/torch_utils.cpython-310.pyc
/home/robot/human_ws/install/human/lib/python3.10/site-packages/human/utils/__pycache__/callbacks.cpython-310.pyc
/home/robot/human_ws/install/human/lib/python3.10/site-packages/human/utils/__pycache__/__init__.cpython-310.pyc
/home/robot/human_ws/install/human/lib/python3.10/site-packages/human/utils/__pycache__/downloads.cpython-310.pyc
/home/robot/human_ws/install/human/lib/python3.10/site-packages/human/utils/__pycache__/datasets.cpython-310.pyc
/home/robot/human_ws/install/human/lib/python3.10/site-packages/human/utils/__pycache__/general.cpython-310.pyc
/home/robot/human_ws/install/human/lib/python3.10/site-packages/human/utils/__pycache__/activations.cpython-310.pyc
/home/robot/human_ws/install/human/lib/python3.10/site-packages/human/utils/__pycache__/autoanchor.cpython-310.pyc
/home/robot/human_ws/install/human/lib/python3.10/site-packages/human/utils/__pycache__/augmentations.cpython-310.pyc
/home/robot/human_ws/install/human/lib/python3.10/site-packages/human/utils/loggers/__pycache__/__init__.cpython-310.pyc
/home/robot/human_ws/install/human/lib/python3.10/site-packages/human/utils/aws/__pycache__/__init__.cpython-310.pyc
/home/robot/human_ws/install/human/lib/python3.10/site-packages/human/utils/aws/__pycache__/resume.cpython-310.pyc
/home/robot/human_ws/install/human/lib/python3.10/site-packages/human/utils/loggers/wandb/__pycache__/__init__.cpython-310.pyc
/home/robot/human_ws/install/human/lib/python3.10/site-packages/human/utils/loggers/wandb/__pycache__/log_dataset.cpython-310.pyc
/home/robot/human_ws/install/human/lib/python3.10/site-packages/human/utils/loggers/wandb/__pycache__/wandb_utils.cpython-310.pyc
/home/robot/human_ws/install/human/lib/python3.10/site-packages/human/utils/loggers/wandb/__pycache__/sweep.cpython-310.pyc
/home/robot/human_ws/install/human/share/ament_index/resource_index/packages/human
/home/robot/human_ws/install/human/share/human/package.xml
/home/robot/human_ws/install/human/lib/python3.10/site-packages/human-0.0.0-py3.10.egg-info/entry_points.txt
/home/robot/human_ws/install/human/lib/python3.10/site-packages/human-0.0.0-py3.10.egg-info/PKG-INFO
/home/robot/human_ws/install/human/lib/python3.10/site-packages/human-0.0.0-py3.10.egg-info/top_level.txt
/home/robot/human_ws/install/human/lib/python3.10/site-packages/human-0.0.0-py3.10.egg-info/requires.txt
/home/robot/human_ws/install/human/lib/python3.10/site-packages/human-0.0.0-py3.10.egg-info/SOURCES.txt
/home/robot/human_ws/install/human/lib/python3.10/site-packages/human-0.0.0-py3.10.egg-info/zip-safe
/home/robot/human_ws/install/human/lib/python3.10/site-packages/human-0.0.0-py3.10.egg-info/dependency_links.txt
/home/robot/human_ws/install/human/lib/human/coordinates_publisher
/home/robot/human_ws/install/human/lib/human/human_coordinate_client
/home/robot/human_ws/install/human/lib/human/human_coordinate_client_pcd
/home/robot/human_ws/install/human/lib/human/human_coordinate_server
/home/robot/human_ws/install/human/lib/human/human_coordinate_server_pcd
/home/robot/human_ws/install/human/lib/human/start_nodes
