[0.007s] Invoking command in '/home/robot/human_ws/build/myinterfaces': CMAKE_PREFIX_PATH=${CMAKE_PREFIX_PATH}:/home/robot/human_ws/install/human:/opt/ros/humble /usr/bin/cmake /home/robot/human_ws/src/myinterfaces -DCMAKE_INSTALL_PREFIX=/home/robot/human_ws/install/myinterfaces
[0.226s] -- The C compiler identification is GNU 11.4.0
[0.390s] -- The CXX compiler identification is GNU 11.4.0
[0.403s] -- Detecting C compiler ABI info
[0.510s] -- Detecting C compiler ABI info - done
[0.519s] -- Check for working C compiler: /usr/bin/cc - skipped
[0.523s] -- Detecting C compile features
[0.524s] -- Detecting C compile features - done
[0.526s] -- Detecting CXX compiler ABI info
[0.640s] -- Detecting CXX compiler ABI info - done
[0.645s] -- Check for working CXX compiler: /usr/bin/c++ - skipped
[0.645s] -- Detecting CXX compile features
[0.645s] -- Detecting CXX compile features - done
[0.651s] -- Found ament_cmake: 1.3.10 (/opt/ros/humble/share/ament_cmake/cmake)
[0.810s] -- Found Python3: /usr/bin/python3 (found version "3.10.12") found components: Interpreter 
[0.908s] -- Found rosidl_default_generators: 1.2.0 (/opt/ros/humble/share/rosidl_default_generators/cmake)
[0.917s] -- Using all available rosidl_typesupport_c: rosidl_typesupport_fastrtps_c;rosidl_typesupport_introspection_c
[0.927s] -- Found rosidl_adapter: 3.1.5 (/opt/ros/humble/share/rosidl_adapter/cmake)
[0.985s] -- Using all available rosidl_typesupport_cpp: rosidl_typesupport_fastrtps_cpp;rosidl_typesupport_introspection_cpp
[1.022s] -- Found geometry_msgs: 4.2.4 (/opt/ros/humble/share/geometry_msgs/cmake)
[1.062s] -- Found sensor_msgs: 4.2.4 (/opt/ros/humble/share/sensor_msgs/cmake)
[1.310s] -- Found ament_cmake_ros: 0.10.0 (/opt/ros/humble/share/ament_cmake_ros/cmake)
[1.534s] -- Using all available rosidl_typesupport_c: rosidl_typesupport_fastrtps_c;rosidl_typesupport_introspection_c
[1.842s] -- Using all available rosidl_typesupport_cpp: rosidl_typesupport_fastrtps_cpp;rosidl_typesupport_introspection_cpp
[1.864s] -- Found PythonInterp: /usr/bin/python3 (found suitable version "3.10.12", minimum required is "3.6") 
[1.867s] -- Found python_cmake_module: 0.10.0 (/opt/ros/humble/share/python_cmake_module/cmake)
[1.903s] -- Found PythonLibs: /usr/lib/x86_64-linux-gnu/libpython3.10.so (found suitable version "3.10.12", minimum required is "3.5") 
[1.904s] -- Using PYTHON_EXECUTABLE: /usr/bin/python3
[1.904s] -- Using PYTHON_INCLUDE_DIRS: /usr/include/python3.10
[1.904s] -- Using PYTHON_LIBRARIES: /usr/lib/x86_64-linux-gnu/libpython3.10.so
[1.929s] -- Found PythonExtra: .so  
[1.996s] -- Found ament_lint_auto: 0.12.11 (/opt/ros/humble/share/ament_lint_auto/cmake)
[2.019s] -- Added test 'lint_cmake' to check CMake code style
[2.021s] -- Added test 'xmllint' to check XML markup files
[2.023s] -- Configuring done
[2.044s] -- Generating done
[2.045s] -- Build files have been written to: /home/robot/human_ws/build/myinterfaces
[2.053s] Invoked command in '/home/robot/human_ws/build/myinterfaces' returned '0': CMAKE_PREFIX_PATH=${CMAKE_PREFIX_PATH}:/home/robot/human_ws/install/human:/opt/ros/humble /usr/bin/cmake /home/robot/human_ws/src/myinterfaces -DCMAKE_INSTALL_PREFIX=/home/robot/human_ws/install/myinterfaces
[2.053s] Invoking command in '/home/robot/human_ws/build/myinterfaces': CMAKE_PREFIX_PATH=${CMAKE_PREFIX_PATH}:/home/robot/human_ws/install/human:/opt/ros/humble /usr/bin/cmake --build /home/robot/human_ws/build/myinterfaces -- -j16 -l16
[2.094s] [  3%] [34m[1mGenerating C code for ROS interfaces[0m
[2.106s] [  6%] [34m[1mGenerating C++ code for ROS interfaces[0m
[2.114s] [  6%] Built target ament_cmake_python_copy_myinterfaces
[2.292s] [  6%] Built target myinterfaces__cpp
[2.294s] [  9%] [32mBuilding C object CMakeFiles/myinterfaces__rosidl_generator_c.dir/rosidl_generator_c/myinterfaces/srv/detail/humancoordinates__functions.c.o[0m
[2.301s] [ 16%] [34m[1mGenerating C++ introspection for ROS interfaces[0m
[2.301s] [ 16%] [34m[1mGenerating C++ type support dispatch for ROS interfaces[0m
[2.303s] [ 19%] [34m[1mGenerating C++ type support for eProsima Fast-RTPS[0m
[2.317s] running egg_info
[2.317s] creating myinterfaces.egg-info
[2.318s] writing myinterfaces.egg-info/PKG-INFO
[2.318s] writing dependency_links to myinterfaces.egg-info/dependency_links.txt
[2.318s] writing top-level names to myinterfaces.egg-info/top_level.txt
[2.319s] writing manifest file 'myinterfaces.egg-info/SOURCES.txt'
[2.322s] reading manifest file 'myinterfaces.egg-info/SOURCES.txt'
[2.323s] writing manifest file 'myinterfaces.egg-info/SOURCES.txt'
[2.359s] [ 19%] Built target ament_cmake_python_build_myinterfaces_egg
[2.406s] [ 22%] [32m[1mLinking C shared library libmyinterfaces__rosidl_generator_c.so[0m
[2.462s] [ 22%] Built target myinterfaces__rosidl_generator_c
[2.473s] [ 25%] [32mBuilding CXX object CMakeFiles/myinterfaces__rosidl_typesupport_cpp.dir/rosidl_typesupport_cpp/myinterfaces/srv/humancoordinates__type_support.cpp.o[0m
[2.475s] [ 35%] [34m[1mGenerating C type support dispatch for ROS interfaces[0m
[2.475s] [ 35%] [34m[1mGenerating C introspection for ROS interfaces[0m
[2.475s] [ 35%] [34m[1mGenerating C type support for eProsima Fast-RTPS[0m
[2.490s] [ 38%] [32mBuilding CXX object CMakeFiles/myinterfaces__rosidl_typesupport_introspection_cpp.dir/rosidl_typesupport_introspection_cpp/myinterfaces/srv/detail/humancoordinates__type_support.cpp.o[0m
[2.505s] [ 41%] [32mBuilding CXX object CMakeFiles/myinterfaces__rosidl_typesupport_fastrtps_cpp.dir/rosidl_typesupport_fastrtps_cpp/myinterfaces/srv/detail/dds_fastrtps/humancoordinates__type_support.cpp.o[0m
[2.652s] [ 45%] [32mBuilding CXX object CMakeFiles/myinterfaces__rosidl_typesupport_c.dir/rosidl_typesupport_c/myinterfaces/srv/humancoordinates__type_support.cpp.o[0m
[2.692s] [ 48%] [32mBuilding C object CMakeFiles/myinterfaces__rosidl_typesupport_introspection_c.dir/rosidl_typesupport_introspection_c/myinterfaces/srv/detail/humancoordinates__type_support.c.o[0m
[2.697s] [ 51%] [32m[1mLinking CXX shared library libmyinterfaces__rosidl_typesupport_c.so[0m
[2.702s] [ 54%] [32mBuilding CXX object CMakeFiles/myinterfaces__rosidl_typesupport_fastrtps_c.dir/rosidl_typesupport_fastrtps_c/myinterfaces/srv/detail/humancoordinates__type_support_c.cpp.o[0m
[2.737s] [ 54%] Built target myinterfaces__rosidl_typesupport_c
[2.747s] [ 58%] [32m[1mLinking C shared library libmyinterfaces__rosidl_typesupport_introspection_c.so[0m
[2.781s] [ 58%] Built target myinterfaces__rosidl_typesupport_introspection_c
[2.791s] [ 61%] [32m[1mLinking CXX shared library libmyinterfaces__rosidl_typesupport_cpp.so[0m
[2.829s] [ 61%] Built target myinterfaces__rosidl_typesupport_cpp
[2.880s] [ 64%] [32m[1mLinking CXX shared library libmyinterfaces__rosidl_typesupport_introspection_cpp.so[0m
[2.938s] [ 67%] [32m[1mLinking CXX shared library libmyinterfaces__rosidl_typesupport_fastrtps_c.so[0m
[2.951s] [ 67%] Built target myinterfaces__rosidl_typesupport_introspection_cpp
[2.971s] [ 70%] [32m[1mLinking CXX shared library libmyinterfaces__rosidl_typesupport_fastrtps_cpp.so[0m
[3.006s] [ 70%] Built target myinterfaces__rosidl_typesupport_fastrtps_c
[3.037s] [ 70%] Built target myinterfaces__rosidl_typesupport_fastrtps_cpp
[3.059s] [ 70%] Built target myinterfaces
[3.084s] [ 74%] [34m[1mGenerating Python code for ROS interfaces[0m
[3.330s] [ 74%] Built target myinterfaces__py
[3.356s] [ 77%] [32mBuilding C object CMakeFiles/myinterfaces__rosidl_generator_py.dir/rosidl_generator_py/myinterfaces/srv/_humancoordinates_s.c.o[0m
[3.470s] [ 80%] [32m[1mLinking C shared library rosidl_generator_py/myinterfaces/libmyinterfaces__rosidl_generator_py.so[0m
[3.521s] [ 80%] Built target myinterfaces__rosidl_generator_py
[3.551s] [ 90%] [32mBuilding C object CMakeFiles/myinterfaces__rosidl_typesupport_introspection_c__pyext.dir/rosidl_generator_py/myinterfaces/_myinterfaces_s.ep.rosidl_typesupport_introspection_c.c.o[0m
[3.551s] [ 90%] [32mBuilding C object CMakeFiles/myinterfaces__rosidl_typesupport_fastrtps_c__pyext.dir/rosidl_generator_py/myinterfaces/_myinterfaces_s.ep.rosidl_typesupport_fastrtps_c.c.o[0m
[3.552s] [ 90%] [32mBuilding C object CMakeFiles/myinterfaces__rosidl_typesupport_c__pyext.dir/rosidl_generator_py/myinterfaces/_myinterfaces_s.ep.rosidl_typesupport_c.c.o[0m
[3.621s] [ 93%] [32m[1mLinking C shared library rosidl_generator_py/myinterfaces/myinterfaces_s__rosidl_typesupport_c.cpython-310-x86_64-linux-gnu.so[0m
[3.624s] [ 96%] [32m[1mLinking C shared library rosidl_generator_py/myinterfaces/myinterfaces_s__rosidl_typesupport_introspection_c.cpython-310-x86_64-linux-gnu.so[0m
[3.638s] [100%] [32m[1mLinking C shared library rosidl_generator_py/myinterfaces/myinterfaces_s__rosidl_typesupport_fastrtps_c.cpython-310-x86_64-linux-gnu.so[0m
[3.654s] [100%] Built target myinterfaces__rosidl_typesupport_c__pyext
[3.660s] [100%] Built target myinterfaces__rosidl_typesupport_introspection_c__pyext
[3.679s] [100%] Built target myinterfaces__rosidl_typesupport_fastrtps_c__pyext
[3.694s] Invoked command in '/home/robot/human_ws/build/myinterfaces' returned '0': CMAKE_PREFIX_PATH=${CMAKE_PREFIX_PATH}:/home/robot/human_ws/install/human:/opt/ros/humble /usr/bin/cmake --build /home/robot/human_ws/build/myinterfaces -- -j16 -l16
[3.787s] Invoking command in '/home/robot/human_ws/build/myinterfaces': CMAKE_PREFIX_PATH=${CMAKE_PREFIX_PATH}:/home/robot/human_ws/install/human:/opt/ros/humble /usr/bin/cmake --install /home/robot/human_ws/build/myinterfaces
[3.799s] -- Install configuration: ""
[3.799s] -- Installing: /home/robot/human_ws/install/myinterfaces/share/ament_index/resource_index/rosidl_interfaces/myinterfaces
[3.799s] -- Up-to-date: /home/robot/human_ws/install/myinterfaces/include/myinterfaces/myinterfaces
[3.799s] -- Up-to-date: /home/robot/human_ws/install/myinterfaces/include/myinterfaces/myinterfaces/srv
[3.799s] -- Up-to-date: /home/robot/human_ws/install/myinterfaces/include/myinterfaces/myinterfaces/srv/detail
[3.799s] -- Installing: /home/robot/human_ws/install/myinterfaces/include/myinterfaces/myinterfaces/srv/detail/humancoordinates__functions.h
[3.799s] -- Installing: /home/robot/human_ws/install/myinterfaces/include/myinterfaces/myinterfaces/srv/detail/humancoordinates__functions.c
[3.799s] -- Installing: /home/robot/human_ws/install/myinterfaces/include/myinterfaces/myinterfaces/srv/detail/humancoordinates__struct.h
[3.800s] -- Installing: /home/robot/human_ws/install/myinterfaces/include/myinterfaces/myinterfaces/srv/detail/humancoordinates__type_support.h
[3.800s] -- Installing: /home/robot/human_ws/install/myinterfaces/include/myinterfaces/myinterfaces/srv/humancoordinates.h
[3.800s] -- Up-to-date: /home/robot/human_ws/install/myinterfaces/include/myinterfaces/myinterfaces/msg
[3.800s] -- Installing: /home/robot/human_ws/install/myinterfaces/include/myinterfaces/myinterfaces/msg/rosidl_generator_c__visibility_control.h
[3.800s] -- Installing: /home/robot/human_ws/install/myinterfaces/share/myinterfaces/environment/library_path.sh
[3.800s] -- Installing: /home/robot/human_ws/install/myinterfaces/share/myinterfaces/environment/library_path.dsv
[3.801s] -- Installing: /home/robot/human_ws/install/myinterfaces/lib/libmyinterfaces__rosidl_generator_c.so
[3.801s] -- Set runtime path of "/home/robot/human_ws/install/myinterfaces/lib/libmyinterfaces__rosidl_generator_c.so" to ""
[3.801s] -- Up-to-date: /home/robot/human_ws/install/myinterfaces/include/myinterfaces/myinterfaces
[3.801s] -- Up-to-date: /home/robot/human_ws/install/myinterfaces/include/myinterfaces/myinterfaces/srv
[3.801s] -- Up-to-date: /home/robot/human_ws/install/myinterfaces/include/myinterfaces/myinterfaces/srv/detail
[3.802s] -- Installing: /home/robot/human_ws/install/myinterfaces/include/myinterfaces/myinterfaces/srv/detail/humancoordinates__rosidl_typesupport_fastrtps_c.h
[3.802s] -- Up-to-date: /home/robot/human_ws/install/myinterfaces/include/myinterfaces/myinterfaces/msg
[3.802s] -- Installing: /home/robot/human_ws/install/myinterfaces/include/myinterfaces/myinterfaces/msg/rosidl_typesupport_fastrtps_c__visibility_control.h
[3.802s] -- Installing: /home/robot/human_ws/install/myinterfaces/lib/libmyinterfaces__rosidl_typesupport_fastrtps_c.so
[3.803s] -- Set runtime path of "/home/robot/human_ws/install/myinterfaces/lib/libmyinterfaces__rosidl_typesupport_fastrtps_c.so" to ""
[3.803s] -- Up-to-date: /home/robot/human_ws/install/myinterfaces/include/myinterfaces/myinterfaces
[3.803s] -- Up-to-date: /home/robot/human_ws/install/myinterfaces/include/myinterfaces/myinterfaces/srv
[3.803s] -- Up-to-date: /home/robot/human_ws/install/myinterfaces/include/myinterfaces/myinterfaces/srv/detail
[3.803s] -- Installing: /home/robot/human_ws/install/myinterfaces/include/myinterfaces/myinterfaces/srv/detail/humancoordinates__rosidl_typesupport_introspection_c.h
[3.803s] -- Installing: /home/robot/human_ws/install/myinterfaces/include/myinterfaces/myinterfaces/srv/detail/humancoordinates__type_support.c
[3.803s] -- Up-to-date: /home/robot/human_ws/install/myinterfaces/include/myinterfaces/myinterfaces/msg
[3.803s] -- Installing: /home/robot/human_ws/install/myinterfaces/include/myinterfaces/myinterfaces/msg/rosidl_typesupport_introspection_c__visibility_control.h
[3.803s] -- Installing: /home/robot/human_ws/install/myinterfaces/lib/libmyinterfaces__rosidl_typesupport_introspection_c.so
[3.803s] -- Set runtime path of "/home/robot/human_ws/install/myinterfaces/lib/libmyinterfaces__rosidl_typesupport_introspection_c.so" to ""
[3.803s] -- Installing: /home/robot/human_ws/install/myinterfaces/lib/libmyinterfaces__rosidl_typesupport_c.so
[3.804s] -- Set runtime path of "/home/robot/human_ws/install/myinterfaces/lib/libmyinterfaces__rosidl_typesupport_c.so" to ""
[3.804s] -- Up-to-date: /home/robot/human_ws/install/myinterfaces/include/myinterfaces/myinterfaces
[3.804s] -- Up-to-date: /home/robot/human_ws/install/myinterfaces/include/myinterfaces/myinterfaces/srv
[3.804s] -- Up-to-date: /home/robot/human_ws/install/myinterfaces/include/myinterfaces/myinterfaces/srv/detail
[3.804s] -- Installing: /home/robot/human_ws/install/myinterfaces/include/myinterfaces/myinterfaces/srv/detail/humancoordinates__builder.hpp
[3.804s] -- Installing: /home/robot/human_ws/install/myinterfaces/include/myinterfaces/myinterfaces/srv/detail/humancoordinates__traits.hpp
[3.804s] -- Installing: /home/robot/human_ws/install/myinterfaces/include/myinterfaces/myinterfaces/srv/detail/humancoordinates__struct.hpp
[3.804s] -- Installing: /home/robot/human_ws/install/myinterfaces/include/myinterfaces/myinterfaces/srv/humancoordinates.hpp
[3.804s] -- Up-to-date: /home/robot/human_ws/install/myinterfaces/include/myinterfaces/myinterfaces
[3.804s] -- Up-to-date: /home/robot/human_ws/install/myinterfaces/include/myinterfaces/myinterfaces/srv
[3.804s] -- Up-to-date: /home/robot/human_ws/install/myinterfaces/include/myinterfaces/myinterfaces/srv/detail
[3.804s] -- Installing: /home/robot/human_ws/install/myinterfaces/include/myinterfaces/myinterfaces/srv/detail/humancoordinates__rosidl_typesupport_fastrtps_cpp.hpp
[3.804s] -- Up-to-date: /home/robot/human_ws/install/myinterfaces/include/myinterfaces/myinterfaces/srv/detail/dds_fastrtps
[3.804s] -- Up-to-date: /home/robot/human_ws/install/myinterfaces/include/myinterfaces/myinterfaces/msg
[3.804s] -- Installing: /home/robot/human_ws/install/myinterfaces/include/myinterfaces/myinterfaces/msg/rosidl_typesupport_fastrtps_cpp__visibility_control.h
[3.804s] -- Installing: /home/robot/human_ws/install/myinterfaces/lib/libmyinterfaces__rosidl_typesupport_fastrtps_cpp.so
[3.804s] -- Set runtime path of "/home/robot/human_ws/install/myinterfaces/lib/libmyinterfaces__rosidl_typesupport_fastrtps_cpp.so" to ""
[3.804s] -- Up-to-date: /home/robot/human_ws/install/myinterfaces/include/myinterfaces/myinterfaces
[3.804s] -- Up-to-date: /home/robot/human_ws/install/myinterfaces/include/myinterfaces/myinterfaces/srv
[3.804s] -- Up-to-date: /home/robot/human_ws/install/myinterfaces/include/myinterfaces/myinterfaces/srv/detail
[3.805s] -- Installing: /home/robot/human_ws/install/myinterfaces/include/myinterfaces/myinterfaces/srv/detail/humancoordinates__type_support.cpp
[3.805s] -- Installing: /home/robot/human_ws/install/myinterfaces/include/myinterfaces/myinterfaces/srv/detail/humancoordinates__rosidl_typesupport_introspection_cpp.hpp
[3.805s] -- Installing: /home/robot/human_ws/install/myinterfaces/lib/libmyinterfaces__rosidl_typesupport_introspection_cpp.so
[3.805s] -- Set runtime path of "/home/robot/human_ws/install/myinterfaces/lib/libmyinterfaces__rosidl_typesupport_introspection_cpp.so" to ""
[3.805s] -- Installing: /home/robot/human_ws/install/myinterfaces/lib/libmyinterfaces__rosidl_typesupport_cpp.so
[3.805s] -- Set runtime path of "/home/robot/human_ws/install/myinterfaces/lib/libmyinterfaces__rosidl_typesupport_cpp.so" to ""
[3.805s] -- Installing: /home/robot/human_ws/install/myinterfaces/share/myinterfaces/environment/pythonpath.sh
[3.805s] -- Installing: /home/robot/human_ws/install/myinterfaces/share/myinterfaces/environment/pythonpath.dsv
[3.805s] -- Up-to-date: /home/robot/human_ws/install/myinterfaces/local/lib/python3.10/dist-packages/myinterfaces-0.0.0-py3.10.egg-info
[3.805s] -- Installing: /home/robot/human_ws/install/myinterfaces/local/lib/python3.10/dist-packages/myinterfaces-0.0.0-py3.10.egg-info/PKG-INFO
[3.805s] -- Installing: /home/robot/human_ws/install/myinterfaces/local/lib/python3.10/dist-packages/myinterfaces-0.0.0-py3.10.egg-info/top_level.txt
[3.805s] -- Installing: /home/robot/human_ws/install/myinterfaces/local/lib/python3.10/dist-packages/myinterfaces-0.0.0-py3.10.egg-info/SOURCES.txt
[3.805s] -- Installing: /home/robot/human_ws/install/myinterfaces/local/lib/python3.10/dist-packages/myinterfaces-0.0.0-py3.10.egg-info/dependency_links.txt
[3.806s] -- Up-to-date: /home/robot/human_ws/install/myinterfaces/local/lib/python3.10/dist-packages/myinterfaces
[3.806s] -- Installing: /home/robot/human_ws/install/myinterfaces/local/lib/python3.10/dist-packages/myinterfaces/myinterfaces_s__rosidl_typesupport_introspection_c.cpython-310-x86_64-linux-gnu.so
[3.806s] -- Installing: /home/robot/human_ws/install/myinterfaces/local/lib/python3.10/dist-packages/myinterfaces/__init__.py
[3.806s] -- Installing: /home/robot/human_ws/install/myinterfaces/local/lib/python3.10/dist-packages/myinterfaces/_myinterfaces_s.ep.rosidl_typesupport_c.c
[3.806s] -- Installing: /home/robot/human_ws/install/myinterfaces/local/lib/python3.10/dist-packages/myinterfaces/_myinterfaces_s.ep.rosidl_typesupport_fastrtps_c.c
[3.806s] -- Installing: /home/robot/human_ws/install/myinterfaces/local/lib/python3.10/dist-packages/myinterfaces/libmyinterfaces__rosidl_generator_py.so
[3.806s] -- Up-to-date: /home/robot/human_ws/install/myinterfaces/local/lib/python3.10/dist-packages/myinterfaces/srv
[3.806s] -- Installing: /home/robot/human_ws/install/myinterfaces/local/lib/python3.10/dist-packages/myinterfaces/srv/__init__.py
[3.806s] -- Installing: /home/robot/human_ws/install/myinterfaces/local/lib/python3.10/dist-packages/myinterfaces/srv/_humancoordinates.py
[3.806s] -- Installing: /home/robot/human_ws/install/myinterfaces/local/lib/python3.10/dist-packages/myinterfaces/srv/_humancoordinates_s.c
[3.806s] -- Installing: /home/robot/human_ws/install/myinterfaces/local/lib/python3.10/dist-packages/myinterfaces/_myinterfaces_s.ep.rosidl_typesupport_introspection_c.c
[3.806s] -- Installing: /home/robot/human_ws/install/myinterfaces/local/lib/python3.10/dist-packages/myinterfaces/myinterfaces_s__rosidl_typesupport_c.cpython-310-x86_64-linux-gnu.so
[3.806s] -- Installing: /home/robot/human_ws/install/myinterfaces/local/lib/python3.10/dist-packages/myinterfaces/myinterfaces_s__rosidl_typesupport_fastrtps_c.cpython-310-x86_64-linux-gnu.so
[3.840s] Listing '/home/robot/human_ws/install/myinterfaces/local/lib/python3.10/dist-packages/myinterfaces'...
[3.840s] Compiling '/home/robot/human_ws/install/myinterfaces/local/lib/python3.10/dist-packages/myinterfaces/__init__.py'...
[3.841s] Listing '/home/robot/human_ws/install/myinterfaces/local/lib/python3.10/dist-packages/myinterfaces/srv'...
[3.841s] Compiling '/home/robot/human_ws/install/myinterfaces/local/lib/python3.10/dist-packages/myinterfaces/srv/__init__.py'...
[3.841s] Compiling '/home/robot/human_ws/install/myinterfaces/local/lib/python3.10/dist-packages/myinterfaces/srv/_humancoordinates.py'...
[3.844s] -- Installing: /home/robot/human_ws/install/myinterfaces/local/lib/python3.10/dist-packages/myinterfaces/myinterfaces_s__rosidl_typesupport_fastrtps_c.cpython-310-x86_64-linux-gnu.so
[3.844s] -- Set runtime path of "/home/robot/human_ws/install/myinterfaces/local/lib/python3.10/dist-packages/myinterfaces/myinterfaces_s__rosidl_typesupport_fastrtps_c.cpython-310-x86_64-linux-gnu.so" to ""
[3.844s] -- Installing: /home/robot/human_ws/install/myinterfaces/local/lib/python3.10/dist-packages/myinterfaces/myinterfaces_s__rosidl_typesupport_introspection_c.cpython-310-x86_64-linux-gnu.so
[3.844s] -- Set runtime path of "/home/robot/human_ws/install/myinterfaces/local/lib/python3.10/dist-packages/myinterfaces/myinterfaces_s__rosidl_typesupport_introspection_c.cpython-310-x86_64-linux-gnu.so" to ""
[3.844s] -- Installing: /home/robot/human_ws/install/myinterfaces/local/lib/python3.10/dist-packages/myinterfaces/myinterfaces_s__rosidl_typesupport_c.cpython-310-x86_64-linux-gnu.so
[3.844s] -- Set runtime path of "/home/robot/human_ws/install/myinterfaces/local/lib/python3.10/dist-packages/myinterfaces/myinterfaces_s__rosidl_typesupport_c.cpython-310-x86_64-linux-gnu.so" to ""
[3.844s] -- Installing: /home/robot/human_ws/install/myinterfaces/lib/libmyinterfaces__rosidl_generator_py.so
[3.844s] -- Set runtime path of "/home/robot/human_ws/install/myinterfaces/lib/libmyinterfaces__rosidl_generator_py.so" to ""
[3.845s] -- Installing: /home/robot/human_ws/install/myinterfaces/share/myinterfaces/srv/Humancoordinates.idl
[3.845s] -- Installing: /home/robot/human_ws/install/myinterfaces/share/myinterfaces/srv/Humancoordinates.srv
[3.845s] -- Installing: /home/robot/human_ws/install/myinterfaces/share/myinterfaces/srv/Humancoordinates_Request.msg
[3.845s] -- Installing: /home/robot/human_ws/install/myinterfaces/share/myinterfaces/srv/Humancoordinates_Response.msg
[3.845s] -- Installing: /home/robot/human_ws/install/myinterfaces/share/ament_index/resource_index/package_run_dependencies/myinterfaces
[3.845s] -- Installing: /home/robot/human_ws/install/myinterfaces/share/ament_index/resource_index/parent_prefix_path/myinterfaces
[3.845s] -- Installing: /home/robot/human_ws/install/myinterfaces/share/myinterfaces/environment/ament_prefix_path.sh
[3.845s] -- Installing: /home/robot/human_ws/install/myinterfaces/share/myinterfaces/environment/ament_prefix_path.dsv
[3.845s] -- Installing: /home/robot/human_ws/install/myinterfaces/share/myinterfaces/environment/path.sh
[3.845s] -- Installing: /home/robot/human_ws/install/myinterfaces/share/myinterfaces/environment/path.dsv
[3.845s] -- Installing: /home/robot/human_ws/install/myinterfaces/share/myinterfaces/local_setup.bash
[3.845s] -- Installing: /home/robot/human_ws/install/myinterfaces/share/myinterfaces/local_setup.sh
[3.845s] -- Installing: /home/robot/human_ws/install/myinterfaces/share/myinterfaces/local_setup.zsh
[3.845s] -- Installing: /home/robot/human_ws/install/myinterfaces/share/myinterfaces/local_setup.dsv
[3.845s] -- Installing: /home/robot/human_ws/install/myinterfaces/share/myinterfaces/package.dsv
[3.845s] -- Installing: /home/robot/human_ws/install/myinterfaces/share/ament_index/resource_index/packages/myinterfaces
[3.845s] -- Installing: /home/robot/human_ws/install/myinterfaces/share/myinterfaces/cmake/export_myinterfaces__rosidl_generator_cExport.cmake
[3.846s] -- Installing: /home/robot/human_ws/install/myinterfaces/share/myinterfaces/cmake/export_myinterfaces__rosidl_generator_cExport-noconfig.cmake
[3.846s] -- Installing: /home/robot/human_ws/install/myinterfaces/share/myinterfaces/cmake/export_myinterfaces__rosidl_typesupport_fastrtps_cExport.cmake
[3.846s] -- Installing: /home/robot/human_ws/install/myinterfaces/share/myinterfaces/cmake/export_myinterfaces__rosidl_typesupport_fastrtps_cExport-noconfig.cmake
[3.846s] -- Installing: /home/robot/human_ws/install/myinterfaces/share/myinterfaces/cmake/myinterfaces__rosidl_typesupport_introspection_cExport.cmake
[3.846s] -- Installing: /home/robot/human_ws/install/myinterfaces/share/myinterfaces/cmake/myinterfaces__rosidl_typesupport_introspection_cExport-noconfig.cmake
[3.846s] -- Installing: /home/robot/human_ws/install/myinterfaces/share/myinterfaces/cmake/myinterfaces__rosidl_typesupport_cExport.cmake
[3.846s] -- Installing: /home/robot/human_ws/install/myinterfaces/share/myinterfaces/cmake/myinterfaces__rosidl_typesupport_cExport-noconfig.cmake
[3.846s] -- Installing: /home/robot/human_ws/install/myinterfaces/share/myinterfaces/cmake/export_myinterfaces__rosidl_generator_cppExport.cmake
[3.846s] -- Installing: /home/robot/human_ws/install/myinterfaces/share/myinterfaces/cmake/export_myinterfaces__rosidl_typesupport_fastrtps_cppExport.cmake
[3.846s] -- Installing: /home/robot/human_ws/install/myinterfaces/share/myinterfaces/cmake/export_myinterfaces__rosidl_typesupport_fastrtps_cppExport-noconfig.cmake
[3.846s] -- Installing: /home/robot/human_ws/install/myinterfaces/share/myinterfaces/cmake/myinterfaces__rosidl_typesupport_introspection_cppExport.cmake
[3.846s] -- Installing: /home/robot/human_ws/install/myinterfaces/share/myinterfaces/cmake/myinterfaces__rosidl_typesupport_introspection_cppExport-noconfig.cmake
[3.846s] -- Installing: /home/robot/human_ws/install/myinterfaces/share/myinterfaces/cmake/myinterfaces__rosidl_typesupport_cppExport.cmake
[3.847s] -- Installing: /home/robot/human_ws/install/myinterfaces/share/myinterfaces/cmake/myinterfaces__rosidl_typesupport_cppExport-noconfig.cmake
[3.847s] -- Installing: /home/robot/human_ws/install/myinterfaces/share/myinterfaces/cmake/export_myinterfaces__rosidl_generator_pyExport.cmake
[3.847s] -- Installing: /home/robot/human_ws/install/myinterfaces/share/myinterfaces/cmake/export_myinterfaces__rosidl_generator_pyExport-noconfig.cmake
[3.847s] -- Installing: /home/robot/human_ws/install/myinterfaces/share/myinterfaces/cmake/rosidl_cmake-extras.cmake
[3.847s] -- Installing: /home/robot/human_ws/install/myinterfaces/share/myinterfaces/cmake/ament_cmake_export_dependencies-extras.cmake
[3.847s] -- Installing: /home/robot/human_ws/install/myinterfaces/share/myinterfaces/cmake/ament_cmake_export_include_directories-extras.cmake
[3.847s] -- Installing: /home/robot/human_ws/install/myinterfaces/share/myinterfaces/cmake/ament_cmake_export_libraries-extras.cmake
[3.847s] -- Installing: /home/robot/human_ws/install/myinterfaces/share/myinterfaces/cmake/ament_cmake_export_targets-extras.cmake
[3.847s] -- Installing: /home/robot/human_ws/install/myinterfaces/share/myinterfaces/cmake/rosidl_cmake_export_typesupport_targets-extras.cmake
[3.847s] -- Installing: /home/robot/human_ws/install/myinterfaces/share/myinterfaces/cmake/rosidl_cmake_export_typesupport_libraries-extras.cmake
[3.847s] -- Installing: /home/robot/human_ws/install/myinterfaces/share/myinterfaces/cmake/myinterfacesConfig.cmake
[3.847s] -- Installing: /home/robot/human_ws/install/myinterfaces/share/myinterfaces/cmake/myinterfacesConfig-version.cmake
[3.848s] -- Installing: /home/robot/human_ws/install/myinterfaces/share/myinterfaces/package.xml
[3.849s] Invoked command in '/home/robot/human_ws/build/myinterfaces' returned '0': CMAKE_PREFIX_PATH=${CMAKE_PREFIX_PATH}:/home/robot/human_ws/install/human:/opt/ros/humble /usr/bin/cmake --install /home/robot/human_ws/build/myinterfaces
