[0.920s] Invoking command in '/home/robot/human_ws/build/startup': CMAKE_PREFIX_PATH=${CMAKE_PREFIX_PATH}:/home/robot/robot_controller_release/ros2_packages/object_detect_track_node_py:/opt/ros/humble /usr/bin/cmake --build /home/robot/human_ws/build/startup -- -j16 -l16
[1.223s] Invoked command in '/home/robot/human_ws/build/startup' returned '0': CMAKE_PREFIX_PATH=${CMAKE_PREFIX_PATH}:/home/robot/robot_controller_release/ros2_packages/object_detect_track_node_py:/opt/ros/humble /usr/bin/cmake --build /home/robot/human_ws/build/startup -- -j16 -l16
[1.256s] Invoking command in '/home/robot/human_ws/build/startup': CMAKE_PREFIX_PATH=${CMAKE_PREFIX_PATH}:/home/robot/robot_controller_release/ros2_packages/object_detect_track_node_py:/opt/ros/humble /usr/bin/cmake --install /home/robot/human_ws/build/startup
[1.272s] -- Install configuration: ""
[1.272s] -- Up-to-date: /home/robot/human_ws/install/startup/share/startup/launch
[1.273s] -- Installing: /home/robot/human_ws/install/startup/share/startup/launch/start.launch.py
[1.273s] -- Up-to-date: /home/robot/human_ws/install/startup/share/ament_index/resource_index/package_run_dependencies/startup
[1.273s] -- Up-to-date: /home/robot/human_ws/install/startup/share/ament_index/resource_index/parent_prefix_path/startup
[1.273s] -- Up-to-date: /home/robot/human_ws/install/startup/share/startup/environment/ament_prefix_path.sh
[1.273s] -- Up-to-date: /home/robot/human_ws/install/startup/share/startup/environment/ament_prefix_path.dsv
[1.274s] -- Up-to-date: /home/robot/human_ws/install/startup/share/startup/environment/path.sh
[1.274s] -- Up-to-date: /home/robot/human_ws/install/startup/share/startup/environment/path.dsv
[1.274s] -- Up-to-date: /home/robot/human_ws/install/startup/share/startup/local_setup.bash
[1.275s] -- Up-to-date: /home/robot/human_ws/install/startup/share/startup/local_setup.sh
[1.275s] -- Up-to-date: /home/robot/human_ws/install/startup/share/startup/local_setup.zsh
[1.275s] -- Up-to-date: /home/robot/human_ws/install/startup/share/startup/local_setup.dsv
[1.275s] -- Up-to-date: /home/robot/human_ws/install/startup/share/startup/package.dsv
[1.276s] -- Up-to-date: /home/robot/human_ws/install/startup/share/ament_index/resource_index/packages/startup
[1.276s] -- Up-to-date: /home/robot/human_ws/install/startup/share/startup/cmake/startupConfig.cmake
[1.276s] -- Up-to-date: /home/robot/human_ws/install/startup/share/startup/cmake/startupConfig-version.cmake
[1.276s] -- Up-to-date: /home/robot/human_ws/install/startup/share/startup/package.xml
[1.312s] Invoked command in '/home/robot/human_ws/build/startup' returned '0': CMAKE_PREFIX_PATH=${CMAKE_PREFIX_PATH}:/home/robot/robot_controller_release/ros2_packages/object_detect_track_node_py:/opt/ros/humble /usr/bin/cmake --install /home/robot/human_ws/build/startup
