running egg_info
creating ../../build/human/human.egg-info
writing ../../build/human/human.egg-info/PKG-INFO
writing dependency_links to ../../build/human/human.egg-info/dependency_links.txt
writing entry points to ../../build/human/human.egg-info/entry_points.txt
writing requirements to ../../build/human/human.egg-info/requires.txt
writing top-level names to ../../build/human/human.egg-info/top_level.txt
writing manifest file '../../build/human/human.egg-info/SOURCES.txt'
reading manifest file '../../build/human/human.egg-info/SOURCES.txt'
writing manifest file '../../build/human/human.egg-info/SOURCES.txt'
running build
running build_py
creating /home/robot/human_ws/build/human/build
creating /home/robot/human_ws/build/human/build/lib
creating /home/robot/human_ws/build/human/build/lib/human
copying human/human_client_pcd.py -> /home/robot/human_ws/build/human/build/lib/human
copying human/__init__.py -> /home/robot/human_ws/build/human/build/lib/human
copying human/human_client.py -> /home/robot/human_ws/build/human/build/lib/human
copying human/human_detection.py -> /home/robot/human_ws/build/human/build/lib/human
copying human/human_detection_pcd.py -> /home/robot/human_ws/build/human/build/lib/human
creating /home/robot/human_ws/build/human/build/lib/human/models
copying human/models/tf.py -> /home/robot/human_ws/build/human/build/lib/human/models
copying human/models/__init__.py -> /home/robot/human_ws/build/human/build/lib/human/models
copying human/models/common.py -> /home/robot/human_ws/build/human/build/lib/human/models
copying human/models/experimental.py -> /home/robot/human_ws/build/human/build/lib/human/models
copying human/models/yolo.py -> /home/robot/human_ws/build/human/build/lib/human/models
creating /home/robot/human_ws/build/human/build/lib/human/utils
copying human/utils/plots.py -> /home/robot/human_ws/build/human/build/lib/human/utils
copying human/utils/loss.py -> /home/robot/human_ws/build/human/build/lib/human/utils
copying human/utils/metrics.py -> /home/robot/human_ws/build/human/build/lib/human/utils
copying human/utils/torch_utils.py -> /home/robot/human_ws/build/human/build/lib/human/utils
copying human/utils/callbacks.py -> /home/robot/human_ws/build/human/build/lib/human/utils
copying human/utils/__init__.py -> /home/robot/human_ws/build/human/build/lib/human/utils
copying human/utils/downloads.py -> /home/robot/human_ws/build/human/build/lib/human/utils
copying human/utils/datasets.py -> /home/robot/human_ws/build/human/build/lib/human/utils
copying human/utils/general.py -> /home/robot/human_ws/build/human/build/lib/human/utils
copying human/utils/activations.py -> /home/robot/human_ws/build/human/build/lib/human/utils
copying human/utils/autoanchor.py -> /home/robot/human_ws/build/human/build/lib/human/utils
copying human/utils/augmentations.py -> /home/robot/human_ws/build/human/build/lib/human/utils
creating /home/robot/human_ws/build/human/build/lib/human/utils/loggers
copying human/utils/loggers/__init__.py -> /home/robot/human_ws/build/human/build/lib/human/utils/loggers
creating /home/robot/human_ws/build/human/build/lib/human/utils/aws
copying human/utils/aws/__init__.py -> /home/robot/human_ws/build/human/build/lib/human/utils/aws
copying human/utils/aws/resume.py -> /home/robot/human_ws/build/human/build/lib/human/utils/aws
creating /home/robot/human_ws/build/human/build/lib/human/utils/loggers/wandb
copying human/utils/loggers/wandb/__init__.py -> /home/robot/human_ws/build/human/build/lib/human/utils/loggers/wandb
copying human/utils/loggers/wandb/log_dataset.py -> /home/robot/human_ws/build/human/build/lib/human/utils/loggers/wandb
copying human/utils/loggers/wandb/wandb_utils.py -> /home/robot/human_ws/build/human/build/lib/human/utils/loggers/wandb
copying human/utils/loggers/wandb/sweep.py -> /home/robot/human_ws/build/human/build/lib/human/utils/loggers/wandb
running install
running install_lib
running install_data
running install_egg_info
removing '/home/robot/human_ws/install/human/lib/python3.10/site-packages/human-0.0.0-py3.10.egg-info' (and everything under it)
Copying ../../build/human/human.egg-info to /home/robot/human_ws/install/human/lib/python3.10/site-packages/human-0.0.0-py3.10.egg-info
running install_scripts
Installing human_coordinate_client script to /home/robot/human_ws/install/human/lib/human
Installing human_coordinate_server script to /home/robot/human_ws/install/human/lib/human
writing list of installed files to '/home/robot/human_ws/build/human/install.log'
