[0.891s] Invoking command in '/home/robot/human_ws/build/startup': CMAKE_PREFIX_PATH=${CMAKE_PREFIX_PATH}:/home/robot/robot_controller_release/ros2_packages/object_detect_track_node_py:/opt/ros/humble /usr/bin/cmake /home/robot/human_ws/src/startup -DCMAKE_INSTALL_PREFIX=/home/robot/human_ws/install/startup
[1.092s] -- The C compiler identification is GNU 11.4.0
[1.243s] -- The CXX compiler identification is GNU 11.4.0
[1.271s] -- Detecting C compiler ABI info
[1.371s] -- Detecting C compiler ABI info - done
[1.381s] -- Check for working C compiler: /usr/bin/cc - skipped
[1.382s] -- Detecting C compile features
[1.383s] -- Detecting C compile features - done
[1.388s] -- Detecting CXX compiler ABI info
[1.485s] -- Detecting CXX compiler ABI info - done
[1.493s] -- Check for working CXX compiler: /usr/bin/c++ - skipped
[1.493s] -- Detecting CXX compile features
[1.493s] -- Detecting CXX compile features - done
[1.499s] -- Found ament_cmake: 1.3.10 (/opt/ros/humble/share/ament_cmake/cmake)
[1.696s] -- Found Python3: /usr/bin/python3 (found version "3.10.12") found components: Interpreter 
[1.832s] -- Found ament_lint_auto: 0.12.11 (/opt/ros/humble/share/ament_lint_auto/cmake)
[1.940s] -- Added test 'flake8' to check Python code syntax and style conventions
[1.940s] -- Added test 'lint_cmake' to check CMake code style
[1.941s] -- Added test 'pep257' to check Python code against some of the docstring style conventions in PEP 257
[1.943s] -- Added test 'xmllint' to check XML markup files
[1.944s] -- Configuring done
[1.948s] -- Generating done
[1.949s] -- Build files have been written to: /home/robot/human_ws/build/startup
[2.019s] Invoked command in '/home/robot/human_ws/build/startup' returned '0': CMAKE_PREFIX_PATH=${CMAKE_PREFIX_PATH}:/home/robot/robot_controller_release/ros2_packages/object_detect_track_node_py:/opt/ros/humble /usr/bin/cmake /home/robot/human_ws/src/startup -DCMAKE_INSTALL_PREFIX=/home/robot/human_ws/install/startup
[2.020s] Invoking command in '/home/robot/human_ws/build/startup': CMAKE_PREFIX_PATH=${CMAKE_PREFIX_PATH}:/home/robot/robot_controller_release/ros2_packages/object_detect_track_node_py:/opt/ros/humble /usr/bin/cmake --build /home/robot/human_ws/build/startup -- -j16 -l16
[2.078s] Invoked command in '/home/robot/human_ws/build/startup' returned '0': CMAKE_PREFIX_PATH=${CMAKE_PREFIX_PATH}:/home/robot/robot_controller_release/ros2_packages/object_detect_track_node_py:/opt/ros/humble /usr/bin/cmake --build /home/robot/human_ws/build/startup -- -j16 -l16
[2.104s] Invoking command in '/home/robot/human_ws/build/startup': CMAKE_PREFIX_PATH=${CMAKE_PREFIX_PATH}:/home/robot/robot_controller_release/ros2_packages/object_detect_track_node_py:/opt/ros/humble /usr/bin/cmake --install /home/robot/human_ws/build/startup
[2.114s] -- Install configuration: ""
[2.115s] -- Installing: /home/robot/human_ws/install/startup/share/startup/launch
[2.115s] -- Installing: /home/robot/human_ws/install/startup/share/startup/launch/start.launch.py
[2.115s] -- Installing: /home/robot/human_ws/install/startup/share/ament_index/resource_index/package_run_dependencies/startup
[2.115s] -- Installing: /home/robot/human_ws/install/startup/share/ament_index/resource_index/parent_prefix_path/startup
[2.115s] -- Installing: /home/robot/human_ws/install/startup/share/startup/environment/ament_prefix_path.sh
[2.116s] -- Installing: /home/robot/human_ws/install/startup/share/startup/environment/ament_prefix_path.dsv
[2.116s] -- Installing: /home/robot/human_ws/install/startup/share/startup/environment/path.sh
[2.116s] -- Installing: /home/robot/human_ws/install/startup/share/startup/environment/path.dsv
[2.116s] -- Installing: /home/robot/human_ws/install/startup/share/startup/local_setup.bash
[2.116s] -- Installing: /home/robot/human_ws/install/startup/share/startup/local_setup.sh
[2.116s] -- Installing: /home/robot/human_ws/install/startup/share/startup/local_setup.zsh
[2.117s] -- Installing: /home/robot/human_ws/install/startup/share/startup/local_setup.dsv
[2.117s] -- Installing: /home/robot/human_ws/install/startup/share/startup/package.dsv
[2.117s] -- Installing: /home/robot/human_ws/install/startup/share/ament_index/resource_index/packages/startup
[2.117s] -- Installing: /home/robot/human_ws/install/startup/share/startup/cmake/startupConfig.cmake
[2.117s] -- Installing: /home/robot/human_ws/install/startup/share/startup/cmake/startupConfig-version.cmake
[2.118s] -- Installing: /home/robot/human_ws/install/startup/share/startup/package.xml
[2.121s] Invoked command in '/home/robot/human_ws/build/startup' returned '0': CMAKE_PREFIX_PATH=${CMAKE_PREFIX_PATH}:/home/robot/robot_controller_release/ros2_packages/object_detect_track_node_py:/opt/ros/humble /usr/bin/cmake --install /home/robot/human_ws/build/startup
