[0.011s] Invoking command in '/home/robot/human_ws/build/myinterfaces': CMAKE_PREFIX_PATH=${CMAKE_PREFIX_PATH}:/home/robot/robot_controller_release/ros2_packages/object_detect_track_node_py:/opt/ros/humble /usr/bin/cmake --build /home/robot/human_ws/build/myinterfaces -- -j16 -l16
[0.086s] -- Found ament_cmake: 1.3.10 (/opt/ros/humble/share/ament_cmake/cmake)
[0.243s] -- Found rosidl_default_generators: 1.2.0 (/opt/ros/humble/share/rosidl_default_generators/cmake)
[0.248s] -- Using all available rosidl_typesupport_c: rosidl_typesupport_fastrtps_c;rosidl_typesupport_introspection_c
[0.255s] -- Found rosidl_adapter: 3.1.5 (/opt/ros/humble/share/rosidl_adapter/cmake)
[0.302s] -- Using all available rosidl_typesupport_cpp: rosidl_typesupport_fastrtps_cpp;rosidl_typesupport_introspection_cpp
[0.324s] -- Found geometry_msgs: 4.2.4 (/opt/ros/humble/share/geometry_msgs/cmake)
[0.356s] -- Found sensor_msgs: 4.2.4 (/opt/ros/humble/share/sensor_msgs/cmake)
[0.543s] [31mCMake Error at /opt/ros/humble/share/rosidl_adapter/cmake/rosidl_adapt_interfaces.cmake:59 (message):
[0.543s]   execute_process(/usr/bin/python3 -m rosidl_adapter --package-name
[0.543s]   myinterfaces --arguments-file
[0.543s]   /home/robot/human_ws/build/myinterfaces/rosidl_adapter__arguments__myinterfaces.json
[0.543s]   --output-dir
[0.543s]   /home/robot/human_ws/build/myinterfaces/rosidl_adapter/myinterfaces
[0.543s]   --output-file
[0.543s]   /home/robot/human_ws/build/myinterfaces/rosidl_adapter/myinterfaces.idls)
[0.543s]   returned error code 1:
[0.543s] 
[0.543s]   Traceback (most recent call last):
[0.543s] 
[0.543s]     File "/usr/lib/python3.10/runpy.py", line 196, in _run_module_as_main
[0.543s]       return _run_code(code, main_globals, None,
[0.543s]     File "/usr/lib/python3.10/runpy.py", line 86, in _run_code
[0.543s]       exec(code, run_globals)
[0.543s]     File "/opt/ros/humble/local/lib/python3.10/dist-packages/rosidl_adapter/__main__.py", line 19, in <module>
[0.543s]       sys.exit(main())
[0.543s]     File "/opt/ros/humble/local/lib/python3.10/dist-packages/rosidl_adapter/main.py", line 53, in main
[0.543s]       abs_idl_file = convert_to_idl(
[0.543s]     File "/opt/ros/humble/local/lib/python3.10/dist-packages/rosidl_adapter/__init__.py", line 24, in convert_to_idl
[0.543s]       return convert_srv_to_idl(
[0.544s]     File "/opt/ros/humble/local/lib/python3.10/dist-packages/rosidl_adapter/srv/__init__.py", line 28, in convert_srv_to_idl
[0.544s]       srv = parse_service_string(package_name, input_file.stem, content)
[0.544s]     File "/opt/ros/humble/local/lib/python3.10/dist-packages/rosidl_adapter/parser.py", line 859, in parse_service_string
[0.544s]       request_message = parse_message_string(
[0.544s]     File "/opt/ros/humble/local/lib/python3.10/dist-packages/rosidl_adapter/parser.py", line 544, in parse_message_string
[0.544s]       msg = MessageSpecification(pkg_name, msg_name, fields, constants)
[0.544s]     File "/opt/ros/humble/local/lib/python3.10/dist-packages/rosidl_adapter/parser.py", line 388, in __init__
[0.544s]       self.base_type = BaseType(
[0.544s]     File "/opt/ros/humble/local/lib/python3.10/dist-packages/rosidl_adapter/parser.py", line 205, in __init__
[0.544s]       raise InvalidResourceName(
[0.544s] 
[0.544s]   rosidl_adapter.parser.InvalidResourceName: 'tag_Request' is an invalid
[0.544s]   message name.  It should have the pattern '^[A-Z][A-Za-z0-9]*$'
[0.544s] 
[0.544s] Call Stack (most recent call first):
[0.544s]   /opt/ros/humble/share/rosidl_cmake/cmake/rosidl_generate_interfaces.cmake:130 (rosidl_adapt_interfaces)
[0.544s]   CMakeLists.txt:14 (rosidl_generate_interfaces)
[0.544s] 
[0.544s] [0m
[0.544s] -- Configuring incomplete, errors occurred!
[0.544s] See also "/home/robot/human_ws/build/myinterfaces/CMakeFiles/CMakeOutput.log".
[0.549s] gmake: *** [Makefile:1611: cmake_check_build_system] Error 1
[0.551s] Invoked command in '/home/robot/human_ws/build/myinterfaces' returned '2': CMAKE_PREFIX_PATH=${CMAKE_PREFIX_PATH}:/home/robot/robot_controller_release/ros2_packages/object_detect_track_node_py:/opt/ros/humble /usr/bin/cmake --build /home/robot/human_ws/build/myinterfaces -- -j16 -l16
