[0.760s] Invoking command in '/home/robot/human_ws/src/data': PYTHONPATH=/home/robot/human_ws/build/data/prefix_override:/usr/lib/python3/dist-packages/colcon_core/task/python/colcon_distutils_commands:/home/robot/human_ws/install/data/lib/python3.10/site-packages:${PYTHONPATH} /usr/bin/python3 -W ignore:setup.py install is deprecated setup.py egg_info --egg-base ../../build/data build --build-base /home/robot/human_ws/build/data/build install --record /home/robot/human_ws/build/data/install.log --single-version-externally-managed install_data
[1.012s] running egg_info
[1.014s] writing ../../build/data/data.egg-info/PKG-INFO
[1.014s] writing dependency_links to ../../build/data/data.egg-info/dependency_links.txt
[1.014s] writing entry points to ../../build/data/data.egg-info/entry_points.txt
[1.014s] writing requirements to ../../build/data/data.egg-info/requires.txt
[1.014s] writing top-level names to ../../build/data/data.egg-info/top_level.txt
[1.018s] reading manifest file '../../build/data/data.egg-info/SOURCES.txt'
[1.019s] writing manifest file '../../build/data/data.egg-info/SOURCES.txt'
[1.019s] running build
[1.019s] running build_py
[1.019s] copying data/data.py -> /home/robot/human_ws/build/data/build/lib/data
[1.019s] running install
[1.019s] running install_lib
[1.020s] copying /home/robot/human_ws/build/data/build/lib/data/data.py -> /home/robot/human_ws/install/data/lib/python3.10/site-packages/data
[1.020s] byte-compiling /home/robot/human_ws/install/data/lib/python3.10/site-packages/data/data.py to data.cpython-310.pyc
[1.021s] running install_data
[1.021s] running install_egg_info
[1.022s] removing '/home/robot/human_ws/install/data/lib/python3.10/site-packages/data-0.0.0-py3.10.egg-info' (and everything under it)
[1.022s] Copying ../../build/data/data.egg-info to /home/robot/human_ws/install/data/lib/python3.10/site-packages/data-0.0.0-py3.10.egg-info
[1.023s] running install_scripts
[1.039s] Installing data_node script to /home/robot/human_ws/install/data/lib/data
[1.040s] writing list of installed files to '/home/robot/human_ws/build/data/install.log'
[1.059s] Invoked command in '/home/robot/human_ws/src/data' returned '0': PYTHONPATH=/home/robot/human_ws/build/data/prefix_override:/usr/lib/python3/dist-packages/colcon_core/task/python/colcon_distutils_commands:/home/robot/human_ws/install/data/lib/python3.10/site-packages:${PYTHONPATH} /usr/bin/python3 -W ignore:setup.py install is deprecated setup.py egg_info --egg-base ../../build/data build --build-base /home/robot/human_ws/build/data/build install --record /home/robot/human_ws/build/data/install.log --single-version-externally-managed install_data
