[0.914s] Invoking command in '/home/robot/human_ws/src/locomotion': AMENT_PREFIX_PATH=/home/robot/human_ws/install/myinterfaces:${AMENT_PREFIX_PATH} CMAKE_PREFIX_PATH=/home/robot/human_ws/install/myinterfaces:${CMAKE_PREFIX_PATH} LD_LIBRARY_PATH=/home/robot/human_ws/install/myinterfaces/lib:${LD_LIBRARY_PATH} PYTHONPATH=/home/robot/human_ws/build/locomotion/prefix_override:/usr/lib/python3/dist-packages/colcon_core/task/python/colcon_distutils_commands:/home/robot/human_ws/install/locomotion/lib/python3.10/site-packages:/home/robot/human_ws/install/myinterfaces/local/lib/python3.10/dist-packages:${PYTHONPATH} /usr/bin/python3 -W ignore:setup.py install is deprecated setup.py egg_info --egg-base ../../build/locomotion build --build-base /home/robot/human_ws/build/locomotion/build install --record /home/robot/human_ws/build/locomotion/install.log --single-version-externally-managed install_data
[1.118s] running egg_info
[1.118s] creating ../../build/locomotion/locomotion.egg-info
[1.118s] writing ../../build/locomotion/locomotion.egg-info/PKG-INFO
[1.118s] writing dependency_links to ../../build/locomotion/locomotion.egg-info/dependency_links.txt
[1.118s] writing entry points to ../../build/locomotion/locomotion.egg-info/entry_points.txt
[1.119s] writing requirements to ../../build/locomotion/locomotion.egg-info/requires.txt
[1.119s] writing top-level names to ../../build/locomotion/locomotion.egg-info/top_level.txt
[1.119s] writing manifest file '../../build/locomotion/locomotion.egg-info/SOURCES.txt'
[1.120s] reading manifest file '../../build/locomotion/locomotion.egg-info/SOURCES.txt'
[1.120s] writing manifest file '../../build/locomotion/locomotion.egg-info/SOURCES.txt'
[1.120s] running build
[1.120s] running build_py
[1.120s] creating /home/robot/human_ws/build/locomotion/build
[1.120s] creating /home/robot/human_ws/build/locomotion/build/lib
[1.120s] creating /home/robot/human_ws/build/locomotion/build/lib/locomotion
[1.120s] copying locomotion/__init__.py -> /home/robot/human_ws/build/locomotion/build/lib/locomotion
[1.120s] copying locomotion/locomotion.py -> /home/robot/human_ws/build/locomotion/build/lib/locomotion
[1.120s] running install
[1.121s] running install_lib
[1.121s] creating /home/robot/human_ws/install/locomotion/lib/python3.10/site-packages/locomotion
[1.121s] copying /home/robot/human_ws/build/locomotion/build/lib/locomotion/__init__.py -> /home/robot/human_ws/install/locomotion/lib/python3.10/site-packages/locomotion
[1.121s] copying /home/robot/human_ws/build/locomotion/build/lib/locomotion/locomotion.py -> /home/robot/human_ws/install/locomotion/lib/python3.10/site-packages/locomotion
[1.121s] byte-compiling /home/robot/human_ws/install/locomotion/lib/python3.10/site-packages/locomotion/__init__.py to __init__.cpython-310.pyc
[1.122s] byte-compiling /home/robot/human_ws/install/locomotion/lib/python3.10/site-packages/locomotion/locomotion.py to locomotion.cpython-310.pyc
[1.123s] running install_data
[1.123s] creating /home/robot/human_ws/install/locomotion/share/ament_index
[1.123s] creating /home/robot/human_ws/install/locomotion/share/ament_index/resource_index
[1.123s] creating /home/robot/human_ws/install/locomotion/share/ament_index/resource_index/packages
[1.123s] copying resource/locomotion -> /home/robot/human_ws/install/locomotion/share/ament_index/resource_index/packages
[1.123s] copying package.xml -> /home/robot/human_ws/install/locomotion/share/locomotion
[1.123s] running install_egg_info
[1.124s] Copying ../../build/locomotion/locomotion.egg-info to /home/robot/human_ws/install/locomotion/lib/python3.10/site-packages/locomotion-0.0.0-py3.10.egg-info
[1.124s] running install_scripts
[1.137s] Installing locomotion script to /home/robot/human_ws/install/locomotion/lib/locomotion
[1.137s] writing list of installed files to '/home/robot/human_ws/build/locomotion/install.log'
[1.166s] Invoked command in '/home/robot/human_ws/src/locomotion' returned '0': AMENT_PREFIX_PATH=/home/robot/human_ws/install/myinterfaces:${AMENT_PREFIX_PATH} CMAKE_PREFIX_PATH=/home/robot/human_ws/install/myinterfaces:${CMAKE_PREFIX_PATH} LD_LIBRARY_PATH=/home/robot/human_ws/install/myinterfaces/lib:${LD_LIBRARY_PATH} PYTHONPATH=/home/robot/human_ws/build/locomotion/prefix_override:/usr/lib/python3/dist-packages/colcon_core/task/python/colcon_distutils_commands:/home/robot/human_ws/install/locomotion/lib/python3.10/site-packages:/home/robot/human_ws/install/myinterfaces/local/lib/python3.10/dist-packages:${PYTHONPATH} /usr/bin/python3 -W ignore:setup.py install is deprecated setup.py egg_info --egg-base ../../build/locomotion build --build-base /home/robot/human_ws/build/locomotion/build install --record /home/robot/human_ws/build/locomotion/install.log --single-version-externally-managed install_data
