[4.744s] Invoking command in '/home/robot/human_ws/src/listen': PYTHONPATH=/home/robot/human_ws/build/listen/prefix_override:/usr/lib/python3/dist-packages/colcon_core/task/python/colcon_distutils_commands:/home/robot/human_ws/install/listen/lib/python3.10/site-packages:${PYTHONPATH} /usr/bin/python3 -W ignore:setup.py install is deprecated setup.py egg_info --egg-base ../../build/listen build --build-base /home/robot/human_ws/build/listen/build install --record /home/robot/human_ws/build/listen/install.log --single-version-externally-managed install_data
[5.260s] running egg_info
[5.262s] writing ../../build/listen/listen.egg-info/PKG-INFO
[5.262s] writing dependency_links to ../../build/listen/listen.egg-info/dependency_links.txt
[5.262s] writing entry points to ../../build/listen/listen.egg-info/entry_points.txt
[5.262s] writing requirements to ../../build/listen/listen.egg-info/requires.txt
[5.263s] writing top-level names to ../../build/listen/listen.egg-info/top_level.txt
[5.269s] reading manifest file '../../build/listen/listen.egg-info/SOURCES.txt'
[5.271s] writing manifest file '../../build/listen/listen.egg-info/SOURCES.txt'
[5.272s] running build
[5.273s] running build_py
[5.273s] running install
[5.275s] running install_lib
[5.278s] running install_data
[5.280s] running install_egg_info
[5.283s] removing '/home/robot/human_ws/install/listen/lib/python3.10/site-packages/listen-0.0.0-py3.10.egg-info' (and everything under it)
[5.291s] Copying ../../build/listen/listen.egg-info to /home/robot/human_ws/install/listen/lib/python3.10/site-packages/listen-0.0.0-py3.10.egg-info
[5.301s] running install_scripts
[5.353s] Installing listen_node script to /home/robot/human_ws/install/listen/lib/listen
[5.353s] writing list of installed files to '/home/robot/human_ws/build/listen/install.log'
[5.418s] Invoked command in '/home/robot/human_ws/src/listen' returned '0': PYTHONPATH=/home/robot/human_ws/build/listen/prefix_override:/usr/lib/python3/dist-packages/colcon_core/task/python/colcon_distutils_commands:/home/robot/human_ws/install/listen/lib/python3.10/site-packages:${PYTHONPATH} /usr/bin/python3 -W ignore:setup.py install is deprecated setup.py egg_info --egg-base ../../build/listen build --build-base /home/robot/human_ws/build/listen/build install --record /home/robot/human_ws/build/listen/install.log --single-version-externally-managed install_data
