[0.009s] Invoking command in '/home/robot/human_ws/build/apriltag_ros': CMAKE_PREFIX_PATH=${CMAKE_PREFIX_PATH}:/home/robot/robot_controller_release/ros2_packages/object_detect_track_node_py:/opt/ros/humble /usr/bin/cmake /home/robot/human_ws/src/apriltag_ros -DCMAKE_INSTALL_PREFIX=/home/robot/human_ws/install/apriltag_ros
[0.204s] -- The C compiler identification is GNU 11.4.0
[0.359s] -- The CXX compiler identification is GNU 11.4.0
[0.369s] -- Detecting C compiler ABI info
[0.476s] -- Detecting C compiler ABI info - done
[0.482s] -- Check for working C compiler: /usr/bin/cc - skipped
[0.482s] -- Detecting C compile features
[0.483s] -- Detecting C compile features - done
[0.486s] -- Detecting CXX compiler ABI info
[0.597s] -- Detecting CXX compiler ABI info - done
[0.602s] -- Check for working CXX compiler: /usr/bin/c++ - skipped
[0.602s] -- Detecting CXX compile features
[0.603s] -- Detecting CXX compile features - done
[0.609s] -- Found rclcpp: 16.0.10 (/opt/ros/humble/share/rclcpp/cmake)
[0.751s] -- Found Python3: /usr/bin/python3 (found version "3.10.12") found components: Interpreter 
[0.901s] -- Found rosidl_generator_c: 3.1.5 (/opt/ros/humble/share/rosidl_generator_c/cmake)
[0.906s] -- Found rosidl_adapter: 3.1.5 (/opt/ros/humble/share/rosidl_adapter/cmake)
[0.916s] -- Found rosidl_generator_cpp: 3.1.5 (/opt/ros/humble/share/rosidl_generator_cpp/cmake)
[0.928s] -- Using all available rosidl_typesupport_c: rosidl_typesupport_fastrtps_c;rosidl_typesupport_introspection_c
[0.943s] -- Using all available rosidl_typesupport_cpp: rosidl_typesupport_fastrtps_cpp;rosidl_typesupport_introspection_cpp
[0.986s] -- Found rmw_implementation_cmake: 6.1.2 (/opt/ros/humble/share/rmw_implementation_cmake/cmake)
[0.989s] -- Found rmw_fastrtps_cpp: 6.2.7 (/opt/ros/humble/share/rmw_fastrtps_cpp/cmake)
[1.100s] -- Found OpenSSL: /usr/lib/x86_64-linux-gnu/libcrypto.so (found version "3.0.2")  
[1.131s] -- Found FastRTPS: /opt/ros/humble/include  
[1.165s] -- Using RMW implementation 'rmw_fastrtps_cpp' as default
[1.181s] -- Looking for pthread.h
[1.290s] -- Looking for pthread.h - found
[1.290s] -- Performing Test CMAKE_HAVE_LIBC_PTHREAD
[1.398s] -- Performing Test CMAKE_HAVE_LIBC_PTHREAD - Success
[1.399s] -- Found Threads: TRUE  
[1.453s] -- Found rclcpp_components: 16.0.10 (/opt/ros/humble/share/rclcpp_components/cmake)
[1.479s] -- Found sensor_msgs: 4.2.4 (/opt/ros/humble/share/sensor_msgs/cmake)
[1.506s] -- Found apriltag_msgs: 2.0.1 (/opt/ros/humble/share/apriltag_msgs/cmake)
[1.517s] -- Found tf2_ros: 0.25.8 (/opt/ros/humble/share/tf2_ros/cmake)
[1.580s] -- Found image_transport: 3.1.9 (/opt/ros/humble/share/image_transport/cmake)
[1.597s] -- Found cv_bridge: 3.2.1 (/opt/ros/humble/share/cv_bridge/cmake)
[1.612s] -- Found OpenCV: /usr (found version "4.5.4") found components: core calib3d 
[1.622s] -- Found ament_lint_auto: 0.12.11 (/opt/ros/humble/share/ament_lint_auto/cmake)
[1.680s] -- Added test 'cppcheck' to perform static code analysis on C / C++ code
[1.680s] -- Configured cppcheck include dirs: 
[1.680s] -- Configured cppcheck exclude dirs and/or files: 
[1.681s] -- Configuring done
[1.694s] -- Generating done
[1.696s] -- Build files have been written to: /home/robot/human_ws/build/apriltag_ros
[1.703s] Invoked command in '/home/robot/human_ws/build/apriltag_ros' returned '0': CMAKE_PREFIX_PATH=${CMAKE_PREFIX_PATH}:/home/robot/robot_controller_release/ros2_packages/object_detect_track_node_py:/opt/ros/humble /usr/bin/cmake /home/robot/human_ws/src/apriltag_ros -DCMAKE_INSTALL_PREFIX=/home/robot/human_ws/install/apriltag_ros
[1.705s] Invoking command in '/home/robot/human_ws/build/apriltag_ros': CMAKE_PREFIX_PATH=${CMAKE_PREFIX_PATH}:/home/robot/robot_controller_release/ros2_packages/object_detect_track_node_py:/opt/ros/humble /usr/bin/cmake --build /home/robot/human_ws/build/apriltag_ros -- -j16 -l16
[1.761s] [ 10%] [32mBuilding CXX object CMakeFiles/apriltag_node.dir/rclcpp_components/node_main_apriltag_node.cpp.o[0m
[1.761s] [ 20%] [32mBuilding CXX object CMakeFiles/conversion.dir/src/conversion.cpp.o[0m
[1.762s] [ 30%] [32mBuilding CXX object CMakeFiles/tags.dir/src/tag_functions.cpp.o[0m
[2.171s] [ 40%] [32m[1mLinking CXX static library libtags.a[0m
[2.588s] [ 40%] Built target tags
[3.031s] [ 50%] [32m[1mLinking CXX static library libconversion.a[0m
[3.091s] [ 50%] Built target conversion
[3.112s] [ 60%] [32mBuilding CXX object CMakeFiles/pose_estimation.dir/src/pose_estimation.cpp.o[0m
[4.148s] [ 70%] [32m[1mLinking CXX static library libpose_estimation.a[0m
[4.205s] [ 80%] [32m[1mLinking CXX executable apriltag_node[0m
[4.212s] [ 80%] Built target pose_estimation
[4.237s] [ 90%] [32mBuilding CXX object CMakeFiles/AprilTagNode.dir/src/AprilTagNode.cpp.o[0m
[4.321s] [ 90%] Built target apriltag_node
[8.301s] [100%] [32m[1mLinking CXX shared library libAprilTagNode.so[0m
[8.549s] [100%] Built target AprilTagNode
[8.562s] Invoked command in '/home/robot/human_ws/build/apriltag_ros' returned '0': CMAKE_PREFIX_PATH=${CMAKE_PREFIX_PATH}:/home/robot/robot_controller_release/ros2_packages/object_detect_track_node_py:/opt/ros/humble /usr/bin/cmake --build /home/robot/human_ws/build/apriltag_ros -- -j16 -l16
[8.634s] Invoking command in '/home/robot/human_ws/build/apriltag_ros': CMAKE_PREFIX_PATH=${CMAKE_PREFIX_PATH}:/home/robot/robot_controller_release/ros2_packages/object_detect_track_node_py:/opt/ros/humble /usr/bin/cmake --install /home/robot/human_ws/build/apriltag_ros
[8.647s] -- Install configuration: ""
[8.648s] -- Installing: /home/robot/human_ws/install/apriltag_ros/lib/apriltag_ros/apriltag_node
[8.648s] -- Set runtime path of "/home/robot/human_ws/install/apriltag_ros/lib/apriltag_ros/apriltag_node" to ""
[8.648s] -- Installing: /home/robot/human_ws/install/apriltag_ros/share/apriltag_ros/environment/library_path.sh
[8.648s] -- Installing: /home/robot/human_ws/install/apriltag_ros/share/apriltag_ros/environment/library_path.dsv
[8.648s] -- Installing: /home/robot/human_ws/install/apriltag_ros/lib/libAprilTagNode.so
[8.651s] -- Set runtime path of "/home/robot/human_ws/install/apriltag_ros/lib/libAprilTagNode.so" to ""
[8.652s] -- Installing: /home/robot/human_ws/install/apriltag_ros/share/apriltag_ros/cfg
[8.652s] -- Installing: /home/robot/human_ws/install/apriltag_ros/share/apriltag_ros/cfg/tags_36h11.yaml
[8.652s] -- Installing: /home/robot/human_ws/install/apriltag_ros/share/apriltag_ros/launch
[8.652s] -- Installing: /home/robot/human_ws/install/apriltag_ros/share/apriltag_ros/launch/v4l2_36h11.launch.yml
[8.652s] -- Installing: /home/robot/human_ws/install/apriltag_ros/share/ament_index/resource_index/package_run_dependencies/apriltag_ros
[8.652s] -- Installing: /home/robot/human_ws/install/apriltag_ros/share/ament_index/resource_index/parent_prefix_path/apriltag_ros
[8.653s] -- Installing: /home/robot/human_ws/install/apriltag_ros/share/apriltag_ros/environment/ament_prefix_path.sh
[8.653s] -- Installing: /home/robot/human_ws/install/apriltag_ros/share/apriltag_ros/environment/ament_prefix_path.dsv
[8.653s] -- Installing: /home/robot/human_ws/install/apriltag_ros/share/apriltag_ros/environment/path.sh
[8.653s] -- Installing: /home/robot/human_ws/install/apriltag_ros/share/apriltag_ros/environment/path.dsv
[8.653s] -- Installing: /home/robot/human_ws/install/apriltag_ros/share/apriltag_ros/local_setup.bash
[8.653s] -- Installing: /home/robot/human_ws/install/apriltag_ros/share/apriltag_ros/local_setup.sh
[8.653s] -- Installing: /home/robot/human_ws/install/apriltag_ros/share/apriltag_ros/local_setup.zsh
[8.654s] -- Installing: /home/robot/human_ws/install/apriltag_ros/share/apriltag_ros/local_setup.dsv
[8.654s] -- Installing: /home/robot/human_ws/install/apriltag_ros/share/apriltag_ros/package.dsv
[8.654s] -- Installing: /home/robot/human_ws/install/apriltag_ros/share/ament_index/resource_index/packages/apriltag_ros
[8.654s] -- Installing: /home/robot/human_ws/install/apriltag_ros/share/ament_index/resource_index/rclcpp_components/apriltag_ros
[8.654s] -- Installing: /home/robot/human_ws/install/apriltag_ros/share/apriltag_ros/cmake/apriltag_rosConfig.cmake
[8.654s] -- Installing: /home/robot/human_ws/install/apriltag_ros/share/apriltag_ros/cmake/apriltag_rosConfig-version.cmake
[8.654s] -- Installing: /home/robot/human_ws/install/apriltag_ros/share/apriltag_ros/package.xml
[8.656s] Invoked command in '/home/robot/human_ws/build/apriltag_ros' returned '0': CMAKE_PREFIX_PATH=${CMAKE_PREFIX_PATH}:/home/robot/robot_controller_release/ros2_packages/object_detect_track_node_py:/opt/ros/humble /usr/bin/cmake --install /home/robot/human_ws/build/apriltag_ros
