[0.794s] Invoking command in '/home/robot/human_ws/src/follow': PYTHONPATH=/home/robot/human_ws/build/follow/prefix_override:/usr/lib/python3/dist-packages/colcon_core/task/python/colcon_distutils_commands:/home/robot/human_ws/install/follow/lib/python3.10/site-packages:${PYTHONPATH} /usr/bin/python3 -W ignore:setup.py install is deprecated setup.py egg_info --egg-base ../../build/follow build --build-base /home/robot/human_ws/build/follow/build install --record /home/robot/human_ws/build/follow/install.log --single-version-externally-managed install_data
[1.006s] running egg_info
[1.007s] writing ../../build/follow/follow.egg-info/PKG-INFO
[1.007s] writing dependency_links to ../../build/follow/follow.egg-info/dependency_links.txt
[1.007s] writing entry points to ../../build/follow/follow.egg-info/entry_points.txt
[1.007s] writing requirements to ../../build/follow/follow.egg-info/requires.txt
[1.007s] writing top-level names to ../../build/follow/follow.egg-info/top_level.txt
[1.009s] reading manifest file '../../build/follow/follow.egg-info/SOURCES.txt'
[1.010s] writing manifest file '../../build/follow/follow.egg-info/SOURCES.txt'
[1.011s] running build
[1.011s] running build_py
[1.011s] copying follow/rotate_human_server.py -> /home/robot/human_ws/build/follow/build/lib/follow
[1.011s] copying follow/tag_client.py -> /home/robot/human_ws/build/follow/build/lib/follow
[1.011s] copying follow/head_server.py -> /home/robot/human_ws/build/follow/build/lib/follow
[1.011s] copying follow/head_client.py -> /home/robot/human_ws/build/follow/build/lib/follow
[1.012s] copying follow/tag_server.py -> /home/robot/human_ws/build/follow/build/lib/follow
[1.013s] running install
[1.013s] running install_lib
[1.014s] copying /home/robot/human_ws/build/follow/build/lib/follow/rotate_human_server.py -> /home/robot/human_ws/install/follow/lib/python3.10/site-packages/follow
[1.014s] copying /home/robot/human_ws/build/follow/build/lib/follow/tag_client.py -> /home/robot/human_ws/install/follow/lib/python3.10/site-packages/follow
[1.014s] copying /home/robot/human_ws/build/follow/build/lib/follow/head_server.py -> /home/robot/human_ws/install/follow/lib/python3.10/site-packages/follow
[1.014s] copying /home/robot/human_ws/build/follow/build/lib/follow/head_client.py -> /home/robot/human_ws/install/follow/lib/python3.10/site-packages/follow
[1.014s] copying /home/robot/human_ws/build/follow/build/lib/follow/tag_server.py -> /home/robot/human_ws/install/follow/lib/python3.10/site-packages/follow
[1.015s] byte-compiling /home/robot/human_ws/install/follow/lib/python3.10/site-packages/follow/rotate_human_server.py to rotate_human_server.cpython-310.pyc
[1.015s] byte-compiling /home/robot/human_ws/install/follow/lib/python3.10/site-packages/follow/tag_client.py to tag_client.cpython-310.pyc
[1.016s] byte-compiling /home/robot/human_ws/install/follow/lib/python3.10/site-packages/follow/head_server.py to head_server.cpython-310.pyc
[1.016s] byte-compiling /home/robot/human_ws/install/follow/lib/python3.10/site-packages/follow/head_client.py to head_client.cpython-310.pyc
[1.016s] byte-compiling /home/robot/human_ws/install/follow/lib/python3.10/site-packages/follow/tag_server.py to tag_server.cpython-310.pyc
[1.018s] running install_data
[1.018s] running install_egg_info
[1.019s] removing '/home/robot/human_ws/install/follow/lib/python3.10/site-packages/follow-0.0.0-py3.10.egg-info' (and everything under it)
[1.019s] Copying ../../build/follow/follow.egg-info to /home/robot/human_ws/install/follow/lib/python3.10/site-packages/follow-0.0.0-py3.10.egg-info
[1.021s] running install_scripts
[1.035s] Installing robot_head_controller script to /home/robot/human_ws/install/follow/lib/follow
[1.036s] Installing rotate_human_node script to /home/robot/human_ws/install/follow/lib/follow
[1.036s] Installing tag_server script to /home/robot/human_ws/install/follow/lib/follow
[1.036s] writing list of installed files to '/home/robot/human_ws/build/follow/install.log'
[1.055s] Invoked command in '/home/robot/human_ws/src/follow' returned '0': PYTHONPATH=/home/robot/human_ws/build/follow/prefix_override:/usr/lib/python3/dist-packages/colcon_core/task/python/colcon_distutils_commands:/home/robot/human_ws/install/follow/lib/python3.10/site-packages:${PYTHONPATH} /usr/bin/python3 -W ignore:setup.py install is deprecated setup.py egg_info --egg-base ../../build/follow build --build-base /home/robot/human_ws/build/follow/build install --record /home/robot/human_ws/build/follow/install.log --single-version-externally-managed install_data
