[0.110s] Invoking command in '/home/robot/human_ws/build/depthimage_to_laserscan': CMAKE_PREFIX_PATH=${CMAKE_PREFIX_PATH}:/home/robot/human_ws/install/rotate:/home/robot/human_ws/install/locomotion:/home/robot/human_ws/install/human:/home/robot/human_ws/install/listen:/home/robot/human_ws/install/image:/home/robot/human_ws/install/follow:/home/robot/robot_controller_release/ros2_packages/object_detect_track_node_py:/opt/ros/humble /usr/bin/cmake --build /home/robot/human_ws/build/depthimage_to_laserscan -- -j16 -l16
[2.268s] [ 16%] Built target gtest_main
[2.268s] [ 33%] Built target DepthImageToLaserScan
[2.269s] [ 50%] Built target gtest
[2.269s] [ 66%] Built target depthimage_to_laserscan-test
[2.269s] [ 83%] Built target DepthImageToLaserScanROS
[2.269s] [100%] Built target depthimage_to_laserscan_node
[2.869s] Invoked command in '/home/robot/human_ws/build/depthimage_to_laserscan' returned '0': CMAKE_PREFIX_PATH=${CMAKE_PREFIX_PATH}:/home/robot/human_ws/install/rotate:/home/robot/human_ws/install/locomotion:/home/robot/human_ws/install/human:/home/robot/human_ws/install/listen:/home/robot/human_ws/install/image:/home/robot/human_ws/install/follow:/home/robot/robot_controller_release/ros2_packages/object_detect_track_node_py:/opt/ros/humble /usr/bin/cmake --build /home/robot/human_ws/build/depthimage_to_laserscan -- -j16 -l16
[3.003s] Invoking command in '/home/robot/human_ws/build/depthimage_to_laserscan': CMAKE_PREFIX_PATH=${CMAKE_PREFIX_PATH}:/home/robot/human_ws/install/rotate:/home/robot/human_ws/install/locomotion:/home/robot/human_ws/install/human:/home/robot/human_ws/install/listen:/home/robot/human_ws/install/image:/home/robot/human_ws/install/follow:/home/robot/robot_controller_release/ros2_packages/object_detect_track_node_py:/opt/ros/humble /usr/bin/cmake --install /home/robot/human_ws/build/depthimage_to_laserscan
[3.021s] -- Install configuration: ""
[3.024s] -- Up-to-date: /home/robot/human_ws/install/depthimage_to_laserscan/include/depthimage_to_laserscan
[3.024s] -- Up-to-date: /home/robot/human_ws/install/depthimage_to_laserscan/include/depthimage_to_laserscan/depthimage_to_laserscan
[3.024s] -- Up-to-date: /home/robot/human_ws/install/depthimage_to_laserscan/include/depthimage_to_laserscan/depthimage_to_laserscan/DepthImageToLaserScanROS.hpp
[3.024s] -- Up-to-date: /home/robot/human_ws/install/depthimage_to_laserscan/include/depthimage_to_laserscan/depthimage_to_laserscan/DepthImageToLaserScan.hpp
[3.024s] -- Up-to-date: /home/robot/human_ws/install/depthimage_to_laserscan/include/depthimage_to_laserscan/depthimage_to_laserscan/depth_traits.hpp
[3.024s] -- Up-to-date: /home/robot/human_ws/install/depthimage_to_laserscan/share/depthimage_to_laserscan//launch
[3.024s] -- Up-to-date: /home/robot/human_ws/install/depthimage_to_laserscan/share/depthimage_to_laserscan//launch/depthimage_to_laserscan-launch.py
[3.024s] -- Up-to-date: /home/robot/human_ws/install/depthimage_to_laserscan/share/depthimage_to_laserscan//launch/depthimage_to_laserscan_composed-launch.py
[3.024s] -- Up-to-date: /home/robot/human_ws/install/depthimage_to_laserscan/share/depthimage_to_laserscan//cfg
[3.025s] -- Up-to-date: /home/robot/human_ws/install/depthimage_to_laserscan/share/depthimage_to_laserscan//cfg/param.yaml
[3.025s] -- Up-to-date: /home/robot/human_ws/install/depthimage_to_laserscan/lib/libDepthImageToLaserScan.so
[3.031s] -- Up-to-date: /home/robot/human_ws/install/depthimage_to_laserscan/lib/libDepthImageToLaserScanROS.so
[3.031s] -- Up-to-date: /home/robot/human_ws/install/depthimage_to_laserscan/lib/depthimage_to_laserscan/depthimage_to_laserscan_node
[3.031s] -- Up-to-date: /home/robot/human_ws/install/depthimage_to_laserscan/include/depthimage_to_laserscan/depthimage_to_laserscan/DepthImageToLaserScan_export.h
[3.031s] -- Up-to-date: /home/robot/human_ws/install/depthimage_to_laserscan/include/depthimage_to_laserscan/depthimage_to_laserscan/DepthImageToLaserScanROS_export.h
[3.031s] -- Up-to-date: /home/robot/human_ws/install/depthimage_to_laserscan/share/depthimage_to_laserscan/environment/library_path.sh
[3.031s] -- Up-to-date: /home/robot/human_ws/install/depthimage_to_laserscan/share/depthimage_to_laserscan/environment/library_path.dsv
[3.031s] -- Up-to-date: /home/robot/human_ws/install/depthimage_to_laserscan/share/ament_index/resource_index/package_run_dependencies/depthimage_to_laserscan
[3.031s] -- Up-to-date: /home/robot/human_ws/install/depthimage_to_laserscan/share/ament_index/resource_index/parent_prefix_path/depthimage_to_laserscan
[3.031s] -- Up-to-date: /home/robot/human_ws/install/depthimage_to_laserscan/share/depthimage_to_laserscan/environment/ament_prefix_path.sh
[3.032s] -- Up-to-date: /home/robot/human_ws/install/depthimage_to_laserscan/share/depthimage_to_laserscan/environment/ament_prefix_path.dsv
[3.032s] -- Up-to-date: /home/robot/human_ws/install/depthimage_to_laserscan/share/depthimage_to_laserscan/environment/path.sh
[3.032s] -- Up-to-date: /home/robot/human_ws/install/depthimage_to_laserscan/share/depthimage_to_laserscan/environment/path.dsv
[3.032s] -- Up-to-date: /home/robot/human_ws/install/depthimage_to_laserscan/share/depthimage_to_laserscan/local_setup.bash
[3.032s] -- Up-to-date: /home/robot/human_ws/install/depthimage_to_laserscan/share/depthimage_to_laserscan/local_setup.sh
[3.032s] -- Up-to-date: /home/robot/human_ws/install/depthimage_to_laserscan/share/depthimage_to_laserscan/local_setup.zsh
[3.032s] -- Up-to-date: /home/robot/human_ws/install/depthimage_to_laserscan/share/depthimage_to_laserscan/local_setup.dsv
[3.032s] -- Installing: /home/robot/human_ws/install/depthimage_to_laserscan/share/depthimage_to_laserscan/package.dsv
[3.032s] -- Up-to-date: /home/robot/human_ws/install/depthimage_to_laserscan/share/ament_index/resource_index/packages/depthimage_to_laserscan
[3.032s] -- Up-to-date: /home/robot/human_ws/install/depthimage_to_laserscan/share/ament_index/resource_index/rclcpp_components/depthimage_to_laserscan
[3.032s] -- Up-to-date: /home/robot/human_ws/install/depthimage_to_laserscan/share/depthimage_to_laserscan/cmake/export_depthimage_to_laserscanExport.cmake
[3.032s] -- Up-to-date: /home/robot/human_ws/install/depthimage_to_laserscan/share/depthimage_to_laserscan/cmake/export_depthimage_to_laserscanExport-noconfig.cmake
[3.032s] -- Up-to-date: /home/robot/human_ws/install/depthimage_to_laserscan/share/depthimage_to_laserscan/cmake/ament_cmake_export_include_directories-extras.cmake
[3.032s] -- Up-to-date: /home/robot/human_ws/install/depthimage_to_laserscan/share/depthimage_to_laserscan/cmake/ament_cmake_export_libraries-extras.cmake
[3.032s] -- Up-to-date: /home/robot/human_ws/install/depthimage_to_laserscan/share/depthimage_to_laserscan/cmake/ament_cmake_export_targets-extras.cmake
[3.032s] -- Up-to-date: /home/robot/human_ws/install/depthimage_to_laserscan/share/depthimage_to_laserscan/cmake/ament_cmake_export_dependencies-extras.cmake
[3.033s] -- Up-to-date: /home/robot/human_ws/install/depthimage_to_laserscan/share/depthimage_to_laserscan/cmake/depthimage_to_laserscanConfig.cmake
[3.033s] -- Up-to-date: /home/robot/human_ws/install/depthimage_to_laserscan/share/depthimage_to_laserscan/cmake/depthimage_to_laserscanConfig-version.cmake
[3.033s] -- Up-to-date: /home/robot/human_ws/install/depthimage_to_laserscan/share/depthimage_to_laserscan/package.xml
[3.040s] Invoked command in '/home/robot/human_ws/build/depthimage_to_laserscan' returned '0': CMAKE_PREFIX_PATH=${CMAKE_PREFIX_PATH}:/home/robot/human_ws/install/rotate:/home/robot/human_ws/install/locomotion:/home/robot/human_ws/install/human:/home/robot/human_ws/install/listen:/home/robot/human_ws/install/image:/home/robot/human_ws/install/follow:/home/robot/robot_controller_release/ros2_packages/object_detect_track_node_py:/opt/ros/humble /usr/bin/cmake --install /home/robot/human_ws/build/depthimage_to_laserscan
