[0.565s] Invoking command in '/home/robot/human_ws/build/apriltag_ros': CMAKE_PREFIX_PATH=${CMAKE_PREFIX_PATH}:/home/robot/robot_controller_release/ros2_packages/object_detect_track_node_py:/opt/ros/humble /usr/bin/cmake /home/robot/human_ws/src/apriltag_ros -DCMAKE_INSTALL_PREFIX=/home/robot/human_ws/install/apriltag_ros
[1.445s] -- The C compiler identification is GNU 11.4.0
[1.445s] -- The CXX compiler identification is GNU 11.4.0
[1.445s] -- Detecting C compiler ABI info
[1.446s] -- Detecting C compiler ABI info - done
[1.446s] -- Check for working C compiler: /usr/bin/cc - skipped
[1.446s] -- Detecting C compile features
[1.446s] -- Detecting C compile features - done
[1.446s] -- Detecting CXX compiler ABI info
[1.446s] -- Detecting CXX compiler ABI info - done
[1.446s] -- Check for working CXX compiler: /usr/bin/c++ - skipped
[1.446s] -- Detecting CXX compile features
[1.446s] -- Detecting CXX compile features - done
[1.446s] -- Found rclcpp: 16.0.10 (/opt/ros/humble/share/rclcpp/cmake)
[1.446s] -- Found Python3: /usr/bin/python3 (found version "3.10.12") found components: Interpreter 
[1.446s] -- Found rosidl_generator_c: 3.1.5 (/opt/ros/humble/share/rosidl_generator_c/cmake)
[1.446s] -- Found rosidl_adapter: 3.1.5 (/opt/ros/humble/share/rosidl_adapter/cmake)
[1.447s] -- Found rosidl_generator_cpp: 3.1.5 (/opt/ros/humble/share/rosidl_generator_cpp/cmake)
[1.447s] -- Using all available rosidl_typesupport_c: rosidl_typesupport_fastrtps_c;rosidl_typesupport_introspection_c
[1.447s] -- Using all available rosidl_typesupport_cpp: rosidl_typesupport_fastrtps_cpp;rosidl_typesupport_introspection_cpp
[1.447s] -- Found rmw_implementation_cmake: 6.1.2 (/opt/ros/humble/share/rmw_implementation_cmake/cmake)
[1.447s] -- Found rmw_fastrtps_cpp: 6.2.7 (/opt/ros/humble/share/rmw_fastrtps_cpp/cmake)
[1.447s] -- Found OpenSSL: /usr/lib/x86_64-linux-gnu/libcrypto.so (found version "3.0.2")  
[1.447s] -- Found FastRTPS: /opt/ros/humble/include  
[1.478s] -- Using RMW implementation 'rmw_fastrtps_cpp' as default
[1.490s] -- Looking for pthread.h
[1.595s] -- Looking for pthread.h - found
[1.595s] -- Performing Test CMAKE_HAVE_LIBC_PTHREAD
[1.677s] -- Performing Test CMAKE_HAVE_LIBC_PTHREAD - Success
[1.679s] -- Found Threads: TRUE  
[1.749s] -- Found rclcpp_components: 16.0.10 (/opt/ros/humble/share/rclcpp_components/cmake)
[1.783s] -- Found sensor_msgs: 4.2.4 (/opt/ros/humble/share/sensor_msgs/cmake)
[1.836s] -- Found apriltag_msgs: 2.0.1 (/opt/ros/humble/share/apriltag_msgs/cmake)
[1.861s] -- Found tf2_ros: 0.25.8 (/opt/ros/humble/share/tf2_ros/cmake)
[1.989s] -- Found image_transport: 3.1.9 (/opt/ros/humble/share/image_transport/cmake)
[2.029s] -- Found cv_bridge: 3.2.1 (/opt/ros/humble/share/cv_bridge/cmake)
[2.058s] -- Found OpenCV: /usr (found version "4.5.4") found components: core calib3d 
[2.077s] -- Found ament_lint_auto: 0.12.11 (/opt/ros/humble/share/ament_lint_auto/cmake)
[2.193s] -- Added test 'cppcheck' to perform static code analysis on C / C++ code
[2.193s] -- Configured cppcheck include dirs: 
[2.193s] -- Configured cppcheck exclude dirs and/or files: 
[2.196s] -- Configuring done
[2.232s] -- Generating done
[2.234s] -- Build files have been written to: /home/robot/human_ws/build/apriltag_ros
[2.254s] Invoked command in '/home/robot/human_ws/build/apriltag_ros' returned '0': CMAKE_PREFIX_PATH=${CMAKE_PREFIX_PATH}:/home/robot/robot_controller_release/ros2_packages/object_detect_track_node_py:/opt/ros/humble /usr/bin/cmake /home/robot/human_ws/src/apriltag_ros -DCMAKE_INSTALL_PREFIX=/home/robot/human_ws/install/apriltag_ros
[2.260s] Invoking command in '/home/robot/human_ws/build/apriltag_ros': CMAKE_PREFIX_PATH=${CMAKE_PREFIX_PATH}:/home/robot/robot_controller_release/ros2_packages/object_detect_track_node_py:/opt/ros/humble /usr/bin/cmake --build /home/robot/human_ws/build/apriltag_ros -- -j16 -l16
[2.342s] [ 20%] [32mBuilding CXX object CMakeFiles/conversion.dir/src/conversion.cpp.o[0m
[2.342s] [ 20%] [32mBuilding CXX object CMakeFiles/tags.dir/src/tag_functions.cpp.o[0m
[2.346s] [ 30%] [32mBuilding CXX object CMakeFiles/apriltag_node.dir/rclcpp_components/node_main_apriltag_node.cpp.o[0m
[3.184s] [ 40%] [32m[1mLinking CXX static library libtags.a[0m
[3.618s] [ 40%] Built target tags
[6.107s] [ 50%] [32m[1mLinking CXX static library libconversion.a[0m
[6.192s] [ 50%] Built target conversion
[6.225s] [ 60%] [32mBuilding CXX object CMakeFiles/pose_estimation.dir/src/pose_estimation.cpp.o[0m
[7.820s] [ 70%] [32m[1mLinking CXX static library libpose_estimation.a[0m
[7.886s] [ 70%] Built target pose_estimation
[7.913s] [ 80%] [32mBuilding CXX object CMakeFiles/AprilTagNode.dir/src/AprilTagNode.cpp.o[0m
[8.281s] [ 90%] [32m[1mLinking CXX executable apriltag_node[0m
[8.486s] [ 90%] Built target apriltag_node
[12.707s] [100%] [32m[1mLinking CXX shared library libAprilTagNode.so[0m
[13.001s] [100%] Built target AprilTagNode
[13.011s] Invoked command in '/home/robot/human_ws/build/apriltag_ros' returned '0': CMAKE_PREFIX_PATH=${CMAKE_PREFIX_PATH}:/home/robot/robot_controller_release/ros2_packages/object_detect_track_node_py:/opt/ros/humble /usr/bin/cmake --build /home/robot/human_ws/build/apriltag_ros -- -j16 -l16
[13.054s] Invoking command in '/home/robot/human_ws/build/apriltag_ros': CMAKE_PREFIX_PATH=${CMAKE_PREFIX_PATH}:/home/robot/robot_controller_release/ros2_packages/object_detect_track_node_py:/opt/ros/humble /usr/bin/cmake --install /home/robot/human_ws/build/apriltag_ros
[13.060s] -- Install configuration: ""
[13.061s] -- Installing: /home/robot/human_ws/install/apriltag_ros/lib/apriltag_ros/apriltag_node
[13.061s] -- Set runtime path of "/home/robot/human_ws/install/apriltag_ros/lib/apriltag_ros/apriltag_node" to ""
[13.061s] -- Up-to-date: /home/robot/human_ws/install/apriltag_ros/share/apriltag_ros/environment/library_path.sh
[13.061s] -- Installing: /home/robot/human_ws/install/apriltag_ros/share/apriltag_ros/environment/library_path.dsv
[13.062s] -- Installing: /home/robot/human_ws/install/apriltag_ros/lib/libAprilTagNode.so
[13.064s] -- Set runtime path of "/home/robot/human_ws/install/apriltag_ros/lib/libAprilTagNode.so" to ""
[13.064s] -- Up-to-date: /home/robot/human_ws/install/apriltag_ros/share/apriltag_ros/cfg
[13.064s] -- Installing: /home/robot/human_ws/install/apriltag_ros/share/apriltag_ros/cfg/tags_36h11.yaml
[13.064s] -- Up-to-date: /home/robot/human_ws/install/apriltag_ros/share/apriltag_ros/launch
[13.064s] -- Up-to-date: /home/robot/human_ws/install/apriltag_ros/share/apriltag_ros/launch/ostrich_36h11.launch.yml
[13.064s] -- Up-to-date: /home/robot/human_ws/install/apriltag_ros/share/apriltag_ros/launch/v4l2_36h11.launch.yml
[13.064s] -- Installing: /home/robot/human_ws/install/apriltag_ros/share/ament_index/resource_index/package_run_dependencies/apriltag_ros
[13.064s] -- Installing: /home/robot/human_ws/install/apriltag_ros/share/ament_index/resource_index/parent_prefix_path/apriltag_ros
[13.064s] -- Up-to-date: /home/robot/human_ws/install/apriltag_ros/share/apriltag_ros/environment/ament_prefix_path.sh
[13.065s] -- Installing: /home/robot/human_ws/install/apriltag_ros/share/apriltag_ros/environment/ament_prefix_path.dsv
[13.065s] -- Up-to-date: /home/robot/human_ws/install/apriltag_ros/share/apriltag_ros/environment/path.sh
[13.065s] -- Installing: /home/robot/human_ws/install/apriltag_ros/share/apriltag_ros/environment/path.dsv
[13.065s] -- Installing: /home/robot/human_ws/install/apriltag_ros/share/apriltag_ros/local_setup.bash
[13.065s] -- Installing: /home/robot/human_ws/install/apriltag_ros/share/apriltag_ros/local_setup.sh
[13.065s] -- Installing: /home/robot/human_ws/install/apriltag_ros/share/apriltag_ros/local_setup.zsh
[13.065s] -- Installing: /home/robot/human_ws/install/apriltag_ros/share/apriltag_ros/local_setup.dsv
[13.065s] -- Installing: /home/robot/human_ws/install/apriltag_ros/share/apriltag_ros/package.dsv
[13.065s] -- Installing: /home/robot/human_ws/install/apriltag_ros/share/ament_index/resource_index/packages/apriltag_ros
[13.065s] -- Installing: /home/robot/human_ws/install/apriltag_ros/share/ament_index/resource_index/rclcpp_components/apriltag_ros
[13.065s] -- Installing: /home/robot/human_ws/install/apriltag_ros/share/apriltag_ros/cmake/apriltag_rosConfig.cmake
[13.066s] -- Installing: /home/robot/human_ws/install/apriltag_ros/share/apriltag_ros/cmake/apriltag_rosConfig-version.cmake
[13.066s] -- Up-to-date: /home/robot/human_ws/install/apriltag_ros/share/apriltag_ros/package.xml
[13.068s] Invoked command in '/home/robot/human_ws/build/apriltag_ros' returned '0': CMAKE_PREFIX_PATH=${CMAKE_PREFIX_PATH}:/home/robot/robot_controller_release/ros2_packages/object_detect_track_node_py:/opt/ros/humble /usr/bin/cmake --install /home/robot/human_ws/build/apriltag_ros
