[0.010s] Invoking command in '/home/robot/human_ws/build/myinterfaces': CMAKE_PREFIX_PATH=${CMAKE_PREFIX_PATH}:/home/robot/human_ws/install/rotate:/home/robot/human_ws/install/locomotion:/home/robot/human_ws/install/human:/home/robot/human_ws/install/manager:/home/robot/human_ws/install/listen:/home/robot/human_ws/install/image:/home/robot/human_ws/install/follow:/home/robot/human_ws/install/apriltag_detection:/home/robot/human_ws/install/action_server:/home/robot/robot_controller_release/ros2_packages/object_detect_track_node_py:/opt/ros/humble /usr/bin/cmake --build /home/robot/human_ws/build/myinterfaces -- -j16 -l16
[0.046s] -- Found ament_cmake: 1.3.10 (/opt/ros/humble/share/ament_cmake/cmake)
[0.184s] -- Found rosidl_default_generators: 1.2.0 (/opt/ros/humble/share/rosidl_default_generators/cmake)
[0.186s] -- Using all available rosidl_typesupport_c: rosidl_typesupport_fastrtps_c;rosidl_typesupport_introspection_c
[0.188s] -- Found rosidl_adapter: 3.1.5 (/opt/ros/humble/share/rosidl_adapter/cmake)
[0.210s] -- Using all available rosidl_typesupport_cpp: rosidl_typesupport_fastrtps_cpp;rosidl_typesupport_introspection_cpp
[0.226s] -- Found geometry_msgs: 4.2.4 (/opt/ros/humble/share/geometry_msgs/cmake)
[0.250s] -- Found sensor_msgs: 4.2.4 (/opt/ros/humble/share/sensor_msgs/cmake)
[0.546s] -- Found ament_cmake_ros: 0.10.0 (/opt/ros/humble/share/ament_cmake_ros/cmake)
[0.805s] -- Using all available rosidl_typesupport_c: rosidl_typesupport_fastrtps_c;rosidl_typesupport_introspection_c
[1.127s] -- Using all available rosidl_typesupport_cpp: rosidl_typesupport_fastrtps_cpp;rosidl_typesupport_introspection_cpp
[1.148s] -- Found python_cmake_module: 0.10.0 (/opt/ros/humble/share/python_cmake_module/cmake)
[1.177s] -- Using PYTHON_EXECUTABLE: /usr/bin/python3
[1.177s] -- Using PYTHON_INCLUDE_DIRS: /usr/include/python3.10
[1.177s] -- Using PYTHON_LIBRARIES: /usr/lib/x86_64-linux-gnu/libpython3.10.so
[1.217s] -- Found ament_lint_auto: 0.12.11 (/opt/ros/humble/share/ament_lint_auto/cmake)
[1.222s] -- Added test 'lint_cmake' to check CMake code style
[1.223s] -- Added test 'xmllint' to check XML markup files
[1.224s] -- Configuring done
[1.251s] -- Generating done
[1.253s] -- Build files have been written to: /home/robot/human_ws/build/myinterfaces
[1.281s] [  1%] [34m[1mGenerating C code for ROS interfaces[0m
[1.295s] [  2%] [34m[1mGenerating C++ code for ROS interfaces[0m
[1.303s] [  2%] Built target ament_cmake_python_copy_myinterfaces
[1.539s] running egg_info
[1.539s] writing myinterfaces.egg-info/PKG-INFO
[1.539s] writing dependency_links to myinterfaces.egg-info/dependency_links.txt
[1.540s] writing top-level names to myinterfaces.egg-info/top_level.txt
[1.542s] reading manifest file 'myinterfaces.egg-info/SOURCES.txt'
[1.542s] writing manifest file 'myinterfaces.egg-info/SOURCES.txt'
[1.570s] [  2%] Built target ament_cmake_python_build_myinterfaces_egg
[1.705s] [35m[1mConsolidate compiler generated dependencies of target myinterfaces__rosidl_generator_c[0m
[1.722s] [  7%] [32mBuilding C object CMakeFiles/myinterfaces__rosidl_generator_c.dir/rosidl_generator_c/myinterfaces/srv/detail/action__functions.c.o[0m
[1.722s] [  7%] [32mBuilding C object CMakeFiles/myinterfaces__rosidl_generator_c.dir/rosidl_generator_c/myinterfaces/srv/detail/humancoordinatespcd__functions.c.o[0m
[1.722s] [  7%] [32mBuilding C object CMakeFiles/myinterfaces__rosidl_generator_c.dir/rosidl_generator_c/myinterfaces/srv/detail/humancoordinates__functions.c.o[0m
[1.723s] [  8%] [32mBuilding C object CMakeFiles/myinterfaces__rosidl_generator_c.dir/rosidl_generator_c/myinterfaces/msg/detail/detect_coordinates__functions.c.o[0m
[1.723s] [  9%] [32mBuilding C object CMakeFiles/myinterfaces__rosidl_generator_c.dir/rosidl_generator_c/myinterfaces/srv/detail/tag__functions.c.o[0m
[1.724s] [ 11%] [32mBuilding C object CMakeFiles/myinterfaces__rosidl_generator_c.dir/rosidl_generator_c/myinterfaces/msg/detail/state__functions.c.o[0m
[1.731s] [ 11%] Built target myinterfaces__cpp
[1.745s] [ 12%] [34m[1mGenerating C++ introspection for ROS interfaces[0m
[1.749s] [ 15%] [34m[1mGenerating C++ type support for eProsima Fast-RTPS[0m
[1.749s] [ 15%] [34m[1mGenerating C++ type support dispatch for ROS interfaces[0m
[1.800s] [ 16%] [32m[1mLinking C shared library libmyinterfaces__rosidl_generator_c.so[0m
[1.846s] [ 16%] Built target myinterfaces__rosidl_generator_c
[1.855s] [ 18%] [34m[1mGenerating C introspection for ROS interfaces[0m
[1.858s] [ 21%] [34m[1mGenerating C type support dispatch for ROS interfaces[0m
[1.858s] [ 21%] [34m[1mGenerating C type support for eProsima Fast-RTPS[0m
[2.025s] [35m[1mConsolidate compiler generated dependencies of target myinterfaces__rosidl_typesupport_cpp[0m
[2.045s] [ 23%] [32mBuilding CXX object CMakeFiles/myinterfaces__rosidl_typesupport_cpp.dir/rosidl_typesupport_cpp/myinterfaces/srv/tag__type_support.cpp.o[0m
[2.045s] [ 23%] [32mBuilding CXX object CMakeFiles/myinterfaces__rosidl_typesupport_cpp.dir/rosidl_typesupport_cpp/myinterfaces/srv/action__type_support.cpp.o[0m
[2.045s] [ 25%] [32mBuilding CXX object CMakeFiles/myinterfaces__rosidl_typesupport_cpp.dir/rosidl_typesupport_cpp/myinterfaces/msg/detect_coordinates__type_support.cpp.o[0m
[2.045s] [ 26%] [32mBuilding CXX object CMakeFiles/myinterfaces__rosidl_typesupport_cpp.dir/rosidl_typesupport_cpp/myinterfaces/msg/state__type_support.cpp.o[0m
[2.046s] [ 28%] [32mBuilding CXX object CMakeFiles/myinterfaces__rosidl_typesupport_cpp.dir/rosidl_typesupport_cpp/myinterfaces/srv/humancoordinates__type_support.cpp.o[0m
[2.046s] [ 29%] [32mBuilding CXX object CMakeFiles/myinterfaces__rosidl_typesupport_cpp.dir/rosidl_typesupport_cpp/myinterfaces/srv/humancoordinatespcd__type_support.cpp.o[0m
[2.112s] [35m[1mConsolidate compiler generated dependencies of target myinterfaces__rosidl_typesupport_introspection_cpp[0m
[2.131s] [ 32%] [32mBuilding CXX object CMakeFiles/myinterfaces__rosidl_typesupport_introspection_cpp.dir/rosidl_typesupport_introspection_cpp/myinterfaces/srv/detail/tag__type_support.cpp.o[0m
[2.131s] [ 32%] [32mBuilding CXX object CMakeFiles/myinterfaces__rosidl_typesupport_introspection_cpp.dir/rosidl_typesupport_introspection_cpp/myinterfaces/srv/detail/humancoordinatespcd__type_support.cpp.o[0m
[2.131s] [ 33%] [32mBuilding CXX object CMakeFiles/myinterfaces__rosidl_typesupport_introspection_cpp.dir/rosidl_typesupport_introspection_cpp/myinterfaces/srv/detail/humancoordinates__type_support.cpp.o[0m
[2.135s] [ 35%] [32mBuilding CXX object CMakeFiles/myinterfaces__rosidl_typesupport_introspection_cpp.dir/rosidl_typesupport_introspection_cpp/myinterfaces/msg/detail/detect_coordinates__type_support.cpp.o[0m
[2.136s] [ 36%] [32mBuilding CXX object CMakeFiles/myinterfaces__rosidl_typesupport_introspection_cpp.dir/rosidl_typesupport_introspection_cpp/myinterfaces/srv/detail/action__type_support.cpp.o[0m
[2.137s] [ 38%] [32mBuilding CXX object CMakeFiles/myinterfaces__rosidl_typesupport_introspection_cpp.dir/rosidl_typesupport_introspection_cpp/myinterfaces/msg/detail/state__type_support.cpp.o[0m
[2.296s] [35m[1mConsolidate compiler generated dependencies of target myinterfaces__rosidl_typesupport_c[0m
[2.339s] [ 39%] [32mBuilding CXX object CMakeFiles/myinterfaces__rosidl_typesupport_c.dir/rosidl_typesupport_c/myinterfaces/msg/detect_coordinates__type_support.cpp.o[0m
[2.421s] [ 40%] [32mBuilding CXX object CMakeFiles/myinterfaces__rosidl_typesupport_c.dir/rosidl_typesupport_c/myinterfaces/msg/state__type_support.cpp.o[0m
[2.487s] [ 42%] [32mBuilding CXX object CMakeFiles/myinterfaces__rosidl_typesupport_c.dir/rosidl_typesupport_c/myinterfaces/srv/humancoordinates__type_support.cpp.o[0m
[2.546s] [ 43%] [32mBuilding CXX object CMakeFiles/myinterfaces__rosidl_typesupport_c.dir/rosidl_typesupport_c/myinterfaces/srv/humancoordinatespcd__type_support.cpp.o[0m
[2.550s] [ 45%] [32mBuilding CXX object CMakeFiles/myinterfaces__rosidl_typesupport_c.dir/rosidl_typesupport_c/myinterfaces/srv/tag__type_support.cpp.o[0m
[2.556s] [ 46%] [32m[1mLinking CXX shared library libmyinterfaces__rosidl_typesupport_cpp.so[0m
[2.563s] [ 47%] [32mBuilding CXX object CMakeFiles/myinterfaces__rosidl_typesupport_c.dir/rosidl_typesupport_c/myinterfaces/srv/action__type_support.cpp.o[0m
[2.564s] [35m[1mConsolidate compiler generated dependencies of target myinterfaces__rosidl_typesupport_introspection_c[0m
[2.583s] [35m[1mConsolidate compiler generated dependencies of target myinterfaces__rosidl_typesupport_fastrtps_cpp[0m
[2.591s] [ 49%] [32mBuilding C object CMakeFiles/myinterfaces__rosidl_typesupport_introspection_c.dir/rosidl_typesupport_introspection_c/myinterfaces/msg/detail/state__type_support.c.o[0m
[2.593s] [ 50%] [32mBuilding C object CMakeFiles/myinterfaces__rosidl_typesupport_introspection_c.dir/rosidl_typesupport_introspection_c/myinterfaces/msg/detail/detect_coordinates__type_support.c.o[0m
[2.594s] [ 52%] [32mBuilding C object CMakeFiles/myinterfaces__rosidl_typesupport_introspection_c.dir/rosidl_typesupport_introspection_c/myinterfaces/srv/detail/humancoordinates__type_support.c.o[0m
[2.594s] [ 53%] [32mBuilding C object CMakeFiles/myinterfaces__rosidl_typesupport_introspection_c.dir/rosidl_typesupport_introspection_c/myinterfaces/srv/detail/humancoordinatespcd__type_support.c.o[0m
[2.608s] [ 54%] [32mBuilding C object CMakeFiles/myinterfaces__rosidl_typesupport_introspection_c.dir/rosidl_typesupport_introspection_c/myinterfaces/srv/detail/tag__type_support.c.o[0m
[2.613s] [ 56%] [32mBuilding C object CMakeFiles/myinterfaces__rosidl_typesupport_introspection_c.dir/rosidl_typesupport_introspection_c/myinterfaces/srv/detail/action__type_support.c.o[0m
[2.616s] [ 57%] [32mBuilding CXX object CMakeFiles/myinterfaces__rosidl_typesupport_fastrtps_cpp.dir/rosidl_typesupport_fastrtps_cpp/myinterfaces/msg/detail/dds_fastrtps/detect_coordinates__type_support.cpp.o[0m
[2.633s] [ 59%] [32m[1mLinking CXX shared library libmyinterfaces__rosidl_typesupport_c.so[0m
[2.648s] [ 60%] [32mBuilding CXX object CMakeFiles/myinterfaces__rosidl_typesupport_fastrtps_cpp.dir/rosidl_typesupport_fastrtps_cpp/myinterfaces/msg/detail/dds_fastrtps/state__type_support.cpp.o[0m
[2.669s] [ 60%] Built target myinterfaces__rosidl_typesupport_cpp
[2.682s] [ 61%] [32mBuilding CXX object CMakeFiles/myinterfaces__rosidl_typesupport_fastrtps_cpp.dir/rosidl_typesupport_fastrtps_cpp/myinterfaces/srv/detail/dds_fastrtps/humancoordinates__type_support.cpp.o[0m
[2.683s] [ 63%] [32mBuilding CXX object CMakeFiles/myinterfaces__rosidl_typesupport_fastrtps_cpp.dir/rosidl_typesupport_fastrtps_cpp/myinterfaces/srv/detail/dds_fastrtps/humancoordinatespcd__type_support.cpp.o[0m
[2.685s] [ 64%] [32mBuilding CXX object CMakeFiles/myinterfaces__rosidl_typesupport_fastrtps_cpp.dir/rosidl_typesupport_fastrtps_cpp/myinterfaces/srv/detail/dds_fastrtps/tag__type_support.cpp.o[0m
[2.695s] [ 66%] [32mBuilding CXX object CMakeFiles/myinterfaces__rosidl_typesupport_fastrtps_cpp.dir/rosidl_typesupport_fastrtps_cpp/myinterfaces/srv/detail/dds_fastrtps/action__type_support.cpp.o[0m
[2.702s] [ 67%] [32m[1mLinking C shared library libmyinterfaces__rosidl_typesupport_introspection_c.so[0m
[2.714s] [ 67%] Built target myinterfaces__rosidl_typesupport_c
[2.754s] [35m[1mConsolidate compiler generated dependencies of target myinterfaces__rosidl_typesupport_fastrtps_c[0m
[2.762s] [ 67%] Built target myinterfaces__rosidl_typesupport_introspection_c
[2.780s] [ 69%] [32mBuilding CXX object CMakeFiles/myinterfaces__rosidl_typesupport_fastrtps_c.dir/rosidl_typesupport_fastrtps_c/myinterfaces/msg/detail/detect_coordinates__type_support_c.cpp.o[0m
[2.780s] [ 70%] [32mBuilding CXX object CMakeFiles/myinterfaces__rosidl_typesupport_fastrtps_c.dir/rosidl_typesupport_fastrtps_c/myinterfaces/msg/detail/state__type_support_c.cpp.o[0m
[2.786s] [ 71%] [32mBuilding CXX object CMakeFiles/myinterfaces__rosidl_typesupport_fastrtps_c.dir/rosidl_typesupport_fastrtps_c/myinterfaces/srv/detail/humancoordinatespcd__type_support_c.cpp.o[0m
[2.787s] [ 73%] [32mBuilding CXX object CMakeFiles/myinterfaces__rosidl_typesupport_fastrtps_c.dir/rosidl_typesupport_fastrtps_c/myinterfaces/srv/detail/humancoordinates__type_support_c.cpp.o[0m
[2.835s] [ 74%] [32mBuilding CXX object CMakeFiles/myinterfaces__rosidl_typesupport_fastrtps_c.dir/rosidl_typesupport_fastrtps_c/myinterfaces/srv/detail/tag__type_support_c.cpp.o[0m
[2.865s] [ 76%] [32mBuilding CXX object CMakeFiles/myinterfaces__rosidl_typesupport_fastrtps_c.dir/rosidl_typesupport_fastrtps_c/myinterfaces/srv/detail/action__type_support_c.cpp.o[0m
[2.977s] [ 77%] [32m[1mLinking CXX shared library libmyinterfaces__rosidl_typesupport_introspection_cpp.so[0m
[3.186s] [ 77%] Built target myinterfaces__rosidl_typesupport_introspection_cpp
[3.358s] [ 78%] [32m[1mLinking CXX shared library libmyinterfaces__rosidl_typesupport_fastrtps_c.so[0m
[3.399s] [ 80%] [32m[1mLinking CXX shared library libmyinterfaces__rosidl_typesupport_fastrtps_cpp.so[0m
[3.425s] [ 80%] Built target myinterfaces__rosidl_typesupport_fastrtps_c
[3.469s] [ 80%] Built target myinterfaces__rosidl_typesupport_fastrtps_cpp
[3.490s] [ 80%] Built target myinterfaces
[3.513s] [ 81%] [34m[1mGenerating Python code for ROS interfaces[0m
[4.153s] [ 81%] Built target myinterfaces__py
[4.166s] [35m[1mConsolidate compiler generated dependencies of target myinterfaces__rosidl_generator_py[0m
[4.187s] [ 84%] [32mBuilding C object CMakeFiles/myinterfaces__rosidl_generator_py.dir/rosidl_generator_py/myinterfaces/srv/_tag_s.c.o[0m
[4.187s] [ 84%] [32mBuilding C object CMakeFiles/myinterfaces__rosidl_generator_py.dir/rosidl_generator_py/myinterfaces/srv/_humancoordinatespcd_s.c.o[0m
[4.187s] [ 85%] [32mBuilding C object CMakeFiles/myinterfaces__rosidl_generator_py.dir/rosidl_generator_py/myinterfaces/srv/_action_s.c.o[0m
[4.189s] [ 87%] [32mBuilding C object CMakeFiles/myinterfaces__rosidl_generator_py.dir/rosidl_generator_py/myinterfaces/msg/_detect_coordinates_s.c.o[0m
[4.191s] [ 88%] [32mBuilding C object CMakeFiles/myinterfaces__rosidl_generator_py.dir/rosidl_generator_py/myinterfaces/msg/_state_s.c.o[0m
[4.192s] [ 90%] [32mBuilding C object CMakeFiles/myinterfaces__rosidl_generator_py.dir/rosidl_generator_py/myinterfaces/srv/_humancoordinates_s.c.o[0m
[4.328s] [ 91%] [32m[1mLinking C shared library rosidl_generator_py/myinterfaces/libmyinterfaces__rosidl_generator_py.so[0m
[4.370s] [ 91%] Built target myinterfaces__rosidl_generator_py
[4.387s] [35m[1mConsolidate compiler generated dependencies of target myinterfaces__rosidl_typesupport_fastrtps_c__pyext[0m
[4.389s] [35m[1mConsolidate compiler generated dependencies of target myinterfaces__rosidl_typesupport_introspection_c__pyext[0m
[4.389s] [35m[1mConsolidate compiler generated dependencies of target myinterfaces__rosidl_typesupport_c__pyext[0m
[4.398s] [ 92%] [32mBuilding C object CMakeFiles/myinterfaces__rosidl_typesupport_fastrtps_c__pyext.dir/rosidl_generator_py/myinterfaces/_myinterfaces_s.ep.rosidl_typesupport_fastrtps_c.c.o[0m
[4.401s] [ 94%] [32mBuilding C object CMakeFiles/myinterfaces__rosidl_typesupport_introspection_c__pyext.dir/rosidl_generator_py/myinterfaces/_myinterfaces_s.ep.rosidl_typesupport_introspection_c.c.o[0m
[4.405s] [ 95%] [32mBuilding C object CMakeFiles/myinterfaces__rosidl_typesupport_c__pyext.dir/rosidl_generator_py/myinterfaces/_myinterfaces_s.ep.rosidl_typesupport_c.c.o[0m
[4.488s] [ 97%] [32m[1mLinking C shared library rosidl_generator_py/myinterfaces/myinterfaces_s__rosidl_typesupport_fastrtps_c.cpython-310-x86_64-linux-gnu.so[0m
[4.493s] [ 98%] [32m[1mLinking C shared library rosidl_generator_py/myinterfaces/myinterfaces_s__rosidl_typesupport_c.cpython-310-x86_64-linux-gnu.so[0m
[4.529s] [ 98%] Built target myinterfaces__rosidl_typesupport_fastrtps_c__pyext
[4.534s] [ 98%] Built target myinterfaces__rosidl_typesupport_c__pyext
[4.536s] [100%] [32m[1mLinking C shared library rosidl_generator_py/myinterfaces/myinterfaces_s__rosidl_typesupport_introspection_c.cpython-310-x86_64-linux-gnu.so[0m
[4.583s] [100%] Built target myinterfaces__rosidl_typesupport_introspection_c__pyext
[4.601s] Invoked command in '/home/robot/human_ws/build/myinterfaces' returned '0': CMAKE_PREFIX_PATH=${CMAKE_PREFIX_PATH}:/home/robot/human_ws/install/rotate:/home/robot/human_ws/install/locomotion:/home/robot/human_ws/install/human:/home/robot/human_ws/install/manager:/home/robot/human_ws/install/listen:/home/robot/human_ws/install/image:/home/robot/human_ws/install/follow:/home/robot/human_ws/install/apriltag_detection:/home/robot/human_ws/install/action_server:/home/robot/robot_controller_release/ros2_packages/object_detect_track_node_py:/opt/ros/humble /usr/bin/cmake --build /home/robot/human_ws/build/myinterfaces -- -j16 -l16
[4.906s] Invoking command in '/home/robot/human_ws/build/myinterfaces': CMAKE_PREFIX_PATH=${CMAKE_PREFIX_PATH}:/home/robot/human_ws/install/rotate:/home/robot/human_ws/install/locomotion:/home/robot/human_ws/install/human:/home/robot/human_ws/install/manager:/home/robot/human_ws/install/listen:/home/robot/human_ws/install/image:/home/robot/human_ws/install/follow:/home/robot/human_ws/install/apriltag_detection:/home/robot/human_ws/install/action_server:/home/robot/robot_controller_release/ros2_packages/object_detect_track_node_py:/opt/ros/humble /usr/bin/cmake --install /home/robot/human_ws/build/myinterfaces
[4.915s] -- Install configuration: ""
[4.915s] -- Up-to-date: /home/robot/human_ws/install/myinterfaces/share/ament_index/resource_index/rosidl_interfaces/myinterfaces
[4.915s] -- Up-to-date: /home/robot/human_ws/install/myinterfaces/include/myinterfaces/myinterfaces
[4.916s] -- Up-to-date: /home/robot/human_ws/install/myinterfaces/include/myinterfaces/myinterfaces/srv
[4.916s] -- Up-to-date: /home/robot/human_ws/install/myinterfaces/include/myinterfaces/myinterfaces/srv/detail
[4.916s] -- Installing: /home/robot/human_ws/install/myinterfaces/include/myinterfaces/myinterfaces/srv/detail/tag__type_support.h
[4.917s] -- Installing: /home/robot/human_ws/install/myinterfaces/include/myinterfaces/myinterfaces/srv/detail/humancoordinatespcd__functions.c
[4.917s] -- Installing: /home/robot/human_ws/install/myinterfaces/include/myinterfaces/myinterfaces/srv/detail/humancoordinatespcd__struct.h
[4.917s] -- Installing: /home/robot/human_ws/install/myinterfaces/include/myinterfaces/myinterfaces/srv/detail/tag__functions.c
[4.917s] -- Installing: /home/robot/human_ws/install/myinterfaces/include/myinterfaces/myinterfaces/srv/detail/tag__struct.h
[4.917s] -- Installing: /home/robot/human_ws/install/myinterfaces/include/myinterfaces/myinterfaces/srv/detail/humancoordinates__functions.h
[4.917s] -- Installing: /home/robot/human_ws/install/myinterfaces/include/myinterfaces/myinterfaces/srv/detail/tag__functions.h
[4.917s] -- Installing: /home/robot/human_ws/install/myinterfaces/include/myinterfaces/myinterfaces/srv/detail/humancoordinates__functions.c
[4.918s] -- Installing: /home/robot/human_ws/install/myinterfaces/include/myinterfaces/myinterfaces/srv/detail/humancoordinatespcd__type_support.h
[4.918s] -- Installing: /home/robot/human_ws/install/myinterfaces/include/myinterfaces/myinterfaces/srv/detail/action__functions.h
[4.918s] -- Installing: /home/robot/human_ws/install/myinterfaces/include/myinterfaces/myinterfaces/srv/detail/humancoordinates__struct.h
[4.918s] -- Installing: /home/robot/human_ws/install/myinterfaces/include/myinterfaces/myinterfaces/srv/detail/action__type_support.h
[4.918s] -- Installing: /home/robot/human_ws/install/myinterfaces/include/myinterfaces/myinterfaces/srv/detail/humancoordinates__type_support.h
[4.918s] -- Installing: /home/robot/human_ws/install/myinterfaces/include/myinterfaces/myinterfaces/srv/detail/humancoordinatespcd__functions.h
[4.919s] -- Installing: /home/robot/human_ws/install/myinterfaces/include/myinterfaces/myinterfaces/srv/detail/action__struct.h
[4.919s] -- Installing: /home/robot/human_ws/install/myinterfaces/include/myinterfaces/myinterfaces/srv/detail/action__functions.c
[4.919s] -- Installing: /home/robot/human_ws/install/myinterfaces/include/myinterfaces/myinterfaces/srv/tag.h
[4.919s] -- Installing: /home/robot/human_ws/install/myinterfaces/include/myinterfaces/myinterfaces/srv/humancoordinates.h
[4.919s] -- Installing: /home/robot/human_ws/install/myinterfaces/include/myinterfaces/myinterfaces/srv/humancoordinatespcd.h
[4.919s] -- Installing: /home/robot/human_ws/install/myinterfaces/include/myinterfaces/myinterfaces/srv/action.h
[4.919s] -- Up-to-date: /home/robot/human_ws/install/myinterfaces/include/myinterfaces/myinterfaces/msg
[4.920s] -- Up-to-date: /home/robot/human_ws/install/myinterfaces/include/myinterfaces/myinterfaces/msg/detail
[4.920s] -- Installing: /home/robot/human_ws/install/myinterfaces/include/myinterfaces/myinterfaces/msg/detail/state__struct.h
[4.920s] -- Installing: /home/robot/human_ws/install/myinterfaces/include/myinterfaces/myinterfaces/msg/detail/state__type_support.h
[4.920s] -- Installing: /home/robot/human_ws/install/myinterfaces/include/myinterfaces/myinterfaces/msg/detail/state__functions.h
[4.920s] -- Installing: /home/robot/human_ws/install/myinterfaces/include/myinterfaces/myinterfaces/msg/detail/detect_coordinates__functions.h
[4.920s] -- Installing: /home/robot/human_ws/install/myinterfaces/include/myinterfaces/myinterfaces/msg/detail/detect_coordinates__type_support.h
[4.920s] -- Installing: /home/robot/human_ws/install/myinterfaces/include/myinterfaces/myinterfaces/msg/detail/detect_coordinates__struct.h
[4.921s] -- Installing: /home/robot/human_ws/install/myinterfaces/include/myinterfaces/myinterfaces/msg/detail/detect_coordinates__functions.c
[4.921s] -- Installing: /home/robot/human_ws/install/myinterfaces/include/myinterfaces/myinterfaces/msg/detail/state__functions.c
[4.921s] -- Up-to-date: /home/robot/human_ws/install/myinterfaces/include/myinterfaces/myinterfaces/msg/rosidl_generator_c__visibility_control.h
[4.921s] -- Installing: /home/robot/human_ws/install/myinterfaces/include/myinterfaces/myinterfaces/msg/state.h
[4.921s] -- Installing: /home/robot/human_ws/install/myinterfaces/include/myinterfaces/myinterfaces/msg/detect_coordinates.h
[4.921s] -- Up-to-date: /home/robot/human_ws/install/myinterfaces/share/myinterfaces/environment/library_path.sh
[4.922s] -- Installing: /home/robot/human_ws/install/myinterfaces/share/myinterfaces/environment/library_path.dsv
[4.922s] -- Installing: /home/robot/human_ws/install/myinterfaces/lib/libmyinterfaces__rosidl_generator_c.so
[4.922s] -- Set runtime path of "/home/robot/human_ws/install/myinterfaces/lib/libmyinterfaces__rosidl_generator_c.so" to ""
[4.923s] -- Up-to-date: /home/robot/human_ws/install/myinterfaces/include/myinterfaces/myinterfaces
[4.923s] -- Up-to-date: /home/robot/human_ws/install/myinterfaces/include/myinterfaces/myinterfaces/srv
[4.923s] -- Up-to-date: /home/robot/human_ws/install/myinterfaces/include/myinterfaces/myinterfaces/srv/detail
[4.923s] -- Installing: /home/robot/human_ws/install/myinterfaces/include/myinterfaces/myinterfaces/srv/detail/humancoordinates__rosidl_typesupport_fastrtps_c.h
[4.923s] -- Installing: /home/robot/human_ws/install/myinterfaces/include/myinterfaces/myinterfaces/srv/detail/humancoordinatespcd__rosidl_typesupport_fastrtps_c.h
[4.924s] -- Installing: /home/robot/human_ws/install/myinterfaces/include/myinterfaces/myinterfaces/srv/detail/action__rosidl_typesupport_fastrtps_c.h
[4.924s] -- Installing: /home/robot/human_ws/install/myinterfaces/include/myinterfaces/myinterfaces/srv/detail/tag__rosidl_typesupport_fastrtps_c.h
[4.924s] -- Up-to-date: /home/robot/human_ws/install/myinterfaces/include/myinterfaces/myinterfaces/msg
[4.924s] -- Up-to-date: /home/robot/human_ws/install/myinterfaces/include/myinterfaces/myinterfaces/msg/detail
[4.924s] -- Installing: /home/robot/human_ws/install/myinterfaces/include/myinterfaces/myinterfaces/msg/detail/state__rosidl_typesupport_fastrtps_c.h
[4.924s] -- Installing: /home/robot/human_ws/install/myinterfaces/include/myinterfaces/myinterfaces/msg/detail/detect_coordinates__rosidl_typesupport_fastrtps_c.h
[4.925s] -- Up-to-date: /home/robot/human_ws/install/myinterfaces/include/myinterfaces/myinterfaces/msg/rosidl_typesupport_fastrtps_c__visibility_control.h
[4.925s] -- Installing: /home/robot/human_ws/install/myinterfaces/lib/libmyinterfaces__rosidl_typesupport_fastrtps_c.so
[4.925s] -- Set runtime path of "/home/robot/human_ws/install/myinterfaces/lib/libmyinterfaces__rosidl_typesupport_fastrtps_c.so" to ""
[4.925s] -- Up-to-date: /home/robot/human_ws/install/myinterfaces/include/myinterfaces/myinterfaces
[4.925s] -- Up-to-date: /home/robot/human_ws/install/myinterfaces/include/myinterfaces/myinterfaces/srv
[4.925s] -- Up-to-date: /home/robot/human_ws/install/myinterfaces/include/myinterfaces/myinterfaces/srv/detail
[4.925s] -- Installing: /home/robot/human_ws/install/myinterfaces/include/myinterfaces/myinterfaces/srv/detail/tag__rosidl_typesupport_introspection_c.h
[4.926s] -- Installing: /home/robot/human_ws/install/myinterfaces/include/myinterfaces/myinterfaces/srv/detail/humancoordinates__rosidl_typesupport_introspection_c.h
[4.926s] -- Installing: /home/robot/human_ws/install/myinterfaces/include/myinterfaces/myinterfaces/srv/detail/tag__type_support.c
[4.926s] -- Installing: /home/robot/human_ws/install/myinterfaces/include/myinterfaces/myinterfaces/srv/detail/humancoordinatespcd__type_support.c
[4.926s] -- Installing: /home/robot/human_ws/install/myinterfaces/include/myinterfaces/myinterfaces/srv/detail/action__rosidl_typesupport_introspection_c.h
[4.926s] -- Installing: /home/robot/human_ws/install/myinterfaces/include/myinterfaces/myinterfaces/srv/detail/humancoordinatespcd__rosidl_typesupport_introspection_c.h
[4.926s] -- Installing: /home/robot/human_ws/install/myinterfaces/include/myinterfaces/myinterfaces/srv/detail/humancoordinates__type_support.c
[4.926s] -- Installing: /home/robot/human_ws/install/myinterfaces/include/myinterfaces/myinterfaces/srv/detail/action__type_support.c
[4.926s] -- Up-to-date: /home/robot/human_ws/install/myinterfaces/include/myinterfaces/myinterfaces/msg
[4.926s] -- Up-to-date: /home/robot/human_ws/install/myinterfaces/include/myinterfaces/myinterfaces/msg/detail
[4.927s] -- Installing: /home/robot/human_ws/install/myinterfaces/include/myinterfaces/myinterfaces/msg/detail/state__type_support.c
[4.927s] -- Installing: /home/robot/human_ws/install/myinterfaces/include/myinterfaces/myinterfaces/msg/detail/detect_coordinates__rosidl_typesupport_introspection_c.h
[4.927s] -- Installing: /home/robot/human_ws/install/myinterfaces/include/myinterfaces/myinterfaces/msg/detail/detect_coordinates__type_support.c
[4.927s] -- Installing: /home/robot/human_ws/install/myinterfaces/include/myinterfaces/myinterfaces/msg/detail/state__rosidl_typesupport_introspection_c.h
[4.927s] -- Up-to-date: /home/robot/human_ws/install/myinterfaces/include/myinterfaces/myinterfaces/msg/rosidl_typesupport_introspection_c__visibility_control.h
[4.927s] -- Installing: /home/robot/human_ws/install/myinterfaces/lib/libmyinterfaces__rosidl_typesupport_introspection_c.so
[4.927s] -- Set runtime path of "/home/robot/human_ws/install/myinterfaces/lib/libmyinterfaces__rosidl_typesupport_introspection_c.so" to ""
[4.927s] -- Installing: /home/robot/human_ws/install/myinterfaces/lib/libmyinterfaces__rosidl_typesupport_c.so
[4.927s] -- Set runtime path of "/home/robot/human_ws/install/myinterfaces/lib/libmyinterfaces__rosidl_typesupport_c.so" to ""
[4.927s] -- Up-to-date: /home/robot/human_ws/install/myinterfaces/include/myinterfaces/myinterfaces
[4.927s] -- Up-to-date: /home/robot/human_ws/install/myinterfaces/include/myinterfaces/myinterfaces/srv
[4.927s] -- Installing: /home/robot/human_ws/install/myinterfaces/include/myinterfaces/myinterfaces/srv/tag.hpp
[4.927s] -- Up-to-date: /home/robot/human_ws/install/myinterfaces/include/myinterfaces/myinterfaces/srv/detail
[4.927s] -- Installing: /home/robot/human_ws/install/myinterfaces/include/myinterfaces/myinterfaces/srv/detail/tag__builder.hpp
[4.927s] -- Installing: /home/robot/human_ws/install/myinterfaces/include/myinterfaces/myinterfaces/srv/detail/humancoordinates__builder.hpp
[4.928s] -- Installing: /home/robot/human_ws/install/myinterfaces/include/myinterfaces/myinterfaces/srv/detail/action__builder.hpp
[4.928s] -- Installing: /home/robot/human_ws/install/myinterfaces/include/myinterfaces/myinterfaces/srv/detail/action__traits.hpp
[4.928s] -- Installing: /home/robot/human_ws/install/myinterfaces/include/myinterfaces/myinterfaces/srv/detail/action__struct.hpp
[4.928s] -- Installing: /home/robot/human_ws/install/myinterfaces/include/myinterfaces/myinterfaces/srv/detail/humancoordinatespcd__builder.hpp
[4.928s] -- Installing: /home/robot/human_ws/install/myinterfaces/include/myinterfaces/myinterfaces/srv/detail/humancoordinates__traits.hpp
[4.928s] -- Installing: /home/robot/human_ws/install/myinterfaces/include/myinterfaces/myinterfaces/srv/detail/tag__struct.hpp
[4.928s] -- Installing: /home/robot/human_ws/install/myinterfaces/include/myinterfaces/myinterfaces/srv/detail/humancoordinatespcd__traits.hpp
[4.928s] -- Installing: /home/robot/human_ws/install/myinterfaces/include/myinterfaces/myinterfaces/srv/detail/humancoordinates__struct.hpp
[4.928s] -- Installing: /home/robot/human_ws/install/myinterfaces/include/myinterfaces/myinterfaces/srv/detail/tag__traits.hpp
[4.928s] -- Installing: /home/robot/human_ws/install/myinterfaces/include/myinterfaces/myinterfaces/srv/detail/humancoordinatespcd__struct.hpp
[4.928s] -- Installing: /home/robot/human_ws/install/myinterfaces/include/myinterfaces/myinterfaces/srv/action.hpp
[4.928s] -- Installing: /home/robot/human_ws/install/myinterfaces/include/myinterfaces/myinterfaces/srv/humancoordinatespcd.hpp
[4.928s] -- Installing: /home/robot/human_ws/install/myinterfaces/include/myinterfaces/myinterfaces/srv/humancoordinates.hpp
[4.928s] -- Up-to-date: /home/robot/human_ws/install/myinterfaces/include/myinterfaces/myinterfaces/msg
[4.928s] -- Up-to-date: /home/robot/human_ws/install/myinterfaces/include/myinterfaces/myinterfaces/msg/detail
[4.928s] -- Installing: /home/robot/human_ws/install/myinterfaces/include/myinterfaces/myinterfaces/msg/detail/detect_coordinates__struct.hpp
[4.928s] -- Installing: /home/robot/human_ws/install/myinterfaces/include/myinterfaces/myinterfaces/msg/detail/detect_coordinates__traits.hpp
[4.928s] -- Installing: /home/robot/human_ws/install/myinterfaces/include/myinterfaces/myinterfaces/msg/detail/state__struct.hpp
[4.928s] -- Installing: /home/robot/human_ws/install/myinterfaces/include/myinterfaces/myinterfaces/msg/detail/state__traits.hpp
[4.928s] -- Installing: /home/robot/human_ws/install/myinterfaces/include/myinterfaces/myinterfaces/msg/detail/detect_coordinates__builder.hpp
[4.928s] -- Installing: /home/robot/human_ws/install/myinterfaces/include/myinterfaces/myinterfaces/msg/detail/state__builder.hpp
[4.928s] -- Installing: /home/robot/human_ws/install/myinterfaces/include/myinterfaces/myinterfaces/msg/detect_coordinates.hpp
[4.928s] -- Installing: /home/robot/human_ws/install/myinterfaces/include/myinterfaces/myinterfaces/msg/state.hpp
[4.928s] -- Up-to-date: /home/robot/human_ws/install/myinterfaces/include/myinterfaces/myinterfaces
[4.928s] -- Up-to-date: /home/robot/human_ws/install/myinterfaces/include/myinterfaces/myinterfaces/srv
[4.928s] -- Up-to-date: /home/robot/human_ws/install/myinterfaces/include/myinterfaces/myinterfaces/srv/detail
[4.928s] -- Installing: /home/robot/human_ws/install/myinterfaces/include/myinterfaces/myinterfaces/srv/detail/action__rosidl_typesupport_fastrtps_cpp.hpp
[4.928s] -- Installing: /home/robot/human_ws/install/myinterfaces/include/myinterfaces/myinterfaces/srv/detail/tag__rosidl_typesupport_fastrtps_cpp.hpp
[4.928s] -- Installing: /home/robot/human_ws/install/myinterfaces/include/myinterfaces/myinterfaces/srv/detail/humancoordinates__rosidl_typesupport_fastrtps_cpp.hpp
[4.929s] -- Installing: /home/robot/human_ws/install/myinterfaces/include/myinterfaces/myinterfaces/srv/detail/humancoordinatespcd__rosidl_typesupport_fastrtps_cpp.hpp
[4.929s] -- Up-to-date: /home/robot/human_ws/install/myinterfaces/include/myinterfaces/myinterfaces/srv/detail/dds_fastrtps
[4.929s] -- Up-to-date: /home/robot/human_ws/install/myinterfaces/include/myinterfaces/myinterfaces/msg
[4.929s] -- Up-to-date: /home/robot/human_ws/install/myinterfaces/include/myinterfaces/myinterfaces/msg/detail
[4.929s] -- Installing: /home/robot/human_ws/install/myinterfaces/include/myinterfaces/myinterfaces/msg/detail/state__rosidl_typesupport_fastrtps_cpp.hpp
[4.929s] -- Installing: /home/robot/human_ws/install/myinterfaces/include/myinterfaces/myinterfaces/msg/detail/detect_coordinates__rosidl_typesupport_fastrtps_cpp.hpp
[4.929s] -- Up-to-date: /home/robot/human_ws/install/myinterfaces/include/myinterfaces/myinterfaces/msg/detail/dds_fastrtps
[4.929s] -- Up-to-date: /home/robot/human_ws/install/myinterfaces/include/myinterfaces/myinterfaces/msg/rosidl_typesupport_fastrtps_cpp__visibility_control.h
[4.929s] -- Installing: /home/robot/human_ws/install/myinterfaces/lib/libmyinterfaces__rosidl_typesupport_fastrtps_cpp.so
[4.929s] -- Set runtime path of "/home/robot/human_ws/install/myinterfaces/lib/libmyinterfaces__rosidl_typesupport_fastrtps_cpp.so" to ""
[4.929s] -- Up-to-date: /home/robot/human_ws/install/myinterfaces/include/myinterfaces/myinterfaces
[4.929s] -- Up-to-date: /home/robot/human_ws/install/myinterfaces/include/myinterfaces/myinterfaces/srv
[4.929s] -- Up-to-date: /home/robot/human_ws/install/myinterfaces/include/myinterfaces/myinterfaces/srv/detail
[4.929s] -- Installing: /home/robot/human_ws/install/myinterfaces/include/myinterfaces/myinterfaces/srv/detail/tag__type_support.cpp
[4.929s] -- Installing: /home/robot/human_ws/install/myinterfaces/include/myinterfaces/myinterfaces/srv/detail/humancoordinatespcd__type_support.cpp
[4.929s] -- Installing: /home/robot/human_ws/install/myinterfaces/include/myinterfaces/myinterfaces/srv/detail/humancoordinatespcd__rosidl_typesupport_introspection_cpp.hpp
[4.929s] -- Installing: /home/robot/human_ws/install/myinterfaces/include/myinterfaces/myinterfaces/srv/detail/action__rosidl_typesupport_introspection_cpp.hpp
[4.929s] -- Installing: /home/robot/human_ws/install/myinterfaces/include/myinterfaces/myinterfaces/srv/detail/humancoordinates__type_support.cpp
[4.929s] -- Installing: /home/robot/human_ws/install/myinterfaces/include/myinterfaces/myinterfaces/srv/detail/tag__rosidl_typesupport_introspection_cpp.hpp
[4.929s] -- Installing: /home/robot/human_ws/install/myinterfaces/include/myinterfaces/myinterfaces/srv/detail/humancoordinates__rosidl_typesupport_introspection_cpp.hpp
[4.929s] -- Installing: /home/robot/human_ws/install/myinterfaces/include/myinterfaces/myinterfaces/srv/detail/action__type_support.cpp
[4.929s] -- Up-to-date: /home/robot/human_ws/install/myinterfaces/include/myinterfaces/myinterfaces/msg
[4.929s] -- Up-to-date: /home/robot/human_ws/install/myinterfaces/include/myinterfaces/myinterfaces/msg/detail
[4.929s] -- Installing: /home/robot/human_ws/install/myinterfaces/include/myinterfaces/myinterfaces/msg/detail/state__type_support.cpp
[4.929s] -- Installing: /home/robot/human_ws/install/myinterfaces/include/myinterfaces/myinterfaces/msg/detail/state__rosidl_typesupport_introspection_cpp.hpp
[4.929s] -- Installing: /home/robot/human_ws/install/myinterfaces/include/myinterfaces/myinterfaces/msg/detail/detect_coordinates__rosidl_typesupport_introspection_cpp.hpp
[4.929s] -- Installing: /home/robot/human_ws/install/myinterfaces/include/myinterfaces/myinterfaces/msg/detail/detect_coordinates__type_support.cpp
[4.929s] -- Installing: /home/robot/human_ws/install/myinterfaces/lib/libmyinterfaces__rosidl_typesupport_introspection_cpp.so
[4.929s] -- Set runtime path of "/home/robot/human_ws/install/myinterfaces/lib/libmyinterfaces__rosidl_typesupport_introspection_cpp.so" to ""
[4.930s] -- Installing: /home/robot/human_ws/install/myinterfaces/lib/libmyinterfaces__rosidl_typesupport_cpp.so
[4.930s] -- Set runtime path of "/home/robot/human_ws/install/myinterfaces/lib/libmyinterfaces__rosidl_typesupport_cpp.so" to ""
[4.930s] -- Up-to-date: /home/robot/human_ws/install/myinterfaces/share/myinterfaces/environment/pythonpath.sh
[4.930s] -- Installing: /home/robot/human_ws/install/myinterfaces/share/myinterfaces/environment/pythonpath.dsv
[4.930s] -- Up-to-date: /home/robot/human_ws/install/myinterfaces/local/lib/python3.10/dist-packages/myinterfaces-0.0.0-py3.10.egg-info
[4.930s] -- Installing: /home/robot/human_ws/install/myinterfaces/local/lib/python3.10/dist-packages/myinterfaces-0.0.0-py3.10.egg-info/PKG-INFO
[4.930s] -- Installing: /home/robot/human_ws/install/myinterfaces/local/lib/python3.10/dist-packages/myinterfaces-0.0.0-py3.10.egg-info/top_level.txt
[4.930s] -- Installing: /home/robot/human_ws/install/myinterfaces/local/lib/python3.10/dist-packages/myinterfaces-0.0.0-py3.10.egg-info/SOURCES.txt
[4.930s] -- Installing: /home/robot/human_ws/install/myinterfaces/local/lib/python3.10/dist-packages/myinterfaces-0.0.0-py3.10.egg-info/dependency_links.txt
[4.930s] -- Up-to-date: /home/robot/human_ws/install/myinterfaces/local/lib/python3.10/dist-packages/myinterfaces
[4.930s] -- Installing: /home/robot/human_ws/install/myinterfaces/local/lib/python3.10/dist-packages/myinterfaces/myinterfaces_s__rosidl_typesupport_introspection_c.cpython-310-x86_64-linux-gnu.so
[4.930s] -- Installing: /home/robot/human_ws/install/myinterfaces/local/lib/python3.10/dist-packages/myinterfaces/__init__.py
[4.930s] -- Installing: /home/robot/human_ws/install/myinterfaces/local/lib/python3.10/dist-packages/myinterfaces/_myinterfaces_s.ep.rosidl_typesupport_c.c
[4.930s] -- Installing: /home/robot/human_ws/install/myinterfaces/local/lib/python3.10/dist-packages/myinterfaces/_myinterfaces_s.ep.rosidl_typesupport_fastrtps_c.c
[4.930s] -- Installing: /home/robot/human_ws/install/myinterfaces/local/lib/python3.10/dist-packages/myinterfaces/libmyinterfaces__rosidl_generator_py.so
[4.930s] -- Up-to-date: /home/robot/human_ws/install/myinterfaces/local/lib/python3.10/dist-packages/myinterfaces/srv
[4.930s] -- Installing: /home/robot/human_ws/install/myinterfaces/local/lib/python3.10/dist-packages/myinterfaces/srv/_action_s.c
[4.930s] -- Installing: /home/robot/human_ws/install/myinterfaces/local/lib/python3.10/dist-packages/myinterfaces/srv/_humancoordinatespcd.py
[4.930s] -- Installing: /home/robot/human_ws/install/myinterfaces/local/lib/python3.10/dist-packages/myinterfaces/srv/_action.py
[4.930s] -- Installing: /home/robot/human_ws/install/myinterfaces/local/lib/python3.10/dist-packages/myinterfaces/srv/__init__.py
[4.930s] -- Installing: /home/robot/human_ws/install/myinterfaces/local/lib/python3.10/dist-packages/myinterfaces/srv/_tag.py
[4.930s] -- Installing: /home/robot/human_ws/install/myinterfaces/local/lib/python3.10/dist-packages/myinterfaces/srv/_humancoordinates.py
[4.930s] -- Installing: /home/robot/human_ws/install/myinterfaces/local/lib/python3.10/dist-packages/myinterfaces/srv/_tag_s.c
[4.930s] -- Installing: /home/robot/human_ws/install/myinterfaces/local/lib/python3.10/dist-packages/myinterfaces/srv/_humancoordinatespcd_s.c
[4.930s] -- Installing: /home/robot/human_ws/install/myinterfaces/local/lib/python3.10/dist-packages/myinterfaces/srv/_humancoordinates_s.c
[4.930s] -- Installing: /home/robot/human_ws/install/myinterfaces/local/lib/python3.10/dist-packages/myinterfaces/_myinterfaces_s.ep.rosidl_typesupport_introspection_c.c
[4.930s] -- Installing: /home/robot/human_ws/install/myinterfaces/local/lib/python3.10/dist-packages/myinterfaces/myinterfaces_s__rosidl_typesupport_c.cpython-310-x86_64-linux-gnu.so
[4.930s] -- Installing: /home/robot/human_ws/install/myinterfaces/local/lib/python3.10/dist-packages/myinterfaces/myinterfaces_s__rosidl_typesupport_fastrtps_c.cpython-310-x86_64-linux-gnu.so
[4.930s] -- Up-to-date: /home/robot/human_ws/install/myinterfaces/local/lib/python3.10/dist-packages/myinterfaces/msg
[4.930s] -- Installing: /home/robot/human_ws/install/myinterfaces/local/lib/python3.10/dist-packages/myinterfaces/msg/_detect_coordinates.py
[4.930s] -- Installing: /home/robot/human_ws/install/myinterfaces/local/lib/python3.10/dist-packages/myinterfaces/msg/__init__.py
[4.931s] -- Installing: /home/robot/human_ws/install/myinterfaces/local/lib/python3.10/dist-packages/myinterfaces/msg/_state.py
[4.931s] -- Installing: /home/robot/human_ws/install/myinterfaces/local/lib/python3.10/dist-packages/myinterfaces/msg/_state_s.c
[4.931s] -- Installing: /home/robot/human_ws/install/myinterfaces/local/lib/python3.10/dist-packages/myinterfaces/msg/_detect_coordinates_s.c
[4.965s] Listing '/home/robot/human_ws/install/myinterfaces/local/lib/python3.10/dist-packages/myinterfaces'...
[4.965s] Compiling '/home/robot/human_ws/install/myinterfaces/local/lib/python3.10/dist-packages/myinterfaces/__init__.py'...
[4.965s] Listing '/home/robot/human_ws/install/myinterfaces/local/lib/python3.10/dist-packages/myinterfaces/msg'...
[4.965s] Compiling '/home/robot/human_ws/install/myinterfaces/local/lib/python3.10/dist-packages/myinterfaces/msg/__init__.py'...
[4.965s] Compiling '/home/robot/human_ws/install/myinterfaces/local/lib/python3.10/dist-packages/myinterfaces/msg/_detect_coordinates.py'...
[4.965s] Compiling '/home/robot/human_ws/install/myinterfaces/local/lib/python3.10/dist-packages/myinterfaces/msg/_state.py'...
[4.965s] Listing '/home/robot/human_ws/install/myinterfaces/local/lib/python3.10/dist-packages/myinterfaces/srv'...
[4.965s] Compiling '/home/robot/human_ws/install/myinterfaces/local/lib/python3.10/dist-packages/myinterfaces/srv/__init__.py'...
[4.965s] Compiling '/home/robot/human_ws/install/myinterfaces/local/lib/python3.10/dist-packages/myinterfaces/srv/_action.py'...
[4.965s] Compiling '/home/robot/human_ws/install/myinterfaces/local/lib/python3.10/dist-packages/myinterfaces/srv/_humancoordinates.py'...
[4.965s] Compiling '/home/robot/human_ws/install/myinterfaces/local/lib/python3.10/dist-packages/myinterfaces/srv/_humancoordinatespcd.py'...
[4.965s] Compiling '/home/robot/human_ws/install/myinterfaces/local/lib/python3.10/dist-packages/myinterfaces/srv/_tag.py'...
[4.968s] -- Installing: /home/robot/human_ws/install/myinterfaces/local/lib/python3.10/dist-packages/myinterfaces/myinterfaces_s__rosidl_typesupport_fastrtps_c.cpython-310-x86_64-linux-gnu.so
[4.969s] -- Set runtime path of "/home/robot/human_ws/install/myinterfaces/local/lib/python3.10/dist-packages/myinterfaces/myinterfaces_s__rosidl_typesupport_fastrtps_c.cpython-310-x86_64-linux-gnu.so" to ""
[4.969s] -- Installing: /home/robot/human_ws/install/myinterfaces/local/lib/python3.10/dist-packages/myinterfaces/myinterfaces_s__rosidl_typesupport_introspection_c.cpython-310-x86_64-linux-gnu.so
[4.969s] -- Set runtime path of "/home/robot/human_ws/install/myinterfaces/local/lib/python3.10/dist-packages/myinterfaces/myinterfaces_s__rosidl_typesupport_introspection_c.cpython-310-x86_64-linux-gnu.so" to ""
[4.969s] -- Installing: /home/robot/human_ws/install/myinterfaces/local/lib/python3.10/dist-packages/myinterfaces/myinterfaces_s__rosidl_typesupport_c.cpython-310-x86_64-linux-gnu.so
[4.969s] -- Set runtime path of "/home/robot/human_ws/install/myinterfaces/local/lib/python3.10/dist-packages/myinterfaces/myinterfaces_s__rosidl_typesupport_c.cpython-310-x86_64-linux-gnu.so" to ""
[4.969s] -- Installing: /home/robot/human_ws/install/myinterfaces/lib/libmyinterfaces__rosidl_generator_py.so
[4.969s] -- Set runtime path of "/home/robot/human_ws/install/myinterfaces/lib/libmyinterfaces__rosidl_generator_py.so" to ""
[4.969s] -- Up-to-date: /home/robot/human_ws/install/myinterfaces/share/myinterfaces/msg/DetectCoordinates.idl
[4.969s] -- Up-to-date: /home/robot/human_ws/install/myinterfaces/share/myinterfaces/msg/State.idl
[4.969s] -- Up-to-date: /home/robot/human_ws/install/myinterfaces/share/myinterfaces/srv/Humancoordinates.idl
[4.970s] -- Up-to-date: /home/robot/human_ws/install/myinterfaces/share/myinterfaces/srv/Humancoordinatespcd.idl
[4.970s] -- Installing: /home/robot/human_ws/install/myinterfaces/share/myinterfaces/srv/Tag.idl
[4.970s] -- Up-to-date: /home/robot/human_ws/install/myinterfaces/share/myinterfaces/srv/Action.idl
[4.970s] -- Up-to-date: /home/robot/human_ws/install/myinterfaces/share/myinterfaces/msg/DetectCoordinates.msg
[4.970s] -- Up-to-date: /home/robot/human_ws/install/myinterfaces/share/myinterfaces/msg/State.msg
[4.970s] -- Up-to-date: /home/robot/human_ws/install/myinterfaces/share/myinterfaces/srv/Humancoordinates.srv
[4.970s] -- Up-to-date: /home/robot/human_ws/install/myinterfaces/share/myinterfaces/srv/Humancoordinates_Request.msg
[4.970s] -- Up-to-date: /home/robot/human_ws/install/myinterfaces/share/myinterfaces/srv/Humancoordinates_Response.msg
[4.970s] -- Up-to-date: /home/robot/human_ws/install/myinterfaces/share/myinterfaces/srv/Humancoordinatespcd.srv
[4.970s] -- Up-to-date: /home/robot/human_ws/install/myinterfaces/share/myinterfaces/srv/Humancoordinatespcd_Request.msg
[4.970s] -- Up-to-date: /home/robot/human_ws/install/myinterfaces/share/myinterfaces/srv/Humancoordinatespcd_Response.msg
[4.970s] -- Installing: /home/robot/human_ws/install/myinterfaces/share/myinterfaces/srv/Tag.srv
[4.970s] -- Installing: /home/robot/human_ws/install/myinterfaces/share/myinterfaces/srv/Tag_Request.msg
[4.970s] -- Up-to-date: /home/robot/human_ws/install/myinterfaces/share/myinterfaces/srv/Tag_Response.msg
[4.970s] -- Up-to-date: /home/robot/human_ws/install/myinterfaces/share/myinterfaces/srv/Action.srv
[4.970s] -- Up-to-date: /home/robot/human_ws/install/myinterfaces/share/myinterfaces/srv/Action_Request.msg
[4.970s] -- Up-to-date: /home/robot/human_ws/install/myinterfaces/share/myinterfaces/srv/Action_Response.msg
[4.970s] -- Up-to-date: /home/robot/human_ws/install/myinterfaces/share/ament_index/resource_index/package_run_dependencies/myinterfaces
[4.970s] -- Up-to-date: /home/robot/human_ws/install/myinterfaces/share/ament_index/resource_index/parent_prefix_path/myinterfaces
[4.970s] -- Up-to-date: /home/robot/human_ws/install/myinterfaces/share/myinterfaces/environment/ament_prefix_path.sh
[4.970s] -- Installing: /home/robot/human_ws/install/myinterfaces/share/myinterfaces/environment/ament_prefix_path.dsv
[4.970s] -- Up-to-date: /home/robot/human_ws/install/myinterfaces/share/myinterfaces/environment/path.sh
[4.970s] -- Installing: /home/robot/human_ws/install/myinterfaces/share/myinterfaces/environment/path.dsv
[4.970s] -- Up-to-date: /home/robot/human_ws/install/myinterfaces/share/myinterfaces/local_setup.bash
[4.970s] -- Up-to-date: /home/robot/human_ws/install/myinterfaces/share/myinterfaces/local_setup.sh
[4.971s] -- Up-to-date: /home/robot/human_ws/install/myinterfaces/share/myinterfaces/local_setup.zsh
[4.971s] -- Installing: /home/robot/human_ws/install/myinterfaces/share/myinterfaces/local_setup.dsv
[4.971s] -- Installing: /home/robot/human_ws/install/myinterfaces/share/myinterfaces/package.dsv
[4.971s] -- Up-to-date: /home/robot/human_ws/install/myinterfaces/share/ament_index/resource_index/packages/myinterfaces
[4.971s] -- Up-to-date: /home/robot/human_ws/install/myinterfaces/share/myinterfaces/cmake/export_myinterfaces__rosidl_generator_cExport.cmake
[4.971s] -- Up-to-date: /home/robot/human_ws/install/myinterfaces/share/myinterfaces/cmake/export_myinterfaces__rosidl_generator_cExport-noconfig.cmake
[4.971s] -- Up-to-date: /home/robot/human_ws/install/myinterfaces/share/myinterfaces/cmake/export_myinterfaces__rosidl_typesupport_fastrtps_cExport.cmake
[4.971s] -- Up-to-date: /home/robot/human_ws/install/myinterfaces/share/myinterfaces/cmake/export_myinterfaces__rosidl_typesupport_fastrtps_cExport-noconfig.cmake
[4.971s] -- Up-to-date: /home/robot/human_ws/install/myinterfaces/share/myinterfaces/cmake/myinterfaces__rosidl_typesupport_introspection_cExport.cmake
[4.971s] -- Up-to-date: /home/robot/human_ws/install/myinterfaces/share/myinterfaces/cmake/myinterfaces__rosidl_typesupport_introspection_cExport-noconfig.cmake
[4.971s] -- Up-to-date: /home/robot/human_ws/install/myinterfaces/share/myinterfaces/cmake/myinterfaces__rosidl_typesupport_cExport.cmake
[4.971s] -- Up-to-date: /home/robot/human_ws/install/myinterfaces/share/myinterfaces/cmake/myinterfaces__rosidl_typesupport_cExport-noconfig.cmake
[4.971s] -- Up-to-date: /home/robot/human_ws/install/myinterfaces/share/myinterfaces/cmake/export_myinterfaces__rosidl_generator_cppExport.cmake
[4.971s] -- Up-to-date: /home/robot/human_ws/install/myinterfaces/share/myinterfaces/cmake/export_myinterfaces__rosidl_typesupport_fastrtps_cppExport.cmake
[4.971s] -- Up-to-date: /home/robot/human_ws/install/myinterfaces/share/myinterfaces/cmake/export_myinterfaces__rosidl_typesupport_fastrtps_cppExport-noconfig.cmake
[4.971s] -- Up-to-date: /home/robot/human_ws/install/myinterfaces/share/myinterfaces/cmake/myinterfaces__rosidl_typesupport_introspection_cppExport.cmake
[4.971s] -- Up-to-date: /home/robot/human_ws/install/myinterfaces/share/myinterfaces/cmake/myinterfaces__rosidl_typesupport_introspection_cppExport-noconfig.cmake
[4.971s] -- Up-to-date: /home/robot/human_ws/install/myinterfaces/share/myinterfaces/cmake/myinterfaces__rosidl_typesupport_cppExport.cmake
[4.971s] -- Up-to-date: /home/robot/human_ws/install/myinterfaces/share/myinterfaces/cmake/myinterfaces__rosidl_typesupport_cppExport-noconfig.cmake
[4.971s] -- Up-to-date: /home/robot/human_ws/install/myinterfaces/share/myinterfaces/cmake/export_myinterfaces__rosidl_generator_pyExport.cmake
[4.971s] -- Up-to-date: /home/robot/human_ws/install/myinterfaces/share/myinterfaces/cmake/export_myinterfaces__rosidl_generator_pyExport-noconfig.cmake
[4.971s] -- Up-to-date: /home/robot/human_ws/install/myinterfaces/share/myinterfaces/cmake/rosidl_cmake-extras.cmake
[4.971s] -- Up-to-date: /home/robot/human_ws/install/myinterfaces/share/myinterfaces/cmake/ament_cmake_export_dependencies-extras.cmake
[4.971s] -- Up-to-date: /home/robot/human_ws/install/myinterfaces/share/myinterfaces/cmake/ament_cmake_export_include_directories-extras.cmake
[4.971s] -- Up-to-date: /home/robot/human_ws/install/myinterfaces/share/myinterfaces/cmake/ament_cmake_export_libraries-extras.cmake
[4.971s] -- Up-to-date: /home/robot/human_ws/install/myinterfaces/share/myinterfaces/cmake/ament_cmake_export_targets-extras.cmake
[4.971s] -- Up-to-date: /home/robot/human_ws/install/myinterfaces/share/myinterfaces/cmake/rosidl_cmake_export_typesupport_targets-extras.cmake
[4.972s] -- Up-to-date: /home/robot/human_ws/install/myinterfaces/share/myinterfaces/cmake/rosidl_cmake_export_typesupport_libraries-extras.cmake
[4.972s] -- Up-to-date: /home/robot/human_ws/install/myinterfaces/share/myinterfaces/cmake/myinterfacesConfig.cmake
[4.972s] -- Up-to-date: /home/robot/human_ws/install/myinterfaces/share/myinterfaces/cmake/myinterfacesConfig-version.cmake
[4.972s] -- Up-to-date: /home/robot/human_ws/install/myinterfaces/share/myinterfaces/package.xml
[4.973s] Invoked command in '/home/robot/human_ws/build/myinterfaces' returned '0': CMAKE_PREFIX_PATH=${CMAKE_PREFIX_PATH}:/home/robot/human_ws/install/rotate:/home/robot/human_ws/install/locomotion:/home/robot/human_ws/install/human:/home/robot/human_ws/install/manager:/home/robot/human_ws/install/listen:/home/robot/human_ws/install/image:/home/robot/human_ws/install/follow:/home/robot/human_ws/install/apriltag_detection:/home/robot/human_ws/install/action_server:/home/robot/robot_controller_release/ros2_packages/object_detect_track_node_py:/opt/ros/humble /usr/bin/cmake --install /home/robot/human_ws/build/myinterfaces
