[0.011s] Invoking command in '/home/robot/human_ws/build/robot_startup': CMAKE_PREFIX_PATH=${CMAKE_PREFIX_PATH}:/home/robot/robot_controller_release/ros2_packages/object_detect_track_node_py:/opt/ros/humble /usr/bin/cmake /home/robot/human_ws/src/robot_startup -DCMAKE_INSTALL_PREFIX=/home/robot/human_ws/install/robot_startup
[0.082s] -- The C compiler identification is GNU 11.4.0
[0.141s] -- The CXX compiler identification is GNU 11.4.0
[0.147s] -- Detecting C compiler ABI info
[0.225s] -- Detecting C compiler ABI info - done
[0.232s] -- Check for working C compiler: /usr/bin/cc - skipped
[0.233s] -- Detecting C compile features
[0.233s] -- Detecting C compile features - done
[0.236s] -- Detecting CXX compiler ABI info
[0.324s] -- Detecting CXX compiler ABI info - done
[0.329s] -- Check for working CXX compiler: /usr/bin/c++ - skipped
[0.329s] -- Detecting CXX compile features
[0.330s] -- Detecting CXX compile features - done
[0.332s] -- Found ament_cmake: 1.3.10 (/opt/ros/humble/share/ament_cmake/cmake)
[0.480s] -- Found Python3: /usr/bin/python3 (found version "3.10.12") found components: Interpreter 
[0.549s] -- Found ament_lint_auto: 0.12.11 (/opt/ros/humble/share/ament_lint_auto/cmake)
[0.619s] -- Added test 'flake8' to check Python code syntax and style conventions
[0.619s] -- Added test 'lint_cmake' to check CMake code style
[0.619s] -- Added test 'pep257' to check Python code against some of the docstring style conventions in PEP 257
[0.620s] -- Added test 'xmllint' to check XML markup files
[0.621s] -- Configuring done
[0.622s] -- Generating done
[0.623s] -- Build files have been written to: /home/robot/human_ws/build/robot_startup
[0.626s] Invoked command in '/home/robot/human_ws/build/robot_startup' returned '0': CMAKE_PREFIX_PATH=${CMAKE_PREFIX_PATH}:/home/robot/robot_controller_release/ros2_packages/object_detect_track_node_py:/opt/ros/humble /usr/bin/cmake /home/robot/human_ws/src/robot_startup -DCMAKE_INSTALL_PREFIX=/home/robot/human_ws/install/robot_startup
[0.628s] Invoking command in '/home/robot/human_ws/build/robot_startup': CMAKE_PREFIX_PATH=${CMAKE_PREFIX_PATH}:/home/robot/robot_controller_release/ros2_packages/object_detect_track_node_py:/opt/ros/humble /usr/bin/cmake --build /home/robot/human_ws/build/robot_startup -- -j16 -l16
[0.671s] Invoked command in '/home/robot/human_ws/build/robot_startup' returned '0': CMAKE_PREFIX_PATH=${CMAKE_PREFIX_PATH}:/home/robot/robot_controller_release/ros2_packages/object_detect_track_node_py:/opt/ros/humble /usr/bin/cmake --build /home/robot/human_ws/build/robot_startup -- -j16 -l16
[0.708s] Invoking command in '/home/robot/human_ws/build/robot_startup': CMAKE_PREFIX_PATH=${CMAKE_PREFIX_PATH}:/home/robot/robot_controller_release/ros2_packages/object_detect_track_node_py:/opt/ros/humble /usr/bin/cmake --install /home/robot/human_ws/build/robot_startup
[0.718s] -- Install configuration: ""
[0.719s] -- Installing: /home/robot/human_ws/install/robot_startup/share/robot_startup/launch
[0.719s] -- Installing: /home/robot/human_ws/install/robot_startup/share/robot_startup/launch/start.launch.py
[0.719s] -- Installing: /home/robot/human_ws/install/robot_startup/share/ament_index/resource_index/package_run_dependencies/robot_startup
[0.719s] -- Installing: /home/robot/human_ws/install/robot_startup/share/ament_index/resource_index/parent_prefix_path/robot_startup
[0.719s] -- Installing: /home/robot/human_ws/install/robot_startup/share/robot_startup/environment/ament_prefix_path.sh
[0.720s] -- Installing: /home/robot/human_ws/install/robot_startup/share/robot_startup/environment/ament_prefix_path.dsv
[0.720s] -- Installing: /home/robot/human_ws/install/robot_startup/share/robot_startup/environment/path.sh
[0.720s] -- Installing: /home/robot/human_ws/install/robot_startup/share/robot_startup/environment/path.dsv
[0.720s] -- Installing: /home/robot/human_ws/install/robot_startup/share/robot_startup/local_setup.bash
[0.720s] -- Installing: /home/robot/human_ws/install/robot_startup/share/robot_startup/local_setup.sh
[0.720s] -- Installing: /home/robot/human_ws/install/robot_startup/share/robot_startup/local_setup.zsh
[0.720s] -- Installing: /home/robot/human_ws/install/robot_startup/share/robot_startup/local_setup.dsv
[0.720s] -- Installing: /home/robot/human_ws/install/robot_startup/share/robot_startup/package.dsv
[0.721s] -- Installing: /home/robot/human_ws/install/robot_startup/share/ament_index/resource_index/packages/robot_startup
[0.721s] -- Installing: /home/robot/human_ws/install/robot_startup/share/robot_startup/cmake/robot_startupConfig.cmake
[0.721s] -- Installing: /home/robot/human_ws/install/robot_startup/share/robot_startup/cmake/robot_startupConfig-version.cmake
[0.721s] -- Installing: /home/robot/human_ws/install/robot_startup/share/robot_startup/package.xml
[0.723s] Invoked command in '/home/robot/human_ws/build/robot_startup' returned '0': CMAKE_PREFIX_PATH=${CMAKE_PREFIX_PATH}:/home/robot/robot_controller_release/ros2_packages/object_detect_track_node_py:/opt/ros/humble /usr/bin/cmake --install /home/robot/human_ws/build/robot_startup
