[1.624s] Invoking command in '/home/robot/human_ws/src/follow': PYTHONPATH=/home/robot/human_ws/build/follow/prefix_override:/usr/lib/python3/dist-packages/colcon_core/task/python/colcon_distutils_commands:/home/robot/human_ws/install/follow/lib/python3.10/site-packages:${PYTHONPATH} /usr/bin/python3 -W ignore:setup.py install is deprecated setup.py egg_info --egg-base ../../build/follow build --build-base /home/robot/human_ws/build/follow/build install --record /home/robot/human_ws/build/follow/install.log --single-version-externally-managed install_data
[2.176s] running egg_info
[2.176s] writing ../../build/follow/follow.egg-info/PKG-INFO
[2.177s] writing dependency_links to ../../build/follow/follow.egg-info/dependency_links.txt
[2.177s] writing entry points to ../../build/follow/follow.egg-info/entry_points.txt
[2.177s] writing requirements to ../../build/follow/follow.egg-info/requires.txt
[2.177s] writing top-level names to ../../build/follow/follow.egg-info/top_level.txt
[2.179s] reading manifest file '../../build/follow/follow.egg-info/SOURCES.txt'
[2.180s] writing manifest file '../../build/follow/follow.egg-info/SOURCES.txt'
[2.180s] running build
[2.180s] running build_py
[2.181s] copying follow/follower.py -> /home/robot/human_ws/build/follow/build/lib/follow
[2.181s] running install
[2.182s] running install_lib
[2.183s] copying /home/robot/human_ws/build/follow/build/lib/follow/follower.py -> /home/robot/human_ws/install/follow/lib/python3.10/site-packages/follow
[2.184s] byte-compiling /home/robot/human_ws/install/follow/lib/python3.10/site-packages/follow/follower.py to follower.cpython-310.pyc
[2.189s] running install_data
[2.189s] running install_egg_info
[2.189s] removing '/home/robot/human_ws/install/follow/lib/python3.10/site-packages/follow-0.0.0-py3.10.egg-info' (and everything under it)
[2.192s] Copying ../../build/follow/follow.egg-info to /home/robot/human_ws/install/follow/lib/python3.10/site-packages/follow-0.0.0-py3.10.egg-info
[2.192s] running install_scripts
[2.219s] Installing follower script to /home/robot/human_ws/install/follow/lib/follow
[2.219s] Installing joy_publisher script to /home/robot/human_ws/install/follow/lib/follow
[2.220s] Installing test_publisher script to /home/robot/human_ws/install/follow/lib/follow
[2.220s] writing list of installed files to '/home/robot/human_ws/build/follow/install.log'
[2.260s] Invoked command in '/home/robot/human_ws/src/follow' returned '0': PYTHONPATH=/home/robot/human_ws/build/follow/prefix_override:/usr/lib/python3/dist-packages/colcon_core/task/python/colcon_distutils_commands:/home/robot/human_ws/install/follow/lib/python3.10/site-packages:${PYTHONPATH} /usr/bin/python3 -W ignore:setup.py install is deprecated setup.py egg_info --egg-base ../../build/follow build --build-base /home/robot/human_ws/build/follow/build install --record /home/robot/human_ws/build/follow/install.log --single-version-externally-managed install_data
