[0.010s] Invoking command in '/home/robot/human_ws/build/depthimage_to_laserscan': CMAKE_PREFIX_PATH=${CMAKE_PREFIX_PATH}:/home/robot/human_ws/install/rotate:/home/robot/human_ws/install/human:/home/robot/human_ws/install/image:/home/robot/human_ws/install/follow:/home/robot/robot_controller_release/ros2_packages/object_detect_track_node_py:/opt/ros/humble /usr/bin/cmake --build /home/robot/human_ws/build/depthimage_to_laserscan -- -j16 -l16
[0.076s] [ 16%] Built target gtest_main
[0.077s] [ 33%] Built target DepthImageToLaserScan
[0.077s] [ 50%] Built target gtest
[0.104s] [ 66%] Built target depthimage_to_laserscan-test
[0.109s] [ 75%] [32mBuilding CXX object CMakeFiles/DepthImageToLaserScanROS.dir/src/DepthImageToLaserScanROS.cpp.o[0m
[8.586s] [ 83%] [32m[1mLinking CXX shared library libDepthImageToLaserScanROS.so[0m
[9.065s] [ 83%] Built target DepthImageToLaserScanROS
[9.096s] [ 91%] [32m[1mLinking CXX executable depthimage_to_laserscan_node[0m
[9.312s] [100%] Built target depthimage_to_laserscan_node
[9.326s] Invoked command in '/home/robot/human_ws/build/depthimage_to_laserscan' returned '0': CMAKE_PREFIX_PATH=${CMAKE_PREFIX_PATH}:/home/robot/human_ws/install/rotate:/home/robot/human_ws/install/human:/home/robot/human_ws/install/image:/home/robot/human_ws/install/follow:/home/robot/robot_controller_release/ros2_packages/object_detect_track_node_py:/opt/ros/humble /usr/bin/cmake --build /home/robot/human_ws/build/depthimage_to_laserscan -- -j16 -l16
[9.403s] Invoking command in '/home/robot/human_ws/build/depthimage_to_laserscan': CMAKE_PREFIX_PATH=${CMAKE_PREFIX_PATH}:/home/robot/human_ws/install/rotate:/home/robot/human_ws/install/human:/home/robot/human_ws/install/image:/home/robot/human_ws/install/follow:/home/robot/robot_controller_release/ros2_packages/object_detect_track_node_py:/opt/ros/humble /usr/bin/cmake --install /home/robot/human_ws/build/depthimage_to_laserscan
[9.412s] -- Install configuration: ""
[9.412s] -- Up-to-date: /home/robot/human_ws/install/depthimage_to_laserscan/include/depthimage_to_laserscan
[9.412s] -- Up-to-date: /home/robot/human_ws/install/depthimage_to_laserscan/include/depthimage_to_laserscan/depthimage_to_laserscan
[9.412s] -- Up-to-date: /home/robot/human_ws/install/depthimage_to_laserscan/include/depthimage_to_laserscan/depthimage_to_laserscan/DepthImageToLaserScanROS.hpp
[9.412s] -- Up-to-date: /home/robot/human_ws/install/depthimage_to_laserscan/include/depthimage_to_laserscan/depthimage_to_laserscan/DepthImageToLaserScan.hpp
[9.413s] -- Up-to-date: /home/robot/human_ws/install/depthimage_to_laserscan/include/depthimage_to_laserscan/depthimage_to_laserscan/depth_traits.hpp
[9.413s] -- Up-to-date: /home/robot/human_ws/install/depthimage_to_laserscan/share/depthimage_to_laserscan//launch
[9.413s] -- Installing: /home/robot/human_ws/install/depthimage_to_laserscan/share/depthimage_to_laserscan//launch/depthimage_to_laserscan-launch.py
[9.413s] -- Up-to-date: /home/robot/human_ws/install/depthimage_to_laserscan/share/depthimage_to_laserscan//launch/depthimage_to_laserscan_composed-launch.py
[9.413s] -- Up-to-date: /home/robot/human_ws/install/depthimage_to_laserscan/share/depthimage_to_laserscan//cfg
[9.413s] -- Up-to-date: /home/robot/human_ws/install/depthimage_to_laserscan/share/depthimage_to_laserscan//cfg/param.yaml
[9.413s] -- Up-to-date: /home/robot/human_ws/install/depthimage_to_laserscan/lib/libDepthImageToLaserScan.so
[9.413s] -- Installing: /home/robot/human_ws/install/depthimage_to_laserscan/lib/libDepthImageToLaserScanROS.so
[9.422s] -- Set runtime path of "/home/robot/human_ws/install/depthimage_to_laserscan/lib/libDepthImageToLaserScanROS.so" to ""
[9.422s] -- Installing: /home/robot/human_ws/install/depthimage_to_laserscan/lib/depthimage_to_laserscan/depthimage_to_laserscan_node
[9.422s] -- Set runtime path of "/home/robot/human_ws/install/depthimage_to_laserscan/lib/depthimage_to_laserscan/depthimage_to_laserscan_node" to ""
[9.423s] -- Up-to-date: /home/robot/human_ws/install/depthimage_to_laserscan/include/depthimage_to_laserscan/depthimage_to_laserscan/DepthImageToLaserScan_export.h
[9.423s] -- Up-to-date: /home/robot/human_ws/install/depthimage_to_laserscan/include/depthimage_to_laserscan/depthimage_to_laserscan/DepthImageToLaserScanROS_export.h
[9.423s] -- Up-to-date: /home/robot/human_ws/install/depthimage_to_laserscan/share/depthimage_to_laserscan/environment/library_path.sh
[9.423s] -- Up-to-date: /home/robot/human_ws/install/depthimage_to_laserscan/share/depthimage_to_laserscan/environment/library_path.dsv
[9.423s] -- Up-to-date: /home/robot/human_ws/install/depthimage_to_laserscan/share/ament_index/resource_index/package_run_dependencies/depthimage_to_laserscan
[9.423s] -- Up-to-date: /home/robot/human_ws/install/depthimage_to_laserscan/share/ament_index/resource_index/parent_prefix_path/depthimage_to_laserscan
[9.423s] -- Up-to-date: /home/robot/human_ws/install/depthimage_to_laserscan/share/depthimage_to_laserscan/environment/ament_prefix_path.sh
[9.423s] -- Up-to-date: /home/robot/human_ws/install/depthimage_to_laserscan/share/depthimage_to_laserscan/environment/ament_prefix_path.dsv
[9.423s] -- Up-to-date: /home/robot/human_ws/install/depthimage_to_laserscan/share/depthimage_to_laserscan/environment/path.sh
[9.423s] -- Up-to-date: /home/robot/human_ws/install/depthimage_to_laserscan/share/depthimage_to_laserscan/environment/path.dsv
[9.423s] -- Up-to-date: /home/robot/human_ws/install/depthimage_to_laserscan/share/depthimage_to_laserscan/local_setup.bash
[9.423s] -- Up-to-date: /home/robot/human_ws/install/depthimage_to_laserscan/share/depthimage_to_laserscan/local_setup.sh
[9.423s] -- Up-to-date: /home/robot/human_ws/install/depthimage_to_laserscan/share/depthimage_to_laserscan/local_setup.zsh
[9.423s] -- Up-to-date: /home/robot/human_ws/install/depthimage_to_laserscan/share/depthimage_to_laserscan/local_setup.dsv
[9.423s] -- Installing: /home/robot/human_ws/install/depthimage_to_laserscan/share/depthimage_to_laserscan/package.dsv
[9.423s] -- Up-to-date: /home/robot/human_ws/install/depthimage_to_laserscan/share/ament_index/resource_index/packages/depthimage_to_laserscan
[9.423s] -- Up-to-date: /home/robot/human_ws/install/depthimage_to_laserscan/share/ament_index/resource_index/rclcpp_components/depthimage_to_laserscan
[9.423s] -- Up-to-date: /home/robot/human_ws/install/depthimage_to_laserscan/share/depthimage_to_laserscan/cmake/export_depthimage_to_laserscanExport.cmake
[9.423s] -- Up-to-date: /home/robot/human_ws/install/depthimage_to_laserscan/share/depthimage_to_laserscan/cmake/export_depthimage_to_laserscanExport-noconfig.cmake
[9.423s] -- Up-to-date: /home/robot/human_ws/install/depthimage_to_laserscan/share/depthimage_to_laserscan/cmake/ament_cmake_export_include_directories-extras.cmake
[9.423s] -- Up-to-date: /home/robot/human_ws/install/depthimage_to_laserscan/share/depthimage_to_laserscan/cmake/ament_cmake_export_libraries-extras.cmake
[9.423s] -- Up-to-date: /home/robot/human_ws/install/depthimage_to_laserscan/share/depthimage_to_laserscan/cmake/ament_cmake_export_targets-extras.cmake
[9.424s] -- Up-to-date: /home/robot/human_ws/install/depthimage_to_laserscan/share/depthimage_to_laserscan/cmake/ament_cmake_export_dependencies-extras.cmake
[9.424s] -- Up-to-date: /home/robot/human_ws/install/depthimage_to_laserscan/share/depthimage_to_laserscan/cmake/depthimage_to_laserscanConfig.cmake
[9.424s] -- Up-to-date: /home/robot/human_ws/install/depthimage_to_laserscan/share/depthimage_to_laserscan/cmake/depthimage_to_laserscanConfig-version.cmake
[9.424s] -- Up-to-date: /home/robot/human_ws/install/depthimage_to_laserscan/share/depthimage_to_laserscan/package.xml
[9.425s] Invoked command in '/home/robot/human_ws/build/depthimage_to_laserscan' returned '0': CMAKE_PREFIX_PATH=${CMAKE_PREFIX_PATH}:/home/robot/human_ws/install/rotate:/home/robot/human_ws/install/human:/home/robot/human_ws/install/image:/home/robot/human_ws/install/follow:/home/robot/robot_controller_release/ros2_packages/object_detect_track_node_py:/opt/ros/humble /usr/bin/cmake --install /home/robot/human_ws/build/depthimage_to_laserscan
