running egg_info
creating ../../build/human/human.egg-info
writing ../../build/human/human.egg-info/PKG-INFO
writing dependency_links to ../../build/human/human.egg-info/dependency_links.txt
writing entry points to ../../build/human/human.egg-info/entry_points.txt
writing requirements to ../../build/human/human.egg-info/requires.txt
writing top-level names to ../../build/human/human.egg-info/top_level.txt
writing manifest file '../../build/human/human.egg-info/SOURCES.txt'
reading manifest file '../../build/human/human.egg-info/SOURCES.txt'
writing manifest file '../../build/human/human.egg-info/SOURCES.txt'
running build
running build_py
creating /home/robot/human_ws/build/human/build
creating /home/robot/human_ws/build/human/build/lib
creating /home/robot/human_ws/build/human/build/lib/human
copying human/rstest.py -> /home/robot/human_ws/build/human/build/lib/human
copying human/__init__.py -> /home/robot/human_ws/build/human/build/lib/human
copying human/human_client.py -> /home/robot/human_ws/build/human/build/lib/human
copying human/human_detection.py -> /home/robot/human_ws/build/human/build/lib/human
creating /home/robot/human_ws/build/human/build/lib/human/models
copying human/models/tf.py -> /home/robot/human_ws/build/human/build/lib/human/models
copying human/models/__init__.py -> /home/robot/human_ws/build/human/build/lib/human/models
copying human/models/common.py -> /home/robot/human_ws/build/human/build/lib/human/models
copying human/models/experimental.py -> /home/robot/human_ws/build/human/build/lib/human/models
copying human/models/yolo.py -> /home/robot/human_ws/build/human/build/lib/human/models
creating /home/robot/human_ws/build/human/build/lib/human/utils
copying human/utils/plots.py -> /home/robot/human_ws/build/human/build/lib/human/utils
copying human/utils/loss.py -> /home/robot/human_ws/build/human/build/lib/human/utils
copying human/utils/metrics.py -> /home/robot/human_ws/build/human/build/lib/human/utils
copying human/utils/torch_utils.py -> /home/robot/human_ws/build/human/build/lib/human/utils
copying human/utils/callbacks.py -> /home/robot/human_ws/build/human/build/lib/human/utils
copying human/utils/__init__.py -> /home/robot/human_ws/build/human/build/lib/human/utils
copying human/utils/downloads.py -> /home/robot/human_ws/build/human/build/lib/human/utils
copying human/utils/datasets.py -> /home/robot/human_ws/build/human/build/lib/human/utils
copying human/utils/general.py -> /home/robot/human_ws/build/human/build/lib/human/utils
copying human/utils/activations.py -> /home/robot/human_ws/build/human/build/lib/human/utils
copying human/utils/autoanchor.py -> /home/robot/human_ws/build/human/build/lib/human/utils
copying human/utils/augmentations.py -> /home/robot/human_ws/build/human/build/lib/human/utils
creating /home/robot/human_ws/build/human/build/lib/human/utils/loggers
copying human/utils/loggers/__init__.py -> /home/robot/human_ws/build/human/build/lib/human/utils/loggers
creating /home/robot/human_ws/build/human/build/lib/human/utils/aws
copying human/utils/aws/__init__.py -> /home/robot/human_ws/build/human/build/lib/human/utils/aws
copying human/utils/aws/resume.py -> /home/robot/human_ws/build/human/build/lib/human/utils/aws
creating /home/robot/human_ws/build/human/build/lib/human/utils/loggers/wandb
copying human/utils/loggers/wandb/__init__.py -> /home/robot/human_ws/build/human/build/lib/human/utils/loggers/wandb
copying human/utils/loggers/wandb/log_dataset.py -> /home/robot/human_ws/build/human/build/lib/human/utils/loggers/wandb
copying human/utils/loggers/wandb/wandb_utils.py -> /home/robot/human_ws/build/human/build/lib/human/utils/loggers/wandb
copying human/utils/loggers/wandb/sweep.py -> /home/robot/human_ws/build/human/build/lib/human/utils/loggers/wandb
running install
running install_lib
copying /home/robot/human_ws/build/human/build/lib/human/rstest.py -> /home/robot/human_ws/install/human/lib/python3.10/site-packages/human
copying /home/robot/human_ws/build/human/build/lib/human/__init__.py -> /home/robot/human_ws/install/human/lib/python3.10/site-packages/human
copying /home/robot/human_ws/build/human/build/lib/human/models/tf.py -> /home/robot/human_ws/install/human/lib/python3.10/site-packages/human/models
copying /home/robot/human_ws/build/human/build/lib/human/models/__init__.py -> /home/robot/human_ws/install/human/lib/python3.10/site-packages/human/models
copying /home/robot/human_ws/build/human/build/lib/human/models/common.py -> /home/robot/human_ws/install/human/lib/python3.10/site-packages/human/models
copying /home/robot/human_ws/build/human/build/lib/human/models/experimental.py -> /home/robot/human_ws/install/human/lib/python3.10/site-packages/human/models
copying /home/robot/human_ws/build/human/build/lib/human/models/yolo.py -> /home/robot/human_ws/install/human/lib/python3.10/site-packages/human/models
copying /home/robot/human_ws/build/human/build/lib/human/human_client.py -> /home/robot/human_ws/install/human/lib/python3.10/site-packages/human
copying /home/robot/human_ws/build/human/build/lib/human/human_detection.py -> /home/robot/human_ws/install/human/lib/python3.10/site-packages/human
copying /home/robot/human_ws/build/human/build/lib/human/utils/plots.py -> /home/robot/human_ws/install/human/lib/python3.10/site-packages/human/utils
copying /home/robot/human_ws/build/human/build/lib/human/utils/loggers/__init__.py -> /home/robot/human_ws/install/human/lib/python3.10/site-packages/human/utils/loggers
copying /home/robot/human_ws/build/human/build/lib/human/utils/loggers/wandb/__init__.py -> /home/robot/human_ws/install/human/lib/python3.10/site-packages/human/utils/loggers/wandb
copying /home/robot/human_ws/build/human/build/lib/human/utils/loggers/wandb/log_dataset.py -> /home/robot/human_ws/install/human/lib/python3.10/site-packages/human/utils/loggers/wandb
copying /home/robot/human_ws/build/human/build/lib/human/utils/loggers/wandb/wandb_utils.py -> /home/robot/human_ws/install/human/lib/python3.10/site-packages/human/utils/loggers/wandb
copying /home/robot/human_ws/build/human/build/lib/human/utils/loggers/wandb/sweep.py -> /home/robot/human_ws/install/human/lib/python3.10/site-packages/human/utils/loggers/wandb
copying /home/robot/human_ws/build/human/build/lib/human/utils/loss.py -> /home/robot/human_ws/install/human/lib/python3.10/site-packages/human/utils
copying /home/robot/human_ws/build/human/build/lib/human/utils/metrics.py -> /home/robot/human_ws/install/human/lib/python3.10/site-packages/human/utils
copying /home/robot/human_ws/build/human/build/lib/human/utils/torch_utils.py -> /home/robot/human_ws/install/human/lib/python3.10/site-packages/human/utils
copying /home/robot/human_ws/build/human/build/lib/human/utils/callbacks.py -> /home/robot/human_ws/install/human/lib/python3.10/site-packages/human/utils
copying /home/robot/human_ws/build/human/build/lib/human/utils/__init__.py -> /home/robot/human_ws/install/human/lib/python3.10/site-packages/human/utils
copying /home/robot/human_ws/build/human/build/lib/human/utils/aws/__init__.py -> /home/robot/human_ws/install/human/lib/python3.10/site-packages/human/utils/aws
copying /home/robot/human_ws/build/human/build/lib/human/utils/aws/resume.py -> /home/robot/human_ws/install/human/lib/python3.10/site-packages/human/utils/aws
copying /home/robot/human_ws/build/human/build/lib/human/utils/downloads.py -> /home/robot/human_ws/install/human/lib/python3.10/site-packages/human/utils
copying /home/robot/human_ws/build/human/build/lib/human/utils/datasets.py -> /home/robot/human_ws/install/human/lib/python3.10/site-packages/human/utils
copying /home/robot/human_ws/build/human/build/lib/human/utils/general.py -> /home/robot/human_ws/install/human/lib/python3.10/site-packages/human/utils
copying /home/robot/human_ws/build/human/build/lib/human/utils/activations.py -> /home/robot/human_ws/install/human/lib/python3.10/site-packages/human/utils
copying /home/robot/human_ws/build/human/build/lib/human/utils/autoanchor.py -> /home/robot/human_ws/install/human/lib/python3.10/site-packages/human/utils
copying /home/robot/human_ws/build/human/build/lib/human/utils/augmentations.py -> /home/robot/human_ws/install/human/lib/python3.10/site-packages/human/utils
byte-compiling /home/robot/human_ws/install/human/lib/python3.10/site-packages/human/rstest.py to rstest.cpython-310.pyc
byte-compiling /home/robot/human_ws/install/human/lib/python3.10/site-packages/human/__init__.py to __init__.cpython-310.pyc
byte-compiling /home/robot/human_ws/install/human/lib/python3.10/site-packages/human/models/tf.py to tf.cpython-310.pyc
byte-compiling /home/robot/human_ws/install/human/lib/python3.10/site-packages/human/models/__init__.py to __init__.cpython-310.pyc
byte-compiling /home/robot/human_ws/install/human/lib/python3.10/site-packages/human/models/common.py to common.cpython-310.pyc
byte-compiling /home/robot/human_ws/install/human/lib/python3.10/site-packages/human/models/experimental.py to experimental.cpython-310.pyc
byte-compiling /home/robot/human_ws/install/human/lib/python3.10/site-packages/human/models/yolo.py to yolo.cpython-310.pyc
byte-compiling /home/robot/human_ws/install/human/lib/python3.10/site-packages/human/human_client.py to human_client.cpython-310.pyc
byte-compiling /home/robot/human_ws/install/human/lib/python3.10/site-packages/human/human_detection.py to human_detection.cpython-310.pyc
byte-compiling /home/robot/human_ws/install/human/lib/python3.10/site-packages/human/utils/plots.py to plots.cpython-310.pyc
byte-compiling /home/robot/human_ws/install/human/lib/python3.10/site-packages/human/utils/loggers/__init__.py to __init__.cpython-310.pyc
byte-compiling /home/robot/human_ws/install/human/lib/python3.10/site-packages/human/utils/loggers/wandb/__init__.py to __init__.cpython-310.pyc
byte-compiling /home/robot/human_ws/install/human/lib/python3.10/site-packages/human/utils/loggers/wandb/log_dataset.py to log_dataset.cpython-310.pyc
byte-compiling /home/robot/human_ws/install/human/lib/python3.10/site-packages/human/utils/loggers/wandb/wandb_utils.py to wandb_utils.cpython-310.pyc
byte-compiling /home/robot/human_ws/install/human/lib/python3.10/site-packages/human/utils/loggers/wandb/sweep.py to sweep.cpython-310.pyc
byte-compiling /home/robot/human_ws/install/human/lib/python3.10/site-packages/human/utils/loss.py to loss.cpython-310.pyc
byte-compiling /home/robot/human_ws/install/human/lib/python3.10/site-packages/human/utils/metrics.py to metrics.cpython-310.pyc
byte-compiling /home/robot/human_ws/install/human/lib/python3.10/site-packages/human/utils/torch_utils.py to torch_utils.cpython-310.pyc
byte-compiling /home/robot/human_ws/install/human/lib/python3.10/site-packages/human/utils/callbacks.py to callbacks.cpython-310.pyc
byte-compiling /home/robot/human_ws/install/human/lib/python3.10/site-packages/human/utils/__init__.py to __init__.cpython-310.pyc
byte-compiling /home/robot/human_ws/install/human/lib/python3.10/site-packages/human/utils/aws/__init__.py to __init__.cpython-310.pyc
byte-compiling /home/robot/human_ws/install/human/lib/python3.10/site-packages/human/utils/aws/resume.py to resume.cpython-310.pyc
byte-compiling /home/robot/human_ws/install/human/lib/python3.10/site-packages/human/utils/downloads.py to downloads.cpython-310.pyc
byte-compiling /home/robot/human_ws/install/human/lib/python3.10/site-packages/human/utils/datasets.py to datasets.cpython-310.pyc
byte-compiling /home/robot/human_ws/install/human/lib/python3.10/site-packages/human/utils/general.py to general.cpython-310.pyc
byte-compiling /home/robot/human_ws/install/human/lib/python3.10/site-packages/human/utils/activations.py to activations.cpython-310.pyc
byte-compiling /home/robot/human_ws/install/human/lib/python3.10/site-packages/human/utils/autoanchor.py to autoanchor.cpython-310.pyc
byte-compiling /home/robot/human_ws/install/human/lib/python3.10/site-packages/human/utils/augmentations.py to augmentations.cpython-310.pyc
running install_data
copying resource/human -> /home/robot/human_ws/install/human/share/ament_index/resource_index/packages
copying package.xml -> /home/robot/human_ws/install/human/share/human
running install_egg_info
removing '/home/robot/human_ws/install/human/lib/python3.10/site-packages/human-0.0.0-py3.10.egg-info' (and everything under it)
Copying ../../build/human/human.egg-info to /home/robot/human_ws/install/human/lib/python3.10/site-packages/human-0.0.0-py3.10.egg-info
running install_scripts
Installing human_coordinate_client script to /home/robot/human_ws/install/human/lib/human
Installing human_coordinate_server script to /home/robot/human_ws/install/human/lib/human
writing list of installed files to '/home/robot/human_ws/build/human/install.log'
