[0.790s] Invoking command in '/home/robot/human_ws/src/human': CMAKE_PREFIX_PATH=/home/robot/human_ws/install/myinterfaces:/home/robot/human_ws/install/startup:/home/robot/human_ws/install/robot_startup:/home/robot/human_ws/install/depthimage_to_laserscan:/home/robot/human_ws/install/apriltag_ros:/home/robot/robot_controller_release/ros2_packages/test_control_node:/home/robot/robot_controller_release/ros2_packages/template_node:/home/robot/robot_controller_release/ros2_packages/robot_jointstate_publisher_node:/home/robot/robot_controller_release/ros2_packages/realsense_camera_node:/home/robot/robot_controller_release/ros2_packages/media_player_node:/home/robot/robot_controller_release/ros2_packages/livox_lidar_node:/home/robot/robot_controller_release/ros2_packages/custom_msg:/home/robot/robot_controller_release/ros2_packages/birdy_v1 PYTHONPATH=/home/robot/human_ws/build/human/prefix_override:/usr/lib/python3/dist-packages/colcon_core/task/python/colcon_distutils_commands:/home/robot/human_ws/install/human/lib/python3.10/site-packages:${PYTHONPATH} /usr/bin/python3 -W ignore:setup.py install is deprecated setup.py egg_info --egg-base ../../build/human build --build-base /home/robot/human_ws/build/human/build install --record /home/robot/human_ws/build/human/install.log --single-version-externally-managed install_data
[1.042s] running egg_info
[1.042s] writing ../../build/human/human.egg-info/PKG-INFO
[1.043s] writing dependency_links to ../../build/human/human.egg-info/dependency_links.txt
[1.043s] writing entry points to ../../build/human/human.egg-info/entry_points.txt
[1.044s] writing requirements to ../../build/human/human.egg-info/requires.txt
[1.044s] writing top-level names to ../../build/human/human.egg-info/top_level.txt
[1.046s] reading manifest file '../../build/human/human.egg-info/SOURCES.txt'
[1.046s] writing manifest file '../../build/human/human.egg-info/SOURCES.txt'
[1.046s] running build
[1.046s] running build_py
[1.048s] running install
[1.048s] running install_lib
[1.050s] running install_data
[1.050s] running install_egg_info
[1.051s] removing '/home/robot/human_ws/install/human/lib/python3.10/site-packages/human-0.0.0-py3.10.egg-info' (and everything under it)
[1.051s] Copying ../../build/human/human.egg-info to /home/robot/human_ws/install/human/lib/python3.10/site-packages/human-0.0.0-py3.10.egg-info
[1.051s] running install_scripts
[1.066s] Installing coordinates_publisher script to /home/robot/human_ws/install/human/lib/human
[1.066s] Installing human_coordinate_client script to /home/robot/human_ws/install/human/lib/human
[1.066s] Installing human_coordinate_client_pcd script to /home/robot/human_ws/install/human/lib/human
[1.066s] Installing human_coordinate_server script to /home/robot/human_ws/install/human/lib/human
[1.066s] Installing human_coordinate_server_pcd script to /home/robot/human_ws/install/human/lib/human
[1.066s] Installing start_nodes script to /home/robot/human_ws/install/human/lib/human
[1.067s] writing list of installed files to '/home/robot/human_ws/build/human/install.log'
[1.087s] Invoked command in '/home/robot/human_ws/src/human' returned '0': CMAKE_PREFIX_PATH=/home/robot/human_ws/install/myinterfaces:/home/robot/human_ws/install/startup:/home/robot/human_ws/install/robot_startup:/home/robot/human_ws/install/depthimage_to_laserscan:/home/robot/human_ws/install/apriltag_ros:/home/robot/robot_controller_release/ros2_packages/test_control_node:/home/robot/robot_controller_release/ros2_packages/template_node:/home/robot/robot_controller_release/ros2_packages/robot_jointstate_publisher_node:/home/robot/robot_controller_release/ros2_packages/realsense_camera_node:/home/robot/robot_controller_release/ros2_packages/media_player_node:/home/robot/robot_controller_release/ros2_packages/livox_lidar_node:/home/robot/robot_controller_release/ros2_packages/custom_msg:/home/robot/robot_controller_release/ros2_packages/birdy_v1 PYTHONPATH=/home/robot/human_ws/build/human/prefix_override:/usr/lib/python3/dist-packages/colcon_core/task/python/colcon_distutils_commands:/home/robot/human_ws/install/human/lib/python3.10/site-packages:${PYTHONPATH} /usr/bin/python3 -W ignore:setup.py install is deprecated setup.py egg_info --egg-base ../../build/human build --build-base /home/robot/human_ws/build/human/build install --record /home/robot/human_ws/build/human/install.log --single-version-externally-managed install_data
