[0.008s] Invoking command in '/home/robot/human_ws/build/myinterfaces': CMAKE_PREFIX_PATH=${CMAKE_PREFIX_PATH}:/home/robot/robot_controller_release/ros2_packages/object_detect_track_node_py:/opt/ros/humble /usr/bin/cmake /home/robot/human_ws/src/myinterfaces -DCMAKE_INSTALL_PREFIX=/home/robot/human_ws/install/myinterfaces
[0.078s] -- The C compiler identification is GNU 11.4.0
[0.153s] -- The CXX compiler identification is GNU 11.4.0
[0.159s] -- Detecting C compiler ABI info
[0.250s] -- Detecting C compiler ABI info - done
[0.256s] -- Check for working C compiler: /usr/bin/cc - skipped
[0.256s] -- Detecting C compile features
[0.256s] -- Detecting C compile features - done
[0.259s] -- Detecting CXX compiler ABI info
[0.354s] -- Detecting CXX compiler ABI info - done
[0.361s] -- Check for working CXX compiler: /usr/bin/c++ - skipped
[0.361s] -- Detecting CXX compile features
[0.361s] -- Detecting CXX compile features - done
[0.363s] -- Found ament_cmake: 1.3.10 (/opt/ros/humble/share/ament_cmake/cmake)
[0.505s] -- Found Python3: /usr/bin/python3 (found version "3.10.12") found components: Interpreter 
[0.577s] -- Found rosidl_default_generators: 1.2.0 (/opt/ros/humble/share/rosidl_default_generators/cmake)
[0.580s] -- Using all available rosidl_typesupport_c: rosidl_typesupport_fastrtps_c;rosidl_typesupport_introspection_c
[0.585s] -- Found rosidl_adapter: 3.1.5 (/opt/ros/humble/share/rosidl_adapter/cmake)
[0.621s] -- Using all available rosidl_typesupport_cpp: rosidl_typesupport_fastrtps_cpp;rosidl_typesupport_introspection_cpp
[0.645s] -- Found geometry_msgs: 4.2.4 (/opt/ros/humble/share/geometry_msgs/cmake)
[0.674s] -- Found sensor_msgs: 4.2.4 (/opt/ros/humble/share/sensor_msgs/cmake)
[0.843s] [31mCMake Error at /opt/ros/humble/share/rosidl_adapter/cmake/rosidl_adapt_interfaces.cmake:59 (message):
[0.843s]   execute_process(/usr/bin/python3 -m rosidl_adapter --package-name
[0.843s]   myinterfaces --arguments-file
[0.843s]   /home/robot/human_ws/build/myinterfaces/rosidl_adapter__arguments__myinterfaces.json
[0.843s]   --output-dir
[0.843s]   /home/robot/human_ws/build/myinterfaces/rosidl_adapter/myinterfaces
[0.844s]   --output-file
[0.844s]   /home/robot/human_ws/build/myinterfaces/rosidl_adapter/myinterfaces.idls)
[0.844s]   returned error code 1:
[0.844s] 
[0.844s]   Traceback (most recent call last):
[0.844s] 
[0.844s]     File "/usr/lib/python3.10/runpy.py", line 196, in _run_module_as_main
[0.844s]       return _run_code(code, main_globals, None,
[0.844s]     File "/usr/lib/python3.10/runpy.py", line 86, in _run_code
[0.844s]       exec(code, run_globals)
[0.844s]     File "/opt/ros/humble/local/lib/python3.10/dist-packages/rosidl_adapter/__main__.py", line 19, in <module>
[0.844s]       sys.exit(main())
[0.845s]     File "/opt/ros/humble/local/lib/python3.10/dist-packages/rosidl_adapter/main.py", line 53, in main
[0.845s]       abs_idl_file = convert_to_idl(
[0.845s]     File "/opt/ros/humble/local/lib/python3.10/dist-packages/rosidl_adapter/__init__.py", line 24, in convert_to_idl
[0.845s]       return convert_srv_to_idl(
[0.845s]     File "/opt/ros/humble/local/lib/python3.10/dist-packages/rosidl_adapter/srv/__init__.py", line 28, in convert_srv_to_idl
[0.845s]       srv = parse_service_string(package_name, input_file.stem, content)
[0.845s]     File "/opt/ros/humble/local/lib/python3.10/dist-packages/rosidl_adapter/parser.py", line 850, in parse_service_string
[0.845s]       raise InvalidServiceSpecification(
[0.845s] 
[0.845s]   rosidl_adapter.parser.InvalidServiceSpecification: Could not find separator
[0.845s]   '---' between request and response
[0.845s] 
[0.845s] Call Stack (most recent call first):
[0.846s]   /opt/ros/humble/share/rosidl_cmake/cmake/rosidl_generate_interfaces.cmake:130 (rosidl_adapt_interfaces)
[0.846s]   CMakeLists.txt:14 (rosidl_generate_interfaces)
[0.846s] 
[0.846s] [0m
[0.846s] -- Configuring incomplete, errors occurred!
[0.846s] See also "/home/robot/human_ws/build/myinterfaces/CMakeFiles/CMakeOutput.log".
[0.850s] Invoked command in '/home/robot/human_ws/build/myinterfaces' returned '1': CMAKE_PREFIX_PATH=${CMAKE_PREFIX_PATH}:/home/robot/robot_controller_release/ros2_packages/object_detect_track_node_py:/opt/ros/humble /usr/bin/cmake /home/robot/human_ws/src/myinterfaces -DCMAKE_INSTALL_PREFIX=/home/robot/human_ws/install/myinterfaces
