[0.659s] Invoking command in '/home/robot/human_ws/src/listen': PYTHONPATH=/home/robot/human_ws/build/listen/prefix_override:/usr/lib/python3/dist-packages/colcon_core/task/python/colcon_distutils_commands:/home/robot/human_ws/install/listen/lib/python3.10/site-packages:${PYTHONPATH} /usr/bin/python3 -W ignore:setup.py install is deprecated setup.py egg_info --egg-base ../../build/listen build --build-base /home/robot/human_ws/build/listen/build install --record /home/robot/human_ws/build/listen/install.log --single-version-externally-managed install_data
[0.878s] running egg_info
[0.879s] writing ../../build/listen/listen.egg-info/PKG-INFO
[0.879s] writing dependency_links to ../../build/listen/listen.egg-info/dependency_links.txt
[0.879s] writing entry points to ../../build/listen/listen.egg-info/entry_points.txt
[0.879s] writing requirements to ../../build/listen/listen.egg-info/requires.txt
[0.879s] writing top-level names to ../../build/listen/listen.egg-info/top_level.txt
[0.881s] reading manifest file '../../build/listen/listen.egg-info/SOURCES.txt'
[0.881s] writing manifest file '../../build/listen/listen.egg-info/SOURCES.txt'
[0.881s] running build
[0.881s] running build_py
[0.881s] copying listen/listen.py -> /home/robot/human_ws/build/listen/build/lib/listen
[0.881s] running install
[0.882s] running install_lib
[0.882s] copying /home/robot/human_ws/build/listen/build/lib/listen/listen.py -> /home/robot/human_ws/install/listen/lib/python3.10/site-packages/listen
[0.882s] byte-compiling /home/robot/human_ws/install/listen/lib/python3.10/site-packages/listen/listen.py to listen.cpython-310.pyc
[0.883s] running install_data
[0.883s] running install_egg_info
[0.884s] removing '/home/robot/human_ws/install/listen/lib/python3.10/site-packages/listen-0.0.0-py3.10.egg-info' (and everything under it)
[0.884s] Copying ../../build/listen/listen.egg-info to /home/robot/human_ws/install/listen/lib/python3.10/site-packages/listen-0.0.0-py3.10.egg-info
[0.884s] running install_scripts
[0.898s] Installing listen_node script to /home/robot/human_ws/install/listen/lib/listen
[0.898s] writing list of installed files to '/home/robot/human_ws/build/listen/install.log'
[0.921s] Invoked command in '/home/robot/human_ws/src/listen' returned '0': PYTHONPATH=/home/robot/human_ws/build/listen/prefix_override:/usr/lib/python3/dist-packages/colcon_core/task/python/colcon_distutils_commands:/home/robot/human_ws/install/listen/lib/python3.10/site-packages:${PYTHONPATH} /usr/bin/python3 -W ignore:setup.py install is deprecated setup.py egg_info --egg-base ../../build/listen build --build-base /home/robot/human_ws/build/listen/build install --record /home/robot/human_ws/build/listen/install.log --single-version-externally-managed install_data
