[0.871s] Invoking command in '/home/robot/human_ws/src/locomotion': PYTHONPATH=/home/robot/human_ws/build/locomotion/prefix_override:/usr/lib/python3/dist-packages/colcon_core/task/python/colcon_distutils_commands:/home/robot/human_ws/install/locomotion/lib/python3.10/site-packages:${PYTHONPATH} /usr/bin/python3 -W ignore:setup.py install is deprecated setup.py egg_info --egg-base ../../build/locomotion build --build-base /home/robot/human_ws/build/locomotion/build install --record /home/robot/human_ws/build/locomotion/install.log --single-version-externally-managed install_data
[1.083s] running egg_info
[1.084s] writing ../../build/locomotion/locomotion.egg-info/PKG-INFO
[1.084s] writing dependency_links to ../../build/locomotion/locomotion.egg-info/dependency_links.txt
[1.084s] writing entry points to ../../build/locomotion/locomotion.egg-info/entry_points.txt
[1.084s] writing requirements to ../../build/locomotion/locomotion.egg-info/requires.txt
[1.084s] writing top-level names to ../../build/locomotion/locomotion.egg-info/top_level.txt
[1.085s] reading manifest file '../../build/locomotion/locomotion.egg-info/SOURCES.txt'
[1.086s] writing manifest file '../../build/locomotion/locomotion.egg-info/SOURCES.txt'
[1.086s] running build
[1.086s] running build_py
[1.086s] running install
[1.086s] running install_lib
[1.087s] running install_data
[1.087s] running install_egg_info
[1.088s] removing '/home/robot/human_ws/install/locomotion/lib/python3.10/site-packages/locomotion-0.0.0-py3.10.egg-info' (and everything under it)
[1.088s] Copying ../../build/locomotion/locomotion.egg-info to /home/robot/human_ws/install/locomotion/lib/python3.10/site-packages/locomotion-0.0.0-py3.10.egg-info
[1.089s] running install_scripts
[1.102s] Installing locomotion script to /home/robot/human_ws/install/locomotion/lib/locomotion
[1.102s] writing list of installed files to '/home/robot/human_ws/build/locomotion/install.log'
[1.127s] Invoked command in '/home/robot/human_ws/src/locomotion' returned '0': PYTHONPATH=/home/robot/human_ws/build/locomotion/prefix_override:/usr/lib/python3/dist-packages/colcon_core/task/python/colcon_distutils_commands:/home/robot/human_ws/install/locomotion/lib/python3.10/site-packages:${PYTHONPATH} /usr/bin/python3 -W ignore:setup.py install is deprecated setup.py egg_info --egg-base ../../build/locomotion build --build-base /home/robot/human_ws/build/locomotion/build install --record /home/robot/human_ws/build/locomotion/install.log --single-version-externally-managed install_data
