[0.664s] Invoking command in '/home/robot/human_ws/src/apriltag_detection': PYTHONPATH=/home/robot/human_ws/build/apriltag_detection/prefix_override:/usr/lib/python3/dist-packages/colcon_core/task/python/colcon_distutils_commands:/home/robot/human_ws/install/apriltag_detection/lib/python3.10/site-packages:${PYTHONPATH} /usr/bin/python3 -W ignore:setup.py install is deprecated setup.py egg_info --egg-base ../../build/apriltag_detection build --build-base /home/robot/human_ws/build/apriltag_detection/build install --record /home/robot/human_ws/build/apriltag_detection/install.log --single-version-externally-managed install_data
[0.880s] running egg_info
[0.880s] writing ../../build/apriltag_detection/apriltag_detection.egg-info/PKG-INFO
[0.881s] writing dependency_links to ../../build/apriltag_detection/apriltag_detection.egg-info/dependency_links.txt
[0.881s] writing entry points to ../../build/apriltag_detection/apriltag_detection.egg-info/entry_points.txt
[0.881s] writing requirements to ../../build/apriltag_detection/apriltag_detection.egg-info/requires.txt
[0.881s] writing top-level names to ../../build/apriltag_detection/apriltag_detection.egg-info/top_level.txt
[0.882s] reading manifest file '../../build/apriltag_detection/apriltag_detection.egg-info/SOURCES.txt'
[0.883s] writing manifest file '../../build/apriltag_detection/apriltag_detection.egg-info/SOURCES.txt'
[0.883s] running build
[0.883s] running build_py
[0.883s] copying apriltag_detection/camerainfo_tag.py -> /home/robot/human_ws/build/apriltag_detection/build/lib/apriltag_detection
[0.883s] running install
[0.883s] running install_lib
[0.883s] copying /home/robot/human_ws/build/apriltag_detection/build/lib/apriltag_detection/camerainfo_tag.py -> /home/robot/human_ws/install/apriltag_detection/lib/python3.10/site-packages/apriltag_detection
[0.884s] byte-compiling /home/robot/human_ws/install/apriltag_detection/lib/python3.10/site-packages/apriltag_detection/camerainfo_tag.py to camerainfo_tag.cpython-310.pyc
[0.884s] running install_data
[0.884s] running install_egg_info
[0.885s] removing '/home/robot/human_ws/install/apriltag_detection/lib/python3.10/site-packages/apriltag_detection-0.0.0-py3.10.egg-info' (and everything under it)
[0.886s] Copying ../../build/apriltag_detection/apriltag_detection.egg-info to /home/robot/human_ws/install/apriltag_detection/lib/python3.10/site-packages/apriltag_detection-0.0.0-py3.10.egg-info
[0.886s] running install_scripts
[0.900s] Installing camerainfo script to /home/robot/human_ws/install/apriltag_detection/lib/apriltag_detection
[0.900s] writing list of installed files to '/home/robot/human_ws/build/apriltag_detection/install.log'
[0.924s] Invoked command in '/home/robot/human_ws/src/apriltag_detection' returned '0': PYTHONPATH=/home/robot/human_ws/build/apriltag_detection/prefix_override:/usr/lib/python3/dist-packages/colcon_core/task/python/colcon_distutils_commands:/home/robot/human_ws/install/apriltag_detection/lib/python3.10/site-packages:${PYTHONPATH} /usr/bin/python3 -W ignore:setup.py install is deprecated setup.py egg_info --egg-base ../../build/apriltag_detection build --build-base /home/robot/human_ws/build/apriltag_detection/build install --record /home/robot/human_ws/build/apriltag_detection/install.log --single-version-externally-managed install_data
