[0.012s] Invoking command in '/home/robot/human_ws/build/myinterfaces': CMAKE_PREFIX_PATH=${CMAKE_PREFIX_PATH}:/home/robot/robot_controller_release/ros2_packages/object_detect_track_node_py:/opt/ros/humble /usr/bin/cmake --build /home/robot/human_ws/build/myinterfaces -- -j16 -l16
[0.068s] -- Found ament_cmake: 1.3.10 (/opt/ros/humble/share/ament_cmake/cmake)
[0.190s] -- Found rosidl_default_generators: 1.2.0 (/opt/ros/humble/share/rosidl_default_generators/cmake)
[0.193s] -- Using all available rosidl_typesupport_c: rosidl_typesupport_fastrtps_c;rosidl_typesupport_introspection_c
[0.198s] -- Found rosidl_adapter: 3.1.5 (/opt/ros/humble/share/rosidl_adapter/cmake)
[0.232s] -- Using all available rosidl_typesupport_cpp: rosidl_typesupport_fastrtps_cpp;rosidl_typesupport_introspection_cpp
[0.255s] -- Found geometry_msgs: 4.2.4 (/opt/ros/humble/share/geometry_msgs/cmake)
[0.287s] -- Found sensor_msgs: 4.2.4 (/opt/ros/humble/share/sensor_msgs/cmake)
[0.301s] -- Configuring incomplete, errors occurred!
[0.301s] See also "/home/robot/human_ws/build/myinterfaces/CMakeFiles/CMakeOutput.log".
[0.301s] [31mCMake Error at /opt/ros/humble/share/rosidl_cmake/cmake/rosidl_generate_interfaces.cmake:93 (message):
[0.301s]   rosidl_generate_interfaces() the passed file 'srv/Humancoordinatespcd.srv'
[0.301s]   doesn't exist relative to the CMAKE_CURRENT_SOURCE_DIR
[0.301s]   '/home/robot/human_ws/src/myinterfaces'
[0.301s] Call Stack (most recent call first):
[0.301s]   CMakeLists.txt:14 (rosidl_generate_interfaces)
[0.301s] 
[0.302s] [0m
[0.309s] gmake: *** [Makefile:1827：cmake_check_build_system] 错误 1
[0.311s] Invoked command in '/home/robot/human_ws/build/myinterfaces' returned '2': CMAKE_PREFIX_PATH=${CMAKE_PREFIX_PATH}:/home/robot/robot_controller_release/ros2_packages/object_detect_track_node_py:/opt/ros/humble /usr/bin/cmake --build /home/robot/human_ws/build/myinterfaces -- -j16 -l16
