[2.509s] Invoking command in '/home/robot/human_ws/src/human': AMENT_PREFIX_PATH=/home/robot/human_ws/install/myinterfaces:${AMENT_PREFIX_PATH} CMAKE_PREFIX_PATH=/home/robot/human_ws/install/myinterfaces:${CMAKE_PREFIX_PATH} LD_LIBRARY_PATH=/home/robot/human_ws/install/myinterfaces/lib:${LD_LIBRARY_PATH} PYTHONPATH=/home/robot/human_ws/build/human/prefix_override:/usr/lib/python3/dist-packages/colcon_core/task/python/colcon_distutils_commands:/home/robot/human_ws/install/human/lib/python3.10/site-packages:/home/robot/human_ws/install/myinterfaces/local/lib/python3.10/dist-packages:${PYTHONPATH} /usr/bin/python3 -W ignore:setup.py install is deprecated setup.py egg_info --egg-base ../../build/human build --build-base /home/robot/human_ws/build/human/build install --record /home/robot/human_ws/build/human/install.log --single-version-externally-managed install_data
[3.202s] running egg_info
[3.203s] writing ../../build/human/human.egg-info/PKG-INFO
[3.203s] writing dependency_links to ../../build/human/human.egg-info/dependency_links.txt
[3.203s] writing entry points to ../../build/human/human.egg-info/entry_points.txt
[3.203s] writing requirements to ../../build/human/human.egg-info/requires.txt
[3.203s] writing top-level names to ../../build/human/human.egg-info/top_level.txt
[3.207s] reading manifest file '../../build/human/human.egg-info/SOURCES.txt'
[3.213s] writing manifest file '../../build/human/human.egg-info/SOURCES.txt'
[3.214s] running build
[3.214s] running build_py
[3.214s] copying human/coordinates_publisher.py -> /home/robot/human_ws/build/human/build/lib/human
[3.221s] running install
[3.221s] running install_lib
[3.223s] copying /home/robot/human_ws/build/human/build/lib/human/coordinates_publisher.py -> /home/robot/human_ws/install/human/lib/python3.10/site-packages/human
[3.225s] byte-compiling /home/robot/human_ws/install/human/lib/python3.10/site-packages/human/coordinates_publisher.py to coordinates_publisher.cpython-310.pyc
[3.229s] running install_data
[3.230s] running install_egg_info
[3.232s] removing '/home/robot/human_ws/install/human/lib/python3.10/site-packages/human-0.0.0-py3.10.egg-info' (and everything under it)
[3.233s] Copying ../../build/human/human.egg-info to /home/robot/human_ws/install/human/lib/python3.10/site-packages/human-0.0.0-py3.10.egg-info
[3.235s] running install_scripts
[3.271s] Installing coordinates_publisher script to /home/robot/human_ws/install/human/lib/human
[3.273s] Installing human_coordinate_client script to /home/robot/human_ws/install/human/lib/human
[3.273s] Installing human_coordinate_client_pcd script to /home/robot/human_ws/install/human/lib/human
[3.273s] Installing human_coordinate_server script to /home/robot/human_ws/install/human/lib/human
[3.273s] Installing human_coordinate_server_pcd script to /home/robot/human_ws/install/human/lib/human
[3.277s] Installing start_nodes script to /home/robot/human_ws/install/human/lib/human
[3.277s] writing list of installed files to '/home/robot/human_ws/build/human/install.log'
[3.340s] Invoked command in '/home/robot/human_ws/src/human' returned '0': AMENT_PREFIX_PATH=/home/robot/human_ws/install/myinterfaces:${AMENT_PREFIX_PATH} CMAKE_PREFIX_PATH=/home/robot/human_ws/install/myinterfaces:${CMAKE_PREFIX_PATH} LD_LIBRARY_PATH=/home/robot/human_ws/install/myinterfaces/lib:${LD_LIBRARY_PATH} PYTHONPATH=/home/robot/human_ws/build/human/prefix_override:/usr/lib/python3/dist-packages/colcon_core/task/python/colcon_distutils_commands:/home/robot/human_ws/install/human/lib/python3.10/site-packages:/home/robot/human_ws/install/myinterfaces/local/lib/python3.10/dist-packages:${PYTHONPATH} /usr/bin/python3 -W ignore:setup.py install is deprecated setup.py egg_info --egg-base ../../build/human build --build-base /home/robot/human_ws/build/human/build install --record /home/robot/human_ws/build/human/install.log --single-version-externally-managed install_data
