running egg_info
writing ../../build/follow/follow.egg-info/PKG-INFO
writing dependency_links to ../../build/follow/follow.egg-info/dependency_links.txt
writing entry points to ../../build/follow/follow.egg-info/entry_points.txt
writing requirements to ../../build/follow/follow.egg-info/requires.txt
writing top-level names to ../../build/follow/follow.egg-info/top_level.txt
reading manifest file '../../build/follow/follow.egg-info/SOURCES.txt'
writing manifest file '../../build/follow/follow.egg-info/SOURCES.txt'
running build
running build_py
copying follow/head_server.py -> /home/robot/human_ws/build/follow/build/lib/follow
copying follow/head_client.py -> /home/robot/human_ws/build/follow/build/lib/follow
running install
running install_lib
copying /home/robot/human_ws/build/follow/build/lib/follow/head_server.py -> /home/robot/human_ws/install/follow/lib/python3.10/site-packages/follow
copying /home/robot/human_ws/build/follow/build/lib/follow/head_client.py -> /home/robot/human_ws/install/follow/lib/python3.10/site-packages/follow
byte-compiling /home/robot/human_ws/install/follow/lib/python3.10/site-packages/follow/head_server.py to head_server.cpython-310.pyc
Sorry: IndentationError: unindent does not match any outer indentation level (head_server.py, line 78)
byte-compiling /home/robot/human_ws/install/follow/lib/python3.10/site-packages/follow/head_client.py to head_client.cpython-310.pyc
running install_data
running install_egg_info
removing '/home/robot/human_ws/install/follow/lib/python3.10/site-packages/follow-0.0.0-py3.10.egg-info' (and everything under it)
Copying ../../build/follow/follow.egg-info to /home/robot/human_ws/install/follow/lib/python3.10/site-packages/follow-0.0.0-py3.10.egg-info
running install_scripts
Installing camerainfo script to /home/robot/human_ws/install/follow/lib/follow
Installing head_client script to /home/robot/human_ws/install/follow/lib/follow
Installing robot_head_controller script to /home/robot/human_ws/install/follow/lib/follow
Installing rotate_human_node script to /home/robot/human_ws/install/follow/lib/follow
Installing tag_server script to /home/robot/human_ws/install/follow/lib/follow
writing list of installed files to '/home/robot/human_ws/build/follow/install.log'
