[2.302s] Invoking command in '/home/robot/human_ws/src/follow': PYTHONPATH=/home/robot/human_ws/build/follow/prefix_override:/usr/lib/python3/dist-packages/colcon_core/task/python/colcon_distutils_commands:/home/robot/human_ws/install/follow/lib/python3.10/site-packages:${PYTHONPATH} /usr/bin/python3 -W ignore:setup.py install is deprecated setup.py egg_info --egg-base ../../build/follow build --build-base /home/robot/human_ws/build/follow/build install --record /home/robot/human_ws/build/follow/install.log --single-version-externally-managed install_data
[2.987s] running egg_info
[2.988s] writing ../../build/follow/follow.egg-info/PKG-INFO
[2.988s] writing dependency_links to ../../build/follow/follow.egg-info/dependency_links.txt
[2.988s] writing entry points to ../../build/follow/follow.egg-info/entry_points.txt
[2.988s] writing requirements to ../../build/follow/follow.egg-info/requires.txt
[2.988s] writing top-level names to ../../build/follow/follow.egg-info/top_level.txt
[2.996s] reading manifest file '../../build/follow/follow.egg-info/SOURCES.txt'
[2.996s] writing manifest file '../../build/follow/follow.egg-info/SOURCES.txt'
[2.996s] running build
[2.996s] running build_py
[2.997s] copying follow/head_server.py -> /home/robot/human_ws/build/follow/build/lib/follow
[2.997s] copying follow/head_client.py -> /home/robot/human_ws/build/follow/build/lib/follow
[2.998s] running install
[2.999s] running install_lib
[3.003s] copying /home/robot/human_ws/build/follow/build/lib/follow/head_server.py -> /home/robot/human_ws/install/follow/lib/python3.10/site-packages/follow
[3.003s] copying /home/robot/human_ws/build/follow/build/lib/follow/head_client.py -> /home/robot/human_ws/install/follow/lib/python3.10/site-packages/follow
[3.006s] byte-compiling /home/robot/human_ws/install/follow/lib/python3.10/site-packages/follow/head_server.py to head_server.cpython-310.pyc
[3.007s] Sorry: IndentationError: unindent does not match any outer indentation level (head_server.py, line 78)
[3.007s] byte-compiling /home/robot/human_ws/install/follow/lib/python3.10/site-packages/follow/head_client.py to head_client.cpython-310.pyc
[3.008s] running install_data
[3.008s] running install_egg_info
[3.012s] removing '/home/robot/human_ws/install/follow/lib/python3.10/site-packages/follow-0.0.0-py3.10.egg-info' (and everything under it)
[3.016s] Copying ../../build/follow/follow.egg-info to /home/robot/human_ws/install/follow/lib/python3.10/site-packages/follow-0.0.0-py3.10.egg-info
[3.020s] running install_scripts
[3.052s] Installing camerainfo script to /home/robot/human_ws/install/follow/lib/follow
[3.052s] Installing head_client script to /home/robot/human_ws/install/follow/lib/follow
[3.052s] Installing robot_head_controller script to /home/robot/human_ws/install/follow/lib/follow
[3.052s] Installing rotate_human_node script to /home/robot/human_ws/install/follow/lib/follow
[3.052s] Installing tag_server script to /home/robot/human_ws/install/follow/lib/follow
[3.056s] writing list of installed files to '/home/robot/human_ws/build/follow/install.log'
[3.102s] Invoked command in '/home/robot/human_ws/src/follow' returned '0': PYTHONPATH=/home/robot/human_ws/build/follow/prefix_override:/usr/lib/python3/dist-packages/colcon_core/task/python/colcon_distutils_commands:/home/robot/human_ws/install/follow/lib/python3.10/site-packages:${PYTHONPATH} /usr/bin/python3 -W ignore:setup.py install is deprecated setup.py egg_info --egg-base ../../build/follow build --build-base /home/robot/human_ws/build/follow/build install --record /home/robot/human_ws/build/follow/install.log --single-version-externally-managed install_data
