[0.628s] Invoking command in '/home/robot/human_ws/src/follow': PYTHONPATH=/home/robot/human_ws/build/follow/prefix_override:/usr/lib/python3/dist-packages/colcon_core/task/python/colcon_distutils_commands:/home/robot/human_ws/install/follow/lib/python3.10/site-packages:${PYTHONPATH} /usr/bin/python3 -W ignore:setup.py install is deprecated setup.py egg_info --egg-base ../../build/follow build --build-base /home/robot/human_ws/build/follow/build install --record /home/robot/human_ws/build/follow/install.log --single-version-externally-managed install_data
[0.843s] running egg_info
[0.843s] writing ../../build/follow/follow.egg-info/PKG-INFO
[0.844s] writing dependency_links to ../../build/follow/follow.egg-info/dependency_links.txt
[0.844s] writing entry points to ../../build/follow/follow.egg-info/entry_points.txt
[0.844s] writing requirements to ../../build/follow/follow.egg-info/requires.txt
[0.844s] writing top-level names to ../../build/follow/follow.egg-info/top_level.txt
[0.845s] reading manifest file '../../build/follow/follow.egg-info/SOURCES.txt'
[0.846s] writing manifest file '../../build/follow/follow.egg-info/SOURCES.txt'
[0.846s] running build
[0.846s] running build_py
[0.846s] copying follow/rotate_human_server.py -> /home/robot/human_ws/build/follow/build/lib/follow
[0.846s] copying follow/tag_server.py -> /home/robot/human_ws/build/follow/build/lib/follow
[0.846s] running install
[0.846s] running install_lib
[0.847s] copying /home/robot/human_ws/build/follow/build/lib/follow/rotate_human_server.py -> /home/robot/human_ws/install/follow/lib/python3.10/site-packages/follow
[0.847s] copying /home/robot/human_ws/build/follow/build/lib/follow/tag_server.py -> /home/robot/human_ws/install/follow/lib/python3.10/site-packages/follow
[0.847s] byte-compiling /home/robot/human_ws/install/follow/lib/python3.10/site-packages/follow/rotate_human_server.py to rotate_human_server.cpython-310.pyc
[0.848s] byte-compiling /home/robot/human_ws/install/follow/lib/python3.10/site-packages/follow/tag_server.py to tag_server.cpython-310.pyc
[0.848s]   File "/home/robot/human_ws/install/follow/lib/python3.10/site-packages/follow/tag_server.py", line 37
[0.848s]     self.x_offset = [0.0,1.7,0.0, 1.7, 1.2, 0， -3.0]
[0.848s]                                             ^
[0.848s] SyntaxError: invalid decimal literal
[0.848s] 
[0.848s] running install_data
[0.848s] running install_egg_info
[0.849s] removing '/home/robot/human_ws/install/follow/lib/python3.10/site-packages/follow-0.0.0-py3.10.egg-info' (and everything under it)
[0.849s] Copying ../../build/follow/follow.egg-info to /home/robot/human_ws/install/follow/lib/python3.10/site-packages/follow-0.0.0-py3.10.egg-info
[0.850s] running install_scripts
[0.864s] Installing robot_head_controller script to /home/robot/human_ws/install/follow/lib/follow
[0.864s] Installing rotate_human_node script to /home/robot/human_ws/install/follow/lib/follow
[0.864s] Installing tag_server script to /home/robot/human_ws/install/follow/lib/follow
[0.864s] writing list of installed files to '/home/robot/human_ws/build/follow/install.log'
[0.881s] Invoked command in '/home/robot/human_ws/src/follow' returned '0': PYTHONPATH=/home/robot/human_ws/build/follow/prefix_override:/usr/lib/python3/dist-packages/colcon_core/task/python/colcon_distutils_commands:/home/robot/human_ws/install/follow/lib/python3.10/site-packages:${PYTHONPATH} /usr/bin/python3 -W ignore:setup.py install is deprecated setup.py egg_info --egg-base ../../build/follow build --build-base /home/robot/human_ws/build/follow/build install --record /home/robot/human_ws/build/follow/install.log --single-version-externally-managed install_data
