[1.314s] Invoking command in '/home/robot/human_ws/src/locomotion': AMENT_PREFIX_PATH=/home/robot/human_ws/install/myinterfaces:${AMENT_PREFIX_PATH} CMAKE_PREFIX_PATH=/home/robot/human_ws/install/myinterfaces:${CMAKE_PREFIX_PATH} LD_LIBRARY_PATH=/home/robot/human_ws/install/myinterfaces/lib:${LD_LIBRARY_PATH} PYTHONPATH=/home/robot/human_ws/build/locomotion/prefix_override:/usr/lib/python3/dist-packages/colcon_core/task/python/colcon_distutils_commands:/home/robot/human_ws/install/locomotion/lib/python3.10/site-packages:/home/robot/human_ws/install/myinterfaces/local/lib/python3.10/dist-packages:${PYTHONPATH} /usr/bin/python3 -W ignore:setup.py install is deprecated setup.py egg_info --egg-base ../../build/locomotion build --build-base /home/robot/human_ws/build/locomotion/build install --record /home/robot/human_ws/build/locomotion/install.log --single-version-externally-managed install_data
[1.705s] running egg_info
[1.706s] writing ../../build/locomotion/locomotion.egg-info/PKG-INFO
[1.706s] writing dependency_links to ../../build/locomotion/locomotion.egg-info/dependency_links.txt
[1.706s] writing entry points to ../../build/locomotion/locomotion.egg-info/entry_points.txt
[1.706s] writing requirements to ../../build/locomotion/locomotion.egg-info/requires.txt
[1.708s] writing top-level names to ../../build/locomotion/locomotion.egg-info/top_level.txt
[1.710s] reading manifest file '../../build/locomotion/locomotion.egg-info/SOURCES.txt'
[1.710s] writing manifest file '../../build/locomotion/locomotion.egg-info/SOURCES.txt'
[1.711s] running build
[1.711s] running build_py
[1.712s] copying locomotion/locomotion.py -> /home/robot/human_ws/build/locomotion/build/lib/locomotion
[1.712s] running install
[1.712s] running install_lib
[1.712s] copying /home/robot/human_ws/build/locomotion/build/lib/locomotion/locomotion.py -> /home/robot/human_ws/install/locomotion/lib/python3.10/site-packages/locomotion
[1.713s] byte-compiling /home/robot/human_ws/install/locomotion/lib/python3.10/site-packages/locomotion/locomotion.py to locomotion.cpython-310.pyc
[1.714s] running install_data
[1.715s] running install_egg_info
[1.717s] removing '/home/robot/human_ws/install/locomotion/lib/python3.10/site-packages/locomotion-0.0.0-py3.10.egg-info' (and everything under it)
[1.720s] Copying ../../build/locomotion/locomotion.egg-info to /home/robot/human_ws/install/locomotion/lib/python3.10/site-packages/locomotion-0.0.0-py3.10.egg-info
[1.720s] running install_scripts
[1.749s] Installing locomotion script to /home/robot/human_ws/install/locomotion/lib/locomotion
[1.749s] writing list of installed files to '/home/robot/human_ws/build/locomotion/install.log'
[1.793s] Invoked command in '/home/robot/human_ws/src/locomotion' returned '0': AMENT_PREFIX_PATH=/home/robot/human_ws/install/myinterfaces:${AMENT_PREFIX_PATH} CMAKE_PREFIX_PATH=/home/robot/human_ws/install/myinterfaces:${CMAKE_PREFIX_PATH} LD_LIBRARY_PATH=/home/robot/human_ws/install/myinterfaces/lib:${LD_LIBRARY_PATH} PYTHONPATH=/home/robot/human_ws/build/locomotion/prefix_override:/usr/lib/python3/dist-packages/colcon_core/task/python/colcon_distutils_commands:/home/robot/human_ws/install/locomotion/lib/python3.10/site-packages:/home/robot/human_ws/install/myinterfaces/local/lib/python3.10/dist-packages:${PYTHONPATH} /usr/bin/python3 -W ignore:setup.py install is deprecated setup.py egg_info --egg-base ../../build/locomotion build --build-base /home/robot/human_ws/build/locomotion/build install --record /home/robot/human_ws/build/locomotion/install.log --single-version-externally-managed install_data
