[0.792s] Invoking command in '/home/robot/human_ws/src/data': PYTHONPATH=/home/robot/human_ws/build/data/prefix_override:/usr/lib/python3/dist-packages/colcon_core/task/python/colcon_distutils_commands:/home/robot/human_ws/install/data/lib/python3.10/site-packages:${PYTHONPATH} /usr/bin/python3 -W ignore:setup.py install is deprecated setup.py egg_info --egg-base ../../build/data build --build-base /home/robot/human_ws/build/data/build install --record /home/robot/human_ws/build/data/install.log --single-version-externally-managed install_data
[1.046s] running egg_info
[1.046s] writing ../../build/data/data.egg-info/PKG-INFO
[1.046s] writing dependency_links to ../../build/data/data.egg-info/dependency_links.txt
[1.046s] writing entry points to ../../build/data/data.egg-info/entry_points.txt
[1.046s] writing requirements to ../../build/data/data.egg-info/requires.txt
[1.046s] writing top-level names to ../../build/data/data.egg-info/top_level.txt
[1.048s] reading manifest file '../../build/data/data.egg-info/SOURCES.txt'
[1.048s] writing manifest file '../../build/data/data.egg-info/SOURCES.txt'
[1.048s] running build
[1.048s] running build_py
[1.048s] running install
[1.048s] running install_lib
[1.049s] running install_data
[1.049s] running install_egg_info
[1.050s] removing '/home/robot/human_ws/install/data/lib/python3.10/site-packages/data-0.0.0-py3.10.egg-info' (and everything under it)
[1.051s] Copying ../../build/data/data.egg-info to /home/robot/human_ws/install/data/lib/python3.10/site-packages/data-0.0.0-py3.10.egg-info
[1.051s] running install_scripts
[1.066s] Installing data_node script to /home/robot/human_ws/install/data/lib/data
[1.066s] writing list of installed files to '/home/robot/human_ws/build/data/install.log'
[1.084s] Invoked command in '/home/robot/human_ws/src/data' returned '0': PYTHONPATH=/home/robot/human_ws/build/data/prefix_override:/usr/lib/python3/dist-packages/colcon_core/task/python/colcon_distutils_commands:/home/robot/human_ws/install/data/lib/python3.10/site-packages:${PYTHONPATH} /usr/bin/python3 -W ignore:setup.py install is deprecated setup.py egg_info --egg-base ../../build/data build --build-base /home/robot/human_ws/build/data/build install --record /home/robot/human_ws/build/data/install.log --single-version-externally-managed install_data
