[0.894s] Invoking command in '/home/robot/human_ws/build/robot_startup': CMAKE_PREFIX_PATH=${CMAKE_PREFIX_PATH}:/home/robot/robot_controller_release/ros2_packages/object_detect_track_node_py:/opt/ros/humble /usr/bin/cmake --build /home/robot/human_ws/build/robot_startup -- -j16 -l16
[1.156s] Invoked command in '/home/robot/human_ws/build/robot_startup' returned '0': CMAKE_PREFIX_PATH=${CMAKE_PREFIX_PATH}:/home/robot/robot_controller_release/ros2_packages/object_detect_track_node_py:/opt/ros/humble /usr/bin/cmake --build /home/robot/human_ws/build/robot_startup -- -j16 -l16
[1.197s] Invoking command in '/home/robot/human_ws/build/robot_startup': CMAKE_PREFIX_PATH=${CMAKE_PREFIX_PATH}:/home/robot/robot_controller_release/ros2_packages/object_detect_track_node_py:/opt/ros/humble /usr/bin/cmake --install /home/robot/human_ws/build/robot_startup
[1.220s] -- Install configuration: ""
[1.221s] -- Up-to-date: /home/robot/human_ws/install/robot_startup/share/robot_startup/launch
[1.221s] -- Installing: /home/robot/human_ws/install/robot_startup/share/robot_startup/launch/start.launch.py
[1.221s] -- Up-to-date: /home/robot/human_ws/install/robot_startup/share/ament_index/resource_index/package_run_dependencies/robot_startup
[1.222s] -- Up-to-date: /home/robot/human_ws/install/robot_startup/share/ament_index/resource_index/parent_prefix_path/robot_startup
[1.222s] -- Up-to-date: /home/robot/human_ws/install/robot_startup/share/robot_startup/environment/ament_prefix_path.sh
[1.223s] -- Up-to-date: /home/robot/human_ws/install/robot_startup/share/robot_startup/environment/ament_prefix_path.dsv
[1.224s] -- Up-to-date: /home/robot/human_ws/install/robot_startup/share/robot_startup/environment/path.sh
[1.225s] -- Up-to-date: /home/robot/human_ws/install/robot_startup/share/robot_startup/environment/path.dsv
[1.225s] -- Up-to-date: /home/robot/human_ws/install/robot_startup/share/robot_startup/local_setup.bash
[1.225s] -- Up-to-date: /home/robot/human_ws/install/robot_startup/share/robot_startup/local_setup.sh
[1.225s] -- Up-to-date: /home/robot/human_ws/install/robot_startup/share/robot_startup/local_setup.zsh
[1.225s] -- Up-to-date: /home/robot/human_ws/install/robot_startup/share/robot_startup/local_setup.dsv
[1.225s] -- Installing: /home/robot/human_ws/install/robot_startup/share/robot_startup/package.dsv
[1.225s] -- Up-to-date: /home/robot/human_ws/install/robot_startup/share/ament_index/resource_index/packages/robot_startup
[1.225s] -- Up-to-date: /home/robot/human_ws/install/robot_startup/share/robot_startup/cmake/robot_startupConfig.cmake
[1.225s] -- Up-to-date: /home/robot/human_ws/install/robot_startup/share/robot_startup/cmake/robot_startupConfig-version.cmake
[1.225s] -- Up-to-date: /home/robot/human_ws/install/robot_startup/share/robot_startup/package.xml
[1.227s] Invoked command in '/home/robot/human_ws/build/robot_startup' returned '0': CMAKE_PREFIX_PATH=${CMAKE_PREFIX_PATH}:/home/robot/robot_controller_release/ros2_packages/object_detect_track_node_py:/opt/ros/humble /usr/bin/cmake --install /home/robot/human_ws/build/robot_startup
