[0.043s] Invoking command in '/home/robot/human_ws/build/myinterfaces': CMAKE_PREFIX_PATH=${CMAKE_PREFIX_PATH}:/home/robot/robot_controller_release/ros2_packages/object_detect_track_node_py:/opt/ros/humble /usr/bin/cmake --build /home/robot/human_ws/build/myinterfaces -- -j16 -l16
[0.976s] [ 11%] Built target myinterfaces__rosidl_generator_c
[0.976s] [ 12%] Built target myinterfaces__cpp
[0.976s] [ 12%] Built target ament_cmake_python_copy_myinterfaces
[0.976s] [ 23%] Built target myinterfaces__rosidl_typesupport_c
[0.976s] [ 46%] Built target myinterfaces__rosidl_typesupport_fastrtps_cpp
[0.976s] [ 46%] Built target myinterfaces__rosidl_typesupport_fastrtps_c
[0.976s] [ 66%] Built target myinterfaces__rosidl_typesupport_cpp
[0.976s] [ 69%] Built target myinterfaces__rosidl_typesupport_introspection_c
[0.976s] [ 80%] Built target myinterfaces__rosidl_typesupport_introspection_cpp
[0.977s] [ 80%] Built target myinterfaces
[0.977s] [ 81%] Built target myinterfaces__py
[0.977s] [ 91%] Built target myinterfaces__rosidl_generator_py
[0.977s] [ 94%] Built target myinterfaces__rosidl_typesupport_fastrtps_c__pyext
[0.977s] [ 97%] Built target myinterfaces__rosidl_typesupport_introspection_c__pyext
[0.977s] [100%] Built target myinterfaces__rosidl_typesupport_c__pyext
[0.977s] running egg_info
[0.977s] writing myinterfaces.egg-info/PKG-INFO
[0.977s] writing dependency_links to myinterfaces.egg-info/dependency_links.txt
[0.977s] writing top-level names to myinterfaces.egg-info/top_level.txt
[0.977s] reading manifest file 'myinterfaces.egg-info/SOURCES.txt'
[0.978s] writing manifest file 'myinterfaces.egg-info/SOURCES.txt'
[0.978s] [100%] Built target ament_cmake_python_build_myinterfaces_egg
[1.221s] Invoked command in '/home/robot/human_ws/build/myinterfaces' returned '0': CMAKE_PREFIX_PATH=${CMAKE_PREFIX_PATH}:/home/robot/robot_controller_release/ros2_packages/object_detect_track_node_py:/opt/ros/humble /usr/bin/cmake --build /home/robot/human_ws/build/myinterfaces -- -j16 -l16
