[0.878s] Invoking command in '/home/robot/human_ws/src/listen': PYTHONPATH=/home/robot/human_ws/build/listen/prefix_override:/usr/lib/python3/dist-packages/colcon_core/task/python/colcon_distutils_commands:/home/robot/human_ws/install/listen/lib/python3.10/site-packages:${PYTHONPATH} /usr/bin/python3 -W ignore:setup.py install is deprecated setup.py egg_info --egg-base ../../build/listen build --build-base /home/robot/human_ws/build/listen/build install --record /home/robot/human_ws/build/listen/install.log --single-version-externally-managed install_data
[1.095s] running egg_info
[1.095s] creating ../../build/listen/listen.egg-info
[1.095s] writing ../../build/listen/listen.egg-info/PKG-INFO
[1.095s] writing dependency_links to ../../build/listen/listen.egg-info/dependency_links.txt
[1.096s] writing entry points to ../../build/listen/listen.egg-info/entry_points.txt
[1.096s] writing requirements to ../../build/listen/listen.egg-info/requires.txt
[1.096s] writing top-level names to ../../build/listen/listen.egg-info/top_level.txt
[1.096s] writing manifest file '../../build/listen/listen.egg-info/SOURCES.txt'
[1.097s] reading manifest file '../../build/listen/listen.egg-info/SOURCES.txt'
[1.097s] writing manifest file '../../build/listen/listen.egg-info/SOURCES.txt'
[1.097s] running build
[1.098s] running build_py
[1.098s] creating /home/robot/human_ws/build/listen/build
[1.098s] creating /home/robot/human_ws/build/listen/build/lib
[1.098s] creating /home/robot/human_ws/build/listen/build/lib/listen
[1.098s] copying listen/tts.py -> /home/robot/human_ws/build/listen/build/lib/listen
[1.098s] copying listen/listen.py -> /home/robot/human_ws/build/listen/build/lib/listen
[1.098s] copying listen/__init__.py -> /home/robot/human_ws/build/listen/build/lib/listen
[1.098s] copying listen/STT.py -> /home/robot/human_ws/build/listen/build/lib/listen
[1.098s] running install
[1.098s] running install_lib
[1.098s] copying /home/robot/human_ws/build/listen/build/lib/listen/listen.py -> /home/robot/human_ws/install/listen/lib/python3.10/site-packages/listen
[1.099s] byte-compiling /home/robot/human_ws/install/listen/lib/python3.10/site-packages/listen/listen.py to listen.cpython-310.pyc
[1.099s] running install_data
[1.099s] running install_egg_info
[1.101s] removing '/home/robot/human_ws/install/listen/lib/python3.10/site-packages/listen-0.0.0-py3.10.egg-info' (and everything under it)
[1.101s] Copying ../../build/listen/listen.egg-info to /home/robot/human_ws/install/listen/lib/python3.10/site-packages/listen-0.0.0-py3.10.egg-info
[1.101s] running install_scripts
[1.116s] Installing listen_node script to /home/robot/human_ws/install/listen/lib/listen
[1.116s] writing list of installed files to '/home/robot/human_ws/build/listen/install.log'
[1.138s] Invoked command in '/home/robot/human_ws/src/listen' returned '0': PYTHONPATH=/home/robot/human_ws/build/listen/prefix_override:/usr/lib/python3/dist-packages/colcon_core/task/python/colcon_distutils_commands:/home/robot/human_ws/install/listen/lib/python3.10/site-packages:${PYTHONPATH} /usr/bin/python3 -W ignore:setup.py install is deprecated setup.py egg_info --egg-base ../../build/listen build --build-base /home/robot/human_ws/build/listen/build install --record /home/robot/human_ws/build/listen/install.log --single-version-externally-managed install_data
