[0.012s] Invoking command in '/home/robot/human_ws/build/apriltag_ros': CMAKE_PREFIX_PATH=${CMAKE_PREFIX_PATH}:/home/robot/human_ws/install/rotate:/home/robot/human_ws/install/locomotion:/home/robot/human_ws/install/human:/home/robot/human_ws/install/manager:/home/robot/human_ws/install/listen:/home/robot/human_ws/install/image:/home/robot/human_ws/install/follow:/home/robot/robot_controller_release/ros2_packages/object_detect_track_node_py:/opt/ros/humble /usr/bin/cmake --build /home/robot/human_ws/build/apriltag_ros -- -j16 -l16
[0.073s] [ 20%] Built target tags
[0.076s] [ 40%] Built target apriltag_node
[0.076s] [ 60%] Built target conversion
[0.105s] [ 80%] Built target pose_estimation
[0.144s] [100%] Built target AprilTagNode
[0.162s] Invoked command in '/home/robot/human_ws/build/apriltag_ros' returned '0': CMAKE_PREFIX_PATH=${CMAKE_PREFIX_PATH}:/home/robot/human_ws/install/rotate:/home/robot/human_ws/install/locomotion:/home/robot/human_ws/install/human:/home/robot/human_ws/install/manager:/home/robot/human_ws/install/listen:/home/robot/human_ws/install/image:/home/robot/human_ws/install/follow:/home/robot/robot_controller_release/ros2_packages/object_detect_track_node_py:/opt/ros/humble /usr/bin/cmake --build /home/robot/human_ws/build/apriltag_ros -- -j16 -l16
[0.254s] Invoking command in '/home/robot/human_ws/build/apriltag_ros': CMAKE_PREFIX_PATH=${CMAKE_PREFIX_PATH}:/home/robot/human_ws/install/rotate:/home/robot/human_ws/install/locomotion:/home/robot/human_ws/install/human:/home/robot/human_ws/install/manager:/home/robot/human_ws/install/listen:/home/robot/human_ws/install/image:/home/robot/human_ws/install/follow:/home/robot/robot_controller_release/ros2_packages/object_detect_track_node_py:/opt/ros/humble /usr/bin/cmake --install /home/robot/human_ws/build/apriltag_ros
[0.270s] -- Install configuration: ""
[0.270s] -- Up-to-date: /home/robot/human_ws/install/apriltag_ros/lib/apriltag_ros/apriltag_node
[0.270s] -- Up-to-date: /home/robot/human_ws/install/apriltag_ros/share/apriltag_ros/environment/library_path.sh
[0.270s] -- Up-to-date: /home/robot/human_ws/install/apriltag_ros/share/apriltag_ros/environment/library_path.dsv
[0.270s] -- Up-to-date: /home/robot/human_ws/install/apriltag_ros/lib/libAprilTagNode.so
[0.270s] -- Up-to-date: /home/robot/human_ws/install/apriltag_ros/share/apriltag_ros/cfg
[0.270s] -- Up-to-date: /home/robot/human_ws/install/apriltag_ros/share/apriltag_ros/cfg/tags_36h11.yaml
[0.271s] -- Up-to-date: /home/robot/human_ws/install/apriltag_ros/share/apriltag_ros/launch
[0.271s] -- Up-to-date: /home/robot/human_ws/install/apriltag_ros/share/apriltag_ros/launch/ostrich_36h11.launch.yml
[0.271s] -- Up-to-date: /home/robot/human_ws/install/apriltag_ros/share/apriltag_ros/launch/v4l2_36h11.launch.yml
[0.271s] -- Up-to-date: /home/robot/human_ws/install/apriltag_ros/share/ament_index/resource_index/package_run_dependencies/apriltag_ros
[0.271s] -- Up-to-date: /home/robot/human_ws/install/apriltag_ros/share/ament_index/resource_index/parent_prefix_path/apriltag_ros
[0.271s] -- Up-to-date: /home/robot/human_ws/install/apriltag_ros/share/apriltag_ros/environment/ament_prefix_path.sh
[0.271s] -- Up-to-date: /home/robot/human_ws/install/apriltag_ros/share/apriltag_ros/environment/ament_prefix_path.dsv
[0.271s] -- Up-to-date: /home/robot/human_ws/install/apriltag_ros/share/apriltag_ros/environment/path.sh
[0.271s] -- Up-to-date: /home/robot/human_ws/install/apriltag_ros/share/apriltag_ros/environment/path.dsv
[0.271s] -- Up-to-date: /home/robot/human_ws/install/apriltag_ros/share/apriltag_ros/local_setup.bash
[0.271s] -- Up-to-date: /home/robot/human_ws/install/apriltag_ros/share/apriltag_ros/local_setup.sh
[0.271s] -- Up-to-date: /home/robot/human_ws/install/apriltag_ros/share/apriltag_ros/local_setup.zsh
[0.271s] -- Up-to-date: /home/robot/human_ws/install/apriltag_ros/share/apriltag_ros/local_setup.dsv
[0.272s] -- Installing: /home/robot/human_ws/install/apriltag_ros/share/apriltag_ros/package.dsv
[0.272s] -- Up-to-date: /home/robot/human_ws/install/apriltag_ros/share/ament_index/resource_index/packages/apriltag_ros
[0.272s] -- Up-to-date: /home/robot/human_ws/install/apriltag_ros/share/ament_index/resource_index/rclcpp_components/apriltag_ros
[0.272s] -- Up-to-date: /home/robot/human_ws/install/apriltag_ros/share/apriltag_ros/cmake/apriltag_rosConfig.cmake
[0.272s] -- Up-to-date: /home/robot/human_ws/install/apriltag_ros/share/apriltag_ros/cmake/apriltag_rosConfig-version.cmake
[0.272s] -- Up-to-date: /home/robot/human_ws/install/apriltag_ros/share/apriltag_ros/package.xml
[0.273s] Invoked command in '/home/robot/human_ws/build/apriltag_ros' returned '0': CMAKE_PREFIX_PATH=${CMAKE_PREFIX_PATH}:/home/robot/human_ws/install/rotate:/home/robot/human_ws/install/locomotion:/home/robot/human_ws/install/human:/home/robot/human_ws/install/manager:/home/robot/human_ws/install/listen:/home/robot/human_ws/install/image:/home/robot/human_ws/install/follow:/home/robot/robot_controller_release/ros2_packages/object_detect_track_node_py:/opt/ros/humble /usr/bin/cmake --install /home/robot/human_ws/build/apriltag_ros
