[4.768s] Invoking command in '/home/robot/human_ws/src/image': PYTHONPATH=/home/robot/human_ws/build/image/prefix_override:/usr/lib/python3/dist-packages/colcon_core/task/python/colcon_distutils_commands:/home/robot/human_ws/install/image/lib/python3.10/site-packages:${PYTHONPATH} /usr/bin/python3 -W ignore:setup.py install is deprecated setup.py egg_info --egg-base ../../build/image build --build-base /home/robot/human_ws/build/image/build install --record /home/robot/human_ws/build/image/install.log --single-version-externally-managed install_data
[5.491s] running egg_info
[5.492s] writing ../../build/image/image.egg-info/PKG-INFO
[5.493s] writing dependency_links to ../../build/image/image.egg-info/dependency_links.txt
[5.493s] writing entry points to ../../build/image/image.egg-info/entry_points.txt
[5.493s] writing requirements to ../../build/image/image.egg-info/requires.txt
[5.493s] writing top-level names to ../../build/image/image.egg-info/top_level.txt
[5.498s] reading manifest file '../../build/image/image.egg-info/SOURCES.txt'
[5.500s] writing manifest file '../../build/image/image.egg-info/SOURCES.txt'
[5.500s] running build
[5.500s] running build_py
[5.500s] running install
[5.502s] running install_lib
[5.505s] running install_data
[5.505s] running install_egg_info
[5.510s] removing '/home/robot/human_ws/install/image/lib/python3.10/site-packages/image-0.0.0-py3.10.egg-info' (and everything under it)
[5.512s] Copying ../../build/image/image.egg-info to /home/robot/human_ws/install/image/lib/python3.10/site-packages/image-0.0.0-py3.10.egg-info
[5.515s] running install_scripts
[5.559s] Installing image_client script to /home/robot/human_ws/install/image/lib/image
[5.559s] writing list of installed files to '/home/robot/human_ws/build/image/install.log'
[5.610s] Invoked command in '/home/robot/human_ws/src/image' returned '0': PYTHONPATH=/home/robot/human_ws/build/image/prefix_override:/usr/lib/python3/dist-packages/colcon_core/task/python/colcon_distutils_commands:/home/robot/human_ws/install/image/lib/python3.10/site-packages:${PYTHONPATH} /usr/bin/python3 -W ignore:setup.py install is deprecated setup.py egg_info --egg-base ../../build/image build --build-base /home/robot/human_ws/build/image/build install --record /home/robot/human_ws/build/image/install.log --single-version-externally-managed install_data
