/home/robot/human_ws/install/follow/lib/python3.10/site-packages/follow/rotate_human_server.py
/home/robot/human_ws/install/follow/lib/python3.10/site-packages/follow/__init__.py
/home/robot/human_ws/install/follow/lib/python3.10/site-packages/follow/tag_client.py
/home/robot/human_ws/install/follow/lib/python3.10/site-packages/follow/camerainfo_tag.py
/home/robot/human_ws/install/follow/lib/python3.10/site-packages/follow/head_server.py
/home/robot/human_ws/install/follow/lib/python3.10/site-packages/follow/head_client.py
/home/robot/human_ws/install/follow/lib/python3.10/site-packages/follow/tag_server.py
/home/robot/human_ws/install/follow/lib/python3.10/site-packages/follow/__pycache__/rotate_human_server.cpython-310.pyc
/home/robot/human_ws/install/follow/lib/python3.10/site-packages/follow/__pycache__/__init__.cpython-310.pyc
/home/robot/human_ws/install/follow/lib/python3.10/site-packages/follow/__pycache__/tag_client.cpython-310.pyc
/home/robot/human_ws/install/follow/lib/python3.10/site-packages/follow/__pycache__/camerainfo_tag.cpython-310.pyc
/home/robot/human_ws/install/follow/lib/python3.10/site-packages/follow/__pycache__/head_server.cpython-310.pyc
/home/robot/human_ws/install/follow/lib/python3.10/site-packages/follow/__pycache__/head_client.cpython-310.pyc
/home/robot/human_ws/install/follow/lib/python3.10/site-packages/follow/__pycache__/tag_server.cpython-310.pyc
/home/robot/human_ws/install/follow/share/ament_index/resource_index/packages/follow
/home/robot/human_ws/install/follow/share/follow/package.xml
/home/robot/human_ws/install/follow/lib/python3.10/site-packages/follow-0.0.0-py3.10.egg-info/entry_points.txt
/home/robot/human_ws/install/follow/lib/python3.10/site-packages/follow-0.0.0-py3.10.egg-info/PKG-INFO
/home/robot/human_ws/install/follow/lib/python3.10/site-packages/follow-0.0.0-py3.10.egg-info/top_level.txt
/home/robot/human_ws/install/follow/lib/python3.10/site-packages/follow-0.0.0-py3.10.egg-info/requires.txt
/home/robot/human_ws/install/follow/lib/python3.10/site-packages/follow-0.0.0-py3.10.egg-info/SOURCES.txt
/home/robot/human_ws/install/follow/lib/python3.10/site-packages/follow-0.0.0-py3.10.egg-info/zip-safe
/home/robot/human_ws/install/follow/lib/python3.10/site-packages/follow-0.0.0-py3.10.egg-info/dependency_links.txt
/home/robot/human_ws/install/follow/lib/follow/camerainfo
/home/robot/human_ws/install/follow/lib/follow/head_client
/home/robot/human_ws/install/follow/lib/follow/robot_head_controller
/home/robot/human_ws/install/follow/lib/follow/rotate_human_node
/home/robot/human_ws/install/follow/lib/follow/tag_server
