running egg_info
creating ../../build/image/image.egg-info
writing ../../build/image/image.egg-info/PKG-INFO
writing dependency_links to ../../build/image/image.egg-info/dependency_links.txt
writing entry points to ../../build/image/image.egg-info/entry_points.txt
writing requirements to ../../build/image/image.egg-info/requires.txt
writing top-level names to ../../build/image/image.egg-info/top_level.txt
writing manifest file '../../build/image/image.egg-info/SOURCES.txt'
reading manifest file '../../build/image/image.egg-info/SOURCES.txt'
writing manifest file '../../build/image/image.egg-info/SOURCES.txt'
running build
running build_py
creating /home/robot/human_ws/build/image/build
creating /home/robot/human_ws/build/image/build/lib
creating /home/robot/human_ws/build/image/build/lib/image
copying image/image.py -> /home/robot/human_ws/build/image/build/lib/image
copying image/__init__.py -> /home/robot/human_ws/build/image/build/lib/image
copying image/image_rec.py -> /home/robot/human_ws/build/image/build/lib/image
running install
running install_lib
creating /home/robot/human_ws/install/image/lib/python3.10/site-packages/image
copying /home/robot/human_ws/build/image/build/lib/image/image.py -> /home/robot/human_ws/install/image/lib/python3.10/site-packages/image
copying /home/robot/human_ws/build/image/build/lib/image/__init__.py -> /home/robot/human_ws/install/image/lib/python3.10/site-packages/image
copying /home/robot/human_ws/build/image/build/lib/image/image_rec.py -> /home/robot/human_ws/install/image/lib/python3.10/site-packages/image
byte-compiling /home/robot/human_ws/install/image/lib/python3.10/site-packages/image/image.py to image.cpython-310.pyc
byte-compiling /home/robot/human_ws/install/image/lib/python3.10/site-packages/image/__init__.py to __init__.cpython-310.pyc
byte-compiling /home/robot/human_ws/install/image/lib/python3.10/site-packages/image/image_rec.py to image_rec.cpython-310.pyc
running install_data
creating /home/robot/human_ws/install/image/share/ament_index
creating /home/robot/human_ws/install/image/share/ament_index/resource_index
creating /home/robot/human_ws/install/image/share/ament_index/resource_index/packages
copying resource/image -> /home/robot/human_ws/install/image/share/ament_index/resource_index/packages
copying package.xml -> /home/robot/human_ws/install/image/share/image
running install_egg_info
Copying ../../build/image/image.egg-info to /home/robot/human_ws/install/image/lib/python3.10/site-packages/image-0.0.0-py3.10.egg-info
running install_scripts
Installing image_client script to /home/robot/human_ws/install/image/lib/image
writing list of installed files to '/home/robot/human_ws/build/image/install.log'
