[0.803s] Invoking command in '/home/robot/human_ws/src/image': PYTHONPATH=/home/robot/human_ws/build/image/prefix_override:/usr/lib/python3/dist-packages/colcon_core/task/python/colcon_distutils_commands:/home/robot/human_ws/install/image/lib/python3.10/site-packages:${PYTHONPATH} /usr/bin/python3 -W ignore:setup.py install is deprecated setup.py egg_info --egg-base ../../build/image build --build-base /home/robot/human_ws/build/image/build install --record /home/robot/human_ws/build/image/install.log --single-version-externally-managed install_data
[1.020s] running egg_info
[1.021s] creating ../../build/image/image.egg-info
[1.021s] writing ../../build/image/image.egg-info/PKG-INFO
[1.021s] writing dependency_links to ../../build/image/image.egg-info/dependency_links.txt
[1.021s] writing entry points to ../../build/image/image.egg-info/entry_points.txt
[1.021s] writing requirements to ../../build/image/image.egg-info/requires.txt
[1.021s] writing top-level names to ../../build/image/image.egg-info/top_level.txt
[1.022s] writing manifest file '../../build/image/image.egg-info/SOURCES.txt'
[1.024s] reading manifest file '../../build/image/image.egg-info/SOURCES.txt'
[1.024s] writing manifest file '../../build/image/image.egg-info/SOURCES.txt'
[1.024s] running build
[1.024s] running build_py
[1.024s] creating /home/robot/human_ws/build/image/build
[1.025s] creating /home/robot/human_ws/build/image/build/lib
[1.025s] creating /home/robot/human_ws/build/image/build/lib/image
[1.025s] copying image/image.py -> /home/robot/human_ws/build/image/build/lib/image
[1.025s] copying image/__init__.py -> /home/robot/human_ws/build/image/build/lib/image
[1.025s] copying image/image_rec.py -> /home/robot/human_ws/build/image/build/lib/image
[1.025s] running install
[1.025s] running install_lib
[1.025s] creating /home/robot/human_ws/install/image/lib/python3.10/site-packages/image
[1.025s] copying /home/robot/human_ws/build/image/build/lib/image/image.py -> /home/robot/human_ws/install/image/lib/python3.10/site-packages/image
[1.025s] copying /home/robot/human_ws/build/image/build/lib/image/__init__.py -> /home/robot/human_ws/install/image/lib/python3.10/site-packages/image
[1.025s] copying /home/robot/human_ws/build/image/build/lib/image/image_rec.py -> /home/robot/human_ws/install/image/lib/python3.10/site-packages/image
[1.026s] byte-compiling /home/robot/human_ws/install/image/lib/python3.10/site-packages/image/image.py to image.cpython-310.pyc
[1.026s] byte-compiling /home/robot/human_ws/install/image/lib/python3.10/site-packages/image/__init__.py to __init__.cpython-310.pyc
[1.026s] byte-compiling /home/robot/human_ws/install/image/lib/python3.10/site-packages/image/image_rec.py to image_rec.cpython-310.pyc
[1.026s] running install_data
[1.026s] creating /home/robot/human_ws/install/image/share/ament_index
[1.026s] creating /home/robot/human_ws/install/image/share/ament_index/resource_index
[1.026s] creating /home/robot/human_ws/install/image/share/ament_index/resource_index/packages
[1.026s] copying resource/image -> /home/robot/human_ws/install/image/share/ament_index/resource_index/packages
[1.027s] copying package.xml -> /home/robot/human_ws/install/image/share/image
[1.027s] running install_egg_info
[1.028s] Copying ../../build/image/image.egg-info to /home/robot/human_ws/install/image/lib/python3.10/site-packages/image-0.0.0-py3.10.egg-info
[1.028s] running install_scripts
[1.042s] Installing image_client script to /home/robot/human_ws/install/image/lib/image
[1.042s] writing list of installed files to '/home/robot/human_ws/build/image/install.log'
[1.063s] Invoked command in '/home/robot/human_ws/src/image' returned '0': PYTHONPATH=/home/robot/human_ws/build/image/prefix_override:/usr/lib/python3/dist-packages/colcon_core/task/python/colcon_distutils_commands:/home/robot/human_ws/install/image/lib/python3.10/site-packages:${PYTHONPATH} /usr/bin/python3 -W ignore:setup.py install is deprecated setup.py egg_info --egg-base ../../build/image build --build-base /home/robot/human_ws/build/image/build install --record /home/robot/human_ws/build/image/install.log --single-version-externally-managed install_data
