[3.033s] Invoking command in '/home/robot/human_ws/src/follow': PYTHONPATH=/home/robot/human_ws/build/follow/prefix_override:/usr/lib/python3/dist-packages/colcon_core/task/python/colcon_distutils_commands:/home/robot/human_ws/install/follow/lib/python3.10/site-packages:${PYTHONPATH} /usr/bin/python3 -W ignore:setup.py install is deprecated setup.py egg_info --egg-base ../../build/follow build --build-base /home/robot/human_ws/build/follow/build install --record /home/robot/human_ws/build/follow/install.log --single-version-externally-managed install_data
[3.840s] running egg_info
[3.840s] writing ../../build/follow/follow.egg-info/PKG-INFO
[3.841s] writing dependency_links to ../../build/follow/follow.egg-info/dependency_links.txt
[3.845s] writing entry points to ../../build/follow/follow.egg-info/entry_points.txt
[3.845s] writing requirements to ../../build/follow/follow.egg-info/requires.txt
[3.845s] writing top-level names to ../../build/follow/follow.egg-info/top_level.txt
[3.847s] reading manifest file '../../build/follow/follow.egg-info/SOURCES.txt'
[3.859s] writing manifest file '../../build/follow/follow.egg-info/SOURCES.txt'
[3.860s] running build
[3.860s] running build_py
[3.860s] copying follow/follow_tag_static.py -> /home/robot/human_ws/build/follow/build/lib/follow
[3.860s] copying follow/follow_tag.py -> /home/robot/human_ws/build/follow/build/lib/follow
[3.863s] running install
[3.863s] running install_lib
[3.863s] copying /home/robot/human_ws/build/follow/build/lib/follow/follow_tag_static.py -> /home/robot/human_ws/install/follow/lib/python3.10/site-packages/follow
[3.863s] copying /home/robot/human_ws/build/follow/build/lib/follow/follow_tag.py -> /home/robot/human_ws/install/follow/lib/python3.10/site-packages/follow
[3.867s] byte-compiling /home/robot/human_ws/install/follow/lib/python3.10/site-packages/follow/follow_tag_static.py to follow_tag_static.cpython-310.pyc
[3.877s] byte-compiling /home/robot/human_ws/install/follow/lib/python3.10/site-packages/follow/follow_tag.py to follow_tag.cpython-310.pyc
[3.879s] running install_data
[3.879s] running install_egg_info
[3.885s] removing '/home/robot/human_ws/install/follow/lib/python3.10/site-packages/follow-0.0.0-py3.10.egg-info' (and everything under it)
[3.892s] Copying ../../build/follow/follow.egg-info to /home/robot/human_ws/install/follow/lib/python3.10/site-packages/follow-0.0.0-py3.10.egg-info
[3.895s] running install_scripts
[3.941s] Installing camerainfo script to /home/robot/human_ws/install/follow/lib/follow
[3.942s] Installing follower script to /home/robot/human_ws/install/follow/lib/follow
[3.945s] Installing joy_publisher script to /home/robot/human_ws/install/follow/lib/follow
[3.945s] Installing tag_follower script to /home/robot/human_ws/install/follow/lib/follow
[3.945s] Installing tag_follower_static script to /home/robot/human_ws/install/follow/lib/follow
[3.945s] Installing test_publisher script to /home/robot/human_ws/install/follow/lib/follow
[3.945s] writing list of installed files to '/home/robot/human_ws/build/follow/install.log'
[4.058s] Invoked command in '/home/robot/human_ws/src/follow' returned '0': PYTHONPATH=/home/robot/human_ws/build/follow/prefix_override:/usr/lib/python3/dist-packages/colcon_core/task/python/colcon_distutils_commands:/home/robot/human_ws/install/follow/lib/python3.10/site-packages:${PYTHONPATH} /usr/bin/python3 -W ignore:setup.py install is deprecated setup.py egg_info --egg-base ../../build/follow build --build-base /home/robot/human_ws/build/follow/build install --record /home/robot/human_ws/build/follow/install.log --single-version-externally-managed install_data
