[1.939s] Invoking command in '/home/robot/human_ws/src/human': PYTHONPATH=/home/robot/human_ws/build/human/prefix_override:/usr/lib/python3/dist-packages/colcon_core/task/python/colcon_distutils_commands:/home/robot/human_ws/install/human/lib/python3.10/site-packages:${PYTHONPATH} /usr/bin/python3 -W ignore:setup.py install is deprecated setup.py egg_info --egg-base ../../build/human build --build-base /home/robot/human_ws/build/human/build install --record /home/robot/human_ws/build/human/install.log --single-version-externally-managed install_data
[2.551s] running egg_info
[2.551s] writing ../../build/human/human.egg-info/PKG-INFO
[2.552s] writing dependency_links to ../../build/human/human.egg-info/dependency_links.txt
[2.552s] writing entry points to ../../build/human/human.egg-info/entry_points.txt
[2.553s] writing requirements to ../../build/human/human.egg-info/requires.txt
[2.553s] writing top-level names to ../../build/human/human.egg-info/top_level.txt
[2.562s] reading manifest file '../../build/human/human.egg-info/SOURCES.txt'
[2.566s] writing manifest file '../../build/human/human.egg-info/SOURCES.txt'
[2.566s] running build
[2.566s] running build_py
[2.566s] copying human/human_detection_pcd.py -> /home/robot/human_ws/build/human/build/lib/human
[2.571s] running install
[2.574s] running install_lib
[2.576s] copying /home/robot/human_ws/build/human/build/lib/human/human_detection_pcd.py -> /home/robot/human_ws/install/human/lib/python3.10/site-packages/human
[2.578s] byte-compiling /home/robot/human_ws/install/human/lib/python3.10/site-packages/human/human_detection_pcd.py to human_detection_pcd.cpython-310.pyc
[2.585s] running install_data
[2.585s] running install_egg_info
[2.593s] removing '/home/robot/human_ws/install/human/lib/python3.10/site-packages/human-0.0.0-py3.10.egg-info' (and everything under it)
[2.596s] Copying ../../build/human/human.egg-info to /home/robot/human_ws/install/human/lib/python3.10/site-packages/human-0.0.0-py3.10.egg-info
[2.598s] running install_scripts
[2.635s] Installing human_coordinate_client script to /home/robot/human_ws/install/human/lib/human
[2.635s] Installing human_coordinate_client_pcd script to /home/robot/human_ws/install/human/lib/human
[2.635s] Installing human_coordinate_server script to /home/robot/human_ws/install/human/lib/human
[2.635s] Installing human_coordinate_server_pcd script to /home/robot/human_ws/install/human/lib/human
[2.636s] writing list of installed files to '/home/robot/human_ws/build/human/install.log'
[2.719s] Invoked command in '/home/robot/human_ws/src/human' returned '0': PYTHONPATH=/home/robot/human_ws/build/human/prefix_override:/usr/lib/python3/dist-packages/colcon_core/task/python/colcon_distutils_commands:/home/robot/human_ws/install/human/lib/python3.10/site-packages:${PYTHONPATH} /usr/bin/python3 -W ignore:setup.py install is deprecated setup.py egg_info --egg-base ../../build/human build --build-base /home/robot/human_ws/build/human/build install --record /home/robot/human_ws/build/human/install.log --single-version-externally-managed install_data
