[0.009s] Invoking command in '/home/robot/human_ws/build/myinterfaces': CMAKE_PREFIX_PATH=${CMAKE_PREFIX_PATH}:/home/robot/human_ws/install/human:/opt/ros/humble /usr/bin/cmake --build /home/robot/human_ws/build/myinterfaces -- -j16 -l16
[0.031s] -- Found ament_cmake: 1.3.10 (/opt/ros/humble/share/ament_cmake/cmake)
[0.127s] -- Found rosidl_default_generators: 1.2.0 (/opt/ros/humble/share/rosidl_default_generators/cmake)
[0.128s] -- Using all available rosidl_typesupport_c: rosidl_typesupport_fastrtps_c;rosidl_typesupport_introspection_c
[0.130s] -- Found rosidl_adapter: 3.1.5 (/opt/ros/humble/share/rosidl_adapter/cmake)
[0.150s] -- Using all available rosidl_typesupport_cpp: rosidl_typesupport_fastrtps_cpp;rosidl_typesupport_introspection_cpp
[0.166s] -- Found geometry_msgs: 4.2.4 (/opt/ros/humble/share/geometry_msgs/cmake)
[0.189s] -- Found sensor_msgs: 4.2.4 (/opt/ros/humble/share/sensor_msgs/cmake)
[0.321s] [31mCMake Error at /opt/ros/humble/share/rosidl_adapter/cmake/rosidl_adapt_interfaces.cmake:59 (message):
[0.321s]   execute_process(/usr/bin/python3 -m rosidl_adapter --package-name
[0.321s]   myinterfaces --arguments-file
[0.322s]   /home/robot/human_ws/build/myinterfaces/rosidl_adapter__arguments__myinterfaces.json
[0.322s]   --output-dir
[0.322s]   /home/robot/human_ws/build/myinterfaces/rosidl_adapter/myinterfaces
[0.322s]   --output-file
[0.322s]   /home/robot/human_ws/build/myinterfaces/rosidl_adapter/myinterfaces.idls)
[0.322s]   returned error code 1:
[0.322s] 
[0.322s]   Traceback (most recent call last):
[0.322s] 
[0.322s]     File "/usr/lib/python3.10/runpy.py", line 196, in _run_module_as_main
[0.322s]       return _run_code(code, main_globals, None,
[0.322s]     File "/usr/lib/python3.10/runpy.py", line 86, in _run_code
[0.323s]       exec(code, run_globals)
[0.323s]     File "/opt/ros/humble/local/lib/python3.10/dist-packages/rosidl_adapter/__main__.py", line 19, in <module>
[0.323s]       sys.exit(main())
[0.323s]     File "/opt/ros/humble/local/lib/python3.10/dist-packages/rosidl_adapter/main.py", line 53, in main
[0.323s]       abs_idl_file = convert_to_idl(
[0.323s]     File "/opt/ros/humble/local/lib/python3.10/dist-packages/rosidl_adapter/__init__.py", line 24, in convert_to_idl
[0.323s]       return convert_srv_to_idl(
[0.323s]     File "/opt/ros/humble/local/lib/python3.10/dist-packages/rosidl_adapter/srv/__init__.py", line 28, in convert_srv_to_idl
[0.323s]       srv = parse_service_string(package_name, input_file.stem, content)
[0.323s]     File "/opt/ros/humble/local/lib/python3.10/dist-packages/rosidl_adapter/parser.py", line 850, in parse_service_string
[0.323s]       raise InvalidServiceSpecification(
[0.323s] 
[0.323s]   rosidl_adapter.parser.InvalidServiceSpecification: Could not find separator
[0.324s]   '---' between request and response
[0.324s] 
[0.324s] Call Stack (most recent call first):
[0.324s]   /opt/ros/humble/share/rosidl_cmake/cmake/rosidl_generate_interfaces.cmake:130 (rosidl_adapt_interfaces)
[0.324s]   CMakeLists.txt:14 (rosidl_generate_interfaces)
[0.324s] 
[0.324s] [0m
[0.324s] -- Configuring incomplete, errors occurred!
[0.324s] See also "/home/robot/human_ws/build/myinterfaces/CMakeFiles/CMakeOutput.log".
[0.325s] gmake: *** [Makefile:747: cmake_check_build_system] Error 1
[0.327s] Invoked command in '/home/robot/human_ws/build/myinterfaces' returned '2': CMAKE_PREFIX_PATH=${CMAKE_PREFIX_PATH}:/home/robot/human_ws/install/human:/opt/ros/humble /usr/bin/cmake --build /home/robot/human_ws/build/myinterfaces -- -j16 -l16
