[2.362s] Invoking command in '/home/robot/human_ws/src/follow': PYTHONPATH=/home/robot/human_ws/build/follow/prefix_override:/usr/lib/python3/dist-packages/colcon_core/task/python/colcon_distutils_commands:/home/robot/human_ws/install/follow/lib/python3.10/site-packages:${PYTHONPATH} /usr/bin/python3 -W ignore:setup.py install is deprecated setup.py egg_info --egg-base ../../build/follow build --build-base /home/robot/human_ws/build/follow/build install --record /home/robot/human_ws/build/follow/install.log --single-version-externally-managed install_data
[3.000s] running egg_info
[3.001s] writing ../../build/follow/follow.egg-info/PKG-INFO
[3.001s] writing dependency_links to ../../build/follow/follow.egg-info/dependency_links.txt
[3.002s] writing entry points to ../../build/follow/follow.egg-info/entry_points.txt
[3.003s] writing requirements to ../../build/follow/follow.egg-info/requires.txt
[3.004s] writing top-level names to ../../build/follow/follow.egg-info/top_level.txt
[3.005s] reading manifest file '../../build/follow/follow.egg-info/SOURCES.txt'
[3.006s] writing manifest file '../../build/follow/follow.egg-info/SOURCES.txt'
[3.007s] running build
[3.007s] running build_py
[3.007s] running install
[3.008s] running install_lib
[3.010s] running install_data
[3.010s] running install_egg_info
[3.013s] removing '/home/robot/human_ws/install/follow/lib/python3.10/site-packages/follow-0.0.0-py3.10.egg-info' (and everything under it)
[3.013s] Copying ../../build/follow/follow.egg-info to /home/robot/human_ws/install/follow/lib/python3.10/site-packages/follow-0.0.0-py3.10.egg-info
[3.014s] running install_scripts
[3.050s] Installing camerainfo script to /home/robot/human_ws/install/follow/lib/follow
[3.050s] Installing head_client script to /home/robot/human_ws/install/follow/lib/follow
[3.051s] Installing robot_head_controller script to /home/robot/human_ws/install/follow/lib/follow
[3.051s] Installing rotate_human_node script to /home/robot/human_ws/install/follow/lib/follow
[3.051s] Installing tag_server script to /home/robot/human_ws/install/follow/lib/follow
[3.052s] writing list of installed files to '/home/robot/human_ws/build/follow/install.log'
[3.120s] Invoked command in '/home/robot/human_ws/src/follow' returned '0': PYTHONPATH=/home/robot/human_ws/build/follow/prefix_override:/usr/lib/python3/dist-packages/colcon_core/task/python/colcon_distutils_commands:/home/robot/human_ws/install/follow/lib/python3.10/site-packages:${PYTHONPATH} /usr/bin/python3 -W ignore:setup.py install is deprecated setup.py egg_info --egg-base ../../build/follow build --build-base /home/robot/human_ws/build/follow/build install --record /home/robot/human_ws/build/follow/install.log --single-version-externally-managed install_data
