[0.711s] Invoking command in '/home/robot/human_ws/src/manager': PYTHONPATH=/home/robot/human_ws/build/manager/prefix_override:/usr/lib/python3/dist-packages/colcon_core/task/python/colcon_distutils_commands:/home/robot/human_ws/install/manager/lib/python3.10/site-packages:${PYTHONPATH} /usr/bin/python3 -W ignore:setup.py install is deprecated setup.py egg_info --egg-base ../../build/manager build --build-base /home/robot/human_ws/build/manager/build install --record /home/robot/human_ws/build/manager/install.log --single-version-externally-managed install_data
[0.921s] running egg_info
[0.921s] writing ../../build/manager/manager.egg-info/PKG-INFO
[0.921s] writing dependency_links to ../../build/manager/manager.egg-info/dependency_links.txt
[0.922s] writing entry points to ../../build/manager/manager.egg-info/entry_points.txt
[0.922s] writing requirements to ../../build/manager/manager.egg-info/requires.txt
[0.922s] writing top-level names to ../../build/manager/manager.egg-info/top_level.txt
[0.923s] reading manifest file '../../build/manager/manager.egg-info/SOURCES.txt'
[0.924s] writing manifest file '../../build/manager/manager.egg-info/SOURCES.txt'
[0.924s] running build
[0.924s] running build_py
[0.925s] running install
[0.925s] running install_lib
[0.926s] running install_data
[0.926s] running install_egg_info
[0.927s] removing '/home/robot/human_ws/install/manager/lib/python3.10/site-packages/manager-0.0.0-py3.10.egg-info' (and everything under it)
[0.927s] Copying ../../build/manager/manager.egg-info to /home/robot/human_ws/install/manager/lib/python3.10/site-packages/manager-0.0.0-py3.10.egg-info
[0.928s] running install_scripts
[0.942s] Installing manager_node script to /home/robot/human_ws/install/manager/lib/manager
[0.942s] writing list of installed files to '/home/robot/human_ws/build/manager/install.log'
[0.960s] Invoked command in '/home/robot/human_ws/src/manager' returned '0': PYTHONPATH=/home/robot/human_ws/build/manager/prefix_override:/usr/lib/python3/dist-packages/colcon_core/task/python/colcon_distutils_commands:/home/robot/human_ws/install/manager/lib/python3.10/site-packages:${PYTHONPATH} /usr/bin/python3 -W ignore:setup.py install is deprecated setup.py egg_info --egg-base ../../build/manager build --build-base /home/robot/human_ws/build/manager/build install --record /home/robot/human_ws/build/manager/install.log --single-version-externally-managed install_data
