[0.027s] Invoking command in '/home/robot/human_ws/build/myinterfaces': CMAKE_PREFIX_PATH=${CMAKE_PREFIX_PATH}:/opt/ros/humble /usr/bin/cmake --build /home/robot/human_ws/build/myinterfaces -- -j16 -l16
[0.136s] [  2%] Built target myinterfaces__cpp
[0.143s] [ 12%] Built target myinterfaces__rosidl_generator_c
[0.172s] [ 12%] Built target ament_cmake_python_copy_myinterfaces
[0.199s] [ 23%] Built target myinterfaces__rosidl_typesupport_introspection_cpp
[0.202s] [ 35%] Built target myinterfaces__rosidl_typesupport_cpp
[0.204s] [ 43%] Built target myinterfaces__rosidl_typesupport_fastrtps_cpp
[0.207s] [ 53%] Built target myinterfaces__rosidl_typesupport_c
[0.211s] [ 64%] Built target myinterfaces__rosidl_typesupport_fastrtps_c
[0.212s] [ 74%] Built target myinterfaces__rosidl_typesupport_introspection_c
[0.250s] [ 74%] Built target myinterfaces
[0.273s] [ 76%] Built target myinterfaces__py
[0.313s] [ 84%] Built target myinterfaces__rosidl_generator_py
[0.370s] [ 89%] Built target myinterfaces__rosidl_typesupport_introspection_c__pyext
[0.371s] [ 94%] Built target myinterfaces__rosidl_typesupport_fastrtps_c__pyext
[0.374s] [100%] Built target myinterfaces__rosidl_typesupport_c__pyext
[0.736s] running egg_info
[0.736s] writing myinterfaces.egg-info/PKG-INFO
[0.737s] writing dependency_links to myinterfaces.egg-info/dependency_links.txt
[0.737s] writing top-level names to myinterfaces.egg-info/top_level.txt
[0.747s] reading manifest file 'myinterfaces.egg-info/SOURCES.txt'
[0.747s] writing manifest file 'myinterfaces.egg-info/SOURCES.txt'
[0.801s] [100%] Built target ament_cmake_python_build_myinterfaces_egg
[0.822s] Invoked command in '/home/robot/human_ws/build/myinterfaces' returned '0': CMAKE_PREFIX_PATH=${CMAKE_PREFIX_PATH}:/opt/ros/humble /usr/bin/cmake --build /home/robot/human_ws/build/myinterfaces -- -j16 -l16
[0.944s] Invoking command in '/home/robot/human_ws/build/myinterfaces': CMAKE_PREFIX_PATH=${CMAKE_PREFIX_PATH}:/opt/ros/humble /usr/bin/cmake --install /home/robot/human_ws/build/myinterfaces
[0.959s] -- Install configuration: ""
[0.959s] -- Up-to-date: /home/robot/human_ws/install/myinterfaces/share/ament_index/resource_index/rosidl_interfaces/myinterfaces
[0.959s] -- Up-to-date: /home/robot/human_ws/install/myinterfaces/include/myinterfaces/myinterfaces
[0.959s] -- Up-to-date: /home/robot/human_ws/install/myinterfaces/include/myinterfaces/myinterfaces/srv
[0.959s] -- Up-to-date: /home/robot/human_ws/install/myinterfaces/include/myinterfaces/myinterfaces/srv/detail
[0.959s] -- Up-to-date: /home/robot/human_ws/install/myinterfaces/include/myinterfaces/myinterfaces/srv/detail/humancoordinatespcd__functions.c
[0.959s] -- Up-to-date: /home/robot/human_ws/install/myinterfaces/include/myinterfaces/myinterfaces/srv/detail/humancoordinatespcd__struct.h
[0.960s] -- Up-to-date: /home/robot/human_ws/install/myinterfaces/include/myinterfaces/myinterfaces/srv/detail/humancoordinates__functions.h
[0.960s] -- Up-to-date: /home/robot/human_ws/install/myinterfaces/include/myinterfaces/myinterfaces/srv/detail/humancoordinates__functions.c
[0.960s] -- Up-to-date: /home/robot/human_ws/install/myinterfaces/include/myinterfaces/myinterfaces/srv/detail/humancoordinatespcd__type_support.h
[0.960s] -- Up-to-date: /home/robot/human_ws/install/myinterfaces/include/myinterfaces/myinterfaces/srv/detail/humancoordinates__struct.h
[0.960s] -- Up-to-date: /home/robot/human_ws/install/myinterfaces/include/myinterfaces/myinterfaces/srv/detail/humancoordinates__type_support.h
[0.960s] -- Up-to-date: /home/robot/human_ws/install/myinterfaces/include/myinterfaces/myinterfaces/srv/detail/humancoordinatespcd__functions.h
[0.960s] -- Up-to-date: /home/robot/human_ws/install/myinterfaces/include/myinterfaces/myinterfaces/srv/humancoordinates.h
[0.961s] -- Up-to-date: /home/robot/human_ws/install/myinterfaces/include/myinterfaces/myinterfaces/srv/humancoordinatespcd.h
[0.961s] -- Up-to-date: /home/robot/human_ws/install/myinterfaces/include/myinterfaces/myinterfaces/msg
[0.961s] -- Up-to-date: /home/robot/human_ws/install/myinterfaces/include/myinterfaces/myinterfaces/msg/rosidl_generator_c__visibility_control.h
[0.961s] -- Up-to-date: /home/robot/human_ws/install/myinterfaces/share/myinterfaces/environment/library_path.sh
[0.961s] -- Up-to-date: /home/robot/human_ws/install/myinterfaces/share/myinterfaces/environment/library_path.dsv
[0.961s] -- Up-to-date: /home/robot/human_ws/install/myinterfaces/lib/libmyinterfaces__rosidl_generator_c.so
[0.961s] -- Up-to-date: /home/robot/human_ws/install/myinterfaces/include/myinterfaces/myinterfaces
[0.961s] -- Up-to-date: /home/robot/human_ws/install/myinterfaces/include/myinterfaces/myinterfaces/srv
[0.961s] -- Up-to-date: /home/robot/human_ws/install/myinterfaces/include/myinterfaces/myinterfaces/srv/detail
[0.961s] -- Up-to-date: /home/robot/human_ws/install/myinterfaces/include/myinterfaces/myinterfaces/srv/detail/humancoordinates__rosidl_typesupport_fastrtps_c.h
[0.962s] -- Up-to-date: /home/robot/human_ws/install/myinterfaces/include/myinterfaces/myinterfaces/srv/detail/humancoordinatespcd__rosidl_typesupport_fastrtps_c.h
[0.962s] -- Up-to-date: /home/robot/human_ws/install/myinterfaces/include/myinterfaces/myinterfaces/msg
[0.962s] -- Up-to-date: /home/robot/human_ws/install/myinterfaces/include/myinterfaces/myinterfaces/msg/rosidl_typesupport_fastrtps_c__visibility_control.h
[0.962s] -- Up-to-date: /home/robot/human_ws/install/myinterfaces/lib/libmyinterfaces__rosidl_typesupport_fastrtps_c.so
[0.962s] -- Up-to-date: /home/robot/human_ws/install/myinterfaces/include/myinterfaces/myinterfaces
[0.962s] -- Up-to-date: /home/robot/human_ws/install/myinterfaces/include/myinterfaces/myinterfaces/srv
[0.962s] -- Up-to-date: /home/robot/human_ws/install/myinterfaces/include/myinterfaces/myinterfaces/srv/detail
[0.962s] -- Up-to-date: /home/robot/human_ws/install/myinterfaces/include/myinterfaces/myinterfaces/srv/detail/humancoordinates__rosidl_typesupport_introspection_c.h
[0.962s] -- Up-to-date: /home/robot/human_ws/install/myinterfaces/include/myinterfaces/myinterfaces/srv/detail/humancoordinatespcd__type_support.c
[0.962s] -- Up-to-date: /home/robot/human_ws/install/myinterfaces/include/myinterfaces/myinterfaces/srv/detail/humancoordinatespcd__rosidl_typesupport_introspection_c.h
[0.962s] -- Up-to-date: /home/robot/human_ws/install/myinterfaces/include/myinterfaces/myinterfaces/srv/detail/humancoordinates__type_support.c
[0.962s] -- Up-to-date: /home/robot/human_ws/install/myinterfaces/include/myinterfaces/myinterfaces/msg
[0.962s] -- Up-to-date: /home/robot/human_ws/install/myinterfaces/include/myinterfaces/myinterfaces/msg/rosidl_typesupport_introspection_c__visibility_control.h
[0.963s] -- Up-to-date: /home/robot/human_ws/install/myinterfaces/lib/libmyinterfaces__rosidl_typesupport_introspection_c.so
[0.963s] -- Up-to-date: /home/robot/human_ws/install/myinterfaces/lib/libmyinterfaces__rosidl_typesupport_c.so
[0.963s] -- Up-to-date: /home/robot/human_ws/install/myinterfaces/include/myinterfaces/myinterfaces
[0.963s] -- Up-to-date: /home/robot/human_ws/install/myinterfaces/include/myinterfaces/myinterfaces/srv
[0.963s] -- Up-to-date: /home/robot/human_ws/install/myinterfaces/include/myinterfaces/myinterfaces/srv/detail
[0.963s] -- Up-to-date: /home/robot/human_ws/install/myinterfaces/include/myinterfaces/myinterfaces/srv/detail/humancoordinates__builder.hpp
[0.963s] -- Up-to-date: /home/robot/human_ws/install/myinterfaces/include/myinterfaces/myinterfaces/srv/detail/humancoordinatespcd__builder.hpp
[0.963s] -- Up-to-date: /home/robot/human_ws/install/myinterfaces/include/myinterfaces/myinterfaces/srv/detail/humancoordinates__traits.hpp
[0.963s] -- Up-to-date: /home/robot/human_ws/install/myinterfaces/include/myinterfaces/myinterfaces/srv/detail/humancoordinatespcd__traits.hpp
[0.963s] -- Up-to-date: /home/robot/human_ws/install/myinterfaces/include/myinterfaces/myinterfaces/srv/detail/humancoordinates__struct.hpp
[0.963s] -- Up-to-date: /home/robot/human_ws/install/myinterfaces/include/myinterfaces/myinterfaces/srv/detail/humancoordinatespcd__struct.hpp
[0.964s] -- Up-to-date: /home/robot/human_ws/install/myinterfaces/include/myinterfaces/myinterfaces/srv/humancoordinatespcd.hpp
[0.964s] -- Up-to-date: /home/robot/human_ws/install/myinterfaces/include/myinterfaces/myinterfaces/srv/humancoordinates.hpp
[0.964s] -- Up-to-date: /home/robot/human_ws/install/myinterfaces/include/myinterfaces/myinterfaces
[0.964s] -- Up-to-date: /home/robot/human_ws/install/myinterfaces/include/myinterfaces/myinterfaces/srv
[0.964s] -- Up-to-date: /home/robot/human_ws/install/myinterfaces/include/myinterfaces/myinterfaces/srv/detail
[0.964s] -- Up-to-date: /home/robot/human_ws/install/myinterfaces/include/myinterfaces/myinterfaces/srv/detail/humancoordinates__rosidl_typesupport_fastrtps_cpp.hpp
[0.964s] -- Up-to-date: /home/robot/human_ws/install/myinterfaces/include/myinterfaces/myinterfaces/srv/detail/humancoordinatespcd__rosidl_typesupport_fastrtps_cpp.hpp
[0.964s] -- Up-to-date: /home/robot/human_ws/install/myinterfaces/include/myinterfaces/myinterfaces/srv/detail/dds_fastrtps
[0.964s] -- Up-to-date: /home/robot/human_ws/install/myinterfaces/include/myinterfaces/myinterfaces/msg
[0.964s] -- Up-to-date: /home/robot/human_ws/install/myinterfaces/include/myinterfaces/myinterfaces/msg/rosidl_typesupport_fastrtps_cpp__visibility_control.h
[0.964s] -- Up-to-date: /home/robot/human_ws/install/myinterfaces/lib/libmyinterfaces__rosidl_typesupport_fastrtps_cpp.so
[0.964s] -- Up-to-date: /home/robot/human_ws/install/myinterfaces/include/myinterfaces/myinterfaces
[0.965s] -- Up-to-date: /home/robot/human_ws/install/myinterfaces/include/myinterfaces/myinterfaces/srv
[0.965s] -- Up-to-date: /home/robot/human_ws/install/myinterfaces/include/myinterfaces/myinterfaces/srv/detail
[0.965s] -- Up-to-date: /home/robot/human_ws/install/myinterfaces/include/myinterfaces/myinterfaces/srv/detail/humancoordinatespcd__type_support.cpp
[0.965s] -- Up-to-date: /home/robot/human_ws/install/myinterfaces/include/myinterfaces/myinterfaces/srv/detail/humancoordinatespcd__rosidl_typesupport_introspection_cpp.hpp
[0.965s] -- Up-to-date: /home/robot/human_ws/install/myinterfaces/include/myinterfaces/myinterfaces/srv/detail/humancoordinates__type_support.cpp
[0.965s] -- Up-to-date: /home/robot/human_ws/install/myinterfaces/include/myinterfaces/myinterfaces/srv/detail/humancoordinates__rosidl_typesupport_introspection_cpp.hpp
[0.965s] -- Up-to-date: /home/robot/human_ws/install/myinterfaces/lib/libmyinterfaces__rosidl_typesupport_introspection_cpp.so
[0.965s] -- Up-to-date: /home/robot/human_ws/install/myinterfaces/lib/libmyinterfaces__rosidl_typesupport_cpp.so
[0.965s] -- Up-to-date: /home/robot/human_ws/install/myinterfaces/share/myinterfaces/environment/pythonpath.sh
[0.965s] -- Up-to-date: /home/robot/human_ws/install/myinterfaces/share/myinterfaces/environment/pythonpath.dsv
[0.965s] -- Up-to-date: /home/robot/human_ws/install/myinterfaces/local/lib/python3.10/dist-packages/myinterfaces-0.0.0-py3.10.egg-info
[0.966s] -- Installing: /home/robot/human_ws/install/myinterfaces/local/lib/python3.10/dist-packages/myinterfaces-0.0.0-py3.10.egg-info/PKG-INFO
[0.966s] -- Installing: /home/robot/human_ws/install/myinterfaces/local/lib/python3.10/dist-packages/myinterfaces-0.0.0-py3.10.egg-info/top_level.txt
[0.966s] -- Installing: /home/robot/human_ws/install/myinterfaces/local/lib/python3.10/dist-packages/myinterfaces-0.0.0-py3.10.egg-info/SOURCES.txt
[0.966s] -- Installing: /home/robot/human_ws/install/myinterfaces/local/lib/python3.10/dist-packages/myinterfaces-0.0.0-py3.10.egg-info/dependency_links.txt
[0.966s] -- Up-to-date: /home/robot/human_ws/install/myinterfaces/local/lib/python3.10/dist-packages/myinterfaces
[0.966s] -- Up-to-date: /home/robot/human_ws/install/myinterfaces/local/lib/python3.10/dist-packages/myinterfaces/myinterfaces_s__rosidl_typesupport_introspection_c.cpython-310-x86_64-linux-gnu.so
[0.966s] -- Up-to-date: /home/robot/human_ws/install/myinterfaces/local/lib/python3.10/dist-packages/myinterfaces/__init__.py
[0.966s] -- Up-to-date: /home/robot/human_ws/install/myinterfaces/local/lib/python3.10/dist-packages/myinterfaces/_myinterfaces_s.ep.rosidl_typesupport_c.c
[0.966s] -- Up-to-date: /home/robot/human_ws/install/myinterfaces/local/lib/python3.10/dist-packages/myinterfaces/_myinterfaces_s.ep.rosidl_typesupport_fastrtps_c.c
[0.966s] -- Up-to-date: /home/robot/human_ws/install/myinterfaces/local/lib/python3.10/dist-packages/myinterfaces/libmyinterfaces__rosidl_generator_py.so
[0.966s] -- Up-to-date: /home/robot/human_ws/install/myinterfaces/local/lib/python3.10/dist-packages/myinterfaces/srv
[0.966s] -- Up-to-date: /home/robot/human_ws/install/myinterfaces/local/lib/python3.10/dist-packages/myinterfaces/srv/_humancoordinatespcd.py
[0.966s] -- Up-to-date: /home/robot/human_ws/install/myinterfaces/local/lib/python3.10/dist-packages/myinterfaces/srv/__init__.py
[0.967s] -- Up-to-date: /home/robot/human_ws/install/myinterfaces/local/lib/python3.10/dist-packages/myinterfaces/srv/_humancoordinates.py
[0.967s] -- Up-to-date: /home/robot/human_ws/install/myinterfaces/local/lib/python3.10/dist-packages/myinterfaces/srv/_humancoordinatespcd_s.c
[0.967s] -- Up-to-date: /home/robot/human_ws/install/myinterfaces/local/lib/python3.10/dist-packages/myinterfaces/srv/_humancoordinates_s.c
[0.967s] -- Up-to-date: /home/robot/human_ws/install/myinterfaces/local/lib/python3.10/dist-packages/myinterfaces/_myinterfaces_s.ep.rosidl_typesupport_introspection_c.c
[0.967s] -- Up-to-date: /home/robot/human_ws/install/myinterfaces/local/lib/python3.10/dist-packages/myinterfaces/myinterfaces_s__rosidl_typesupport_c.cpython-310-x86_64-linux-gnu.so
[0.967s] -- Up-to-date: /home/robot/human_ws/install/myinterfaces/local/lib/python3.10/dist-packages/myinterfaces/myinterfaces_s__rosidl_typesupport_fastrtps_c.cpython-310-x86_64-linux-gnu.so
[0.998s] Listing '/home/robot/human_ws/install/myinterfaces/local/lib/python3.10/dist-packages/myinterfaces'...
[0.998s] Listing '/home/robot/human_ws/install/myinterfaces/local/lib/python3.10/dist-packages/myinterfaces/srv'...
[1.002s] -- Up-to-date: /home/robot/human_ws/install/myinterfaces/local/lib/python3.10/dist-packages/myinterfaces/myinterfaces_s__rosidl_typesupport_fastrtps_c.cpython-310-x86_64-linux-gnu.so
[1.002s] -- Up-to-date: /home/robot/human_ws/install/myinterfaces/local/lib/python3.10/dist-packages/myinterfaces/myinterfaces_s__rosidl_typesupport_introspection_c.cpython-310-x86_64-linux-gnu.so
[1.002s] -- Up-to-date: /home/robot/human_ws/install/myinterfaces/local/lib/python3.10/dist-packages/myinterfaces/myinterfaces_s__rosidl_typesupport_c.cpython-310-x86_64-linux-gnu.so
[1.003s] -- Up-to-date: /home/robot/human_ws/install/myinterfaces/lib/libmyinterfaces__rosidl_generator_py.so
[1.003s] -- Up-to-date: /home/robot/human_ws/install/myinterfaces/share/myinterfaces/srv/Humancoordinates.idl
[1.006s] -- Up-to-date: /home/robot/human_ws/install/myinterfaces/share/myinterfaces/srv/Humancoordinatespcd.idl
[1.006s] -- Up-to-date: /home/robot/human_ws/install/myinterfaces/share/myinterfaces/srv/Humancoordinates.srv
[1.006s] -- Up-to-date: /home/robot/human_ws/install/myinterfaces/share/myinterfaces/srv/Humancoordinates_Request.msg
[1.006s] -- Up-to-date: /home/robot/human_ws/install/myinterfaces/share/myinterfaces/srv/Humancoordinates_Response.msg
[1.007s] -- Up-to-date: /home/robot/human_ws/install/myinterfaces/share/myinterfaces/srv/Humancoordinatespcd.srv
[1.008s] -- Up-to-date: /home/robot/human_ws/install/myinterfaces/share/myinterfaces/srv/Humancoordinatespcd_Request.msg
[1.009s] -- Up-to-date: /home/robot/human_ws/install/myinterfaces/share/myinterfaces/srv/Humancoordinatespcd_Response.msg
[1.009s] -- Up-to-date: /home/robot/human_ws/install/myinterfaces/share/ament_index/resource_index/package_run_dependencies/myinterfaces
[1.010s] -- Up-to-date: /home/robot/human_ws/install/myinterfaces/share/ament_index/resource_index/parent_prefix_path/myinterfaces
[1.010s] -- Up-to-date: /home/robot/human_ws/install/myinterfaces/share/myinterfaces/environment/ament_prefix_path.sh
[1.010s] -- Up-to-date: /home/robot/human_ws/install/myinterfaces/share/myinterfaces/environment/ament_prefix_path.dsv
[1.015s] -- Up-to-date: /home/robot/human_ws/install/myinterfaces/share/myinterfaces/environment/path.sh
[1.016s] -- Up-to-date: /home/robot/human_ws/install/myinterfaces/share/myinterfaces/environment/path.dsv
[1.016s] -- Up-to-date: /home/robot/human_ws/install/myinterfaces/share/myinterfaces/local_setup.bash
[1.016s] -- Up-to-date: /home/robot/human_ws/install/myinterfaces/share/myinterfaces/local_setup.sh
[1.016s] -- Up-to-date: /home/robot/human_ws/install/myinterfaces/share/myinterfaces/local_setup.zsh
[1.016s] -- Up-to-date: /home/robot/human_ws/install/myinterfaces/share/myinterfaces/local_setup.dsv
[1.016s] -- Installing: /home/robot/human_ws/install/myinterfaces/share/myinterfaces/package.dsv
[1.016s] -- Up-to-date: /home/robot/human_ws/install/myinterfaces/share/ament_index/resource_index/packages/myinterfaces
[1.017s] -- Up-to-date: /home/robot/human_ws/install/myinterfaces/share/myinterfaces/cmake/export_myinterfaces__rosidl_generator_cExport.cmake
[1.017s] -- Up-to-date: /home/robot/human_ws/install/myinterfaces/share/myinterfaces/cmake/export_myinterfaces__rosidl_generator_cExport-noconfig.cmake
[1.017s] -- Up-to-date: /home/robot/human_ws/install/myinterfaces/share/myinterfaces/cmake/export_myinterfaces__rosidl_typesupport_fastrtps_cExport.cmake
[1.017s] -- Up-to-date: /home/robot/human_ws/install/myinterfaces/share/myinterfaces/cmake/export_myinterfaces__rosidl_typesupport_fastrtps_cExport-noconfig.cmake
[1.017s] -- Up-to-date: /home/robot/human_ws/install/myinterfaces/share/myinterfaces/cmake/myinterfaces__rosidl_typesupport_introspection_cExport.cmake
[1.017s] -- Up-to-date: /home/robot/human_ws/install/myinterfaces/share/myinterfaces/cmake/myinterfaces__rosidl_typesupport_introspection_cExport-noconfig.cmake
[1.017s] -- Up-to-date: /home/robot/human_ws/install/myinterfaces/share/myinterfaces/cmake/myinterfaces__rosidl_typesupport_cExport.cmake
[1.021s] -- Up-to-date: /home/robot/human_ws/install/myinterfaces/share/myinterfaces/cmake/myinterfaces__rosidl_typesupport_cExport-noconfig.cmake
[1.022s] -- Up-to-date: /home/robot/human_ws/install/myinterfaces/share/myinterfaces/cmake/export_myinterfaces__rosidl_generator_cppExport.cmake
[1.022s] -- Up-to-date: /home/robot/human_ws/install/myinterfaces/share/myinterfaces/cmake/export_myinterfaces__rosidl_typesupport_fastrtps_cppExport.cmake
[1.022s] -- Up-to-date: /home/robot/human_ws/install/myinterfaces/share/myinterfaces/cmake/export_myinterfaces__rosidl_typesupport_fastrtps_cppExport-noconfig.cmake
[1.022s] -- Up-to-date: /home/robot/human_ws/install/myinterfaces/share/myinterfaces/cmake/myinterfaces__rosidl_typesupport_introspection_cppExport.cmake
[1.022s] -- Up-to-date: /home/robot/human_ws/install/myinterfaces/share/myinterfaces/cmake/myinterfaces__rosidl_typesupport_introspection_cppExport-noconfig.cmake
[1.022s] -- Up-to-date: /home/robot/human_ws/install/myinterfaces/share/myinterfaces/cmake/myinterfaces__rosidl_typesupport_cppExport.cmake
[1.022s] -- Up-to-date: /home/robot/human_ws/install/myinterfaces/share/myinterfaces/cmake/myinterfaces__rosidl_typesupport_cppExport-noconfig.cmake
[1.023s] -- Up-to-date: /home/robot/human_ws/install/myinterfaces/share/myinterfaces/cmake/export_myinterfaces__rosidl_generator_pyExport.cmake
[1.023s] -- Up-to-date: /home/robot/human_ws/install/myinterfaces/share/myinterfaces/cmake/export_myinterfaces__rosidl_generator_pyExport-noconfig.cmake
[1.023s] -- Up-to-date: /home/robot/human_ws/install/myinterfaces/share/myinterfaces/cmake/rosidl_cmake-extras.cmake
[1.023s] -- Up-to-date: /home/robot/human_ws/install/myinterfaces/share/myinterfaces/cmake/ament_cmake_export_dependencies-extras.cmake
[1.023s] -- Up-to-date: /home/robot/human_ws/install/myinterfaces/share/myinterfaces/cmake/ament_cmake_export_include_directories-extras.cmake
[1.023s] -- Up-to-date: /home/robot/human_ws/install/myinterfaces/share/myinterfaces/cmake/ament_cmake_export_libraries-extras.cmake
[1.023s] -- Up-to-date: /home/robot/human_ws/install/myinterfaces/share/myinterfaces/cmake/ament_cmake_export_targets-extras.cmake
[1.023s] -- Up-to-date: /home/robot/human_ws/install/myinterfaces/share/myinterfaces/cmake/rosidl_cmake_export_typesupport_targets-extras.cmake
[1.023s] -- Up-to-date: /home/robot/human_ws/install/myinterfaces/share/myinterfaces/cmake/rosidl_cmake_export_typesupport_libraries-extras.cmake
[1.024s] -- Up-to-date: /home/robot/human_ws/install/myinterfaces/share/myinterfaces/cmake/myinterfacesConfig.cmake
[1.024s] -- Up-to-date: /home/robot/human_ws/install/myinterfaces/share/myinterfaces/cmake/myinterfacesConfig-version.cmake
[1.024s] -- Up-to-date: /home/robot/human_ws/install/myinterfaces/share/myinterfaces/package.xml
[1.024s] Invoked command in '/home/robot/human_ws/build/myinterfaces' returned '0': CMAKE_PREFIX_PATH=${CMAKE_PREFIX_PATH}:/opt/ros/humble /usr/bin/cmake --install /home/robot/human_ws/build/myinterfaces
