[0.676s] Invoking command in '/home/robot/human_ws/src/listen': PYTHONPATH=/home/robot/human_ws/build/listen/prefix_override:/usr/lib/python3/dist-packages/colcon_core/task/python/colcon_distutils_commands:/home/robot/human_ws/install/listen/lib/python3.10/site-packages:${PYTHONPATH} /usr/bin/python3 -W ignore:setup.py install is deprecated setup.py egg_info --egg-base ../../build/listen build --build-base /home/robot/human_ws/build/listen/build install --record /home/robot/human_ws/build/listen/install.log --single-version-externally-managed install_data
[0.895s] running egg_info
[0.895s] writing ../../build/listen/listen.egg-info/PKG-INFO
[0.896s] writing dependency_links to ../../build/listen/listen.egg-info/dependency_links.txt
[0.896s] writing entry points to ../../build/listen/listen.egg-info/entry_points.txt
[0.896s] writing requirements to ../../build/listen/listen.egg-info/requires.txt
[0.896s] writing top-level names to ../../build/listen/listen.egg-info/top_level.txt
[0.897s] reading manifest file '../../build/listen/listen.egg-info/SOURCES.txt'
[0.897s] writing manifest file '../../build/listen/listen.egg-info/SOURCES.txt'
[0.898s] running build
[0.898s] running build_py
[0.898s] copying listen/listen.py -> /home/robot/human_ws/build/listen/build/lib/listen
[0.898s] running install
[0.898s] running install_lib
[0.899s] copying /home/robot/human_ws/build/listen/build/lib/listen/listen.py -> /home/robot/human_ws/install/listen/lib/python3.10/site-packages/listen
[0.899s] byte-compiling /home/robot/human_ws/install/listen/lib/python3.10/site-packages/listen/listen.py to listen.cpython-310.pyc
[0.899s] Sorry: TabError: inconsistent use of tabs and spaces in indentation (listen.py, line 23)
[0.899s] running install_data
[0.899s] running install_egg_info
[0.900s] removing '/home/robot/human_ws/install/listen/lib/python3.10/site-packages/listen-0.0.0-py3.10.egg-info' (and everything under it)
[0.900s] Copying ../../build/listen/listen.egg-info to /home/robot/human_ws/install/listen/lib/python3.10/site-packages/listen-0.0.0-py3.10.egg-info
[0.901s] running install_scripts
[0.916s] Installing listen_node script to /home/robot/human_ws/install/listen/lib/listen
[0.916s] writing list of installed files to '/home/robot/human_ws/build/listen/install.log'
[0.938s] Invoked command in '/home/robot/human_ws/src/listen' returned '0': PYTHONPATH=/home/robot/human_ws/build/listen/prefix_override:/usr/lib/python3/dist-packages/colcon_core/task/python/colcon_distutils_commands:/home/robot/human_ws/install/listen/lib/python3.10/site-packages:${PYTHONPATH} /usr/bin/python3 -W ignore:setup.py install is deprecated setup.py egg_info --egg-base ../../build/listen build --build-base /home/robot/human_ws/build/listen/build install --record /home/robot/human_ws/build/listen/install.log --single-version-externally-managed install_data
