[3.009s] Invoking command in '/home/robot/human_ws/src/listen': PYTHONPATH=/home/robot/human_ws/build/listen/prefix_override:/usr/lib/python3/dist-packages/colcon_core/task/python/colcon_distutils_commands:/home/robot/human_ws/install/listen/lib/python3.10/site-packages:${PYTHONPATH} /usr/bin/python3 -W ignore:setup.py install is deprecated setup.py egg_info --egg-base ../../build/listen build --build-base /home/robot/human_ws/build/listen/build install --record /home/robot/human_ws/build/listen/install.log --single-version-externally-managed install_data
[3.598s] running egg_info
[3.600s] writing ../../build/listen/listen.egg-info/PKG-INFO
[3.601s] writing dependency_links to ../../build/listen/listen.egg-info/dependency_links.txt
[3.601s] writing entry points to ../../build/listen/listen.egg-info/entry_points.txt
[3.601s] writing requirements to ../../build/listen/listen.egg-info/requires.txt
[3.601s] writing top-level names to ../../build/listen/listen.egg-info/top_level.txt
[3.612s] reading manifest file '../../build/listen/listen.egg-info/SOURCES.txt'
[3.612s] writing manifest file '../../build/listen/listen.egg-info/SOURCES.txt'
[3.612s] running build
[3.613s] running build_py
[3.613s] running install
[3.614s] running install_lib
[3.617s] running install_data
[3.617s] running install_egg_info
[3.624s] removing '/home/robot/human_ws/install/listen/lib/python3.10/site-packages/listen-0.0.0-py3.10.egg-info' (and everything under it)
[3.628s] Copying ../../build/listen/listen.egg-info to /home/robot/human_ws/install/listen/lib/python3.10/site-packages/listen-0.0.0-py3.10.egg-info
[3.632s] running install_scripts
[3.672s] Installing listen_node script to /home/robot/human_ws/install/listen/lib/listen
[3.673s] writing list of installed files to '/home/robot/human_ws/build/listen/install.log'
[3.805s] Invoked command in '/home/robot/human_ws/src/listen' returned '0': PYTHONPATH=/home/robot/human_ws/build/listen/prefix_override:/usr/lib/python3/dist-packages/colcon_core/task/python/colcon_distutils_commands:/home/robot/human_ws/install/listen/lib/python3.10/site-packages:${PYTHONPATH} /usr/bin/python3 -W ignore:setup.py install is deprecated setup.py egg_info --egg-base ../../build/listen build --build-base /home/robot/human_ws/build/listen/build install --record /home/robot/human_ws/build/listen/install.log --single-version-externally-managed install_data
