[0.009s] Invoking command in '/home/robot/human_ws/build/myinterfaces': CMAKE_PREFIX_PATH=${CMAKE_PREFIX_PATH}:/home/robot/human_ws/install/rotate:/home/robot/human_ws/install/locomotion:/home/robot/human_ws/install/human:/home/robot/human_ws/install/manager:/home/robot/human_ws/install/listen:/home/robot/human_ws/install/image:/home/robot/human_ws/install/follow:/home/robot/human_ws/install/apriltag_detection:/home/robot/human_ws/install/action_server:/home/robot/robot_controller_release/ros2_packages/object_detect_track_node_py:/opt/ros/humble /usr/bin/cmake --build /home/robot/human_ws/build/myinterfaces -- -j16 -l16
[0.043s] -- Found ament_cmake: 1.3.10 (/opt/ros/humble/share/ament_cmake/cmake)
[0.157s] -- Found rosidl_default_generators: 1.2.0 (/opt/ros/humble/share/rosidl_default_generators/cmake)
[0.160s] -- Using all available rosidl_typesupport_c: rosidl_typesupport_fastrtps_c;rosidl_typesupport_introspection_c
[0.161s] -- Found rosidl_adapter: 3.1.5 (/opt/ros/humble/share/rosidl_adapter/cmake)
[0.183s] -- Using all available rosidl_typesupport_cpp: rosidl_typesupport_fastrtps_cpp;rosidl_typesupport_introspection_cpp
[0.199s] -- Found geometry_msgs: 4.2.4 (/opt/ros/humble/share/geometry_msgs/cmake)
[0.224s] -- Found sensor_msgs: 4.2.4 (/opt/ros/humble/share/sensor_msgs/cmake)
[0.491s] -- Found ament_cmake_ros: 0.10.0 (/opt/ros/humble/share/ament_cmake_ros/cmake)
[0.717s] -- Using all available rosidl_typesupport_c: rosidl_typesupport_fastrtps_c;rosidl_typesupport_introspection_c
[1.029s] -- Using all available rosidl_typesupport_cpp: rosidl_typesupport_fastrtps_cpp;rosidl_typesupport_introspection_cpp
[1.053s] -- Found python_cmake_module: 0.10.0 (/opt/ros/humble/share/python_cmake_module/cmake)
[1.076s] -- Using PYTHON_EXECUTABLE: /usr/bin/python3
[1.076s] -- Using PYTHON_INCLUDE_DIRS: /usr/include/python3.10
[1.076s] -- Using PYTHON_LIBRARIES: /usr/lib/x86_64-linux-gnu/libpython3.10.so
[1.119s] -- Found ament_lint_auto: 0.12.11 (/opt/ros/humble/share/ament_lint_auto/cmake)
[1.125s] -- Added test 'lint_cmake' to check CMake code style
[1.125s] -- Added test 'xmllint' to check XML markup files
[1.126s] -- Configuring done
[1.151s] -- Generating done
[1.152s] -- Build files have been written to: /home/robot/human_ws/build/myinterfaces
[1.180s] [  1%] [34m[1mGenerating C code for ROS interfaces[0m
[1.193s] [  3%] [34m[1mGenerating C++ code for ROS interfaces[0m
[1.203s] [  3%] Built target ament_cmake_python_copy_myinterfaces
[1.431s] running egg_info
[1.431s] writing myinterfaces.egg-info/PKG-INFO
[1.432s] writing dependency_links to myinterfaces.egg-info/dependency_links.txt
[1.432s] writing top-level names to myinterfaces.egg-info/top_level.txt
[1.433s] reading manifest file 'myinterfaces.egg-info/SOURCES.txt'
[1.434s] writing manifest file 'myinterfaces.egg-info/SOURCES.txt'
[1.458s] [  3%] Built target ament_cmake_python_build_myinterfaces_egg
[1.509s] [  3%] Built target myinterfaces__cpp
[1.519s] [  7%] [34m[1mGenerating C++ type support for eProsima Fast-RTPS[0m
[1.520s] [  7%] [34m[1mGenerating C++ type support dispatch for ROS interfaces[0m
[1.521s] [  9%] [34m[1mGenerating C++ introspection for ROS interfaces[0m
[1.529s] [35m[1mConsolidate compiler generated dependencies of target myinterfaces__rosidl_generator_c[0m
[1.540s] [ 10%] [32mBuilding C object CMakeFiles/myinterfaces__rosidl_generator_c.dir/rosidl_generator_c/myinterfaces/msg/detail/detect_coordinates__functions.c.o[0m
[1.543s] [ 12%] [32mBuilding C object CMakeFiles/myinterfaces__rosidl_generator_c.dir/rosidl_generator_c/myinterfaces/srv/detail/humancoordinates__functions.c.o[0m
[1.544s] [ 14%] [32mBuilding C object CMakeFiles/myinterfaces__rosidl_generator_c.dir/rosidl_generator_c/myinterfaces/srv/detail/humancoordinatespcd__functions.c.o[0m
[1.544s] [ 16%] [32mBuilding C object CMakeFiles/myinterfaces__rosidl_generator_c.dir/rosidl_generator_c/myinterfaces/srv/detail/action__functions.c.o[0m
[1.612s] [ 18%] [32m[1mLinking C shared library libmyinterfaces__rosidl_generator_c.so[0m
[1.657s] [ 18%] Built target myinterfaces__rosidl_generator_c
[1.666s] [ 20%] [34m[1mGenerating C type support for eProsima Fast-RTPS[0m
[1.669s] [ 23%] [34m[1mGenerating C type support dispatch for ROS interfaces[0m
[1.669s] [ 23%] [34m[1mGenerating C introspection for ROS interfaces[0m
[1.755s] [35m[1mConsolidate compiler generated dependencies of target myinterfaces__rosidl_typesupport_cpp[0m
[1.767s] [ 25%] [32mBuilding CXX object CMakeFiles/myinterfaces__rosidl_typesupport_cpp.dir/rosidl_typesupport_cpp/myinterfaces/srv/humancoordinatespcd__type_support.cpp.o[0m
[1.770s] [ 30%] [32mBuilding CXX object CMakeFiles/myinterfaces__rosidl_typesupport_cpp.dir/rosidl_typesupport_cpp/myinterfaces/srv/humancoordinates__type_support.cpp.o[0m
[1.770s] [ 30%] [32mBuilding CXX object CMakeFiles/myinterfaces__rosidl_typesupport_cpp.dir/rosidl_typesupport_cpp/myinterfaces/msg/detect_coordinates__type_support.cpp.o[0m
[1.770s] [ 30%] [32mBuilding CXX object CMakeFiles/myinterfaces__rosidl_typesupport_cpp.dir/rosidl_typesupport_cpp/myinterfaces/srv/action__type_support.cpp.o[0m
[1.792s] [35m[1mConsolidate compiler generated dependencies of target myinterfaces__rosidl_typesupport_introspection_cpp[0m
[1.809s] [ 32%] [32mBuilding CXX object CMakeFiles/myinterfaces__rosidl_typesupport_introspection_cpp.dir/rosidl_typesupport_introspection_cpp/myinterfaces/msg/detail/detect_coordinates__type_support.cpp.o[0m
[1.810s] [ 36%] [32mBuilding CXX object CMakeFiles/myinterfaces__rosidl_typesupport_introspection_cpp.dir/rosidl_typesupport_introspection_cpp/myinterfaces/srv/detail/action__type_support.cpp.o[0m
[1.810s] [ 36%] [32mBuilding CXX object CMakeFiles/myinterfaces__rosidl_typesupport_introspection_cpp.dir/rosidl_typesupport_introspection_cpp/myinterfaces/srv/detail/humancoordinates__type_support.cpp.o[0m
[1.811s] [ 38%] [32mBuilding CXX object CMakeFiles/myinterfaces__rosidl_typesupport_introspection_cpp.dir/rosidl_typesupport_introspection_cpp/myinterfaces/srv/detail/humancoordinatespcd__type_support.cpp.o[0m
[1.946s] [35m[1mConsolidate compiler generated dependencies of target myinterfaces__rosidl_typesupport_c[0m
[1.986s] [ 40%] [32mBuilding CXX object CMakeFiles/myinterfaces__rosidl_typesupport_c.dir/rosidl_typesupport_c/myinterfaces/srv/humancoordinates__type_support.cpp.o[0m
[1.989s] [ 41%] [32mBuilding CXX object CMakeFiles/myinterfaces__rosidl_typesupport_c.dir/rosidl_typesupport_c/myinterfaces/srv/humancoordinatespcd__type_support.cpp.o[0m
[1.992s] [ 43%] [32mBuilding CXX object CMakeFiles/myinterfaces__rosidl_typesupport_c.dir/rosidl_typesupport_c/myinterfaces/srv/action__type_support.cpp.o[0m
[1.994s] [ 45%] [32mBuilding CXX object CMakeFiles/myinterfaces__rosidl_typesupport_c.dir/rosidl_typesupport_c/myinterfaces/msg/detect_coordinates__type_support.cpp.o[0m
[2.063s] [35m[1mConsolidate compiler generated dependencies of target myinterfaces__rosidl_typesupport_fastrtps_cpp[0m
[2.065s] [ 47%] [32m[1mLinking CXX shared library libmyinterfaces__rosidl_typesupport_c.so[0m
[2.078s] [ 52%] [32mBuilding CXX object CMakeFiles/myinterfaces__rosidl_typesupport_fastrtps_cpp.dir/rosidl_typesupport_fastrtps_cpp/myinterfaces/srv/detail/dds_fastrtps/action__type_support.cpp.o[0m
[2.079s] [ 52%] [32mBuilding CXX object CMakeFiles/myinterfaces__rosidl_typesupport_fastrtps_cpp.dir/rosidl_typesupport_fastrtps_cpp/myinterfaces/srv/detail/dds_fastrtps/humancoordinates__type_support.cpp.o[0m
[2.079s] [ 52%] [32mBuilding CXX object CMakeFiles/myinterfaces__rosidl_typesupport_fastrtps_cpp.dir/rosidl_typesupport_fastrtps_cpp/myinterfaces/msg/detail/dds_fastrtps/detect_coordinates__type_support.cpp.o[0m
[2.079s] [ 54%] [32mBuilding CXX object CMakeFiles/myinterfaces__rosidl_typesupport_fastrtps_cpp.dir/rosidl_typesupport_fastrtps_cpp/myinterfaces/srv/detail/dds_fastrtps/humancoordinatespcd__type_support.cpp.o[0m
[2.110s] [ 54%] Built target myinterfaces__rosidl_typesupport_c
[2.187s] [ 56%] [32m[1mLinking CXX shared library libmyinterfaces__rosidl_typesupport_cpp.so[0m
[2.211s] [35m[1mConsolidate compiler generated dependencies of target myinterfaces__rosidl_typesupport_fastrtps_c[0m
[2.238s] [ 58%] [32mBuilding CXX object CMakeFiles/myinterfaces__rosidl_typesupport_fastrtps_c.dir/rosidl_typesupport_fastrtps_c/myinterfaces/srv/detail/action__type_support_c.cpp.o[0m
[2.238s] [ 60%] [32mBuilding CXX object CMakeFiles/myinterfaces__rosidl_typesupport_fastrtps_c.dir/rosidl_typesupport_fastrtps_c/myinterfaces/srv/detail/humancoordinates__type_support_c.cpp.o[0m
[2.240s] [ 61%] [32mBuilding CXX object CMakeFiles/myinterfaces__rosidl_typesupport_fastrtps_c.dir/rosidl_typesupport_fastrtps_c/myinterfaces/msg/detail/detect_coordinates__type_support_c.cpp.o[0m
[2.240s] [ 63%] [32mBuilding CXX object CMakeFiles/myinterfaces__rosidl_typesupport_fastrtps_c.dir/rosidl_typesupport_fastrtps_c/myinterfaces/srv/detail/humancoordinatespcd__type_support_c.cpp.o[0m
[2.252s] [ 63%] Built target myinterfaces__rosidl_typesupport_cpp
[2.278s] [35m[1mConsolidate compiler generated dependencies of target myinterfaces__rosidl_typesupport_introspection_c[0m
[2.295s] [ 67%] [32mBuilding C object CMakeFiles/myinterfaces__rosidl_typesupport_introspection_c.dir/rosidl_typesupport_introspection_c/myinterfaces/srv/detail/humancoordinates__type_support.c.o[0m
[2.298s] [ 69%] [32mBuilding C object CMakeFiles/myinterfaces__rosidl_typesupport_introspection_c.dir/rosidl_typesupport_introspection_c/myinterfaces/msg/detail/detect_coordinates__type_support.c.o[0m
[2.298s] [ 69%] [32mBuilding C object CMakeFiles/myinterfaces__rosidl_typesupport_introspection_c.dir/rosidl_typesupport_introspection_c/myinterfaces/srv/detail/action__type_support.c.o[0m
[2.301s] [ 70%] [32mBuilding C object CMakeFiles/myinterfaces__rosidl_typesupport_introspection_c.dir/rosidl_typesupport_introspection_c/myinterfaces/srv/detail/humancoordinatespcd__type_support.c.o[0m
[2.357s] [ 72%] [32m[1mLinking C shared library libmyinterfaces__rosidl_typesupport_introspection_c.so[0m
[2.391s] [ 72%] Built target myinterfaces__rosidl_typesupport_introspection_c
[2.488s] [ 74%] [32m[1mLinking CXX shared library libmyinterfaces__rosidl_typesupport_introspection_cpp.so[0m
[2.596s] [ 74%] Built target myinterfaces__rosidl_typesupport_introspection_cpp
[2.684s] [ 76%] [32m[1mLinking CXX shared library libmyinterfaces__rosidl_typesupport_fastrtps_c.so[0m
[2.739s] [ 78%] [32m[1mLinking CXX shared library libmyinterfaces__rosidl_typesupport_fastrtps_cpp.so[0m
[2.753s] [ 78%] Built target myinterfaces__rosidl_typesupport_fastrtps_c
[2.803s] [ 78%] Built target myinterfaces__rosidl_typesupport_fastrtps_cpp
[2.834s] [ 78%] Built target myinterfaces
[2.865s] [ 80%] [34m[1mGenerating Python code for ROS interfaces[0m
[3.349s] [ 80%] Built target myinterfaces__py
[3.358s] [35m[1mConsolidate compiler generated dependencies of target myinterfaces__rosidl_generator_py[0m
[3.377s] [ 81%] [32mBuilding C object CMakeFiles/myinterfaces__rosidl_generator_py.dir/rosidl_generator_py/myinterfaces/srv/_humancoordinates_s.c.o[0m
[3.379s] [ 83%] [32mBuilding C object CMakeFiles/myinterfaces__rosidl_generator_py.dir/rosidl_generator_py/myinterfaces/msg/_detect_coordinates_s.c.o[0m
[3.379s] [ 85%] [32mBuilding C object CMakeFiles/myinterfaces__rosidl_generator_py.dir/rosidl_generator_py/myinterfaces/srv/_action_s.c.o[0m
[3.380s] [ 87%] [32mBuilding C object CMakeFiles/myinterfaces__rosidl_generator_py.dir/rosidl_generator_py/myinterfaces/srv/_humancoordinatespcd_s.c.o[0m
[3.469s] [ 89%] [32m[1mLinking C shared library rosidl_generator_py/myinterfaces/libmyinterfaces__rosidl_generator_py.so[0m
[3.524s] [ 89%] Built target myinterfaces__rosidl_generator_py
[3.539s] [35m[1mConsolidate compiler generated dependencies of target myinterfaces__rosidl_typesupport_introspection_c__pyext[0m
[3.540s] [35m[1mConsolidate compiler generated dependencies of target myinterfaces__rosidl_typesupport_c__pyext[0m
[3.540s] [35m[1mConsolidate compiler generated dependencies of target myinterfaces__rosidl_typesupport_fastrtps_c__pyext[0m
[3.551s] [ 90%] [32mBuilding C object CMakeFiles/myinterfaces__rosidl_typesupport_introspection_c__pyext.dir/rosidl_generator_py/myinterfaces/_myinterfaces_s.ep.rosidl_typesupport_introspection_c.c.o[0m
[3.554s] [ 92%] [32mBuilding C object CMakeFiles/myinterfaces__rosidl_typesupport_c__pyext.dir/rosidl_generator_py/myinterfaces/_myinterfaces_s.ep.rosidl_typesupport_c.c.o[0m
[3.555s] [ 94%] [32mBuilding C object CMakeFiles/myinterfaces__rosidl_typesupport_fastrtps_c__pyext.dir/rosidl_generator_py/myinterfaces/_myinterfaces_s.ep.rosidl_typesupport_fastrtps_c.c.o[0m
[3.633s] [ 96%] [32m[1mLinking C shared library rosidl_generator_py/myinterfaces/myinterfaces_s__rosidl_typesupport_fastrtps_c.cpython-310-x86_64-linux-gnu.so[0m
[3.635s] [ 98%] [32m[1mLinking C shared library rosidl_generator_py/myinterfaces/myinterfaces_s__rosidl_typesupport_introspection_c.cpython-310-x86_64-linux-gnu.so[0m
[3.637s] [100%] [32m[1mLinking C shared library rosidl_generator_py/myinterfaces/myinterfaces_s__rosidl_typesupport_c.cpython-310-x86_64-linux-gnu.so[0m
[3.672s] [100%] Built target myinterfaces__rosidl_typesupport_c__pyext
[3.673s] [100%] Built target myinterfaces__rosidl_typesupport_introspection_c__pyext
[3.674s] [100%] Built target myinterfaces__rosidl_typesupport_fastrtps_c__pyext
[3.688s] Invoked command in '/home/robot/human_ws/build/myinterfaces' returned '0': CMAKE_PREFIX_PATH=${CMAKE_PREFIX_PATH}:/home/robot/human_ws/install/rotate:/home/robot/human_ws/install/locomotion:/home/robot/human_ws/install/human:/home/robot/human_ws/install/manager:/home/robot/human_ws/install/listen:/home/robot/human_ws/install/image:/home/robot/human_ws/install/follow:/home/robot/human_ws/install/apriltag_detection:/home/robot/human_ws/install/action_server:/home/robot/robot_controller_release/ros2_packages/object_detect_track_node_py:/opt/ros/humble /usr/bin/cmake --build /home/robot/human_ws/build/myinterfaces -- -j16 -l16
[3.901s] Invoking command in '/home/robot/human_ws/build/myinterfaces': CMAKE_PREFIX_PATH=${CMAKE_PREFIX_PATH}:/home/robot/human_ws/install/rotate:/home/robot/human_ws/install/locomotion:/home/robot/human_ws/install/human:/home/robot/human_ws/install/manager:/home/robot/human_ws/install/listen:/home/robot/human_ws/install/image:/home/robot/human_ws/install/follow:/home/robot/human_ws/install/apriltag_detection:/home/robot/human_ws/install/action_server:/home/robot/robot_controller_release/ros2_packages/object_detect_track_node_py:/opt/ros/humble /usr/bin/cmake --install /home/robot/human_ws/build/myinterfaces
[3.912s] -- Install configuration: ""
[3.912s] -- Installing: /home/robot/human_ws/install/myinterfaces/share/ament_index/resource_index/rosidl_interfaces/myinterfaces
[3.912s] -- Up-to-date: /home/robot/human_ws/install/myinterfaces/include/myinterfaces/myinterfaces
[3.913s] -- Up-to-date: /home/robot/human_ws/install/myinterfaces/include/myinterfaces/myinterfaces/srv
[3.913s] -- Up-to-date: /home/robot/human_ws/install/myinterfaces/include/myinterfaces/myinterfaces/srv/detail
[3.913s] -- Installing: /home/robot/human_ws/install/myinterfaces/include/myinterfaces/myinterfaces/srv/detail/humancoordinatespcd__functions.c
[3.913s] -- Installing: /home/robot/human_ws/install/myinterfaces/include/myinterfaces/myinterfaces/srv/detail/humancoordinatespcd__struct.h
[3.913s] -- Installing: /home/robot/human_ws/install/myinterfaces/include/myinterfaces/myinterfaces/srv/detail/humancoordinates__functions.h
[3.913s] -- Installing: /home/robot/human_ws/install/myinterfaces/include/myinterfaces/myinterfaces/srv/detail/humancoordinates__functions.c
[3.913s] -- Installing: /home/robot/human_ws/install/myinterfaces/include/myinterfaces/myinterfaces/srv/detail/humancoordinatespcd__type_support.h
[3.914s] -- Installing: /home/robot/human_ws/install/myinterfaces/include/myinterfaces/myinterfaces/srv/detail/action__functions.h
[3.914s] -- Installing: /home/robot/human_ws/install/myinterfaces/include/myinterfaces/myinterfaces/srv/detail/humancoordinates__struct.h
[3.914s] -- Installing: /home/robot/human_ws/install/myinterfaces/include/myinterfaces/myinterfaces/srv/detail/action__type_support.h
[3.914s] -- Installing: /home/robot/human_ws/install/myinterfaces/include/myinterfaces/myinterfaces/srv/detail/humancoordinates__type_support.h
[3.914s] -- Installing: /home/robot/human_ws/install/myinterfaces/include/myinterfaces/myinterfaces/srv/detail/humancoordinatespcd__functions.h
[3.914s] -- Installing: /home/robot/human_ws/install/myinterfaces/include/myinterfaces/myinterfaces/srv/detail/action__struct.h
[3.914s] -- Installing: /home/robot/human_ws/install/myinterfaces/include/myinterfaces/myinterfaces/srv/detail/action__functions.c
[3.914s] -- Installing: /home/robot/human_ws/install/myinterfaces/include/myinterfaces/myinterfaces/srv/humancoordinates.h
[3.915s] -- Installing: /home/robot/human_ws/install/myinterfaces/include/myinterfaces/myinterfaces/srv/humancoordinatespcd.h
[3.915s] -- Installing: /home/robot/human_ws/install/myinterfaces/include/myinterfaces/myinterfaces/srv/action.h
[3.915s] -- Up-to-date: /home/robot/human_ws/install/myinterfaces/include/myinterfaces/myinterfaces/msg
[3.915s] -- Up-to-date: /home/robot/human_ws/install/myinterfaces/include/myinterfaces/myinterfaces/msg/detail
[3.915s] -- Installing: /home/robot/human_ws/install/myinterfaces/include/myinterfaces/myinterfaces/msg/detail/detect_coordinates__functions.h
[3.915s] -- Installing: /home/robot/human_ws/install/myinterfaces/include/myinterfaces/myinterfaces/msg/detail/detect_coordinates__type_support.h
[3.915s] -- Installing: /home/robot/human_ws/install/myinterfaces/include/myinterfaces/myinterfaces/msg/detail/detect_coordinates__struct.h
[3.915s] -- Installing: /home/robot/human_ws/install/myinterfaces/include/myinterfaces/myinterfaces/msg/detail/detect_coordinates__functions.c
[3.915s] -- Up-to-date: /home/robot/human_ws/install/myinterfaces/include/myinterfaces/myinterfaces/msg/rosidl_generator_c__visibility_control.h
[3.916s] -- Installing: /home/robot/human_ws/install/myinterfaces/include/myinterfaces/myinterfaces/msg/detect_coordinates.h
[3.916s] -- Up-to-date: /home/robot/human_ws/install/myinterfaces/share/myinterfaces/environment/library_path.sh
[3.916s] -- Installing: /home/robot/human_ws/install/myinterfaces/share/myinterfaces/environment/library_path.dsv
[3.916s] -- Installing: /home/robot/human_ws/install/myinterfaces/lib/libmyinterfaces__rosidl_generator_c.so
[3.917s] -- Set runtime path of "/home/robot/human_ws/install/myinterfaces/lib/libmyinterfaces__rosidl_generator_c.so" to ""
[3.917s] -- Up-to-date: /home/robot/human_ws/install/myinterfaces/include/myinterfaces/myinterfaces
[3.917s] -- Up-to-date: /home/robot/human_ws/install/myinterfaces/include/myinterfaces/myinterfaces/srv
[3.917s] -- Up-to-date: /home/robot/human_ws/install/myinterfaces/include/myinterfaces/myinterfaces/srv/detail
[3.917s] -- Installing: /home/robot/human_ws/install/myinterfaces/include/myinterfaces/myinterfaces/srv/detail/humancoordinates__rosidl_typesupport_fastrtps_c.h
[3.917s] -- Installing: /home/robot/human_ws/install/myinterfaces/include/myinterfaces/myinterfaces/srv/detail/humancoordinatespcd__rosidl_typesupport_fastrtps_c.h
[3.917s] -- Installing: /home/robot/human_ws/install/myinterfaces/include/myinterfaces/myinterfaces/srv/detail/action__rosidl_typesupport_fastrtps_c.h
[3.917s] -- Up-to-date: /home/robot/human_ws/install/myinterfaces/include/myinterfaces/myinterfaces/msg
[3.917s] -- Up-to-date: /home/robot/human_ws/install/myinterfaces/include/myinterfaces/myinterfaces/msg/detail
[3.918s] -- Installing: /home/robot/human_ws/install/myinterfaces/include/myinterfaces/myinterfaces/msg/detail/detect_coordinates__rosidl_typesupport_fastrtps_c.h
[3.918s] -- Up-to-date: /home/robot/human_ws/install/myinterfaces/include/myinterfaces/myinterfaces/msg/rosidl_typesupport_fastrtps_c__visibility_control.h
[3.918s] -- Installing: /home/robot/human_ws/install/myinterfaces/lib/libmyinterfaces__rosidl_typesupport_fastrtps_c.so
[3.918s] -- Set runtime path of "/home/robot/human_ws/install/myinterfaces/lib/libmyinterfaces__rosidl_typesupport_fastrtps_c.so" to ""
[3.918s] -- Up-to-date: /home/robot/human_ws/install/myinterfaces/include/myinterfaces/myinterfaces
[3.918s] -- Up-to-date: /home/robot/human_ws/install/myinterfaces/include/myinterfaces/myinterfaces/srv
[3.918s] -- Up-to-date: /home/robot/human_ws/install/myinterfaces/include/myinterfaces/myinterfaces/srv/detail
[3.919s] -- Installing: /home/robot/human_ws/install/myinterfaces/include/myinterfaces/myinterfaces/srv/detail/humancoordinates__rosidl_typesupport_introspection_c.h
[3.919s] -- Installing: /home/robot/human_ws/install/myinterfaces/include/myinterfaces/myinterfaces/srv/detail/humancoordinatespcd__type_support.c
[3.919s] -- Installing: /home/robot/human_ws/install/myinterfaces/include/myinterfaces/myinterfaces/srv/detail/action__rosidl_typesupport_introspection_c.h
[3.919s] -- Installing: /home/robot/human_ws/install/myinterfaces/include/myinterfaces/myinterfaces/srv/detail/humancoordinatespcd__rosidl_typesupport_introspection_c.h
[3.919s] -- Installing: /home/robot/human_ws/install/myinterfaces/include/myinterfaces/myinterfaces/srv/detail/humancoordinates__type_support.c
[3.919s] -- Installing: /home/robot/human_ws/install/myinterfaces/include/myinterfaces/myinterfaces/srv/detail/action__type_support.c
[3.919s] -- Up-to-date: /home/robot/human_ws/install/myinterfaces/include/myinterfaces/myinterfaces/msg
[3.919s] -- Up-to-date: /home/robot/human_ws/install/myinterfaces/include/myinterfaces/myinterfaces/msg/detail
[3.919s] -- Installing: /home/robot/human_ws/install/myinterfaces/include/myinterfaces/myinterfaces/msg/detail/detect_coordinates__rosidl_typesupport_introspection_c.h
[3.920s] -- Installing: /home/robot/human_ws/install/myinterfaces/include/myinterfaces/myinterfaces/msg/detail/detect_coordinates__type_support.c
[3.920s] -- Up-to-date: /home/robot/human_ws/install/myinterfaces/include/myinterfaces/myinterfaces/msg/rosidl_typesupport_introspection_c__visibility_control.h
[3.920s] -- Installing: /home/robot/human_ws/install/myinterfaces/lib/libmyinterfaces__rosidl_typesupport_introspection_c.so
[3.920s] -- Set runtime path of "/home/robot/human_ws/install/myinterfaces/lib/libmyinterfaces__rosidl_typesupport_introspection_c.so" to ""
[3.920s] -- Installing: /home/robot/human_ws/install/myinterfaces/lib/libmyinterfaces__rosidl_typesupport_c.so
[3.920s] -- Set runtime path of "/home/robot/human_ws/install/myinterfaces/lib/libmyinterfaces__rosidl_typesupport_c.so" to ""
[3.920s] -- Up-to-date: /home/robot/human_ws/install/myinterfaces/include/myinterfaces/myinterfaces
[3.920s] -- Up-to-date: /home/robot/human_ws/install/myinterfaces/include/myinterfaces/myinterfaces/srv
[3.920s] -- Up-to-date: /home/robot/human_ws/install/myinterfaces/include/myinterfaces/myinterfaces/srv/detail
[3.920s] -- Installing: /home/robot/human_ws/install/myinterfaces/include/myinterfaces/myinterfaces/srv/detail/humancoordinates__builder.hpp
[3.920s] -- Installing: /home/robot/human_ws/install/myinterfaces/include/myinterfaces/myinterfaces/srv/detail/action__builder.hpp
[3.920s] -- Installing: /home/robot/human_ws/install/myinterfaces/include/myinterfaces/myinterfaces/srv/detail/action__traits.hpp
[3.920s] -- Installing: /home/robot/human_ws/install/myinterfaces/include/myinterfaces/myinterfaces/srv/detail/action__struct.hpp
[3.920s] -- Installing: /home/robot/human_ws/install/myinterfaces/include/myinterfaces/myinterfaces/srv/detail/humancoordinatespcd__builder.hpp
[3.920s] -- Installing: /home/robot/human_ws/install/myinterfaces/include/myinterfaces/myinterfaces/srv/detail/humancoordinates__traits.hpp
[3.921s] -- Installing: /home/robot/human_ws/install/myinterfaces/include/myinterfaces/myinterfaces/srv/detail/humancoordinatespcd__traits.hpp
[3.921s] -- Installing: /home/robot/human_ws/install/myinterfaces/include/myinterfaces/myinterfaces/srv/detail/humancoordinates__struct.hpp
[3.921s] -- Installing: /home/robot/human_ws/install/myinterfaces/include/myinterfaces/myinterfaces/srv/detail/humancoordinatespcd__struct.hpp
[3.921s] -- Installing: /home/robot/human_ws/install/myinterfaces/include/myinterfaces/myinterfaces/srv/action.hpp
[3.921s] -- Installing: /home/robot/human_ws/install/myinterfaces/include/myinterfaces/myinterfaces/srv/humancoordinatespcd.hpp
[3.921s] -- Installing: /home/robot/human_ws/install/myinterfaces/include/myinterfaces/myinterfaces/srv/humancoordinates.hpp
[3.921s] -- Up-to-date: /home/robot/human_ws/install/myinterfaces/include/myinterfaces/myinterfaces/msg
[3.921s] -- Up-to-date: /home/robot/human_ws/install/myinterfaces/include/myinterfaces/myinterfaces/msg/detail
[3.921s] -- Installing: /home/robot/human_ws/install/myinterfaces/include/myinterfaces/myinterfaces/msg/detail/detect_coordinates__struct.hpp
[3.921s] -- Installing: /home/robot/human_ws/install/myinterfaces/include/myinterfaces/myinterfaces/msg/detail/detect_coordinates__traits.hpp
[3.921s] -- Installing: /home/robot/human_ws/install/myinterfaces/include/myinterfaces/myinterfaces/msg/detail/detect_coordinates__builder.hpp
[3.921s] -- Installing: /home/robot/human_ws/install/myinterfaces/include/myinterfaces/myinterfaces/msg/detect_coordinates.hpp
[3.921s] -- Up-to-date: /home/robot/human_ws/install/myinterfaces/include/myinterfaces/myinterfaces
[3.921s] -- Up-to-date: /home/robot/human_ws/install/myinterfaces/include/myinterfaces/myinterfaces/srv
[3.921s] -- Up-to-date: /home/robot/human_ws/install/myinterfaces/include/myinterfaces/myinterfaces/srv/detail
[3.921s] -- Installing: /home/robot/human_ws/install/myinterfaces/include/myinterfaces/myinterfaces/srv/detail/action__rosidl_typesupport_fastrtps_cpp.hpp
[3.921s] -- Installing: /home/robot/human_ws/install/myinterfaces/include/myinterfaces/myinterfaces/srv/detail/humancoordinates__rosidl_typesupport_fastrtps_cpp.hpp
[3.921s] -- Installing: /home/robot/human_ws/install/myinterfaces/include/myinterfaces/myinterfaces/srv/detail/humancoordinatespcd__rosidl_typesupport_fastrtps_cpp.hpp
[3.921s] -- Up-to-date: /home/robot/human_ws/install/myinterfaces/include/myinterfaces/myinterfaces/srv/detail/dds_fastrtps
[3.921s] -- Up-to-date: /home/robot/human_ws/install/myinterfaces/include/myinterfaces/myinterfaces/msg
[3.921s] -- Up-to-date: /home/robot/human_ws/install/myinterfaces/include/myinterfaces/myinterfaces/msg/detail
[3.921s] -- Installing: /home/robot/human_ws/install/myinterfaces/include/myinterfaces/myinterfaces/msg/detail/detect_coordinates__rosidl_typesupport_fastrtps_cpp.hpp
[3.922s] -- Up-to-date: /home/robot/human_ws/install/myinterfaces/include/myinterfaces/myinterfaces/msg/detail/dds_fastrtps
[3.922s] -- Up-to-date: /home/robot/human_ws/install/myinterfaces/include/myinterfaces/myinterfaces/msg/rosidl_typesupport_fastrtps_cpp__visibility_control.h
[3.922s] -- Installing: /home/robot/human_ws/install/myinterfaces/lib/libmyinterfaces__rosidl_typesupport_fastrtps_cpp.so
[3.922s] -- Set runtime path of "/home/robot/human_ws/install/myinterfaces/lib/libmyinterfaces__rosidl_typesupport_fastrtps_cpp.so" to ""
[3.922s] -- Up-to-date: /home/robot/human_ws/install/myinterfaces/include/myinterfaces/myinterfaces
[3.922s] -- Up-to-date: /home/robot/human_ws/install/myinterfaces/include/myinterfaces/myinterfaces/srv
[3.922s] -- Up-to-date: /home/robot/human_ws/install/myinterfaces/include/myinterfaces/myinterfaces/srv/detail
[3.922s] -- Installing: /home/robot/human_ws/install/myinterfaces/include/myinterfaces/myinterfaces/srv/detail/humancoordinatespcd__type_support.cpp
[3.922s] -- Installing: /home/robot/human_ws/install/myinterfaces/include/myinterfaces/myinterfaces/srv/detail/humancoordinatespcd__rosidl_typesupport_introspection_cpp.hpp
[3.922s] -- Installing: /home/robot/human_ws/install/myinterfaces/include/myinterfaces/myinterfaces/srv/detail/action__rosidl_typesupport_introspection_cpp.hpp
[3.922s] -- Installing: /home/robot/human_ws/install/myinterfaces/include/myinterfaces/myinterfaces/srv/detail/humancoordinates__type_support.cpp
[3.922s] -- Installing: /home/robot/human_ws/install/myinterfaces/include/myinterfaces/myinterfaces/srv/detail/humancoordinates__rosidl_typesupport_introspection_cpp.hpp
[3.922s] -- Installing: /home/robot/human_ws/install/myinterfaces/include/myinterfaces/myinterfaces/srv/detail/action__type_support.cpp
[3.922s] -- Up-to-date: /home/robot/human_ws/install/myinterfaces/include/myinterfaces/myinterfaces/msg
[3.922s] -- Up-to-date: /home/robot/human_ws/install/myinterfaces/include/myinterfaces/myinterfaces/msg/detail
[3.922s] -- Installing: /home/robot/human_ws/install/myinterfaces/include/myinterfaces/myinterfaces/msg/detail/detect_coordinates__rosidl_typesupport_introspection_cpp.hpp
[3.922s] -- Installing: /home/robot/human_ws/install/myinterfaces/include/myinterfaces/myinterfaces/msg/detail/detect_coordinates__type_support.cpp
[3.922s] -- Installing: /home/robot/human_ws/install/myinterfaces/lib/libmyinterfaces__rosidl_typesupport_introspection_cpp.so
[3.923s] -- Set runtime path of "/home/robot/human_ws/install/myinterfaces/lib/libmyinterfaces__rosidl_typesupport_introspection_cpp.so" to ""
[3.923s] -- Installing: /home/robot/human_ws/install/myinterfaces/lib/libmyinterfaces__rosidl_typesupport_cpp.so
[3.923s] -- Set runtime path of "/home/robot/human_ws/install/myinterfaces/lib/libmyinterfaces__rosidl_typesupport_cpp.so" to ""
[3.923s] -- Up-to-date: /home/robot/human_ws/install/myinterfaces/share/myinterfaces/environment/pythonpath.sh
[3.923s] -- Installing: /home/robot/human_ws/install/myinterfaces/share/myinterfaces/environment/pythonpath.dsv
[3.923s] -- Up-to-date: /home/robot/human_ws/install/myinterfaces/local/lib/python3.10/dist-packages/myinterfaces-0.0.0-py3.10.egg-info
[3.923s] -- Installing: /home/robot/human_ws/install/myinterfaces/local/lib/python3.10/dist-packages/myinterfaces-0.0.0-py3.10.egg-info/PKG-INFO
[3.923s] -- Installing: /home/robot/human_ws/install/myinterfaces/local/lib/python3.10/dist-packages/myinterfaces-0.0.0-py3.10.egg-info/top_level.txt
[3.923s] -- Installing: /home/robot/human_ws/install/myinterfaces/local/lib/python3.10/dist-packages/myinterfaces-0.0.0-py3.10.egg-info/SOURCES.txt
[3.923s] -- Installing: /home/robot/human_ws/install/myinterfaces/local/lib/python3.10/dist-packages/myinterfaces-0.0.0-py3.10.egg-info/dependency_links.txt
[3.923s] -- Up-to-date: /home/robot/human_ws/install/myinterfaces/local/lib/python3.10/dist-packages/myinterfaces
[3.923s] -- Installing: /home/robot/human_ws/install/myinterfaces/local/lib/python3.10/dist-packages/myinterfaces/myinterfaces_s__rosidl_typesupport_introspection_c.cpython-310-x86_64-linux-gnu.so
[3.923s] -- Installing: /home/robot/human_ws/install/myinterfaces/local/lib/python3.10/dist-packages/myinterfaces/__init__.py
[3.923s] -- Installing: /home/robot/human_ws/install/myinterfaces/local/lib/python3.10/dist-packages/myinterfaces/_myinterfaces_s.ep.rosidl_typesupport_c.c
[3.923s] -- Installing: /home/robot/human_ws/install/myinterfaces/local/lib/python3.10/dist-packages/myinterfaces/_myinterfaces_s.ep.rosidl_typesupport_fastrtps_c.c
[3.923s] -- Installing: /home/robot/human_ws/install/myinterfaces/local/lib/python3.10/dist-packages/myinterfaces/libmyinterfaces__rosidl_generator_py.so
[3.923s] -- Up-to-date: /home/robot/human_ws/install/myinterfaces/local/lib/python3.10/dist-packages/myinterfaces/srv
[3.924s] -- Installing: /home/robot/human_ws/install/myinterfaces/local/lib/python3.10/dist-packages/myinterfaces/srv/_action_s.c
[3.924s] -- Installing: /home/robot/human_ws/install/myinterfaces/local/lib/python3.10/dist-packages/myinterfaces/srv/_humancoordinatespcd.py
[3.924s] -- Installing: /home/robot/human_ws/install/myinterfaces/local/lib/python3.10/dist-packages/myinterfaces/srv/_action.py
[3.924s] -- Installing: /home/robot/human_ws/install/myinterfaces/local/lib/python3.10/dist-packages/myinterfaces/srv/__init__.py
[3.924s] -- Installing: /home/robot/human_ws/install/myinterfaces/local/lib/python3.10/dist-packages/myinterfaces/srv/_humancoordinates.py
[3.924s] -- Installing: /home/robot/human_ws/install/myinterfaces/local/lib/python3.10/dist-packages/myinterfaces/srv/_humancoordinatespcd_s.c
[3.924s] -- Installing: /home/robot/human_ws/install/myinterfaces/local/lib/python3.10/dist-packages/myinterfaces/srv/_humancoordinates_s.c
[3.924s] -- Installing: /home/robot/human_ws/install/myinterfaces/local/lib/python3.10/dist-packages/myinterfaces/_myinterfaces_s.ep.rosidl_typesupport_introspection_c.c
[3.924s] -- Installing: /home/robot/human_ws/install/myinterfaces/local/lib/python3.10/dist-packages/myinterfaces/myinterfaces_s__rosidl_typesupport_c.cpython-310-x86_64-linux-gnu.so
[3.924s] -- Installing: /home/robot/human_ws/install/myinterfaces/local/lib/python3.10/dist-packages/myinterfaces/myinterfaces_s__rosidl_typesupport_fastrtps_c.cpython-310-x86_64-linux-gnu.so
[3.924s] -- Up-to-date: /home/robot/human_ws/install/myinterfaces/local/lib/python3.10/dist-packages/myinterfaces/msg
[3.924s] -- Installing: /home/robot/human_ws/install/myinterfaces/local/lib/python3.10/dist-packages/myinterfaces/msg/_detect_coordinates.py
[3.924s] -- Installing: /home/robot/human_ws/install/myinterfaces/local/lib/python3.10/dist-packages/myinterfaces/msg/__init__.py
[3.924s] -- Installing: /home/robot/human_ws/install/myinterfaces/local/lib/python3.10/dist-packages/myinterfaces/msg/_detect_coordinates_s.c
[3.956s] Listing '/home/robot/human_ws/install/myinterfaces/local/lib/python3.10/dist-packages/myinterfaces'...
[3.956s] Compiling '/home/robot/human_ws/install/myinterfaces/local/lib/python3.10/dist-packages/myinterfaces/__init__.py'...
[3.956s] Listing '/home/robot/human_ws/install/myinterfaces/local/lib/python3.10/dist-packages/myinterfaces/msg'...
[3.956s] Compiling '/home/robot/human_ws/install/myinterfaces/local/lib/python3.10/dist-packages/myinterfaces/msg/__init__.py'...
[3.956s] Compiling '/home/robot/human_ws/install/myinterfaces/local/lib/python3.10/dist-packages/myinterfaces/msg/_detect_coordinates.py'...
[3.956s] Listing '/home/robot/human_ws/install/myinterfaces/local/lib/python3.10/dist-packages/myinterfaces/srv'...
[3.956s] Compiling '/home/robot/human_ws/install/myinterfaces/local/lib/python3.10/dist-packages/myinterfaces/srv/__init__.py'...
[3.956s] Compiling '/home/robot/human_ws/install/myinterfaces/local/lib/python3.10/dist-packages/myinterfaces/srv/_action.py'...
[3.956s] Compiling '/home/robot/human_ws/install/myinterfaces/local/lib/python3.10/dist-packages/myinterfaces/srv/_humancoordinates.py'...
[3.956s] Compiling '/home/robot/human_ws/install/myinterfaces/local/lib/python3.10/dist-packages/myinterfaces/srv/_humancoordinatespcd.py'...
[3.959s] -- Installing: /home/robot/human_ws/install/myinterfaces/local/lib/python3.10/dist-packages/myinterfaces/myinterfaces_s__rosidl_typesupport_fastrtps_c.cpython-310-x86_64-linux-gnu.so
[3.960s] -- Set runtime path of "/home/robot/human_ws/install/myinterfaces/local/lib/python3.10/dist-packages/myinterfaces/myinterfaces_s__rosidl_typesupport_fastrtps_c.cpython-310-x86_64-linux-gnu.so" to ""
[3.960s] -- Installing: /home/robot/human_ws/install/myinterfaces/local/lib/python3.10/dist-packages/myinterfaces/myinterfaces_s__rosidl_typesupport_introspection_c.cpython-310-x86_64-linux-gnu.so
[3.960s] -- Set runtime path of "/home/robot/human_ws/install/myinterfaces/local/lib/python3.10/dist-packages/myinterfaces/myinterfaces_s__rosidl_typesupport_introspection_c.cpython-310-x86_64-linux-gnu.so" to ""
[3.960s] -- Installing: /home/robot/human_ws/install/myinterfaces/local/lib/python3.10/dist-packages/myinterfaces/myinterfaces_s__rosidl_typesupport_c.cpython-310-x86_64-linux-gnu.so
[3.960s] -- Set runtime path of "/home/robot/human_ws/install/myinterfaces/local/lib/python3.10/dist-packages/myinterfaces/myinterfaces_s__rosidl_typesupport_c.cpython-310-x86_64-linux-gnu.so" to ""
[3.960s] -- Installing: /home/robot/human_ws/install/myinterfaces/lib/libmyinterfaces__rosidl_generator_py.so
[3.960s] -- Set runtime path of "/home/robot/human_ws/install/myinterfaces/lib/libmyinterfaces__rosidl_generator_py.so" to ""
[3.960s] -- Up-to-date: /home/robot/human_ws/install/myinterfaces/share/myinterfaces/msg/DetectCoordinates.idl
[3.961s] -- Up-to-date: /home/robot/human_ws/install/myinterfaces/share/myinterfaces/srv/Humancoordinates.idl
[3.961s] -- Up-to-date: /home/robot/human_ws/install/myinterfaces/share/myinterfaces/srv/Humancoordinatespcd.idl
[3.961s] -- Installing: /home/robot/human_ws/install/myinterfaces/share/myinterfaces/srv/Action.idl
[3.961s] -- Up-to-date: /home/robot/human_ws/install/myinterfaces/share/myinterfaces/msg/DetectCoordinates.msg
[3.961s] -- Up-to-date: /home/robot/human_ws/install/myinterfaces/share/myinterfaces/srv/Humancoordinates.srv
[3.961s] -- Up-to-date: /home/robot/human_ws/install/myinterfaces/share/myinterfaces/srv/Humancoordinates_Request.msg
[3.961s] -- Up-to-date: /home/robot/human_ws/install/myinterfaces/share/myinterfaces/srv/Humancoordinates_Response.msg
[3.961s] -- Up-to-date: /home/robot/human_ws/install/myinterfaces/share/myinterfaces/srv/Humancoordinatespcd.srv
[3.961s] -- Up-to-date: /home/robot/human_ws/install/myinterfaces/share/myinterfaces/srv/Humancoordinatespcd_Request.msg
[3.961s] -- Up-to-date: /home/robot/human_ws/install/myinterfaces/share/myinterfaces/srv/Humancoordinatespcd_Response.msg
[3.961s] -- Installing: /home/robot/human_ws/install/myinterfaces/share/myinterfaces/srv/Action.srv
[3.961s] -- Installing: /home/robot/human_ws/install/myinterfaces/share/myinterfaces/srv/Action_Request.msg
[3.961s] -- Installing: /home/robot/human_ws/install/myinterfaces/share/myinterfaces/srv/Action_Response.msg
[3.961s] -- Up-to-date: /home/robot/human_ws/install/myinterfaces/share/ament_index/resource_index/package_run_dependencies/myinterfaces
[3.961s] -- Up-to-date: /home/robot/human_ws/install/myinterfaces/share/ament_index/resource_index/parent_prefix_path/myinterfaces
[3.961s] -- Up-to-date: /home/robot/human_ws/install/myinterfaces/share/myinterfaces/environment/ament_prefix_path.sh
[3.961s] -- Installing: /home/robot/human_ws/install/myinterfaces/share/myinterfaces/environment/ament_prefix_path.dsv
[3.961s] -- Up-to-date: /home/robot/human_ws/install/myinterfaces/share/myinterfaces/environment/path.sh
[3.961s] -- Installing: /home/robot/human_ws/install/myinterfaces/share/myinterfaces/environment/path.dsv
[3.961s] -- Up-to-date: /home/robot/human_ws/install/myinterfaces/share/myinterfaces/local_setup.bash
[3.961s] -- Up-to-date: /home/robot/human_ws/install/myinterfaces/share/myinterfaces/local_setup.sh
[3.961s] -- Up-to-date: /home/robot/human_ws/install/myinterfaces/share/myinterfaces/local_setup.zsh
[3.962s] -- Installing: /home/robot/human_ws/install/myinterfaces/share/myinterfaces/local_setup.dsv
[3.962s] -- Installing: /home/robot/human_ws/install/myinterfaces/share/myinterfaces/package.dsv
[3.962s] -- Up-to-date: /home/robot/human_ws/install/myinterfaces/share/ament_index/resource_index/packages/myinterfaces
[3.962s] -- Up-to-date: /home/robot/human_ws/install/myinterfaces/share/myinterfaces/cmake/export_myinterfaces__rosidl_generator_cExport.cmake
[3.962s] -- Up-to-date: /home/robot/human_ws/install/myinterfaces/share/myinterfaces/cmake/export_myinterfaces__rosidl_generator_cExport-noconfig.cmake
[3.962s] -- Up-to-date: /home/robot/human_ws/install/myinterfaces/share/myinterfaces/cmake/export_myinterfaces__rosidl_typesupport_fastrtps_cExport.cmake
[3.962s] -- Up-to-date: /home/robot/human_ws/install/myinterfaces/share/myinterfaces/cmake/export_myinterfaces__rosidl_typesupport_fastrtps_cExport-noconfig.cmake
[3.962s] -- Up-to-date: /home/robot/human_ws/install/myinterfaces/share/myinterfaces/cmake/myinterfaces__rosidl_typesupport_introspection_cExport.cmake
[3.962s] -- Up-to-date: /home/robot/human_ws/install/myinterfaces/share/myinterfaces/cmake/myinterfaces__rosidl_typesupport_introspection_cExport-noconfig.cmake
[3.962s] -- Up-to-date: /home/robot/human_ws/install/myinterfaces/share/myinterfaces/cmake/myinterfaces__rosidl_typesupport_cExport.cmake
[3.962s] -- Up-to-date: /home/robot/human_ws/install/myinterfaces/share/myinterfaces/cmake/myinterfaces__rosidl_typesupport_cExport-noconfig.cmake
[3.962s] -- Up-to-date: /home/robot/human_ws/install/myinterfaces/share/myinterfaces/cmake/export_myinterfaces__rosidl_generator_cppExport.cmake
[3.962s] -- Up-to-date: /home/robot/human_ws/install/myinterfaces/share/myinterfaces/cmake/export_myinterfaces__rosidl_typesupport_fastrtps_cppExport.cmake
[3.962s] -- Up-to-date: /home/robot/human_ws/install/myinterfaces/share/myinterfaces/cmake/export_myinterfaces__rosidl_typesupport_fastrtps_cppExport-noconfig.cmake
[3.962s] -- Up-to-date: /home/robot/human_ws/install/myinterfaces/share/myinterfaces/cmake/myinterfaces__rosidl_typesupport_introspection_cppExport.cmake
[3.962s] -- Up-to-date: /home/robot/human_ws/install/myinterfaces/share/myinterfaces/cmake/myinterfaces__rosidl_typesupport_introspection_cppExport-noconfig.cmake
[3.962s] -- Up-to-date: /home/robot/human_ws/install/myinterfaces/share/myinterfaces/cmake/myinterfaces__rosidl_typesupport_cppExport.cmake
[3.962s] -- Up-to-date: /home/robot/human_ws/install/myinterfaces/share/myinterfaces/cmake/myinterfaces__rosidl_typesupport_cppExport-noconfig.cmake
[3.962s] -- Up-to-date: /home/robot/human_ws/install/myinterfaces/share/myinterfaces/cmake/export_myinterfaces__rosidl_generator_pyExport.cmake
[3.962s] -- Up-to-date: /home/robot/human_ws/install/myinterfaces/share/myinterfaces/cmake/export_myinterfaces__rosidl_generator_pyExport-noconfig.cmake
[3.962s] -- Installing: /home/robot/human_ws/install/myinterfaces/share/myinterfaces/cmake/rosidl_cmake-extras.cmake
[3.962s] -- Up-to-date: /home/robot/human_ws/install/myinterfaces/share/myinterfaces/cmake/ament_cmake_export_dependencies-extras.cmake
[3.962s] -- Up-to-date: /home/robot/human_ws/install/myinterfaces/share/myinterfaces/cmake/ament_cmake_export_include_directories-extras.cmake
[3.962s] -- Up-to-date: /home/robot/human_ws/install/myinterfaces/share/myinterfaces/cmake/ament_cmake_export_libraries-extras.cmake
[3.962s] -- Up-to-date: /home/robot/human_ws/install/myinterfaces/share/myinterfaces/cmake/ament_cmake_export_targets-extras.cmake
[3.963s] -- Up-to-date: /home/robot/human_ws/install/myinterfaces/share/myinterfaces/cmake/rosidl_cmake_export_typesupport_targets-extras.cmake
[3.963s] -- Up-to-date: /home/robot/human_ws/install/myinterfaces/share/myinterfaces/cmake/rosidl_cmake_export_typesupport_libraries-extras.cmake
[3.963s] -- Up-to-date: /home/robot/human_ws/install/myinterfaces/share/myinterfaces/cmake/myinterfacesConfig.cmake
[3.963s] -- Up-to-date: /home/robot/human_ws/install/myinterfaces/share/myinterfaces/cmake/myinterfacesConfig-version.cmake
[3.963s] -- Up-to-date: /home/robot/human_ws/install/myinterfaces/share/myinterfaces/package.xml
[3.964s] Invoked command in '/home/robot/human_ws/build/myinterfaces' returned '0': CMAKE_PREFIX_PATH=${CMAKE_PREFIX_PATH}:/home/robot/human_ws/install/rotate:/home/robot/human_ws/install/locomotion:/home/robot/human_ws/install/human:/home/robot/human_ws/install/manager:/home/robot/human_ws/install/listen:/home/robot/human_ws/install/image:/home/robot/human_ws/install/follow:/home/robot/human_ws/install/apriltag_detection:/home/robot/human_ws/install/action_server:/home/robot/robot_controller_release/ros2_packages/object_detect_track_node_py:/opt/ros/humble /usr/bin/cmake --install /home/robot/human_ws/build/myinterfaces
