[0.680s] Invoking command in '/home/robot/human_ws/src/follow': PYTHONPATH=/home/robot/human_ws/build/follow/prefix_override:/usr/lib/python3/dist-packages/colcon_core/task/python/colcon_distutils_commands:/home/robot/human_ws/install/follow/lib/python3.10/site-packages:${PYTHONPATH} /usr/bin/python3 -W ignore:setup.py install is deprecated setup.py egg_info --egg-base ../../build/follow build --build-base /home/robot/human_ws/build/follow/build install --record /home/robot/human_ws/build/follow/install.log --single-version-externally-managed install_data
[0.913s] running egg_info
[0.914s] writing ../../build/follow/follow.egg-info/PKG-INFO
[0.914s] writing dependency_links to ../../build/follow/follow.egg-info/dependency_links.txt
[0.914s] writing entry points to ../../build/follow/follow.egg-info/entry_points.txt
[0.914s] writing requirements to ../../build/follow/follow.egg-info/requires.txt
[0.914s] writing top-level names to ../../build/follow/follow.egg-info/top_level.txt
[0.916s] reading manifest file '../../build/follow/follow.egg-info/SOURCES.txt'
[0.917s] writing manifest file '../../build/follow/follow.egg-info/SOURCES.txt'
[0.917s] running build
[0.917s] running build_py
[0.917s] copying follow/test_client.py -> /home/robot/human_ws/build/follow/build/lib/follow
[0.917s] copying follow/tag_server.py -> /home/robot/human_ws/build/follow/build/lib/follow
[0.918s] running install
[0.918s] running install_lib
[0.918s] copying /home/robot/human_ws/build/follow/build/lib/follow/test_client.py -> /home/robot/human_ws/install/follow/lib/python3.10/site-packages/follow
[0.918s] copying /home/robot/human_ws/build/follow/build/lib/follow/tag_server.py -> /home/robot/human_ws/install/follow/lib/python3.10/site-packages/follow
[0.919s] byte-compiling /home/robot/human_ws/install/follow/lib/python3.10/site-packages/follow/test_client.py to test_client.cpython-310.pyc
[0.920s] byte-compiling /home/robot/human_ws/install/follow/lib/python3.10/site-packages/follow/tag_server.py to tag_server.cpython-310.pyc
[0.921s] running install_data
[0.921s] running install_egg_info
[0.924s] removing '/home/robot/human_ws/install/follow/lib/python3.10/site-packages/follow-0.0.0-py3.10.egg-info' (and everything under it)
[0.924s] Copying ../../build/follow/follow.egg-info to /home/robot/human_ws/install/follow/lib/python3.10/site-packages/follow-0.0.0-py3.10.egg-info
[0.924s] running install_scripts
[0.943s] Installing camerainfo script to /home/robot/human_ws/install/follow/lib/follow
[0.943s] Installing follower script to /home/robot/human_ws/install/follow/lib/follow
[0.943s] Installing joy_publisher script to /home/robot/human_ws/install/follow/lib/follow
[0.943s] Installing rotate_human script to /home/robot/human_ws/install/follow/lib/follow
[0.943s] Installing tag_follower script to /home/robot/human_ws/install/follow/lib/follow
[0.943s] Installing tag_follower_static script to /home/robot/human_ws/install/follow/lib/follow
[0.943s] Installing tag_follower_static2 script to /home/robot/human_ws/install/follow/lib/follow
[0.943s] Installing tag_server script to /home/robot/human_ws/install/follow/lib/follow
[0.943s] Installing tag_test_client script to /home/robot/human_ws/install/follow/lib/follow
[0.944s] Installing test_publisher script to /home/robot/human_ws/install/follow/lib/follow
[0.944s] writing list of installed files to '/home/robot/human_ws/build/follow/install.log'
[0.968s] Invoked command in '/home/robot/human_ws/src/follow' returned '0': PYTHONPATH=/home/robot/human_ws/build/follow/prefix_override:/usr/lib/python3/dist-packages/colcon_core/task/python/colcon_distutils_commands:/home/robot/human_ws/install/follow/lib/python3.10/site-packages:${PYTHONPATH} /usr/bin/python3 -W ignore:setup.py install is deprecated setup.py egg_info --egg-base ../../build/follow build --build-base /home/robot/human_ws/build/follow/build install --record /home/robot/human_ws/build/follow/install.log --single-version-externally-managed install_data
