[0.044s] Invoking command in '/home/robot/human_ws/build/robot_startup': CMAKE_PREFIX_PATH=${CMAKE_PREFIX_PATH}:/home/robot/robot_controller_release/ros2_packages/object_detect_track_node_py:/opt/ros/humble /usr/bin/cmake --build /home/robot/human_ws/build/robot_startup -- -j16 -l16
[0.203s] Invoked command in '/home/robot/human_ws/build/robot_startup' returned '0': CMAKE_PREFIX_PATH=${CMAKE_PREFIX_PATH}:/home/robot/robot_controller_release/ros2_packages/object_detect_track_node_py:/opt/ros/humble /usr/bin/cmake --build /home/robot/human_ws/build/robot_startup -- -j16 -l16
[0.281s] Invoking command in '/home/robot/human_ws/build/robot_startup': CMAKE_PREFIX_PATH=${CMAKE_PREFIX_PATH}:/home/robot/robot_controller_release/ros2_packages/object_detect_track_node_py:/opt/ros/humble /usr/bin/cmake --install /home/robot/human_ws/build/robot_startup
[0.294s] -- Install configuration: ""
[0.294s] -- Up-to-date: /home/robot/human_ws/install/robot_startup/share/robot_startup/launch
[0.294s] -- Installing: /home/robot/human_ws/install/robot_startup/share/robot_startup/launch/start.launch.py
[0.297s] -- Up-to-date: /home/robot/human_ws/install/robot_startup/share/ament_index/resource_index/package_run_dependencies/robot_startup
[0.298s] -- Up-to-date: /home/robot/human_ws/install/robot_startup/share/ament_index/resource_index/parent_prefix_path/robot_startup
[0.299s] -- Up-to-date: /home/robot/human_ws/install/robot_startup/share/robot_startup/environment/ament_prefix_path.sh
[0.299s] -- Up-to-date: /home/robot/human_ws/install/robot_startup/share/robot_startup/environment/ament_prefix_path.dsv
[0.299s] -- Up-to-date: /home/robot/human_ws/install/robot_startup/share/robot_startup/environment/path.sh
[0.299s] -- Up-to-date: /home/robot/human_ws/install/robot_startup/share/robot_startup/environment/path.dsv
[0.299s] -- Up-to-date: /home/robot/human_ws/install/robot_startup/share/robot_startup/local_setup.bash
[0.299s] -- Up-to-date: /home/robot/human_ws/install/robot_startup/share/robot_startup/local_setup.sh
[0.300s] -- Up-to-date: /home/robot/human_ws/install/robot_startup/share/robot_startup/local_setup.zsh
[0.300s] -- Up-to-date: /home/robot/human_ws/install/robot_startup/share/robot_startup/local_setup.dsv
[0.300s] -- Installing: /home/robot/human_ws/install/robot_startup/share/robot_startup/package.dsv
[0.300s] -- Up-to-date: /home/robot/human_ws/install/robot_startup/share/ament_index/resource_index/packages/robot_startup
[0.300s] -- Up-to-date: /home/robot/human_ws/install/robot_startup/share/robot_startup/cmake/robot_startupConfig.cmake
[0.302s] -- Up-to-date: /home/robot/human_ws/install/robot_startup/share/robot_startup/cmake/robot_startupConfig-version.cmake
[0.302s] -- Up-to-date: /home/robot/human_ws/install/robot_startup/share/robot_startup/package.xml
[0.307s] Invoked command in '/home/robot/human_ws/build/robot_startup' returned '0': CMAKE_PREFIX_PATH=${CMAKE_PREFIX_PATH}:/home/robot/robot_controller_release/ros2_packages/object_detect_track_node_py:/opt/ros/humble /usr/bin/cmake --install /home/robot/human_ws/build/robot_startup
