running egg_info
writing ../../build/apriltag_detection/apriltag_detection.egg-info/PKG-INFO
writing dependency_links to ../../build/apriltag_detection/apriltag_detection.egg-info/dependency_links.txt
writing entry points to ../../build/apriltag_detection/apriltag_detection.egg-info/entry_points.txt
writing requirements to ../../build/apriltag_detection/apriltag_detection.egg-info/requires.txt
writing top-level names to ../../build/apriltag_detection/apriltag_detection.egg-info/top_level.txt
reading manifest file '../../build/apriltag_detection/apriltag_detection.egg-info/SOURCES.txt'
writing manifest file '../../build/apriltag_detection/apriltag_detection.egg-info/SOURCES.txt'
running build
running build_py
copying apriltag_detection/camerainfo_tag.py -> /home/robot/human_ws/build/apriltag_detection/build/lib/apriltag_detection
running install
running install_lib
copying /home/robot/human_ws/build/apriltag_detection/build/lib/apriltag_detection/camerainfo_tag.py -> /home/robot/human_ws/install/apriltag_detection/lib/python3.10/site-packages/apriltag_detection
byte-compiling /home/robot/human_ws/install/apriltag_detection/lib/python3.10/site-packages/apriltag_detection/camerainfo_tag.py to camerainfo_tag.cpython-310.pyc
running install_data
running install_egg_info
removing '/home/robot/human_ws/install/apriltag_detection/lib/python3.10/site-packages/apriltag_detection-0.0.0-py3.10.egg-info' (and everything under it)
Copying ../../build/apriltag_detection/apriltag_detection.egg-info to /home/robot/human_ws/install/apriltag_detection/lib/python3.10/site-packages/apriltag_detection-0.0.0-py3.10.egg-info
running install_scripts
Installing camerainfo script to /home/robot/human_ws/install/apriltag_detection/lib/apriltag_detection
writing list of installed files to '/home/robot/human_ws/build/apriltag_detection/install.log'
