-- Found ament_cmake: 1.3.10 (/opt/ros/humble/share/ament_cmake/cmake)
-- Found rosidl_default_generators: 1.2.0 (/opt/ros/humble/share/rosidl_default_generators/cmake)
-- Using all available rosidl_typesupport_c: rosidl_typesupport_fastrtps_c;rosidl_typesupport_introspection_c
-- Found rosidl_adapter: 3.1.5 (/opt/ros/humble/share/rosidl_adapter/cmake)
-- Using all available rosidl_typesupport_cpp: rosidl_typesupport_fastrtps_cpp;rosidl_typesupport_introspection_cpp
-- Found geometry_msgs: 4.2.4 (/opt/ros/humble/share/geometry_msgs/cmake)
-- Found sensor_msgs: 4.2.4 (/opt/ros/humble/share/sensor_msgs/cmake)
-- Found ament_cmake_ros: 0.10.0 (/opt/ros/humble/share/ament_cmake_ros/cmake)
-- Using all available rosidl_typesupport_c: rosidl_typesupport_fastrtps_c;rosidl_typesupport_introspection_c
-- Using all available rosidl_typesupport_cpp: rosidl_typesupport_fastrtps_cpp;rosidl_typesupport_introspection_cpp
-- Found python_cmake_module: 0.10.0 (/opt/ros/humble/share/python_cmake_module/cmake)
-- Using PYTHON_EXECUTABLE: /usr/bin/python3
-- Using PYTHON_INCLUDE_DIRS: /usr/include/python3.10
-- Using PYTHON_LIBRARIES: /usr/lib/x86_64-linux-gnu/libpython3.10.so
-- Found ament_lint_auto: 0.12.11 (/opt/ros/humble/share/ament_lint_auto/cmake)
-- Added test 'lint_cmake' to check CMake code style
-- Added test 'xmllint' to check XML markup files
-- Configuring done
-- Generating done
-- Build files have been written to: /home/robot/human_ws/build/myinterfaces
[  1%] [34m[1mGenerating C code for ROS interfaces[0m
[  2%] [34m[1mGenerating C++ code for ROS interfaces[0m
[  2%] Built target ament_cmake_python_copy_myinterfaces
running egg_info
writing myinterfaces.egg-info/PKG-INFO
writing dependency_links to myinterfaces.egg-info/dependency_links.txt
writing top-level names to myinterfaces.egg-info/top_level.txt
reading manifest file 'myinterfaces.egg-info/SOURCES.txt'
writing manifest file 'myinterfaces.egg-info/SOURCES.txt'
[  2%] Built target ament_cmake_python_build_myinterfaces_egg
[  2%] Built target myinterfaces__cpp
[  4%] [34m[1mGenerating C++ type support for eProsima Fast-RTPS[0m
[  5%] [34m[1mGenerating C++ type support dispatch for ROS interfaces[0m
[  7%] [34m[1mGenerating C++ introspection for ROS interfaces[0m
[35m[1mConsolidate compiler generated dependencies of target myinterfaces__rosidl_generator_c[0m
[  8%] [32mBuilding C object CMakeFiles/myinterfaces__rosidl_generator_c.dir/rosidl_generator_c/myinterfaces/srv/detail/humancoordinatespcd__functions.c.o[0m
[ 14%] [32mBuilding C object CMakeFiles/myinterfaces__rosidl_generator_c.dir/rosidl_generator_c/myinterfaces/msg/detail/detect_coordinates__functions.c.o[0m
[ 14%] [32mBuilding C object CMakeFiles/myinterfaces__rosidl_generator_c.dir/rosidl_generator_c/myinterfaces/msg/detail/state__functions.c.o[0m
[ 14%] [32mBuilding C object CMakeFiles/myinterfaces__rosidl_generator_c.dir/rosidl_generator_c/myinterfaces/srv/detail/tag__functions.c.o[0m
[ 14%] [32mBuilding C object CMakeFiles/myinterfaces__rosidl_generator_c.dir/rosidl_generator_c/myinterfaces/srv/detail/humancoordinates__functions.c.o[0m
[ 15%] [32mBuilding C object CMakeFiles/myinterfaces__rosidl_generator_c.dir/rosidl_generator_c/myinterfaces/srv/detail/action__functions.c.o[0m
In file included from [01m[K/home/robot/human_ws/build/myinterfaces/rosidl_generator_c/myinterfaces/srv/detail/tag__functions.h:19[m[K,
                 from [01m[K/home/robot/human_ws/build/myinterfaces/rosidl_generator_c/myinterfaces/srv/detail/tag__functions.c:4[m[K:
[01m[K/home/robot/human_ws/build/myinterfaces/rosidl_generator_c/myinterfaces/srv/detail/tag__struct.h:23:10:[m[K [01;31m[Kfatal error: [m[Kmyinterfaces/msg/detail/int16__struct.h: No such file or directory
   23 | #include [01;31m[K"myinterfaces/msg/detail/int16__struct.h"[m[K
      |          [01;31m[K^~~~~~~~~~~~~~~~~~~~~~~~~~~~~~~~~~~~~~~~~[m[K
compilation terminated.
gmake[2]: *** [CMakeFiles/myinterfaces__rosidl_generator_c.dir/build.make:331: CMakeFiles/myinterfaces__rosidl_generator_c.dir/rosidl_generator_c/myinterfaces/srv/detail/tag__functions.c.o] Error 1
gmake[2]: *** Waiting for unfinished jobs....
gmake[1]: *** [CMakeFiles/Makefile2:213: CMakeFiles/myinterfaces__rosidl_generator_c.dir/all] Error 2
gmake[1]: *** Waiting for unfinished jobs....
[35m[1mConsolidate compiler generated dependencies of target myinterfaces__rosidl_typesupport_cpp[0m
[ 16%] [32mBuilding CXX object CMakeFiles/myinterfaces__rosidl_typesupport_cpp.dir/rosidl_typesupport_cpp/myinterfaces/msg/detect_coordinates__type_support.cpp.o[0m
[ 18%] [32mBuilding CXX object CMakeFiles/myinterfaces__rosidl_typesupport_cpp.dir/rosidl_typesupport_cpp/myinterfaces/srv/humancoordinatespcd__type_support.cpp.o[0m
[ 19%] [32mBuilding CXX object CMakeFiles/myinterfaces__rosidl_typesupport_cpp.dir/rosidl_typesupport_cpp/myinterfaces/srv/tag__type_support.cpp.o[0m
[ 21%] [32mBuilding CXX object CMakeFiles/myinterfaces__rosidl_typesupport_cpp.dir/rosidl_typesupport_cpp/myinterfaces/msg/state__type_support.cpp.o[0m
[ 22%] [32mBuilding CXX object CMakeFiles/myinterfaces__rosidl_typesupport_cpp.dir/rosidl_typesupport_cpp/myinterfaces/srv/humancoordinates__type_support.cpp.o[0m
[ 23%] [32mBuilding CXX object CMakeFiles/myinterfaces__rosidl_typesupport_cpp.dir/rosidl_typesupport_cpp/myinterfaces/srv/action__type_support.cpp.o[0m
[35m[1mConsolidate compiler generated dependencies of target myinterfaces__rosidl_typesupport_introspection_cpp[0m
[ 25%] [32mBuilding CXX object CMakeFiles/myinterfaces__rosidl_typesupport_introspection_cpp.dir/rosidl_typesupport_introspection_cpp/myinterfaces/srv/detail/humancoordinatespcd__type_support.cpp.o[0m
[ 28%] [32mBuilding CXX object CMakeFiles/myinterfaces__rosidl_typesupport_introspection_cpp.dir/rosidl_typesupport_introspection_cpp/myinterfaces/srv/detail/action__type_support.cpp.o[0m
[ 28%] [32mBuilding CXX object CMakeFiles/myinterfaces__rosidl_typesupport_introspection_cpp.dir/rosidl_typesupport_introspection_cpp/myinterfaces/msg/detail/detect_coordinates__type_support.cpp.o[0m
[ 29%] [32mBuilding CXX object CMakeFiles/myinterfaces__rosidl_typesupport_introspection_cpp.dir/rosidl_typesupport_introspection_cpp/myinterfaces/msg/detail/state__type_support.cpp.o[0m
[ 32%] [32mBuilding CXX object CMakeFiles/myinterfaces__rosidl_typesupport_introspection_cpp.dir/rosidl_typesupport_introspection_cpp/myinterfaces/srv/detail/tag__type_support.cpp.o[0m
[ 32%] [32mBuilding CXX object CMakeFiles/myinterfaces__rosidl_typesupport_introspection_cpp.dir/rosidl_typesupport_introspection_cpp/myinterfaces/srv/detail/humancoordinates__type_support.cpp.o[0m
In file included from [01m[K/home/robot/human_ws/build/myinterfaces/rosidl_typesupport_cpp/myinterfaces/srv/tag__type_support.cpp:7[m[K:
[01m[K/home/robot/human_ws/build/myinterfaces/rosidl_generator_cpp/myinterfaces/srv/detail/tag__struct.hpp:21:10:[m[K [01;31m[Kfatal error: [m[Kmyinterfaces/msg/detail/int16__struct.hpp: No such file or directory
   21 | #include [01;31m[K"myinterfaces/msg/detail/int16__struct.hpp"[m[K
      |          [01;31m[K^~~~~~~~~~~~~~~~~~~~~~~~~~~~~~~~~~~~~~~~~~~[m[K
compilation terminated.
gmake[2]: *** [CMakeFiles/myinterfaces__rosidl_typesupport_cpp.dir/build.make:252: CMakeFiles/myinterfaces__rosidl_typesupport_cpp.dir/rosidl_typesupport_cpp/myinterfaces/srv/tag__type_support.cpp.o] Error 1
gmake[2]: *** Waiting for unfinished jobs....
[35m[1mConsolidate compiler generated dependencies of target myinterfaces__rosidl_typesupport_fastrtps_cpp[0m
In file included from [01m[K/home/robot/human_ws/build/myinterfaces/rosidl_typesupport_introspection_cpp/myinterfaces/srv/detail/tag__type_support.cpp:12[m[K:
[01m[K/home/robot/human_ws/build/myinterfaces/rosidl_generator_cpp/myinterfaces/srv/detail/tag__struct.hpp:21:10:[m[K [01;31m[Kfatal error: [m[Kmyinterfaces/msg/detail/int16__struct.hpp: No such file or directory
   21 | #include [01;31m[K"myinterfaces/msg/detail/int16__struct.hpp"[m[K
      |          [01;31m[K^~~~~~~~~~~~~~~~~~~~~~~~~~~~~~~~~~~~~~~~~~~[m[K
compilation terminated.
gmake[2]: *** [CMakeFiles/myinterfaces__rosidl_typesupport_introspection_cpp.dir/build.make:272: CMakeFiles/myinterfaces__rosidl_typesupport_introspection_cpp.dir/rosidl_typesupport_introspection_cpp/myinterfaces/srv/detail/tag__type_support.cpp.o] Error 1
gmake[2]: *** Waiting for unfinished jobs....
[ 35%] [32mBuilding CXX object CMakeFiles/myinterfaces__rosidl_typesupport_fastrtps_cpp.dir/rosidl_typesupport_fastrtps_cpp/myinterfaces/srv/detail/dds_fastrtps/tag__type_support.cpp.o[0m
[ 36%] [32mBuilding CXX object CMakeFiles/myinterfaces__rosidl_typesupport_fastrtps_cpp.dir/rosidl_typesupport_fastrtps_cpp/myinterfaces/srv/detail/dds_fastrtps/humancoordinatespcd__type_support.cpp.o[0m
[ 36%] [32mBuilding CXX object CMakeFiles/myinterfaces__rosidl_typesupport_fastrtps_cpp.dir/rosidl_typesupport_fastrtps_cpp/myinterfaces/msg/detail/dds_fastrtps/detect_coordinates__type_support.cpp.o[0m
[ 39%] [32mBuilding CXX object CMakeFiles/myinterfaces__rosidl_typesupport_fastrtps_cpp.dir/rosidl_typesupport_fastrtps_cpp/myinterfaces/msg/detail/dds_fastrtps/state__type_support.cpp.o[0m
[ 39%] [32mBuilding CXX object CMakeFiles/myinterfaces__rosidl_typesupport_fastrtps_cpp.dir/rosidl_typesupport_fastrtps_cpp/myinterfaces/srv/detail/dds_fastrtps/humancoordinates__type_support.cpp.o[0m
[ 40%] [32mBuilding CXX object CMakeFiles/myinterfaces__rosidl_typesupport_fastrtps_cpp.dir/rosidl_typesupport_fastrtps_cpp/myinterfaces/srv/detail/dds_fastrtps/action__type_support.cpp.o[0m
In file included from [01m[K/home/robot/human_ws/build/myinterfaces/rosidl_typesupport_fastrtps_cpp/myinterfaces/srv/detail/tag__rosidl_typesupport_fastrtps_cpp.hpp:11[m[K,
                 from [01m[K/home/robot/human_ws/build/myinterfaces/rosidl_typesupport_fastrtps_cpp/myinterfaces/srv/detail/dds_fastrtps/tag__type_support.cpp:4[m[K:
[01m[K/home/robot/human_ws/build/myinterfaces/rosidl_generator_cpp/myinterfaces/srv/detail/tag__struct.hpp:21:10:[m[K [01;31m[Kfatal error: [m[Kmyinterfaces/msg/detail/int16__struct.hpp: No such file or directory
   21 | #include [01;31m[K"myinterfaces/msg/detail/int16__struct.hpp"[m[K
      |          [01;31m[K^~~~~~~~~~~~~~~~~~~~~~~~~~~~~~~~~~~~~~~~~~~[m[K
compilation terminated.
gmake[2]: *** [CMakeFiles/myinterfaces__rosidl_typesupport_fastrtps_cpp.dir/build.make:272: CMakeFiles/myinterfaces__rosidl_typesupport_fastrtps_cpp.dir/rosidl_typesupport_fastrtps_cpp/myinterfaces/srv/detail/dds_fastrtps/tag__type_support.cpp.o] Error 1
gmake[2]: *** Waiting for unfinished jobs....
gmake[1]: *** [CMakeFiles/Makefile2:395: CMakeFiles/myinterfaces__rosidl_typesupport_cpp.dir/all] Error 2
gmake[1]: *** [CMakeFiles/Makefile2:369: CMakeFiles/myinterfaces__rosidl_typesupport_introspection_cpp.dir/all] Error 2
gmake[1]: *** [CMakeFiles/Makefile2:343: CMakeFiles/myinterfaces__rosidl_typesupport_fastrtps_cpp.dir/all] Error 2
gmake: *** [Makefile:146: all] Error 2
