[0.010s] Invoking command in '/home/robot/human_ws/build/myinterfaces': CMAKE_PREFIX_PATH=${CMAKE_PREFIX_PATH}:/home/robot/human_ws/install/rotate:/home/robot/human_ws/install/locomotion:/home/robot/human_ws/install/human:/home/robot/human_ws/install/manager:/home/robot/human_ws/install/listen:/home/robot/human_ws/install/image:/home/robot/human_ws/install/follow:/home/robot/human_ws/install/apriltag_detection:/home/robot/human_ws/install/action_server:/home/robot/robot_controller_release/ros2_packages/object_detect_track_node_py:/opt/ros/humble /usr/bin/cmake --build /home/robot/human_ws/build/myinterfaces -- -j16 -l16
[0.047s] -- Found ament_cmake: 1.3.10 (/opt/ros/humble/share/ament_cmake/cmake)
[0.162s] -- Found rosidl_default_generators: 1.2.0 (/opt/ros/humble/share/rosidl_default_generators/cmake)
[0.164s] -- Using all available rosidl_typesupport_c: rosidl_typesupport_fastrtps_c;rosidl_typesupport_introspection_c
[0.166s] -- Found rosidl_adapter: 3.1.5 (/opt/ros/humble/share/rosidl_adapter/cmake)
[0.188s] -- Using all available rosidl_typesupport_cpp: rosidl_typesupport_fastrtps_cpp;rosidl_typesupport_introspection_cpp
[0.204s] -- Found geometry_msgs: 4.2.4 (/opt/ros/humble/share/geometry_msgs/cmake)
[0.229s] -- Found sensor_msgs: 4.2.4 (/opt/ros/humble/share/sensor_msgs/cmake)
[0.520s] -- Found ament_cmake_ros: 0.10.0 (/opt/ros/humble/share/ament_cmake_ros/cmake)
[0.768s] -- Using all available rosidl_typesupport_c: rosidl_typesupport_fastrtps_c;rosidl_typesupport_introspection_c
[1.071s] -- Using all available rosidl_typesupport_cpp: rosidl_typesupport_fastrtps_cpp;rosidl_typesupport_introspection_cpp
[1.097s] -- Found python_cmake_module: 0.10.0 (/opt/ros/humble/share/python_cmake_module/cmake)
[1.129s] -- Using PYTHON_EXECUTABLE: /usr/bin/python3
[1.129s] -- Using PYTHON_INCLUDE_DIRS: /usr/include/python3.10
[1.129s] -- Using PYTHON_LIBRARIES: /usr/lib/x86_64-linux-gnu/libpython3.10.so
[1.172s] -- Found ament_lint_auto: 0.12.11 (/opt/ros/humble/share/ament_lint_auto/cmake)
[1.177s] -- Added test 'lint_cmake' to check CMake code style
[1.178s] -- Added test 'xmllint' to check XML markup files
[1.179s] -- Configuring done
[1.206s] -- Generating done
[1.207s] -- Build files have been written to: /home/robot/human_ws/build/myinterfaces
[1.233s] [  1%] [34m[1mGenerating C code for ROS interfaces[0m
[1.247s] [  2%] [34m[1mGenerating C++ code for ROS interfaces[0m
[1.251s] [  2%] Built target ament_cmake_python_copy_myinterfaces
[1.484s] running egg_info
[1.485s] writing myinterfaces.egg-info/PKG-INFO
[1.485s] writing dependency_links to myinterfaces.egg-info/dependency_links.txt
[1.485s] writing top-level names to myinterfaces.egg-info/top_level.txt
[1.486s] reading manifest file 'myinterfaces.egg-info/SOURCES.txt'
[1.487s] writing manifest file 'myinterfaces.egg-info/SOURCES.txt'
[1.518s] [  2%] Built target ament_cmake_python_build_myinterfaces_egg
[1.636s] [  2%] Built target myinterfaces__cpp
[1.646s] [  4%] [34m[1mGenerating C++ type support for eProsima Fast-RTPS[0m
[1.648s] [  5%] [34m[1mGenerating C++ type support dispatch for ROS interfaces[0m
[1.649s] [  7%] [34m[1mGenerating C++ introspection for ROS interfaces[0m
[1.708s] [35m[1mConsolidate compiler generated dependencies of target myinterfaces__rosidl_generator_c[0m
[1.723s] [  8%] [32mBuilding C object CMakeFiles/myinterfaces__rosidl_generator_c.dir/rosidl_generator_c/myinterfaces/srv/detail/humancoordinatespcd__functions.c.o[0m
[1.727s] [ 14%] [32mBuilding C object CMakeFiles/myinterfaces__rosidl_generator_c.dir/rosidl_generator_c/myinterfaces/msg/detail/detect_coordinates__functions.c.o[0m
[1.727s] [ 14%] [32mBuilding C object CMakeFiles/myinterfaces__rosidl_generator_c.dir/rosidl_generator_c/myinterfaces/msg/detail/state__functions.c.o[0m
[1.728s] [ 14%] [32mBuilding C object CMakeFiles/myinterfaces__rosidl_generator_c.dir/rosidl_generator_c/myinterfaces/srv/detail/tag__functions.c.o[0m
[1.728s] [ 14%] [32mBuilding C object CMakeFiles/myinterfaces__rosidl_generator_c.dir/rosidl_generator_c/myinterfaces/srv/detail/humancoordinates__functions.c.o[0m
[1.729s] [ 15%] [32mBuilding C object CMakeFiles/myinterfaces__rosidl_generator_c.dir/rosidl_generator_c/myinterfaces/srv/detail/action__functions.c.o[0m
[1.747s] In file included from [01m[K/home/robot/human_ws/build/myinterfaces/rosidl_generator_c/myinterfaces/srv/detail/tag__functions.h:19[m[K,
[1.747s]                  from [01m[K/home/robot/human_ws/build/myinterfaces/rosidl_generator_c/myinterfaces/srv/detail/tag__functions.c:4[m[K:
[1.747s] [01m[K/home/robot/human_ws/build/myinterfaces/rosidl_generator_c/myinterfaces/srv/detail/tag__struct.h:23:10:[m[K [01;31m[Kfatal error: [m[Kmyinterfaces/msg/detail/int16__struct.h: No such file or directory
[1.747s]    23 | #include [01;31m[K"myinterfaces/msg/detail/int16__struct.h"[m[K
[1.747s]       |          [01;31m[K^~~~~~~~~~~~~~~~~~~~~~~~~~~~~~~~~~~~~~~~~[m[K
[1.747s] compilation terminated.
[1.748s] gmake[2]: *** [CMakeFiles/myinterfaces__rosidl_generator_c.dir/build.make:331: CMakeFiles/myinterfaces__rosidl_generator_c.dir/rosidl_generator_c/myinterfaces/srv/detail/tag__functions.c.o] Error 1
[1.748s] gmake[2]: *** Waiting for unfinished jobs....
[1.779s] gmake[1]: *** [CMakeFiles/Makefile2:213: CMakeFiles/myinterfaces__rosidl_generator_c.dir/all] Error 2
[1.779s] gmake[1]: *** Waiting for unfinished jobs....
[1.977s] [35m[1mConsolidate compiler generated dependencies of target myinterfaces__rosidl_typesupport_cpp[0m
[1.992s] [ 16%] [32mBuilding CXX object CMakeFiles/myinterfaces__rosidl_typesupport_cpp.dir/rosidl_typesupport_cpp/myinterfaces/msg/detect_coordinates__type_support.cpp.o[0m
[1.992s] [ 18%] [32mBuilding CXX object CMakeFiles/myinterfaces__rosidl_typesupport_cpp.dir/rosidl_typesupport_cpp/myinterfaces/srv/humancoordinatespcd__type_support.cpp.o[0m
[1.993s] [ 19%] [32mBuilding CXX object CMakeFiles/myinterfaces__rosidl_typesupport_cpp.dir/rosidl_typesupport_cpp/myinterfaces/srv/tag__type_support.cpp.o[0m
[1.994s] [ 21%] [32mBuilding CXX object CMakeFiles/myinterfaces__rosidl_typesupport_cpp.dir/rosidl_typesupport_cpp/myinterfaces/msg/state__type_support.cpp.o[0m
[1.995s] [ 22%] [32mBuilding CXX object CMakeFiles/myinterfaces__rosidl_typesupport_cpp.dir/rosidl_typesupport_cpp/myinterfaces/srv/humancoordinates__type_support.cpp.o[0m
[1.998s] [ 23%] [32mBuilding CXX object CMakeFiles/myinterfaces__rosidl_typesupport_cpp.dir/rosidl_typesupport_cpp/myinterfaces/srv/action__type_support.cpp.o[0m
[2.003s] [35m[1mConsolidate compiler generated dependencies of target myinterfaces__rosidl_typesupport_introspection_cpp[0m
[2.028s] [ 25%] [32mBuilding CXX object CMakeFiles/myinterfaces__rosidl_typesupport_introspection_cpp.dir/rosidl_typesupport_introspection_cpp/myinterfaces/srv/detail/humancoordinatespcd__type_support.cpp.o[0m
[2.028s] [ 28%] [32mBuilding CXX object CMakeFiles/myinterfaces__rosidl_typesupport_introspection_cpp.dir/rosidl_typesupport_introspection_cpp/myinterfaces/srv/detail/action__type_support.cpp.o[0m
[2.028s] [ 28%] [32mBuilding CXX object CMakeFiles/myinterfaces__rosidl_typesupport_introspection_cpp.dir/rosidl_typesupport_introspection_cpp/myinterfaces/msg/detail/detect_coordinates__type_support.cpp.o[0m
[2.029s] [ 29%] [32mBuilding CXX object CMakeFiles/myinterfaces__rosidl_typesupport_introspection_cpp.dir/rosidl_typesupport_introspection_cpp/myinterfaces/msg/detail/state__type_support.cpp.o[0m
[2.029s] [ 32%] [32mBuilding CXX object CMakeFiles/myinterfaces__rosidl_typesupport_introspection_cpp.dir/rosidl_typesupport_introspection_cpp/myinterfaces/srv/detail/tag__type_support.cpp.o[0m
[2.031s] [ 32%] [32mBuilding CXX object CMakeFiles/myinterfaces__rosidl_typesupport_introspection_cpp.dir/rosidl_typesupport_introspection_cpp/myinterfaces/srv/detail/humancoordinates__type_support.cpp.o[0m
[2.068s] In file included from [01m[K/home/robot/human_ws/build/myinterfaces/rosidl_typesupport_cpp/myinterfaces/srv/tag__type_support.cpp:7[m[K:
[2.068s] [01m[K/home/robot/human_ws/build/myinterfaces/rosidl_generator_cpp/myinterfaces/srv/detail/tag__struct.hpp:21:10:[m[K [01;31m[Kfatal error: [m[Kmyinterfaces/msg/detail/int16__struct.hpp: No such file or directory
[2.068s]    21 | #include [01;31m[K"myinterfaces/msg/detail/int16__struct.hpp"[m[K
[2.068s]       |          [01;31m[K^~~~~~~~~~~~~~~~~~~~~~~~~~~~~~~~~~~~~~~~~~~[m[K
[2.068s] compilation terminated.
[2.069s] gmake[2]: *** [CMakeFiles/myinterfaces__rosidl_typesupport_cpp.dir/build.make:252: CMakeFiles/myinterfaces__rosidl_typesupport_cpp.dir/rosidl_typesupport_cpp/myinterfaces/srv/tag__type_support.cpp.o] Error 1
[2.070s] gmake[2]: *** Waiting for unfinished jobs....
[2.085s] [35m[1mConsolidate compiler generated dependencies of target myinterfaces__rosidl_typesupport_fastrtps_cpp[0m
[2.105s] In file included from [01m[K/home/robot/human_ws/build/myinterfaces/rosidl_typesupport_introspection_cpp/myinterfaces/srv/detail/tag__type_support.cpp:12[m[K:
[2.105s] [01m[K/home/robot/human_ws/build/myinterfaces/rosidl_generator_cpp/myinterfaces/srv/detail/tag__struct.hpp:21:10:[m[K [01;31m[Kfatal error: [m[Kmyinterfaces/msg/detail/int16__struct.hpp: No such file or directory
[2.105s]    21 | #include [01;31m[K"myinterfaces/msg/detail/int16__struct.hpp"[m[K
[2.105s]       |          [01;31m[K^~~~~~~~~~~~~~~~~~~~~~~~~~~~~~~~~~~~~~~~~~~[m[K
[2.105s] compilation terminated.
[2.110s] gmake[2]: *** [CMakeFiles/myinterfaces__rosidl_typesupport_introspection_cpp.dir/build.make:272: CMakeFiles/myinterfaces__rosidl_typesupport_introspection_cpp.dir/rosidl_typesupport_introspection_cpp/myinterfaces/srv/detail/tag__type_support.cpp.o] Error 1
[2.111s] gmake[2]: *** Waiting for unfinished jobs....
[2.112s] [ 35%] [32mBuilding CXX object CMakeFiles/myinterfaces__rosidl_typesupport_fastrtps_cpp.dir/rosidl_typesupport_fastrtps_cpp/myinterfaces/srv/detail/dds_fastrtps/tag__type_support.cpp.o[0m
[2.112s] [ 36%] [32mBuilding CXX object CMakeFiles/myinterfaces__rosidl_typesupport_fastrtps_cpp.dir/rosidl_typesupport_fastrtps_cpp/myinterfaces/srv/detail/dds_fastrtps/humancoordinatespcd__type_support.cpp.o[0m
[2.115s] [ 36%] [32mBuilding CXX object CMakeFiles/myinterfaces__rosidl_typesupport_fastrtps_cpp.dir/rosidl_typesupport_fastrtps_cpp/myinterfaces/msg/detail/dds_fastrtps/detect_coordinates__type_support.cpp.o[0m
[2.115s] [ 39%] [32mBuilding CXX object CMakeFiles/myinterfaces__rosidl_typesupport_fastrtps_cpp.dir/rosidl_typesupport_fastrtps_cpp/myinterfaces/msg/detail/dds_fastrtps/state__type_support.cpp.o[0m
[2.115s] [ 39%] [32mBuilding CXX object CMakeFiles/myinterfaces__rosidl_typesupport_fastrtps_cpp.dir/rosidl_typesupport_fastrtps_cpp/myinterfaces/srv/detail/dds_fastrtps/humancoordinates__type_support.cpp.o[0m
[2.121s] [ 40%] [32mBuilding CXX object CMakeFiles/myinterfaces__rosidl_typesupport_fastrtps_cpp.dir/rosidl_typesupport_fastrtps_cpp/myinterfaces/srv/detail/dds_fastrtps/action__type_support.cpp.o[0m
[2.227s] In file included from [01m[K/home/robot/human_ws/build/myinterfaces/rosidl_typesupport_fastrtps_cpp/myinterfaces/srv/detail/tag__rosidl_typesupport_fastrtps_cpp.hpp:11[m[K,
[2.227s]                  from [01m[K/home/robot/human_ws/build/myinterfaces/rosidl_typesupport_fastrtps_cpp/myinterfaces/srv/detail/dds_fastrtps/tag__type_support.cpp:4[m[K:
[2.228s] [01m[K/home/robot/human_ws/build/myinterfaces/rosidl_generator_cpp/myinterfaces/srv/detail/tag__struct.hpp:21:10:[m[K [01;31m[Kfatal error: [m[Kmyinterfaces/msg/detail/int16__struct.hpp: No such file or directory
[2.228s]    21 | #include [01;31m[K"myinterfaces/msg/detail/int16__struct.hpp"[m[K
[2.228s]       |          [01;31m[K^~~~~~~~~~~~~~~~~~~~~~~~~~~~~~~~~~~~~~~~~~~[m[K
[2.228s] compilation terminated.
[2.232s] gmake[2]: *** [CMakeFiles/myinterfaces__rosidl_typesupport_fastrtps_cpp.dir/build.make:272: CMakeFiles/myinterfaces__rosidl_typesupport_fastrtps_cpp.dir/rosidl_typesupport_fastrtps_cpp/myinterfaces/srv/detail/dds_fastrtps/tag__type_support.cpp.o] Error 1
[2.232s] gmake[2]: *** Waiting for unfinished jobs....
[2.434s] gmake[1]: *** [CMakeFiles/Makefile2:395: CMakeFiles/myinterfaces__rosidl_typesupport_cpp.dir/all] Error 2
[2.709s] gmake[1]: *** [CMakeFiles/Makefile2:369: CMakeFiles/myinterfaces__rosidl_typesupport_introspection_cpp.dir/all] Error 2
[2.737s] gmake[1]: *** [CMakeFiles/Makefile2:343: CMakeFiles/myinterfaces__rosidl_typesupport_fastrtps_cpp.dir/all] Error 2
[2.737s] gmake: *** [Makefile:146: all] Error 2
[2.739s] Invoked command in '/home/robot/human_ws/build/myinterfaces' returned '2': CMAKE_PREFIX_PATH=${CMAKE_PREFIX_PATH}:/home/robot/human_ws/install/rotate:/home/robot/human_ws/install/locomotion:/home/robot/human_ws/install/human:/home/robot/human_ws/install/manager:/home/robot/human_ws/install/listen:/home/robot/human_ws/install/image:/home/robot/human_ws/install/follow:/home/robot/human_ws/install/apriltag_detection:/home/robot/human_ws/install/action_server:/home/robot/robot_controller_release/ros2_packages/object_detect_track_node_py:/opt/ros/humble /usr/bin/cmake --build /home/robot/human_ws/build/myinterfaces -- -j16 -l16
