[0.697s] Invoking command in '/home/robot/human_ws/src/follow': PYTHONPATH=/home/robot/human_ws/build/follow/prefix_override:/usr/lib/python3/dist-packages/colcon_core/task/python/colcon_distutils_commands:/home/robot/human_ws/install/follow/lib/python3.10/site-packages:${PYTHONPATH} /usr/bin/python3 -W ignore:setup.py install is deprecated setup.py egg_info --egg-base ../../build/follow build --build-base /home/robot/human_ws/build/follow/build install --record /home/robot/human_ws/build/follow/install.log --single-version-externally-managed install_data
[0.929s] running egg_info
[0.929s] writing ../../build/follow/follow.egg-info/PKG-INFO
[0.930s] writing dependency_links to ../../build/follow/follow.egg-info/dependency_links.txt
[0.930s] writing entry points to ../../build/follow/follow.egg-info/entry_points.txt
[0.930s] writing requirements to ../../build/follow/follow.egg-info/requires.txt
[0.930s] writing top-level names to ../../build/follow/follow.egg-info/top_level.txt
[0.932s] reading manifest file '../../build/follow/follow.egg-info/SOURCES.txt'
[0.932s] writing manifest file '../../build/follow/follow.egg-info/SOURCES.txt'
[0.932s] running build
[0.932s] running build_py
[0.932s] copying follow/head_server.py -> /home/robot/human_ws/build/follow/build/lib/follow
[0.933s] running install
[0.933s] running install_lib
[0.934s] copying /home/robot/human_ws/build/follow/build/lib/follow/head_server.py -> /home/robot/human_ws/install/follow/lib/python3.10/site-packages/follow
[0.934s] byte-compiling /home/robot/human_ws/install/follow/lib/python3.10/site-packages/follow/head_server.py to head_server.cpython-310.pyc
[0.935s] running install_data
[0.935s] running install_egg_info
[0.936s] removing '/home/robot/human_ws/install/follow/lib/python3.10/site-packages/follow-0.0.0-py3.10.egg-info' (and everything under it)
[0.936s] Copying ../../build/follow/follow.egg-info to /home/robot/human_ws/install/follow/lib/python3.10/site-packages/follow-0.0.0-py3.10.egg-info
[0.937s] running install_scripts
[0.952s] Installing camerainfo script to /home/robot/human_ws/install/follow/lib/follow
[0.952s] Installing head_client script to /home/robot/human_ws/install/follow/lib/follow
[0.952s] Installing robot_head_controller script to /home/robot/human_ws/install/follow/lib/follow
[0.952s] Installing rotate_human_node script to /home/robot/human_ws/install/follow/lib/follow
[0.952s] Installing tag_server script to /home/robot/human_ws/install/follow/lib/follow
[0.952s] writing list of installed files to '/home/robot/human_ws/build/follow/install.log'
[0.973s] Invoked command in '/home/robot/human_ws/src/follow' returned '0': PYTHONPATH=/home/robot/human_ws/build/follow/prefix_override:/usr/lib/python3/dist-packages/colcon_core/task/python/colcon_distutils_commands:/home/robot/human_ws/install/follow/lib/python3.10/site-packages:${PYTHONPATH} /usr/bin/python3 -W ignore:setup.py install is deprecated setup.py egg_info --egg-base ../../build/follow build --build-base /home/robot/human_ws/build/follow/build install --record /home/robot/human_ws/build/follow/install.log --single-version-externally-managed install_data
