[1.514s] Invoking command in '/home/robot/human_ws/src/follow': PYTHONPATH=/home/robot/human_ws/build/follow/prefix_override:/usr/lib/python3/dist-packages/colcon_core/task/python/colcon_distutils_commands:/home/robot/human_ws/install/follow/lib/python3.10/site-packages:${PYTHONPATH} /usr/bin/python3 -W ignore:setup.py install is deprecated setup.py egg_info --egg-base ../../build/follow build --build-base /home/robot/human_ws/build/follow/build install --record /home/robot/human_ws/build/follow/install.log --single-version-externally-managed install_data
[1.966s] running egg_info
[1.971s] writing ../../build/follow/follow.egg-info/PKG-INFO
[1.972s] writing dependency_links to ../../build/follow/follow.egg-info/dependency_links.txt
[1.972s] writing entry points to ../../build/follow/follow.egg-info/entry_points.txt
[1.972s] writing requirements to ../../build/follow/follow.egg-info/requires.txt
[1.972s] writing top-level names to ../../build/follow/follow.egg-info/top_level.txt
[1.976s] reading manifest file '../../build/follow/follow.egg-info/SOURCES.txt'
[1.979s] writing manifest file '../../build/follow/follow.egg-info/SOURCES.txt'
[1.979s] running build
[1.980s] running build_py
[1.980s] copying follow/follower.py -> /home/robot/human_ws/build/follow/build/lib/follow
[1.980s] running install
[1.980s] running install_lib
[1.980s] copying /home/robot/human_ws/build/follow/build/lib/follow/follower.py -> /home/robot/human_ws/install/follow/lib/python3.10/site-packages/follow
[1.980s] byte-compiling /home/robot/human_ws/install/follow/lib/python3.10/site-packages/follow/follower.py to follower.cpython-310.pyc
[1.984s] running install_data
[1.989s] running install_egg_info
[1.995s] removing '/home/robot/human_ws/install/follow/lib/python3.10/site-packages/follow-0.0.0-py3.10.egg-info' (and everything under it)
[1.995s] Copying ../../build/follow/follow.egg-info to /home/robot/human_ws/install/follow/lib/python3.10/site-packages/follow-0.0.0-py3.10.egg-info
[1.996s] running install_scripts
[2.025s] Installing follower script to /home/robot/human_ws/install/follow/lib/follow
[2.025s] Installing test_publisher script to /home/robot/human_ws/install/follow/lib/follow
[2.026s] writing list of installed files to '/home/robot/human_ws/build/follow/install.log'
[2.081s] Invoked command in '/home/robot/human_ws/src/follow' returned '0': PYTHONPATH=/home/robot/human_ws/build/follow/prefix_override:/usr/lib/python3/dist-packages/colcon_core/task/python/colcon_distutils_commands:/home/robot/human_ws/install/follow/lib/python3.10/site-packages:${PYTHONPATH} /usr/bin/python3 -W ignore:setup.py install is deprecated setup.py egg_info --egg-base ../../build/follow build --build-base /home/robot/human_ws/build/follow/build install --record /home/robot/human_ws/build/follow/install.log --single-version-externally-managed install_data
