[0.676s] Invoking command in '/home/robot/human_ws/src/follow': PYTHONPATH=/home/robot/human_ws/build/follow/prefix_override:/usr/lib/python3/dist-packages/colcon_core/task/python/colcon_distutils_commands:/home/robot/human_ws/install/follow/lib/python3.10/site-packages:${PYTHONPATH} /usr/bin/python3 -W ignore:setup.py install is deprecated setup.py egg_info --egg-base ../../build/follow build --build-base /home/robot/human_ws/build/follow/build install --record /home/robot/human_ws/build/follow/install.log --single-version-externally-managed install_data
[0.902s] running egg_info
[0.902s] writing ../../build/follow/follow.egg-info/PKG-INFO
[0.902s] writing dependency_links to ../../build/follow/follow.egg-info/dependency_links.txt
[0.902s] writing entry points to ../../build/follow/follow.egg-info/entry_points.txt
[0.903s] writing requirements to ../../build/follow/follow.egg-info/requires.txt
[0.903s] writing top-level names to ../../build/follow/follow.egg-info/top_level.txt
[0.904s] reading manifest file '../../build/follow/follow.egg-info/SOURCES.txt'
[0.905s] writing manifest file '../../build/follow/follow.egg-info/SOURCES.txt'
[0.905s] running build
[0.905s] running build_py
[0.905s] copying follow/follow_tag_static.py -> /home/robot/human_ws/build/follow/build/lib/follow
[0.905s] running install
[0.905s] running install_lib
[0.906s] copying /home/robot/human_ws/build/follow/build/lib/follow/follow_tag_static.py -> /home/robot/human_ws/install/follow/lib/python3.10/site-packages/follow
[0.906s] byte-compiling /home/robot/human_ws/install/follow/lib/python3.10/site-packages/follow/follow_tag_static.py to follow_tag_static.cpython-310.pyc
[0.907s] running install_data
[0.907s] running install_egg_info
[0.909s] removing '/home/robot/human_ws/install/follow/lib/python3.10/site-packages/follow-0.0.0-py3.10.egg-info' (and everything under it)
[0.909s] Copying ../../build/follow/follow.egg-info to /home/robot/human_ws/install/follow/lib/python3.10/site-packages/follow-0.0.0-py3.10.egg-info
[0.909s] running install_scripts
[0.924s] Installing camerainfo script to /home/robot/human_ws/install/follow/lib/follow
[0.925s] Installing follower script to /home/robot/human_ws/install/follow/lib/follow
[0.925s] Installing joy_publisher script to /home/robot/human_ws/install/follow/lib/follow
[0.925s] Installing tag_follower script to /home/robot/human_ws/install/follow/lib/follow
[0.925s] Installing tag_follower_static script to /home/robot/human_ws/install/follow/lib/follow
[0.925s] Installing test_publisher script to /home/robot/human_ws/install/follow/lib/follow
[0.925s] writing list of installed files to '/home/robot/human_ws/build/follow/install.log'
[0.951s] Invoked command in '/home/robot/human_ws/src/follow' returned '0': PYTHONPATH=/home/robot/human_ws/build/follow/prefix_override:/usr/lib/python3/dist-packages/colcon_core/task/python/colcon_distutils_commands:/home/robot/human_ws/install/follow/lib/python3.10/site-packages:${PYTHONPATH} /usr/bin/python3 -W ignore:setup.py install is deprecated setup.py egg_info --egg-base ../../build/follow build --build-base /home/robot/human_ws/build/follow/build install --record /home/robot/human_ws/build/follow/install.log --single-version-externally-managed install_data
