[0.840s] Invoking command in '/home/robot/human_ws/src/listen': PYTHONPATH=/home/robot/human_ws/build/listen/prefix_override:/usr/lib/python3/dist-packages/colcon_core/task/python/colcon_distutils_commands:/home/robot/human_ws/install/listen/lib/python3.10/site-packages:${PYTHONPATH} /usr/bin/python3 -W ignore:setup.py install is deprecated setup.py egg_info --egg-base ../../build/listen build --build-base /home/robot/human_ws/build/listen/build install --record /home/robot/human_ws/build/listen/install.log --single-version-externally-managed install_data
[1.068s] running egg_info
[1.068s] writing ../../build/listen/listen.egg-info/PKG-INFO
[1.068s] writing dependency_links to ../../build/listen/listen.egg-info/dependency_links.txt
[1.068s] writing entry points to ../../build/listen/listen.egg-info/entry_points.txt
[1.068s] writing requirements to ../../build/listen/listen.egg-info/requires.txt
[1.068s] writing top-level names to ../../build/listen/listen.egg-info/top_level.txt
[1.069s] reading manifest file '../../build/listen/listen.egg-info/SOURCES.txt'
[1.071s] writing manifest file '../../build/listen/listen.egg-info/SOURCES.txt'
[1.071s] running build
[1.071s] running build_py
[1.071s] copying listen/listen.py -> /home/robot/human_ws/build/listen/build/lib/listen
[1.071s] running install
[1.071s] running install_lib
[1.072s] copying /home/robot/human_ws/build/listen/build/lib/listen/listen.py -> /home/robot/human_ws/install/listen/lib/python3.10/site-packages/listen
[1.073s] byte-compiling /home/robot/human_ws/install/listen/lib/python3.10/site-packages/listen/listen.py to listen.cpython-310.pyc
[1.074s] running install_data
[1.074s] running install_egg_info
[1.076s] removing '/home/robot/human_ws/install/listen/lib/python3.10/site-packages/listen-0.0.0-py3.10.egg-info' (and everything under it)
[1.076s] Copying ../../build/listen/listen.egg-info to /home/robot/human_ws/install/listen/lib/python3.10/site-packages/listen-0.0.0-py3.10.egg-info
[1.078s] running install_scripts
[1.092s] Installing listen_node script to /home/robot/human_ws/install/listen/lib/listen
[1.092s] writing list of installed files to '/home/robot/human_ws/build/listen/install.log'
[1.118s] Invoked command in '/home/robot/human_ws/src/listen' returned '0': PYTHONPATH=/home/robot/human_ws/build/listen/prefix_override:/usr/lib/python3/dist-packages/colcon_core/task/python/colcon_distutils_commands:/home/robot/human_ws/install/listen/lib/python3.10/site-packages:${PYTHONPATH} /usr/bin/python3 -W ignore:setup.py install is deprecated setup.py egg_info --egg-base ../../build/listen build --build-base /home/robot/human_ws/build/listen/build install --record /home/robot/human_ws/build/listen/install.log --single-version-externally-managed install_data
