[1.537s] Invoking command in '/home/robot/human_ws/src/locomotion': PYTHONPATH=/home/robot/human_ws/build/locomotion/prefix_override:/usr/lib/python3/dist-packages/colcon_core/task/python/colcon_distutils_commands:/home/robot/human_ws/install/locomotion/lib/python3.10/site-packages:${PYTHONPATH} /usr/bin/python3 -W ignore:setup.py install is deprecated setup.py egg_info --egg-base ../../build/locomotion build --build-base /home/robot/human_ws/build/locomotion/build install --record /home/robot/human_ws/build/locomotion/install.log --single-version-externally-managed install_data
[2.048s] running egg_info
[2.049s] writing ../../build/locomotion/locomotion.egg-info/PKG-INFO
[2.049s] writing dependency_links to ../../build/locomotion/locomotion.egg-info/dependency_links.txt
[2.049s] writing entry points to ../../build/locomotion/locomotion.egg-info/entry_points.txt
[2.050s] writing requirements to ../../build/locomotion/locomotion.egg-info/requires.txt
[2.050s] writing top-level names to ../../build/locomotion/locomotion.egg-info/top_level.txt
[2.053s] reading manifest file '../../build/locomotion/locomotion.egg-info/SOURCES.txt'
[2.054s] writing manifest file '../../build/locomotion/locomotion.egg-info/SOURCES.txt'
[2.054s] running build
[2.054s] running build_py
[2.055s] copying locomotion/locomotion.py -> /home/robot/human_ws/build/locomotion/build/lib/locomotion
[2.055s] running install
[2.055s] running install_lib
[2.057s] copying /home/robot/human_ws/build/locomotion/build/lib/locomotion/locomotion.py -> /home/robot/human_ws/install/locomotion/lib/python3.10/site-packages/locomotion
[2.058s] byte-compiling /home/robot/human_ws/install/locomotion/lib/python3.10/site-packages/locomotion/locomotion.py to locomotion.cpython-310.pyc
[2.060s] running install_data
[2.060s] running install_egg_info
[2.064s] removing '/home/robot/human_ws/install/locomotion/lib/python3.10/site-packages/locomotion-0.0.0-py3.10.egg-info' (and everything under it)
[2.065s] Copying ../../build/locomotion/locomotion.egg-info to /home/robot/human_ws/install/locomotion/lib/python3.10/site-packages/locomotion-0.0.0-py3.10.egg-info
[2.067s] running install_scripts
[2.101s] Installing locomotion script to /home/robot/human_ws/install/locomotion/lib/locomotion
[2.102s] writing list of installed files to '/home/robot/human_ws/build/locomotion/install.log'
[2.155s] Invoked command in '/home/robot/human_ws/src/locomotion' returned '0': PYTHONPATH=/home/robot/human_ws/build/locomotion/prefix_override:/usr/lib/python3/dist-packages/colcon_core/task/python/colcon_distutils_commands:/home/robot/human_ws/install/locomotion/lib/python3.10/site-packages:${PYTHONPATH} /usr/bin/python3 -W ignore:setup.py install is deprecated setup.py egg_info --egg-base ../../build/locomotion build --build-base /home/robot/human_ws/build/locomotion/build install --record /home/robot/human_ws/build/locomotion/install.log --single-version-externally-managed install_data
