[0.007s] Invoking command in '/home/robot/human_ws/build/myinterfaces': CMAKE_PREFIX_PATH=${CMAKE_PREFIX_PATH}:/home/robot/human_ws/install/human:/opt/ros/humble /usr/bin/cmake /home/robot/human_ws/src/myinterfaces -DCMAKE_INSTALL_PREFIX=/home/robot/human_ws/install/myinterfaces
[0.167s] -- The C compiler identification is GNU 11.4.0
[0.315s] -- The CXX compiler identification is GNU 11.4.0
[0.322s] -- Detecting C compiler ABI info
[0.422s] -- Detecting C compiler ABI info - done
[0.430s] -- Check for working C compiler: /usr/bin/cc - skipped
[0.432s] -- Detecting C compile features
[0.432s] -- Detecting C compile features - done
[0.435s] -- Detecting CXX compiler ABI info
[0.548s] -- Detecting CXX compiler ABI info - done
[0.553s] -- Check for working CXX compiler: /usr/bin/c++ - skipped
[0.553s] -- Detecting CXX compile features
[0.553s] -- Detecting CXX compile features - done
[0.555s] -- Found ament_cmake: 1.3.10 (/opt/ros/humble/share/ament_cmake/cmake)
[0.687s] -- Found Python3: /usr/bin/python3 (found version "3.10.12") found components: Interpreter 
[0.759s] -- Found rosidl_default_generators: 1.2.0 (/opt/ros/humble/share/rosidl_default_generators/cmake)
[0.767s] -- Using all available rosidl_typesupport_c: rosidl_typesupport_fastrtps_c;rosidl_typesupport_introspection_c
[0.778s] -- Found rosidl_adapter: 3.1.5 (/opt/ros/humble/share/rosidl_adapter/cmake)
[0.830s] -- Using all available rosidl_typesupport_cpp: rosidl_typesupport_fastrtps_cpp;rosidl_typesupport_introspection_cpp
[0.858s] -- Found geometry_msgs: 4.2.4 (/opt/ros/humble/share/geometry_msgs/cmake)
[0.892s] -- Found sensor_msgs: 4.2.4 (/opt/ros/humble/share/sensor_msgs/cmake)
[1.149s] -- Found ament_cmake_ros: 0.10.0 (/opt/ros/humble/share/ament_cmake_ros/cmake)
[1.387s] -- Using all available rosidl_typesupport_c: rosidl_typesupport_fastrtps_c;rosidl_typesupport_introspection_c
[1.686s] -- Using all available rosidl_typesupport_cpp: rosidl_typesupport_fastrtps_cpp;rosidl_typesupport_introspection_cpp
[1.706s] -- Found PythonInterp: /usr/bin/python3 (found suitable version "3.10.12", minimum required is "3.6") 
[1.707s] -- Found python_cmake_module: 0.10.0 (/opt/ros/humble/share/python_cmake_module/cmake)
[1.732s] -- Found PythonLibs: /usr/lib/x86_64-linux-gnu/libpython3.10.so (found suitable version "3.10.12", minimum required is "3.5") 
[1.733s] -- Using PYTHON_EXECUTABLE: /usr/bin/python3
[1.733s] -- Using PYTHON_INCLUDE_DIRS: /usr/include/python3.10
[1.733s] -- Using PYTHON_LIBRARIES: /usr/lib/x86_64-linux-gnu/libpython3.10.so
[1.749s] -- Found PythonExtra: .so  
[1.798s] -- Found ament_lint_auto: 0.12.11 (/opt/ros/humble/share/ament_lint_auto/cmake)
[1.817s] -- Added test 'lint_cmake' to check CMake code style
[1.819s] -- Added test 'xmllint' to check XML markup files
[1.821s] -- Configuring done
[1.844s] -- Generating done
[1.846s] -- Build files have been written to: /home/robot/human_ws/build/myinterfaces
[1.854s] Invoked command in '/home/robot/human_ws/build/myinterfaces' returned '0': CMAKE_PREFIX_PATH=${CMAKE_PREFIX_PATH}:/home/robot/human_ws/install/human:/opt/ros/humble /usr/bin/cmake /home/robot/human_ws/src/myinterfaces -DCMAKE_INSTALL_PREFIX=/home/robot/human_ws/install/myinterfaces
[1.854s] Invoking command in '/home/robot/human_ws/build/myinterfaces': CMAKE_PREFIX_PATH=${CMAKE_PREFIX_PATH}:/home/robot/human_ws/install/human:/opt/ros/humble /usr/bin/cmake --build /home/robot/human_ws/build/myinterfaces -- -j16 -l16
[1.901s] [  2%] [34m[1mGenerating C code for ROS interfaces[0m
[1.915s] [  5%] [34m[1mGenerating C++ code for ROS interfaces[0m
[1.921s] [  5%] Built target ament_cmake_python_copy_myinterfaces
[2.109s] running egg_info
[2.109s] creating myinterfaces.egg-info
[2.109s] writing myinterfaces.egg-info/PKG-INFO
[2.109s] writing dependency_links to myinterfaces.egg-info/dependency_links.txt
[2.109s] writing top-level names to myinterfaces.egg-info/top_level.txt
[2.110s] writing manifest file 'myinterfaces.egg-info/SOURCES.txt'
[2.111s] reading manifest file 'myinterfaces.egg-info/SOURCES.txt'
[2.111s] writing manifest file 'myinterfaces.egg-info/SOURCES.txt'
[2.138s] [  5%] Built target ament_cmake_python_build_myinterfaces_egg
[2.158s] [  7%] [32mBuilding C object CMakeFiles/myinterfaces__rosidl_generator_c.dir/rosidl_generator_c/myinterfaces/srv/detail/humancoordinatespcd__functions.c.o[0m
[2.161s] [ 10%] [32mBuilding C object CMakeFiles/myinterfaces__rosidl_generator_c.dir/rosidl_generator_c/myinterfaces/srv/detail/humancoordinates__functions.c.o[0m
[2.168s] [ 10%] Built target myinterfaces__cpp
[2.177s] [ 12%] [34m[1mGenerating C++ introspection for ROS interfaces[0m
[2.179s] [ 15%] [34m[1mGenerating C++ type support dispatch for ROS interfaces[0m
[2.179s] [ 17%] [34m[1mGenerating C++ type support for eProsima Fast-RTPS[0m
[2.256s] [ 20%] [32m[1mLinking C shared library libmyinterfaces__rosidl_generator_c.so[0m
[2.305s] [ 20%] Built target myinterfaces__rosidl_generator_c
[2.316s] [ 23%] [34m[1mGenerating C type support dispatch for ROS interfaces[0m
[2.318s] [ 28%] [34m[1mGenerating C type support for eProsima Fast-RTPS[0m
[2.318s] [ 28%] [34m[1mGenerating C introspection for ROS interfaces[0m
[2.384s] [ 33%] [32mBuilding CXX object CMakeFiles/myinterfaces__rosidl_typesupport_cpp.dir/rosidl_typesupport_cpp/myinterfaces/srv/humancoordinates__type_support.cpp.o[0m
[2.384s] [ 33%] [32mBuilding CXX object CMakeFiles/myinterfaces__rosidl_typesupport_cpp.dir/rosidl_typesupport_cpp/myinterfaces/srv/humancoordinatespcd__type_support.cpp.o[0m
[2.400s] [ 35%] [32mBuilding CXX object CMakeFiles/myinterfaces__rosidl_typesupport_introspection_cpp.dir/rosidl_typesupport_introspection_cpp/myinterfaces/srv/detail/humancoordinatespcd__type_support.cpp.o[0m
[2.403s] [ 38%] [32mBuilding CXX object CMakeFiles/myinterfaces__rosidl_typesupport_introspection_cpp.dir/rosidl_typesupport_introspection_cpp/myinterfaces/srv/detail/humancoordinates__type_support.cpp.o[0m
[2.420s] [ 41%] [32mBuilding CXX object CMakeFiles/myinterfaces__rosidl_typesupport_fastrtps_cpp.dir/rosidl_typesupport_fastrtps_cpp/myinterfaces/srv/detail/dds_fastrtps/humancoordinatespcd__type_support.cpp.o[0m
[2.423s] [ 43%] [32mBuilding CXX object CMakeFiles/myinterfaces__rosidl_typesupport_fastrtps_cpp.dir/rosidl_typesupport_fastrtps_cpp/myinterfaces/srv/detail/dds_fastrtps/humancoordinates__type_support.cpp.o[0m
[2.541s] [ 46%] [32mBuilding CXX object CMakeFiles/myinterfaces__rosidl_typesupport_c.dir/rosidl_typesupport_c/myinterfaces/srv/humancoordinates__type_support.cpp.o[0m
[2.546s] [ 48%] [32mBuilding CXX object CMakeFiles/myinterfaces__rosidl_typesupport_c.dir/rosidl_typesupport_c/myinterfaces/srv/humancoordinatespcd__type_support.cpp.o[0m
[2.585s] [ 51%] [32m[1mLinking CXX shared library libmyinterfaces__rosidl_typesupport_c.so[0m
[2.630s] [ 51%] Built target myinterfaces__rosidl_typesupport_c
[2.648s] [ 53%] [32mBuilding CXX object CMakeFiles/myinterfaces__rosidl_typesupport_fastrtps_c.dir/rosidl_typesupport_fastrtps_c/myinterfaces/srv/detail/humancoordinatespcd__type_support_c.cpp.o[0m
[2.650s] [ 56%] [32mBuilding CXX object CMakeFiles/myinterfaces__rosidl_typesupport_fastrtps_c.dir/rosidl_typesupport_fastrtps_c/myinterfaces/srv/detail/humancoordinates__type_support_c.cpp.o[0m
[2.759s] [ 58%] [32mBuilding C object CMakeFiles/myinterfaces__rosidl_typesupport_introspection_c.dir/rosidl_typesupport_introspection_c/myinterfaces/srv/detail/humancoordinatespcd__type_support.c.o[0m
[2.763s] [ 61%] [32mBuilding C object CMakeFiles/myinterfaces__rosidl_typesupport_introspection_c.dir/rosidl_typesupport_introspection_c/myinterfaces/srv/detail/humancoordinates__type_support.c.o[0m
[2.776s] [ 64%] [32m[1mLinking CXX shared library libmyinterfaces__rosidl_typesupport_cpp.so[0m
[2.789s] [ 66%] [32m[1mLinking CXX shared library libmyinterfaces__rosidl_typesupport_introspection_cpp.so[0m
[2.816s] [ 69%] [32m[1mLinking C shared library libmyinterfaces__rosidl_typesupport_introspection_c.so[0m
[2.834s] [ 69%] Built target myinterfaces__rosidl_typesupport_cpp
[2.860s] [ 69%] Built target myinterfaces__rosidl_typesupport_introspection_c
[2.880s] [ 69%] Built target myinterfaces__rosidl_typesupport_introspection_cpp
[2.943s] [ 71%] [32m[1mLinking CXX shared library libmyinterfaces__rosidl_typesupport_fastrtps_c.so[0m
[2.945s] [ 74%] [32m[1mLinking CXX shared library libmyinterfaces__rosidl_typesupport_fastrtps_cpp.so[0m
[3.021s] [ 74%] Built target myinterfaces__rosidl_typesupport_fastrtps_c
[3.021s] [ 74%] Built target myinterfaces__rosidl_typesupport_fastrtps_cpp
[3.047s] [ 74%] Built target myinterfaces
[3.078s] [ 76%] [34m[1mGenerating Python code for ROS interfaces[0m
[3.411s] [ 76%] Built target myinterfaces__py
[3.434s] [ 79%] [32mBuilding C object CMakeFiles/myinterfaces__rosidl_generator_py.dir/rosidl_generator_py/myinterfaces/srv/_humancoordinates_s.c.o[0m
[3.437s] [ 82%] [32mBuilding C object CMakeFiles/myinterfaces__rosidl_generator_py.dir/rosidl_generator_py/myinterfaces/srv/_humancoordinatespcd_s.c.o[0m
[3.534s] [ 84%] [32m[1mLinking C shared library rosidl_generator_py/myinterfaces/libmyinterfaces__rosidl_generator_py.so[0m
[3.573s] [ 84%] Built target myinterfaces__rosidl_generator_py
[3.600s] [ 87%] [32mBuilding C object CMakeFiles/myinterfaces__rosidl_typesupport_fastrtps_c__pyext.dir/rosidl_generator_py/myinterfaces/_myinterfaces_s.ep.rosidl_typesupport_fastrtps_c.c.o[0m
[3.600s] [ 89%] [32mBuilding C object CMakeFiles/myinterfaces__rosidl_typesupport_introspection_c__pyext.dir/rosidl_generator_py/myinterfaces/_myinterfaces_s.ep.rosidl_typesupport_introspection_c.c.o[0m
[3.600s] [ 92%] [32mBuilding C object CMakeFiles/myinterfaces__rosidl_typesupport_c__pyext.dir/rosidl_generator_py/myinterfaces/_myinterfaces_s.ep.rosidl_typesupport_c.c.o[0m
[3.683s] [100%] [32m[1mLinking C shared library rosidl_generator_py/myinterfaces/myinterfaces_s__rosidl_typesupport_c.cpython-310-x86_64-linux-gnu.so[0m
[3.683s] [100%] [32m[1mLinking C shared library rosidl_generator_py/myinterfaces/myinterfaces_s__rosidl_typesupport_fastrtps_c.cpython-310-x86_64-linux-gnu.so[0m
[3.683s] [100%] [32m[1mLinking C shared library rosidl_generator_py/myinterfaces/myinterfaces_s__rosidl_typesupport_introspection_c.cpython-310-x86_64-linux-gnu.so[0m
[3.716s] [100%] Built target myinterfaces__rosidl_typesupport_fastrtps_c__pyext
[3.722s] [100%] Built target myinterfaces__rosidl_typesupport_introspection_c__pyext
[3.724s] [100%] Built target myinterfaces__rosidl_typesupport_c__pyext
[3.737s] Invoked command in '/home/robot/human_ws/build/myinterfaces' returned '0': CMAKE_PREFIX_PATH=${CMAKE_PREFIX_PATH}:/home/robot/human_ws/install/human:/opt/ros/humble /usr/bin/cmake --build /home/robot/human_ws/build/myinterfaces -- -j16 -l16
[3.829s] Invoking command in '/home/robot/human_ws/build/myinterfaces': CMAKE_PREFIX_PATH=${CMAKE_PREFIX_PATH}:/home/robot/human_ws/install/human:/opt/ros/humble /usr/bin/cmake --install /home/robot/human_ws/build/myinterfaces
[3.837s] -- Install configuration: ""
[3.837s] -- Installing: /home/robot/human_ws/install/myinterfaces/share/ament_index/resource_index/rosidl_interfaces/myinterfaces
[3.837s] -- Up-to-date: /home/robot/human_ws/install/myinterfaces/include/myinterfaces/myinterfaces
[3.837s] -- Up-to-date: /home/robot/human_ws/install/myinterfaces/include/myinterfaces/myinterfaces/srv
[3.837s] -- Up-to-date: /home/robot/human_ws/install/myinterfaces/include/myinterfaces/myinterfaces/srv/detail
[3.837s] -- Installing: /home/robot/human_ws/install/myinterfaces/include/myinterfaces/myinterfaces/srv/detail/humancoordinatespcd__functions.c
[3.837s] -- Installing: /home/robot/human_ws/install/myinterfaces/include/myinterfaces/myinterfaces/srv/detail/humancoordinatespcd__struct.h
[3.838s] -- Installing: /home/robot/human_ws/install/myinterfaces/include/myinterfaces/myinterfaces/srv/detail/humancoordinates__functions.h
[3.838s] -- Installing: /home/robot/human_ws/install/myinterfaces/include/myinterfaces/myinterfaces/srv/detail/humancoordinates__functions.c
[3.838s] -- Installing: /home/robot/human_ws/install/myinterfaces/include/myinterfaces/myinterfaces/srv/detail/humancoordinatespcd__type_support.h
[3.838s] -- Installing: /home/robot/human_ws/install/myinterfaces/include/myinterfaces/myinterfaces/srv/detail/humancoordinates__struct.h
[3.838s] -- Installing: /home/robot/human_ws/install/myinterfaces/include/myinterfaces/myinterfaces/srv/detail/humancoordinates__type_support.h
[3.838s] -- Installing: /home/robot/human_ws/install/myinterfaces/include/myinterfaces/myinterfaces/srv/detail/humancoordinatespcd__functions.h
[3.838s] -- Installing: /home/robot/human_ws/install/myinterfaces/include/myinterfaces/myinterfaces/srv/humancoordinates.h
[3.838s] -- Installing: /home/robot/human_ws/install/myinterfaces/include/myinterfaces/myinterfaces/srv/humancoordinatespcd.h
[3.838s] -- Up-to-date: /home/robot/human_ws/install/myinterfaces/include/myinterfaces/myinterfaces/msg
[3.838s] -- Installing: /home/robot/human_ws/install/myinterfaces/include/myinterfaces/myinterfaces/msg/rosidl_generator_c__visibility_control.h
[3.839s] -- Up-to-date: /home/robot/human_ws/install/myinterfaces/share/myinterfaces/environment/library_path.sh
[3.839s] -- Installing: /home/robot/human_ws/install/myinterfaces/share/myinterfaces/environment/library_path.dsv
[3.839s] -- Installing: /home/robot/human_ws/install/myinterfaces/lib/libmyinterfaces__rosidl_generator_c.so
[3.839s] -- Set runtime path of "/home/robot/human_ws/install/myinterfaces/lib/libmyinterfaces__rosidl_generator_c.so" to ""
[3.839s] -- Up-to-date: /home/robot/human_ws/install/myinterfaces/include/myinterfaces/myinterfaces
[3.839s] -- Up-to-date: /home/robot/human_ws/install/myinterfaces/include/myinterfaces/myinterfaces/srv
[3.839s] -- Up-to-date: /home/robot/human_ws/install/myinterfaces/include/myinterfaces/myinterfaces/srv/detail
[3.839s] -- Installing: /home/robot/human_ws/install/myinterfaces/include/myinterfaces/myinterfaces/srv/detail/humancoordinates__rosidl_typesupport_fastrtps_c.h
[3.839s] -- Installing: /home/robot/human_ws/install/myinterfaces/include/myinterfaces/myinterfaces/srv/detail/humancoordinatespcd__rosidl_typesupport_fastrtps_c.h
[3.839s] -- Up-to-date: /home/robot/human_ws/install/myinterfaces/include/myinterfaces/myinterfaces/msg
[3.839s] -- Installing: /home/robot/human_ws/install/myinterfaces/include/myinterfaces/myinterfaces/msg/rosidl_typesupport_fastrtps_c__visibility_control.h
[3.840s] -- Installing: /home/robot/human_ws/install/myinterfaces/lib/libmyinterfaces__rosidl_typesupport_fastrtps_c.so
[3.840s] -- Set runtime path of "/home/robot/human_ws/install/myinterfaces/lib/libmyinterfaces__rosidl_typesupport_fastrtps_c.so" to ""
[3.840s] -- Up-to-date: /home/robot/human_ws/install/myinterfaces/include/myinterfaces/myinterfaces
[3.840s] -- Up-to-date: /home/robot/human_ws/install/myinterfaces/include/myinterfaces/myinterfaces/srv
[3.840s] -- Up-to-date: /home/robot/human_ws/install/myinterfaces/include/myinterfaces/myinterfaces/srv/detail
[3.840s] -- Installing: /home/robot/human_ws/install/myinterfaces/include/myinterfaces/myinterfaces/srv/detail/humancoordinates__rosidl_typesupport_introspection_c.h
[3.840s] -- Installing: /home/robot/human_ws/install/myinterfaces/include/myinterfaces/myinterfaces/srv/detail/humancoordinatespcd__type_support.c
[3.840s] -- Installing: /home/robot/human_ws/install/myinterfaces/include/myinterfaces/myinterfaces/srv/detail/humancoordinatespcd__rosidl_typesupport_introspection_c.h
[3.840s] -- Installing: /home/robot/human_ws/install/myinterfaces/include/myinterfaces/myinterfaces/srv/detail/humancoordinates__type_support.c
[3.840s] -- Up-to-date: /home/robot/human_ws/install/myinterfaces/include/myinterfaces/myinterfaces/msg
[3.841s] -- Installing: /home/robot/human_ws/install/myinterfaces/include/myinterfaces/myinterfaces/msg/rosidl_typesupport_introspection_c__visibility_control.h
[3.841s] -- Installing: /home/robot/human_ws/install/myinterfaces/lib/libmyinterfaces__rosidl_typesupport_introspection_c.so
[3.841s] -- Set runtime path of "/home/robot/human_ws/install/myinterfaces/lib/libmyinterfaces__rosidl_typesupport_introspection_c.so" to ""
[3.841s] -- Installing: /home/robot/human_ws/install/myinterfaces/lib/libmyinterfaces__rosidl_typesupport_c.so
[3.841s] -- Set runtime path of "/home/robot/human_ws/install/myinterfaces/lib/libmyinterfaces__rosidl_typesupport_c.so" to ""
[3.841s] -- Up-to-date: /home/robot/human_ws/install/myinterfaces/include/myinterfaces/myinterfaces
[3.841s] -- Up-to-date: /home/robot/human_ws/install/myinterfaces/include/myinterfaces/myinterfaces/srv
[3.841s] -- Up-to-date: /home/robot/human_ws/install/myinterfaces/include/myinterfaces/myinterfaces/srv/detail
[3.841s] -- Installing: /home/robot/human_ws/install/myinterfaces/include/myinterfaces/myinterfaces/srv/detail/humancoordinates__builder.hpp
[3.842s] -- Installing: /home/robot/human_ws/install/myinterfaces/include/myinterfaces/myinterfaces/srv/detail/humancoordinatespcd__builder.hpp
[3.842s] -- Installing: /home/robot/human_ws/install/myinterfaces/include/myinterfaces/myinterfaces/srv/detail/humancoordinates__traits.hpp
[3.842s] -- Installing: /home/robot/human_ws/install/myinterfaces/include/myinterfaces/myinterfaces/srv/detail/humancoordinatespcd__traits.hpp
[3.842s] -- Installing: /home/robot/human_ws/install/myinterfaces/include/myinterfaces/myinterfaces/srv/detail/humancoordinates__struct.hpp
[3.842s] -- Installing: /home/robot/human_ws/install/myinterfaces/include/myinterfaces/myinterfaces/srv/detail/humancoordinatespcd__struct.hpp
[3.842s] -- Installing: /home/robot/human_ws/install/myinterfaces/include/myinterfaces/myinterfaces/srv/humancoordinatespcd.hpp
[3.842s] -- Installing: /home/robot/human_ws/install/myinterfaces/include/myinterfaces/myinterfaces/srv/humancoordinates.hpp
[3.842s] -- Up-to-date: /home/robot/human_ws/install/myinterfaces/include/myinterfaces/myinterfaces
[3.842s] -- Up-to-date: /home/robot/human_ws/install/myinterfaces/include/myinterfaces/myinterfaces/srv
[3.842s] -- Up-to-date: /home/robot/human_ws/install/myinterfaces/include/myinterfaces/myinterfaces/srv/detail
[3.842s] -- Installing: /home/robot/human_ws/install/myinterfaces/include/myinterfaces/myinterfaces/srv/detail/humancoordinates__rosidl_typesupport_fastrtps_cpp.hpp
[3.843s] -- Installing: /home/robot/human_ws/install/myinterfaces/include/myinterfaces/myinterfaces/srv/detail/humancoordinatespcd__rosidl_typesupport_fastrtps_cpp.hpp
[3.843s] -- Up-to-date: /home/robot/human_ws/install/myinterfaces/include/myinterfaces/myinterfaces/srv/detail/dds_fastrtps
[3.843s] -- Up-to-date: /home/robot/human_ws/install/myinterfaces/include/myinterfaces/myinterfaces/msg
[3.843s] -- Installing: /home/robot/human_ws/install/myinterfaces/include/myinterfaces/myinterfaces/msg/rosidl_typesupport_fastrtps_cpp__visibility_control.h
[3.843s] -- Installing: /home/robot/human_ws/install/myinterfaces/lib/libmyinterfaces__rosidl_typesupport_fastrtps_cpp.so
[3.843s] -- Set runtime path of "/home/robot/human_ws/install/myinterfaces/lib/libmyinterfaces__rosidl_typesupport_fastrtps_cpp.so" to ""
[3.843s] -- Up-to-date: /home/robot/human_ws/install/myinterfaces/include/myinterfaces/myinterfaces
[3.843s] -- Up-to-date: /home/robot/human_ws/install/myinterfaces/include/myinterfaces/myinterfaces/srv
[3.843s] -- Up-to-date: /home/robot/human_ws/install/myinterfaces/include/myinterfaces/myinterfaces/srv/detail
[3.843s] -- Installing: /home/robot/human_ws/install/myinterfaces/include/myinterfaces/myinterfaces/srv/detail/humancoordinatespcd__type_support.cpp
[3.843s] -- Installing: /home/robot/human_ws/install/myinterfaces/include/myinterfaces/myinterfaces/srv/detail/humancoordinatespcd__rosidl_typesupport_introspection_cpp.hpp
[3.843s] -- Installing: /home/robot/human_ws/install/myinterfaces/include/myinterfaces/myinterfaces/srv/detail/humancoordinates__type_support.cpp
[3.843s] -- Installing: /home/robot/human_ws/install/myinterfaces/include/myinterfaces/myinterfaces/srv/detail/humancoordinates__rosidl_typesupport_introspection_cpp.hpp
[3.843s] -- Installing: /home/robot/human_ws/install/myinterfaces/lib/libmyinterfaces__rosidl_typesupport_introspection_cpp.so
[3.843s] -- Set runtime path of "/home/robot/human_ws/install/myinterfaces/lib/libmyinterfaces__rosidl_typesupport_introspection_cpp.so" to ""
[3.843s] -- Installing: /home/robot/human_ws/install/myinterfaces/lib/libmyinterfaces__rosidl_typesupport_cpp.so
[3.843s] -- Set runtime path of "/home/robot/human_ws/install/myinterfaces/lib/libmyinterfaces__rosidl_typesupport_cpp.so" to ""
[3.843s] -- Installing: /home/robot/human_ws/install/myinterfaces/share/myinterfaces/environment/pythonpath.sh
[3.843s] -- Installing: /home/robot/human_ws/install/myinterfaces/share/myinterfaces/environment/pythonpath.dsv
[3.843s] -- Up-to-date: /home/robot/human_ws/install/myinterfaces/local/lib/python3.10/dist-packages/myinterfaces-0.0.0-py3.10.egg-info
[3.843s] -- Installing: /home/robot/human_ws/install/myinterfaces/local/lib/python3.10/dist-packages/myinterfaces-0.0.0-py3.10.egg-info/PKG-INFO
[3.843s] -- Installing: /home/robot/human_ws/install/myinterfaces/local/lib/python3.10/dist-packages/myinterfaces-0.0.0-py3.10.egg-info/top_level.txt
[3.843s] -- Installing: /home/robot/human_ws/install/myinterfaces/local/lib/python3.10/dist-packages/myinterfaces-0.0.0-py3.10.egg-info/SOURCES.txt
[3.843s] -- Installing: /home/robot/human_ws/install/myinterfaces/local/lib/python3.10/dist-packages/myinterfaces-0.0.0-py3.10.egg-info/dependency_links.txt
[3.843s] -- Up-to-date: /home/robot/human_ws/install/myinterfaces/local/lib/python3.10/dist-packages/myinterfaces
[3.843s] -- Installing: /home/robot/human_ws/install/myinterfaces/local/lib/python3.10/dist-packages/myinterfaces/myinterfaces_s__rosidl_typesupport_introspection_c.cpython-310-x86_64-linux-gnu.so
[3.843s] -- Installing: /home/robot/human_ws/install/myinterfaces/local/lib/python3.10/dist-packages/myinterfaces/__init__.py
[3.843s] -- Installing: /home/robot/human_ws/install/myinterfaces/local/lib/python3.10/dist-packages/myinterfaces/_myinterfaces_s.ep.rosidl_typesupport_c.c
[3.843s] -- Installing: /home/robot/human_ws/install/myinterfaces/local/lib/python3.10/dist-packages/myinterfaces/_myinterfaces_s.ep.rosidl_typesupport_fastrtps_c.c
[3.843s] -- Installing: /home/robot/human_ws/install/myinterfaces/local/lib/python3.10/dist-packages/myinterfaces/libmyinterfaces__rosidl_generator_py.so
[3.844s] -- Up-to-date: /home/robot/human_ws/install/myinterfaces/local/lib/python3.10/dist-packages/myinterfaces/srv
[3.844s] -- Installing: /home/robot/human_ws/install/myinterfaces/local/lib/python3.10/dist-packages/myinterfaces/srv/_humancoordinatespcd.py
[3.844s] -- Installing: /home/robot/human_ws/install/myinterfaces/local/lib/python3.10/dist-packages/myinterfaces/srv/__init__.py
[3.844s] -- Installing: /home/robot/human_ws/install/myinterfaces/local/lib/python3.10/dist-packages/myinterfaces/srv/_humancoordinates.py
[3.844s] -- Installing: /home/robot/human_ws/install/myinterfaces/local/lib/python3.10/dist-packages/myinterfaces/srv/_humancoordinatespcd_s.c
[3.844s] -- Installing: /home/robot/human_ws/install/myinterfaces/local/lib/python3.10/dist-packages/myinterfaces/srv/_humancoordinates_s.c
[3.844s] -- Installing: /home/robot/human_ws/install/myinterfaces/local/lib/python3.10/dist-packages/myinterfaces/_myinterfaces_s.ep.rosidl_typesupport_introspection_c.c
[3.844s] -- Installing: /home/robot/human_ws/install/myinterfaces/local/lib/python3.10/dist-packages/myinterfaces/myinterfaces_s__rosidl_typesupport_c.cpython-310-x86_64-linux-gnu.so
[3.844s] -- Installing: /home/robot/human_ws/install/myinterfaces/local/lib/python3.10/dist-packages/myinterfaces/myinterfaces_s__rosidl_typesupport_fastrtps_c.cpython-310-x86_64-linux-gnu.so
[3.867s] Listing '/home/robot/human_ws/install/myinterfaces/local/lib/python3.10/dist-packages/myinterfaces'...
[3.868s] Compiling '/home/robot/human_ws/install/myinterfaces/local/lib/python3.10/dist-packages/myinterfaces/__init__.py'...
[3.868s] Listing '/home/robot/human_ws/install/myinterfaces/local/lib/python3.10/dist-packages/myinterfaces/srv'...
[3.868s] Compiling '/home/robot/human_ws/install/myinterfaces/local/lib/python3.10/dist-packages/myinterfaces/srv/__init__.py'...
[3.868s] Compiling '/home/robot/human_ws/install/myinterfaces/local/lib/python3.10/dist-packages/myinterfaces/srv/_humancoordinates.py'...
[3.868s] Compiling '/home/robot/human_ws/install/myinterfaces/local/lib/python3.10/dist-packages/myinterfaces/srv/_humancoordinatespcd.py'...
[3.871s] -- Installing: /home/robot/human_ws/install/myinterfaces/local/lib/python3.10/dist-packages/myinterfaces/myinterfaces_s__rosidl_typesupport_fastrtps_c.cpython-310-x86_64-linux-gnu.so
[3.871s] -- Set runtime path of "/home/robot/human_ws/install/myinterfaces/local/lib/python3.10/dist-packages/myinterfaces/myinterfaces_s__rosidl_typesupport_fastrtps_c.cpython-310-x86_64-linux-gnu.so" to ""
[3.871s] -- Installing: /home/robot/human_ws/install/myinterfaces/local/lib/python3.10/dist-packages/myinterfaces/myinterfaces_s__rosidl_typesupport_introspection_c.cpython-310-x86_64-linux-gnu.so
[3.871s] -- Set runtime path of "/home/robot/human_ws/install/myinterfaces/local/lib/python3.10/dist-packages/myinterfaces/myinterfaces_s__rosidl_typesupport_introspection_c.cpython-310-x86_64-linux-gnu.so" to ""
[3.871s] -- Installing: /home/robot/human_ws/install/myinterfaces/local/lib/python3.10/dist-packages/myinterfaces/myinterfaces_s__rosidl_typesupport_c.cpython-310-x86_64-linux-gnu.so
[3.872s] -- Set runtime path of "/home/robot/human_ws/install/myinterfaces/local/lib/python3.10/dist-packages/myinterfaces/myinterfaces_s__rosidl_typesupport_c.cpython-310-x86_64-linux-gnu.so" to ""
[3.872s] -- Installing: /home/robot/human_ws/install/myinterfaces/lib/libmyinterfaces__rosidl_generator_py.so
[3.872s] -- Set runtime path of "/home/robot/human_ws/install/myinterfaces/lib/libmyinterfaces__rosidl_generator_py.so" to ""
[3.872s] -- Installing: /home/robot/human_ws/install/myinterfaces/share/myinterfaces/srv/Humancoordinates.idl
[3.872s] -- Installing: /home/robot/human_ws/install/myinterfaces/share/myinterfaces/srv/Humancoordinatespcd.idl
[3.872s] -- Up-to-date: /home/robot/human_ws/install/myinterfaces/share/myinterfaces/srv/Humancoordinates.srv
[3.872s] -- Installing: /home/robot/human_ws/install/myinterfaces/share/myinterfaces/srv/Humancoordinates_Request.msg
[3.872s] -- Installing: /home/robot/human_ws/install/myinterfaces/share/myinterfaces/srv/Humancoordinates_Response.msg
[3.872s] -- Up-to-date: /home/robot/human_ws/install/myinterfaces/share/myinterfaces/srv/Humancoordinatespcd.srv
[3.873s] -- Installing: /home/robot/human_ws/install/myinterfaces/share/myinterfaces/srv/Humancoordinatespcd_Request.msg
[3.873s] -- Installing: /home/robot/human_ws/install/myinterfaces/share/myinterfaces/srv/Humancoordinatespcd_Response.msg
[3.873s] -- Installing: /home/robot/human_ws/install/myinterfaces/share/ament_index/resource_index/package_run_dependencies/myinterfaces
[3.873s] -- Installing: /home/robot/human_ws/install/myinterfaces/share/ament_index/resource_index/parent_prefix_path/myinterfaces
[3.873s] -- Up-to-date: /home/robot/human_ws/install/myinterfaces/share/myinterfaces/environment/ament_prefix_path.sh
[3.873s] -- Installing: /home/robot/human_ws/install/myinterfaces/share/myinterfaces/environment/ament_prefix_path.dsv
[3.873s] -- Up-to-date: /home/robot/human_ws/install/myinterfaces/share/myinterfaces/environment/path.sh
[3.873s] -- Installing: /home/robot/human_ws/install/myinterfaces/share/myinterfaces/environment/path.dsv
[3.873s] -- Installing: /home/robot/human_ws/install/myinterfaces/share/myinterfaces/local_setup.bash
[3.873s] -- Installing: /home/robot/human_ws/install/myinterfaces/share/myinterfaces/local_setup.sh
[3.874s] -- Installing: /home/robot/human_ws/install/myinterfaces/share/myinterfaces/local_setup.zsh
[3.874s] -- Installing: /home/robot/human_ws/install/myinterfaces/share/myinterfaces/local_setup.dsv
[3.874s] -- Installing: /home/robot/human_ws/install/myinterfaces/share/myinterfaces/package.dsv
[3.874s] -- Installing: /home/robot/human_ws/install/myinterfaces/share/ament_index/resource_index/packages/myinterfaces
[3.874s] -- Installing: /home/robot/human_ws/install/myinterfaces/share/myinterfaces/cmake/export_myinterfaces__rosidl_generator_cExport.cmake
[3.874s] -- Installing: /home/robot/human_ws/install/myinterfaces/share/myinterfaces/cmake/export_myinterfaces__rosidl_generator_cExport-noconfig.cmake
[3.874s] -- Installing: /home/robot/human_ws/install/myinterfaces/share/myinterfaces/cmake/export_myinterfaces__rosidl_typesupport_fastrtps_cExport.cmake
[3.874s] -- Installing: /home/robot/human_ws/install/myinterfaces/share/myinterfaces/cmake/export_myinterfaces__rosidl_typesupport_fastrtps_cExport-noconfig.cmake
[3.874s] -- Installing: /home/robot/human_ws/install/myinterfaces/share/myinterfaces/cmake/myinterfaces__rosidl_typesupport_introspection_cExport.cmake
[3.874s] -- Installing: /home/robot/human_ws/install/myinterfaces/share/myinterfaces/cmake/myinterfaces__rosidl_typesupport_introspection_cExport-noconfig.cmake
[3.875s] -- Installing: /home/robot/human_ws/install/myinterfaces/share/myinterfaces/cmake/myinterfaces__rosidl_typesupport_cExport.cmake
[3.875s] -- Installing: /home/robot/human_ws/install/myinterfaces/share/myinterfaces/cmake/myinterfaces__rosidl_typesupport_cExport-noconfig.cmake
[3.875s] -- Installing: /home/robot/human_ws/install/myinterfaces/share/myinterfaces/cmake/export_myinterfaces__rosidl_generator_cppExport.cmake
[3.875s] -- Installing: /home/robot/human_ws/install/myinterfaces/share/myinterfaces/cmake/export_myinterfaces__rosidl_typesupport_fastrtps_cppExport.cmake
[3.875s] -- Installing: /home/robot/human_ws/install/myinterfaces/share/myinterfaces/cmake/export_myinterfaces__rosidl_typesupport_fastrtps_cppExport-noconfig.cmake
[3.875s] -- Installing: /home/robot/human_ws/install/myinterfaces/share/myinterfaces/cmake/myinterfaces__rosidl_typesupport_introspection_cppExport.cmake
[3.875s] -- Installing: /home/robot/human_ws/install/myinterfaces/share/myinterfaces/cmake/myinterfaces__rosidl_typesupport_introspection_cppExport-noconfig.cmake
[3.875s] -- Installing: /home/robot/human_ws/install/myinterfaces/share/myinterfaces/cmake/myinterfaces__rosidl_typesupport_cppExport.cmake
[3.875s] -- Installing: /home/robot/human_ws/install/myinterfaces/share/myinterfaces/cmake/myinterfaces__rosidl_typesupport_cppExport-noconfig.cmake
[3.875s] -- Installing: /home/robot/human_ws/install/myinterfaces/share/myinterfaces/cmake/export_myinterfaces__rosidl_generator_pyExport.cmake
[3.875s] -- Installing: /home/robot/human_ws/install/myinterfaces/share/myinterfaces/cmake/export_myinterfaces__rosidl_generator_pyExport-noconfig.cmake
[3.876s] -- Installing: /home/robot/human_ws/install/myinterfaces/share/myinterfaces/cmake/rosidl_cmake-extras.cmake
[3.876s] -- Installing: /home/robot/human_ws/install/myinterfaces/share/myinterfaces/cmake/ament_cmake_export_dependencies-extras.cmake
[3.876s] -- Installing: /home/robot/human_ws/install/myinterfaces/share/myinterfaces/cmake/ament_cmake_export_include_directories-extras.cmake
[3.876s] -- Installing: /home/robot/human_ws/install/myinterfaces/share/myinterfaces/cmake/ament_cmake_export_libraries-extras.cmake
[3.876s] -- Installing: /home/robot/human_ws/install/myinterfaces/share/myinterfaces/cmake/ament_cmake_export_targets-extras.cmake
[3.876s] -- Installing: /home/robot/human_ws/install/myinterfaces/share/myinterfaces/cmake/rosidl_cmake_export_typesupport_targets-extras.cmake
[3.876s] -- Installing: /home/robot/human_ws/install/myinterfaces/share/myinterfaces/cmake/rosidl_cmake_export_typesupport_libraries-extras.cmake
[3.876s] -- Installing: /home/robot/human_ws/install/myinterfaces/share/myinterfaces/cmake/myinterfacesConfig.cmake
[3.876s] -- Installing: /home/robot/human_ws/install/myinterfaces/share/myinterfaces/cmake/myinterfacesConfig-version.cmake
[3.876s] -- Up-to-date: /home/robot/human_ws/install/myinterfaces/share/myinterfaces/package.xml
[3.878s] Invoked command in '/home/robot/human_ws/build/myinterfaces' returned '0': CMAKE_PREFIX_PATH=${CMAKE_PREFIX_PATH}:/home/robot/human_ws/install/human:/opt/ros/humble /usr/bin/cmake --install /home/robot/human_ws/build/myinterfaces
