[0.028s] Invoking command in '/home/robot/human_ws/build/depthimage_to_laserscan': CMAKE_PREFIX_PATH=${CMAKE_PREFIX_PATH}:/home/robot/human_ws/install/rotate:/home/robot/human_ws/install/locomotion:/home/robot/human_ws/install/human:/home/robot/human_ws/install/image:/home/robot/human_ws/install/follow:/home/robot/robot_controller_release/ros2_packages/object_detect_track_node_py:/opt/ros/humble /usr/bin/cmake --build /home/robot/human_ws/build/depthimage_to_laserscan -- -j16 -l16
[0.544s] [ 16%] Built target gtest
[0.544s] [ 50%] Built target gtest_main
[0.544s] [ 50%] Built target DepthImageToLaserScan
[0.544s] [ 83%] Built target DepthImageToLaserScanROS
[0.544s] [ 83%] Built target depthimage_to_laserscan-test
[0.544s] [100%] Built target depthimage_to_laserscan_node
[0.799s] Invoked command in '/home/robot/human_ws/build/depthimage_to_laserscan' returned '0': CMAKE_PREFIX_PATH=${CMAKE_PREFIX_PATH}:/home/robot/human_ws/install/rotate:/home/robot/human_ws/install/locomotion:/home/robot/human_ws/install/human:/home/robot/human_ws/install/image:/home/robot/human_ws/install/follow:/home/robot/robot_controller_release/ros2_packages/object_detect_track_node_py:/opt/ros/humble /usr/bin/cmake --build /home/robot/human_ws/build/depthimage_to_laserscan -- -j16 -l16
[0.849s] Invoking command in '/home/robot/human_ws/build/depthimage_to_laserscan': CMAKE_PREFIX_PATH=${CMAKE_PREFIX_PATH}:/home/robot/human_ws/install/rotate:/home/robot/human_ws/install/locomotion:/home/robot/human_ws/install/human:/home/robot/human_ws/install/image:/home/robot/human_ws/install/follow:/home/robot/robot_controller_release/ros2_packages/object_detect_track_node_py:/opt/ros/humble /usr/bin/cmake --install /home/robot/human_ws/build/depthimage_to_laserscan
[0.857s] -- Install configuration: ""
[0.857s] -- Up-to-date: /home/robot/human_ws/install/depthimage_to_laserscan/include/depthimage_to_laserscan
[0.857s] -- Up-to-date: /home/robot/human_ws/install/depthimage_to_laserscan/include/depthimage_to_laserscan/depthimage_to_laserscan
[0.858s] -- Up-to-date: /home/robot/human_ws/install/depthimage_to_laserscan/include/depthimage_to_laserscan/depthimage_to_laserscan/DepthImageToLaserScanROS.hpp
[0.858s] -- Up-to-date: /home/robot/human_ws/install/depthimage_to_laserscan/include/depthimage_to_laserscan/depthimage_to_laserscan/DepthImageToLaserScan.hpp
[0.858s] -- Up-to-date: /home/robot/human_ws/install/depthimage_to_laserscan/include/depthimage_to_laserscan/depthimage_to_laserscan/depth_traits.hpp
[0.858s] -- Up-to-date: /home/robot/human_ws/install/depthimage_to_laserscan/share/depthimage_to_laserscan//launch
[0.858s] -- Up-to-date: /home/robot/human_ws/install/depthimage_to_laserscan/share/depthimage_to_laserscan//launch/depthimage_to_laserscan-launch.py
[0.858s] -- Up-to-date: /home/robot/human_ws/install/depthimage_to_laserscan/share/depthimage_to_laserscan//launch/depthimage_to_laserscan_composed-launch.py
[0.858s] -- Up-to-date: /home/robot/human_ws/install/depthimage_to_laserscan/share/depthimage_to_laserscan//cfg
[0.858s] -- Up-to-date: /home/robot/human_ws/install/depthimage_to_laserscan/share/depthimage_to_laserscan//cfg/param.yaml
[0.858s] -- Up-to-date: /home/robot/human_ws/install/depthimage_to_laserscan/lib/libDepthImageToLaserScan.so
[0.858s] -- Up-to-date: /home/robot/human_ws/install/depthimage_to_laserscan/lib/libDepthImageToLaserScanROS.so
[0.858s] -- Up-to-date: /home/robot/human_ws/install/depthimage_to_laserscan/lib/depthimage_to_laserscan/depthimage_to_laserscan_node
[0.859s] -- Up-to-date: /home/robot/human_ws/install/depthimage_to_laserscan/include/depthimage_to_laserscan/depthimage_to_laserscan/DepthImageToLaserScan_export.h
[0.859s] -- Up-to-date: /home/robot/human_ws/install/depthimage_to_laserscan/include/depthimage_to_laserscan/depthimage_to_laserscan/DepthImageToLaserScanROS_export.h
[0.859s] -- Up-to-date: /home/robot/human_ws/install/depthimage_to_laserscan/share/depthimage_to_laserscan/environment/library_path.sh
[0.859s] -- Up-to-date: /home/robot/human_ws/install/depthimage_to_laserscan/share/depthimage_to_laserscan/environment/library_path.dsv
[0.859s] -- Up-to-date: /home/robot/human_ws/install/depthimage_to_laserscan/share/ament_index/resource_index/package_run_dependencies/depthimage_to_laserscan
[0.859s] -- Up-to-date: /home/robot/human_ws/install/depthimage_to_laserscan/share/ament_index/resource_index/parent_prefix_path/depthimage_to_laserscan
[0.859s] -- Up-to-date: /home/robot/human_ws/install/depthimage_to_laserscan/share/depthimage_to_laserscan/environment/ament_prefix_path.sh
[0.859s] -- Up-to-date: /home/robot/human_ws/install/depthimage_to_laserscan/share/depthimage_to_laserscan/environment/ament_prefix_path.dsv
[0.859s] -- Up-to-date: /home/robot/human_ws/install/depthimage_to_laserscan/share/depthimage_to_laserscan/environment/path.sh
[0.859s] -- Up-to-date: /home/robot/human_ws/install/depthimage_to_laserscan/share/depthimage_to_laserscan/environment/path.dsv
[0.859s] -- Up-to-date: /home/robot/human_ws/install/depthimage_to_laserscan/share/depthimage_to_laserscan/local_setup.bash
[0.860s] -- Up-to-date: /home/robot/human_ws/install/depthimage_to_laserscan/share/depthimage_to_laserscan/local_setup.sh
[0.860s] -- Up-to-date: /home/robot/human_ws/install/depthimage_to_laserscan/share/depthimage_to_laserscan/local_setup.zsh
[0.860s] -- Up-to-date: /home/robot/human_ws/install/depthimage_to_laserscan/share/depthimage_to_laserscan/local_setup.dsv
[0.860s] -- Installing: /home/robot/human_ws/install/depthimage_to_laserscan/share/depthimage_to_laserscan/package.dsv
[0.860s] -- Up-to-date: /home/robot/human_ws/install/depthimage_to_laserscan/share/ament_index/resource_index/packages/depthimage_to_laserscan
[0.860s] -- Up-to-date: /home/robot/human_ws/install/depthimage_to_laserscan/share/ament_index/resource_index/rclcpp_components/depthimage_to_laserscan
[0.860s] -- Up-to-date: /home/robot/human_ws/install/depthimage_to_laserscan/share/depthimage_to_laserscan/cmake/export_depthimage_to_laserscanExport.cmake
[0.861s] -- Up-to-date: /home/robot/human_ws/install/depthimage_to_laserscan/share/depthimage_to_laserscan/cmake/export_depthimage_to_laserscanExport-noconfig.cmake
[0.861s] -- Up-to-date: /home/robot/human_ws/install/depthimage_to_laserscan/share/depthimage_to_laserscan/cmake/ament_cmake_export_include_directories-extras.cmake
[0.861s] -- Up-to-date: /home/robot/human_ws/install/depthimage_to_laserscan/share/depthimage_to_laserscan/cmake/ament_cmake_export_libraries-extras.cmake
[0.861s] -- Up-to-date: /home/robot/human_ws/install/depthimage_to_laserscan/share/depthimage_to_laserscan/cmake/ament_cmake_export_targets-extras.cmake
[0.861s] -- Up-to-date: /home/robot/human_ws/install/depthimage_to_laserscan/share/depthimage_to_laserscan/cmake/ament_cmake_export_dependencies-extras.cmake
[0.861s] -- Up-to-date: /home/robot/human_ws/install/depthimage_to_laserscan/share/depthimage_to_laserscan/cmake/depthimage_to_laserscanConfig.cmake
[0.861s] -- Up-to-date: /home/robot/human_ws/install/depthimage_to_laserscan/share/depthimage_to_laserscan/cmake/depthimage_to_laserscanConfig-version.cmake
[0.861s] -- Up-to-date: /home/robot/human_ws/install/depthimage_to_laserscan/share/depthimage_to_laserscan/package.xml
[0.862s] Invoked command in '/home/robot/human_ws/build/depthimage_to_laserscan' returned '0': CMAKE_PREFIX_PATH=${CMAKE_PREFIX_PATH}:/home/robot/human_ws/install/rotate:/home/robot/human_ws/install/locomotion:/home/robot/human_ws/install/human:/home/robot/human_ws/install/image:/home/robot/human_ws/install/follow:/home/robot/robot_controller_release/ros2_packages/object_detect_track_node_py:/opt/ros/humble /usr/bin/cmake --install /home/robot/human_ws/build/depthimage_to_laserscan
