[1.312s] Invoking command in '/home/robot/human_ws/src/rotate': PYTHONPATH=/home/robot/human_ws/build/rotate/prefix_override:/usr/lib/python3/dist-packages/colcon_core/task/python/colcon_distutils_commands:/home/robot/human_ws/install/rotate/lib/python3.10/site-packages:${PYTHONPATH} /usr/bin/python3 -W ignore:setup.py install is deprecated setup.py egg_info --egg-base ../../build/rotate build --build-base /home/robot/human_ws/build/rotate/build install --record /home/robot/human_ws/build/rotate/install.log --single-version-externally-managed install_data
[1.519s] running egg_info
[1.520s] writing ../../build/rotate/rotate.egg-info/PKG-INFO
[1.520s] writing dependency_links to ../../build/rotate/rotate.egg-info/dependency_links.txt
[1.520s] writing entry points to ../../build/rotate/rotate.egg-info/entry_points.txt
[1.520s] writing requirements to ../../build/rotate/rotate.egg-info/requires.txt
[1.520s] writing top-level names to ../../build/rotate/rotate.egg-info/top_level.txt
[1.522s] reading manifest file '../../build/rotate/rotate.egg-info/SOURCES.txt'
[1.523s] writing manifest file '../../build/rotate/rotate.egg-info/SOURCES.txt'
[1.523s] running build
[1.523s] running build_py
[1.524s] running install
[1.524s] running install_lib
[1.525s] running install_data
[1.525s] running install_egg_info
[1.527s] removing '/home/robot/human_ws/install/rotate/lib/python3.10/site-packages/rotate-0.0.0-py3.10.egg-info' (and everything under it)
[1.527s] Copying ../../build/rotate/rotate.egg-info to /home/robot/human_ws/install/rotate/lib/python3.10/site-packages/rotate-0.0.0-py3.10.egg-info
[1.528s] running install_scripts
[1.546s] Installing rotate_server script to /home/robot/human_ws/install/rotate/lib/rotate
[1.547s] writing list of installed files to '/home/robot/human_ws/build/rotate/install.log'
[1.586s] Invoked command in '/home/robot/human_ws/src/rotate' returned '0': PYTHONPATH=/home/robot/human_ws/build/rotate/prefix_override:/usr/lib/python3/dist-packages/colcon_core/task/python/colcon_distutils_commands:/home/robot/human_ws/install/rotate/lib/python3.10/site-packages:${PYTHONPATH} /usr/bin/python3 -W ignore:setup.py install is deprecated setup.py egg_info --egg-base ../../build/rotate build --build-base /home/robot/human_ws/build/rotate/build install --record /home/robot/human_ws/build/rotate/install.log --single-version-externally-managed install_data
