[1.381s] Invoking command in '/home/robot/human_ws/src/follow': PYTHONPATH=/home/robot/human_ws/build/follow/prefix_override:/usr/lib/python3/dist-packages/colcon_core/task/python/colcon_distutils_commands:/home/robot/human_ws/install/follow/lib/python3.10/site-packages:${PYTHONPATH} /usr/bin/python3 -W ignore:setup.py install is deprecated setup.py egg_info --egg-base ../../build/follow build --build-base /home/robot/human_ws/build/follow/build install --record /home/robot/human_ws/build/follow/install.log --single-version-externally-managed install_data
[1.967s] running egg_info
[1.968s] writing ../../build/follow/follow.egg-info/PKG-INFO
[1.968s] writing dependency_links to ../../build/follow/follow.egg-info/dependency_links.txt
[1.968s] writing entry points to ../../build/follow/follow.egg-info/entry_points.txt
[1.968s] writing requirements to ../../build/follow/follow.egg-info/requires.txt
[1.968s] writing top-level names to ../../build/follow/follow.egg-info/top_level.txt
[1.969s] reading manifest file '../../build/follow/follow.egg-info/SOURCES.txt'
[1.969s] writing manifest file '../../build/follow/follow.egg-info/SOURCES.txt'
[1.969s] running build
[1.969s] running build_py
[1.969s] copying follow/rotate_human_server.py -> /home/robot/human_ws/build/follow/build/lib/follow
[1.970s] running install
[1.970s] running install_lib
[1.971s] copying /home/robot/human_ws/build/follow/build/lib/follow/rotate_human_server.py -> /home/robot/human_ws/install/follow/lib/python3.10/site-packages/follow
[1.972s] byte-compiling /home/robot/human_ws/install/follow/lib/python3.10/site-packages/follow/rotate_human_server.py to rotate_human_server.cpython-310.pyc
[1.972s] running install_data
[1.972s] running install_egg_info
[1.975s] removing '/home/robot/human_ws/install/follow/lib/python3.10/site-packages/follow-0.0.0-py3.10.egg-info' (and everything under it)
[1.975s] Copying ../../build/follow/follow.egg-info to /home/robot/human_ws/install/follow/lib/python3.10/site-packages/follow-0.0.0-py3.10.egg-info
[1.976s] running install_scripts
[2.001s] Installing camerainfo script to /home/robot/human_ws/install/follow/lib/follow
[2.005s] Installing head_client script to /home/robot/human_ws/install/follow/lib/follow
[2.005s] Installing robot_head_controller script to /home/robot/human_ws/install/follow/lib/follow
[2.005s] Installing rotate_human_node script to /home/robot/human_ws/install/follow/lib/follow
[2.005s] Installing tag_server script to /home/robot/human_ws/install/follow/lib/follow
[2.005s] writing list of installed files to '/home/robot/human_ws/build/follow/install.log'
[2.077s] Invoked command in '/home/robot/human_ws/src/follow' returned '0': PYTHONPATH=/home/robot/human_ws/build/follow/prefix_override:/usr/lib/python3/dist-packages/colcon_core/task/python/colcon_distutils_commands:/home/robot/human_ws/install/follow/lib/python3.10/site-packages:${PYTHONPATH} /usr/bin/python3 -W ignore:setup.py install is deprecated setup.py egg_info --egg-base ../../build/follow build --build-base /home/robot/human_ws/build/follow/build install --record /home/robot/human_ws/build/follow/install.log --single-version-externally-managed install_data
