[0.078s] DEBUG:colcon:Command line arguments: ['/usr/bin/colcon', 'build']
[0.078s] DEBUG:colcon:Parsed command line arguments: Namespace(log_base=None, log_level=None, verb_name='build', build_base='build', install_base='install', merge_install=False, symlink_install=False, test_result_base=None, continue_on_error=False, executor='parallel', parallel_workers=16, event_handlers=None, ignore_user_meta=False, metas=['./colcon.meta'], base_paths=['.'], packages_ignore=None, packages_ignore_regex=None, paths=None, packages_up_to=None, packages_up_to_regex=None, packages_above=None, packages_above_and_dependencies=None, packages_above_depth=None, packages_select_by_dep=None, packages_skip_by_dep=None, packages_skip_up_to=None, packages_select_build_failed=False, packages_skip_build_finished=False, packages_select_test_failures=False, packages_skip_test_passed=False, packages_select=None, packages_skip=None, packages_select_regex=None, packages_skip_regex=None, packages_start=None, packages_end=None, allow_overriding=[], cmake_args=None, cmake_target=None, cmake_target_skip_unavailable=False, cmake_clean_cache=False, cmake_clean_first=False, cmake_force_configure=False, ament_cmake_args=None, catkin_cmake_args=None, catkin_skip_building_tests=False, verb_parser=<colcon_defaults.argument_parser.defaults.DefaultArgumentsDecorator object at 0x7403d9591060>, verb_extension=<colcon_core.verb.build.BuildVerb object at 0x7403d9695c00>, main=<bound method BuildVerb.main of <colcon_core.verb.build.BuildVerb object at 0x7403d9695c00>>)
[0.243s] Level 1:colcon.colcon_core.package_discovery:discover_packages(colcon_meta) check parameters
[0.244s] Level 1:colcon.colcon_core.package_discovery:discover_packages(recursive) check parameters
[0.244s] Level 1:colcon.colcon_core.package_discovery:discover_packages(ignore) check parameters
[0.244s] Level 1:colcon.colcon_core.package_discovery:discover_packages(path) check parameters
[0.244s] Level 1:colcon.colcon_core.package_discovery:discover_packages(colcon_meta) discover
[0.244s] Level 1:colcon.colcon_core.package_discovery:discover_packages(recursive) discover
[0.244s] INFO:colcon.colcon_core.package_discovery:Crawling recursively for packages in '/home/robot/human_ws'
[0.244s] Level 1:colcon.colcon_core.package_identification:_identify(.) by extensions ['ignore', 'ignore_ament_install']
[0.244s] Level 1:colcon.colcon_core.package_identification:_identify(.) by extension 'ignore'
[0.244s] Level 1:colcon.colcon_core.package_identification:_identify(.) by extension 'ignore_ament_install'
[0.244s] Level 1:colcon.colcon_core.package_identification:_identify(.) by extensions ['colcon_pkg']
[0.244s] Level 1:colcon.colcon_core.package_identification:_identify(.) by extension 'colcon_pkg'
[0.244s] Level 1:colcon.colcon_core.package_identification:_identify(.) by extensions ['colcon_meta']
[0.244s] Level 1:colcon.colcon_core.package_identification:_identify(.) by extension 'colcon_meta'
[0.244s] Level 1:colcon.colcon_core.package_identification:_identify(.) by extensions ['ros']
[0.244s] Level 1:colcon.colcon_core.package_identification:_identify(.) by extension 'ros'
[0.252s] Level 1:colcon.colcon_core.package_identification:_identify(.) by extensions ['cmake', 'python']
[0.252s] Level 1:colcon.colcon_core.package_identification:_identify(.) by extension 'cmake'
[0.252s] Level 1:colcon.colcon_core.package_identification:_identify(.) by extension 'python'
[0.252s] Level 1:colcon.colcon_core.package_identification:_identify(.) by extensions ['python_setup_py']
[0.252s] Level 1:colcon.colcon_core.package_identification:_identify(.) by extension 'python_setup_py'
[0.252s] Level 1:colcon.colcon_core.package_identification:_identify(build) by extensions ['ignore', 'ignore_ament_install']
[0.252s] Level 1:colcon.colcon_core.package_identification:_identify(build) by extension 'ignore'
[0.252s] Level 1:colcon.colcon_core.package_identification:_identify(build) ignored
[0.252s] Level 1:colcon.colcon_core.package_identification:_identify(config) by extensions ['ignore', 'ignore_ament_install']
[0.252s] Level 1:colcon.colcon_core.package_identification:_identify(config) by extension 'ignore'
[0.252s] Level 1:colcon.colcon_core.package_identification:_identify(config) by extension 'ignore_ament_install'
[0.252s] Level 1:colcon.colcon_core.package_identification:_identify(config) by extensions ['colcon_pkg']
[0.252s] Level 1:colcon.colcon_core.package_identification:_identify(config) by extension 'colcon_pkg'
[0.252s] Level 1:colcon.colcon_core.package_identification:_identify(config) by extensions ['colcon_meta']
[0.252s] Level 1:colcon.colcon_core.package_identification:_identify(config) by extension 'colcon_meta'
[0.252s] Level 1:colcon.colcon_core.package_identification:_identify(config) by extensions ['ros']
[0.252s] Level 1:colcon.colcon_core.package_identification:_identify(config) by extension 'ros'
[0.252s] Level 1:colcon.colcon_core.package_identification:_identify(config) by extensions ['cmake', 'python']
[0.252s] Level 1:colcon.colcon_core.package_identification:_identify(config) by extension 'cmake'
[0.252s] Level 1:colcon.colcon_core.package_identification:_identify(config) by extension 'python'
[0.252s] Level 1:colcon.colcon_core.package_identification:_identify(config) by extensions ['python_setup_py']
[0.252s] Level 1:colcon.colcon_core.package_identification:_identify(config) by extension 'python_setup_py'
[0.252s] Level 1:colcon.colcon_core.package_identification:_identify(install) by extensions ['ignore', 'ignore_ament_install']
[0.253s] Level 1:colcon.colcon_core.package_identification:_identify(install) by extension 'ignore'
[0.253s] Level 1:colcon.colcon_core.package_identification:_identify(install) ignored
[0.253s] Level 1:colcon.colcon_core.package_identification:_identify(log) by extensions ['ignore', 'ignore_ament_install']
[0.253s] Level 1:colcon.colcon_core.package_identification:_identify(log) by extension 'ignore'
[0.253s] Level 1:colcon.colcon_core.package_identification:_identify(log) ignored
[0.253s] Level 1:colcon.colcon_core.package_identification:_identify(src) by extensions ['ignore', 'ignore_ament_install']
[0.253s] Level 1:colcon.colcon_core.package_identification:_identify(src) by extension 'ignore'
[0.253s] Level 1:colcon.colcon_core.package_identification:_identify(src) by extension 'ignore_ament_install'
[0.253s] Level 1:colcon.colcon_core.package_identification:_identify(src) by extensions ['colcon_pkg']
[0.253s] Level 1:colcon.colcon_core.package_identification:_identify(src) by extension 'colcon_pkg'
[0.253s] Level 1:colcon.colcon_core.package_identification:_identify(src) by extensions ['colcon_meta']
[0.253s] Level 1:colcon.colcon_core.package_identification:_identify(src) by extension 'colcon_meta'
[0.253s] Level 1:colcon.colcon_core.package_identification:_identify(src) by extensions ['ros']
[0.253s] Level 1:colcon.colcon_core.package_identification:_identify(src) by extension 'ros'
[0.253s] Level 1:colcon.colcon_core.package_identification:_identify(src) by extensions ['cmake', 'python']
[0.253s] Level 1:colcon.colcon_core.package_identification:_identify(src) by extension 'cmake'
[0.253s] Level 1:colcon.colcon_core.package_identification:_identify(src) by extension 'python'
[0.253s] Level 1:colcon.colcon_core.package_identification:_identify(src) by extensions ['python_setup_py']
[0.253s] Level 1:colcon.colcon_core.package_identification:_identify(src) by extension 'python_setup_py'
[0.253s] Level 1:colcon.colcon_core.package_identification:_identify(src/apriltag_ros) by extensions ['ignore', 'ignore_ament_install']
[0.253s] Level 1:colcon.colcon_core.package_identification:_identify(src/apriltag_ros) by extension 'ignore'
[0.253s] Level 1:colcon.colcon_core.package_identification:_identify(src/apriltag_ros) by extension 'ignore_ament_install'
[0.253s] Level 1:colcon.colcon_core.package_identification:_identify(src/apriltag_ros) by extensions ['colcon_pkg']
[0.253s] Level 1:colcon.colcon_core.package_identification:_identify(src/apriltag_ros) by extension 'colcon_pkg'
[0.253s] Level 1:colcon.colcon_core.package_identification:_identify(src/apriltag_ros) by extensions ['colcon_meta']
[0.253s] Level 1:colcon.colcon_core.package_identification:_identify(src/apriltag_ros) by extension 'colcon_meta'
[0.254s] Level 1:colcon.colcon_core.package_identification:_identify(src/apriltag_ros) by extensions ['ros']
[0.254s] Level 1:colcon.colcon_core.package_identification:_identify(src/apriltag_ros) by extension 'ros'
[0.256s] DEBUG:colcon.colcon_core.package_identification:Package 'src/apriltag_ros' with type 'ros.ament_cmake' and name 'apriltag_ros'
[0.256s] Level 1:colcon.colcon_core.package_identification:_identify(src/follow) by extensions ['ignore', 'ignore_ament_install']
[0.256s] Level 1:colcon.colcon_core.package_identification:_identify(src/follow) by extension 'ignore'
[0.256s] Level 1:colcon.colcon_core.package_identification:_identify(src/follow) by extension 'ignore_ament_install'
[0.256s] Level 1:colcon.colcon_core.package_identification:_identify(src/follow) by extensions ['colcon_pkg']
[0.256s] Level 1:colcon.colcon_core.package_identification:_identify(src/follow) by extension 'colcon_pkg'
[0.256s] Level 1:colcon.colcon_core.package_identification:_identify(src/follow) by extensions ['colcon_meta']
[0.256s] Level 1:colcon.colcon_core.package_identification:_identify(src/follow) by extension 'colcon_meta'
[0.256s] Level 1:colcon.colcon_core.package_identification:_identify(src/follow) by extensions ['ros']
[0.256s] Level 1:colcon.colcon_core.package_identification:_identify(src/follow) by extension 'ros'
[0.256s] DEBUG:colcon.colcon_core.package_identification:Package 'src/follow' with type 'ros.ament_python' and name 'follow'
[0.256s] Level 1:colcon.colcon_core.package_identification:_identify(src/human) by extensions ['ignore', 'ignore_ament_install']
[0.256s] Level 1:colcon.colcon_core.package_identification:_identify(src/human) by extension 'ignore'
[0.257s] Level 1:colcon.colcon_core.package_identification:_identify(src/human) by extension 'ignore_ament_install'
[0.257s] Level 1:colcon.colcon_core.package_identification:_identify(src/human) by extensions ['colcon_pkg']
[0.257s] Level 1:colcon.colcon_core.package_identification:_identify(src/human) by extension 'colcon_pkg'
[0.257s] Level 1:colcon.colcon_core.package_identification:_identify(src/human) by extensions ['colcon_meta']
[0.257s] Level 1:colcon.colcon_core.package_identification:_identify(src/human) by extension 'colcon_meta'
[0.257s] Level 1:colcon.colcon_core.package_identification:_identify(src/human) by extensions ['ros']
[0.257s] Level 1:colcon.colcon_core.package_identification:_identify(src/human) by extension 'ros'
[0.257s] DEBUG:colcon.colcon_core.package_identification:Package 'src/human' with type 'ros.ament_python' and name 'human'
[0.257s] Level 1:colcon.colcon_core.package_identification:_identify(src/image) by extensions ['ignore', 'ignore_ament_install']
[0.257s] Level 1:colcon.colcon_core.package_identification:_identify(src/image) by extension 'ignore'
[0.257s] Level 1:colcon.colcon_core.package_identification:_identify(src/image) by extension 'ignore_ament_install'
[0.257s] Level 1:colcon.colcon_core.package_identification:_identify(src/image) by extensions ['colcon_pkg']
[0.257s] Level 1:colcon.colcon_core.package_identification:_identify(src/image) by extension 'colcon_pkg'
[0.257s] Level 1:colcon.colcon_core.package_identification:_identify(src/image) by extensions ['colcon_meta']
[0.257s] Level 1:colcon.colcon_core.package_identification:_identify(src/image) by extension 'colcon_meta'
[0.257s] Level 1:colcon.colcon_core.package_identification:_identify(src/image) by extensions ['ros']
[0.257s] Level 1:colcon.colcon_core.package_identification:_identify(src/image) by extension 'ros'
[0.258s] DEBUG:colcon.colcon_core.package_identification:Package 'src/image' with type 'ros.ament_python' and name 'image'
[0.258s] Level 1:colcon.colcon_core.package_identification:_identify(src/manager) by extensions ['ignore', 'ignore_ament_install']
[0.258s] Level 1:colcon.colcon_core.package_identification:_identify(src/manager) by extension 'ignore'
[0.258s] Level 1:colcon.colcon_core.package_identification:_identify(src/manager) by extension 'ignore_ament_install'
[0.258s] Level 1:colcon.colcon_core.package_identification:_identify(src/manager) by extensions ['colcon_pkg']
[0.258s] Level 1:colcon.colcon_core.package_identification:_identify(src/manager) by extension 'colcon_pkg'
[0.258s] Level 1:colcon.colcon_core.package_identification:_identify(src/manager) by extensions ['colcon_meta']
[0.258s] Level 1:colcon.colcon_core.package_identification:_identify(src/manager) by extension 'colcon_meta'
[0.258s] Level 1:colcon.colcon_core.package_identification:_identify(src/manager) by extensions ['ros']
[0.258s] Level 1:colcon.colcon_core.package_identification:_identify(src/manager) by extension 'ros'
[0.258s] DEBUG:colcon.colcon_core.package_identification:Package 'src/manager' with type 'ros.ament_python' and name 'manager'
[0.258s] Level 1:colcon.colcon_core.package_identification:_identify(src/myinterfaces) by extensions ['ignore', 'ignore_ament_install']
[0.258s] Level 1:colcon.colcon_core.package_identification:_identify(src/myinterfaces) by extension 'ignore'
[0.259s] Level 1:colcon.colcon_core.package_identification:_identify(src/myinterfaces) by extension 'ignore_ament_install'
[0.259s] Level 1:colcon.colcon_core.package_identification:_identify(src/myinterfaces) by extensions ['colcon_pkg']
[0.259s] Level 1:colcon.colcon_core.package_identification:_identify(src/myinterfaces) by extension 'colcon_pkg'
[0.259s] Level 1:colcon.colcon_core.package_identification:_identify(src/myinterfaces) by extensions ['colcon_meta']
[0.259s] Level 1:colcon.colcon_core.package_identification:_identify(src/myinterfaces) by extension 'colcon_meta'
[0.259s] Level 1:colcon.colcon_core.package_identification:_identify(src/myinterfaces) by extensions ['ros']
[0.259s] Level 1:colcon.colcon_core.package_identification:_identify(src/myinterfaces) by extension 'ros'
[0.259s] DEBUG:colcon.colcon_core.package_identification:Package 'src/myinterfaces' with type 'ros.ament_cmake' and name 'myinterfaces'
[0.259s] Level 1:colcon.colcon_core.package_identification:_identify(src/startup) by extensions ['ignore', 'ignore_ament_install']
[0.259s] Level 1:colcon.colcon_core.package_identification:_identify(src/startup) by extension 'ignore'
[0.259s] Level 1:colcon.colcon_core.package_identification:_identify(src/startup) by extension 'ignore_ament_install'
[0.259s] Level 1:colcon.colcon_core.package_identification:_identify(src/startup) by extensions ['colcon_pkg']
[0.259s] Level 1:colcon.colcon_core.package_identification:_identify(src/startup) by extension 'colcon_pkg'
[0.259s] Level 1:colcon.colcon_core.package_identification:_identify(src/startup) by extensions ['colcon_meta']
[0.259s] Level 1:colcon.colcon_core.package_identification:_identify(src/startup) by extension 'colcon_meta'
[0.259s] Level 1:colcon.colcon_core.package_identification:_identify(src/startup) by extensions ['ros']
[0.259s] Level 1:colcon.colcon_core.package_identification:_identify(src/startup) by extension 'ros'
[0.260s] DEBUG:colcon.colcon_core.package_identification:Package 'src/startup' with type 'ros.ament_cmake' and name 'startup'
[0.260s] Level 1:colcon.colcon_core.package_identification:_identify(src/test_listen) by extensions ['ignore', 'ignore_ament_install']
[0.260s] Level 1:colcon.colcon_core.package_identification:_identify(src/test_listen) by extension 'ignore'
[0.260s] Level 1:colcon.colcon_core.package_identification:_identify(src/test_listen) by extension 'ignore_ament_install'
[0.260s] Level 1:colcon.colcon_core.package_identification:_identify(src/test_listen) by extensions ['colcon_pkg']
[0.260s] Level 1:colcon.colcon_core.package_identification:_identify(src/test_listen) by extension 'colcon_pkg'
[0.260s] Level 1:colcon.colcon_core.package_identification:_identify(src/test_listen) by extensions ['colcon_meta']
[0.260s] Level 1:colcon.colcon_core.package_identification:_identify(src/test_listen) by extension 'colcon_meta'
[0.260s] Level 1:colcon.colcon_core.package_identification:_identify(src/test_listen) by extensions ['ros']
[0.260s] Level 1:colcon.colcon_core.package_identification:_identify(src/test_listen) by extension 'ros'
[0.260s] DEBUG:colcon.colcon_core.package_identification:Package 'src/test_listen' with type 'ros.ament_python' and name 'test_listen'
[0.260s] Level 1:colcon.colcon_core.package_identification:_identify(weights) by extensions ['ignore', 'ignore_ament_install']
[0.260s] Level 1:colcon.colcon_core.package_identification:_identify(weights) by extension 'ignore'
[0.260s] Level 1:colcon.colcon_core.package_identification:_identify(weights) by extension 'ignore_ament_install'
[0.260s] Level 1:colcon.colcon_core.package_identification:_identify(weights) by extensions ['colcon_pkg']
[0.260s] Level 1:colcon.colcon_core.package_identification:_identify(weights) by extension 'colcon_pkg'
[0.260s] Level 1:colcon.colcon_core.package_identification:_identify(weights) by extensions ['colcon_meta']
[0.260s] Level 1:colcon.colcon_core.package_identification:_identify(weights) by extension 'colcon_meta'
[0.260s] Level 1:colcon.colcon_core.package_identification:_identify(weights) by extensions ['ros']
[0.260s] Level 1:colcon.colcon_core.package_identification:_identify(weights) by extension 'ros'
[0.261s] Level 1:colcon.colcon_core.package_identification:_identify(weights) by extensions ['cmake', 'python']
[0.261s] Level 1:colcon.colcon_core.package_identification:_identify(weights) by extension 'cmake'
[0.261s] Level 1:colcon.colcon_core.package_identification:_identify(weights) by extension 'python'
[0.261s] Level 1:colcon.colcon_core.package_identification:_identify(weights) by extensions ['python_setup_py']
[0.261s] Level 1:colcon.colcon_core.package_identification:_identify(weights) by extension 'python_setup_py'
[0.261s] Level 1:colcon.colcon_core.package_discovery:discover_packages(recursive) using defaults
[0.261s] Level 1:colcon.colcon_core.package_discovery:discover_packages(ignore) discover
[0.261s] Level 1:colcon.colcon_core.package_discovery:discover_packages(ignore) using defaults
[0.261s] Level 1:colcon.colcon_core.package_discovery:discover_packages(path) discover
[0.261s] Level 1:colcon.colcon_core.package_discovery:discover_packages(path) using defaults
[0.275s] Level 1:colcon.colcon_core.package_discovery:discover_packages(prefix_path) check parameters
[0.275s] Level 1:colcon.colcon_core.package_discovery:discover_packages(prefix_path) discover
[0.277s] DEBUG:colcon.colcon_installed_package_information.package_discovery:Found 9 installed packages in /home/robot/robot_controller_release/ros2_packages
[0.278s] DEBUG:colcon.colcon_installed_package_information.package_discovery:Found 368 installed packages in /opt/ros/humble
[0.279s] Level 1:colcon.colcon_core.package_discovery:discover_packages(prefix_path) using defaults
[0.306s] Level 5:colcon.colcon_core.verb:set package 'apriltag_ros' build argument 'cmake_args' from command line to 'None'
[0.306s] Level 5:colcon.colcon_core.verb:set package 'apriltag_ros' build argument 'cmake_target' from command line to 'None'
[0.306s] Level 5:colcon.colcon_core.verb:set package 'apriltag_ros' build argument 'cmake_target_skip_unavailable' from command line to 'False'
[0.306s] Level 5:colcon.colcon_core.verb:set package 'apriltag_ros' build argument 'cmake_clean_cache' from command line to 'False'
[0.307s] Level 5:colcon.colcon_core.verb:set package 'apriltag_ros' build argument 'cmake_clean_first' from command line to 'False'
[0.307s] Level 5:colcon.colcon_core.verb:set package 'apriltag_ros' build argument 'cmake_force_configure' from command line to 'False'
[0.307s] Level 5:colcon.colcon_core.verb:set package 'apriltag_ros' build argument 'ament_cmake_args' from command line to 'None'
[0.307s] Level 5:colcon.colcon_core.verb:set package 'apriltag_ros' build argument 'catkin_cmake_args' from command line to 'None'
[0.307s] Level 5:colcon.colcon_core.verb:set package 'apriltag_ros' build argument 'catkin_skip_building_tests' from command line to 'False'
[0.307s] DEBUG:colcon.colcon_core.verb:Building package 'apriltag_ros' with the following arguments: {'ament_cmake_args': None, 'build_base': '/home/robot/human_ws/build/apriltag_ros', 'catkin_cmake_args': None, 'catkin_skip_building_tests': False, 'cmake_args': None, 'cmake_clean_cache': False, 'cmake_clean_first': False, 'cmake_force_configure': False, 'cmake_target': None, 'cmake_target_skip_unavailable': False, 'install_base': '/home/robot/human_ws/install/apriltag_ros', 'merge_install': False, 'path': '/home/robot/human_ws/src/apriltag_ros', 'symlink_install': False, 'test_result_base': None}
[0.307s] Level 5:colcon.colcon_core.verb:set package 'follow' build argument 'cmake_args' from command line to 'None'
[0.307s] Level 5:colcon.colcon_core.verb:set package 'follow' build argument 'cmake_target' from command line to 'None'
[0.307s] Level 5:colcon.colcon_core.verb:set package 'follow' build argument 'cmake_target_skip_unavailable' from command line to 'False'
[0.307s] Level 5:colcon.colcon_core.verb:set package 'follow' build argument 'cmake_clean_cache' from command line to 'False'
[0.307s] Level 5:colcon.colcon_core.verb:set package 'follow' build argument 'cmake_clean_first' from command line to 'False'
[0.307s] Level 5:colcon.colcon_core.verb:set package 'follow' build argument 'cmake_force_configure' from command line to 'False'
[0.307s] Level 5:colcon.colcon_core.verb:set package 'follow' build argument 'ament_cmake_args' from command line to 'None'
[0.307s] Level 5:colcon.colcon_core.verb:set package 'follow' build argument 'catkin_cmake_args' from command line to 'None'
[0.307s] Level 5:colcon.colcon_core.verb:set package 'follow' build argument 'catkin_skip_building_tests' from command line to 'False'
[0.307s] DEBUG:colcon.colcon_core.verb:Building package 'follow' with the following arguments: {'ament_cmake_args': None, 'build_base': '/home/robot/human_ws/build/follow', 'catkin_cmake_args': None, 'catkin_skip_building_tests': False, 'cmake_args': None, 'cmake_clean_cache': False, 'cmake_clean_first': False, 'cmake_force_configure': False, 'cmake_target': None, 'cmake_target_skip_unavailable': False, 'install_base': '/home/robot/human_ws/install/follow', 'merge_install': False, 'path': '/home/robot/human_ws/src/follow', 'symlink_install': False, 'test_result_base': None}
[0.307s] Level 5:colcon.colcon_core.verb:set package 'image' build argument 'cmake_args' from command line to 'None'
[0.307s] Level 5:colcon.colcon_core.verb:set package 'image' build argument 'cmake_target' from command line to 'None'
[0.307s] Level 5:colcon.colcon_core.verb:set package 'image' build argument 'cmake_target_skip_unavailable' from command line to 'False'
[0.307s] Level 5:colcon.colcon_core.verb:set package 'image' build argument 'cmake_clean_cache' from command line to 'False'
[0.307s] Level 5:colcon.colcon_core.verb:set package 'image' build argument 'cmake_clean_first' from command line to 'False'
[0.307s] Level 5:colcon.colcon_core.verb:set package 'image' build argument 'cmake_force_configure' from command line to 'False'
[0.307s] Level 5:colcon.colcon_core.verb:set package 'image' build argument 'ament_cmake_args' from command line to 'None'
[0.307s] Level 5:colcon.colcon_core.verb:set package 'image' build argument 'catkin_cmake_args' from command line to 'None'
[0.307s] Level 5:colcon.colcon_core.verb:set package 'image' build argument 'catkin_skip_building_tests' from command line to 'False'
[0.307s] DEBUG:colcon.colcon_core.verb:Building package 'image' with the following arguments: {'ament_cmake_args': None, 'build_base': '/home/robot/human_ws/build/image', 'catkin_cmake_args': None, 'catkin_skip_building_tests': False, 'cmake_args': None, 'cmake_clean_cache': False, 'cmake_clean_first': False, 'cmake_force_configure': False, 'cmake_target': None, 'cmake_target_skip_unavailable': False, 'install_base': '/home/robot/human_ws/install/image', 'merge_install': False, 'path': '/home/robot/human_ws/src/image', 'symlink_install': False, 'test_result_base': None}
[0.307s] Level 5:colcon.colcon_core.verb:set package 'manager' build argument 'cmake_args' from command line to 'None'
[0.308s] Level 5:colcon.colcon_core.verb:set package 'manager' build argument 'cmake_target' from command line to 'None'
[0.308s] Level 5:colcon.colcon_core.verb:set package 'manager' build argument 'cmake_target_skip_unavailable' from command line to 'False'
[0.308s] Level 5:colcon.colcon_core.verb:set package 'manager' build argument 'cmake_clean_cache' from command line to 'False'
[0.308s] Level 5:colcon.colcon_core.verb:set package 'manager' build argument 'cmake_clean_first' from command line to 'False'
[0.308s] Level 5:colcon.colcon_core.verb:set package 'manager' build argument 'cmake_force_configure' from command line to 'False'
[0.308s] Level 5:colcon.colcon_core.verb:set package 'manager' build argument 'ament_cmake_args' from command line to 'None'
[0.308s] Level 5:colcon.colcon_core.verb:set package 'manager' build argument 'catkin_cmake_args' from command line to 'None'
[0.308s] Level 5:colcon.colcon_core.verb:set package 'manager' build argument 'catkin_skip_building_tests' from command line to 'False'
[0.308s] DEBUG:colcon.colcon_core.verb:Building package 'manager' with the following arguments: {'ament_cmake_args': None, 'build_base': '/home/robot/human_ws/build/manager', 'catkin_cmake_args': None, 'catkin_skip_building_tests': False, 'cmake_args': None, 'cmake_clean_cache': False, 'cmake_clean_first': False, 'cmake_force_configure': False, 'cmake_target': None, 'cmake_target_skip_unavailable': False, 'install_base': '/home/robot/human_ws/install/manager', 'merge_install': False, 'path': '/home/robot/human_ws/src/manager', 'symlink_install': False, 'test_result_base': None}
[0.308s] Level 5:colcon.colcon_core.verb:set package 'myinterfaces' build argument 'cmake_args' from command line to 'None'
[0.308s] Level 5:colcon.colcon_core.verb:set package 'myinterfaces' build argument 'cmake_target' from command line to 'None'
[0.308s] Level 5:colcon.colcon_core.verb:set package 'myinterfaces' build argument 'cmake_target_skip_unavailable' from command line to 'False'
[0.308s] Level 5:colcon.colcon_core.verb:set package 'myinterfaces' build argument 'cmake_clean_cache' from command line to 'False'
[0.308s] Level 5:colcon.colcon_core.verb:set package 'myinterfaces' build argument 'cmake_clean_first' from command line to 'False'
[0.308s] Level 5:colcon.colcon_core.verb:set package 'myinterfaces' build argument 'cmake_force_configure' from command line to 'False'
[0.308s] Level 5:colcon.colcon_core.verb:set package 'myinterfaces' build argument 'ament_cmake_args' from command line to 'None'
[0.308s] Level 5:colcon.colcon_core.verb:set package 'myinterfaces' build argument 'catkin_cmake_args' from command line to 'None'
[0.308s] Level 5:colcon.colcon_core.verb:set package 'myinterfaces' build argument 'catkin_skip_building_tests' from command line to 'False'
[0.308s] DEBUG:colcon.colcon_core.verb:Building package 'myinterfaces' with the following arguments: {'ament_cmake_args': None, 'build_base': '/home/robot/human_ws/build/myinterfaces', 'catkin_cmake_args': None, 'catkin_skip_building_tests': False, 'cmake_args': None, 'cmake_clean_cache': False, 'cmake_clean_first': False, 'cmake_force_configure': False, 'cmake_target': None, 'cmake_target_skip_unavailable': False, 'install_base': '/home/robot/human_ws/install/myinterfaces', 'merge_install': False, 'path': '/home/robot/human_ws/src/myinterfaces', 'symlink_install': False, 'test_result_base': None}
[0.308s] Level 5:colcon.colcon_core.verb:set package 'startup' build argument 'cmake_args' from command line to 'None'
[0.308s] Level 5:colcon.colcon_core.verb:set package 'startup' build argument 'cmake_target' from command line to 'None'
[0.308s] Level 5:colcon.colcon_core.verb:set package 'startup' build argument 'cmake_target_skip_unavailable' from command line to 'False'
[0.308s] Level 5:colcon.colcon_core.verb:set package 'startup' build argument 'cmake_clean_cache' from command line to 'False'
[0.308s] Level 5:colcon.colcon_core.verb:set package 'startup' build argument 'cmake_clean_first' from command line to 'False'
[0.308s] Level 5:colcon.colcon_core.verb:set package 'startup' build argument 'cmake_force_configure' from command line to 'False'
[0.308s] Level 5:colcon.colcon_core.verb:set package 'startup' build argument 'ament_cmake_args' from command line to 'None'
[0.308s] Level 5:colcon.colcon_core.verb:set package 'startup' build argument 'catkin_cmake_args' from command line to 'None'
[0.308s] Level 5:colcon.colcon_core.verb:set package 'startup' build argument 'catkin_skip_building_tests' from command line to 'False'
[0.308s] DEBUG:colcon.colcon_core.verb:Building package 'startup' with the following arguments: {'ament_cmake_args': None, 'build_base': '/home/robot/human_ws/build/startup', 'catkin_cmake_args': None, 'catkin_skip_building_tests': False, 'cmake_args': None, 'cmake_clean_cache': False, 'cmake_clean_first': False, 'cmake_force_configure': False, 'cmake_target': None, 'cmake_target_skip_unavailable': False, 'install_base': '/home/robot/human_ws/install/startup', 'merge_install': False, 'path': '/home/robot/human_ws/src/startup', 'symlink_install': False, 'test_result_base': None}
[0.308s] Level 5:colcon.colcon_core.verb:set package 'test_listen' build argument 'cmake_args' from command line to 'None'
[0.308s] Level 5:colcon.colcon_core.verb:set package 'test_listen' build argument 'cmake_target' from command line to 'None'
[0.308s] Level 5:colcon.colcon_core.verb:set package 'test_listen' build argument 'cmake_target_skip_unavailable' from command line to 'False'
[0.308s] Level 5:colcon.colcon_core.verb:set package 'test_listen' build argument 'cmake_clean_cache' from command line to 'False'
[0.309s] Level 5:colcon.colcon_core.verb:set package 'test_listen' build argument 'cmake_clean_first' from command line to 'False'
[0.309s] Level 5:colcon.colcon_core.verb:set package 'test_listen' build argument 'cmake_force_configure' from command line to 'False'
[0.309s] Level 5:colcon.colcon_core.verb:set package 'test_listen' build argument 'ament_cmake_args' from command line to 'None'
[0.309s] Level 5:colcon.colcon_core.verb:set package 'test_listen' build argument 'catkin_cmake_args' from command line to 'None'
[0.309s] Level 5:colcon.colcon_core.verb:set package 'test_listen' build argument 'catkin_skip_building_tests' from command line to 'False'
[0.309s] DEBUG:colcon.colcon_core.verb:Building package 'test_listen' with the following arguments: {'ament_cmake_args': None, 'build_base': '/home/robot/human_ws/build/test_listen', 'catkin_cmake_args': None, 'catkin_skip_building_tests': False, 'cmake_args': None, 'cmake_clean_cache': False, 'cmake_clean_first': False, 'cmake_force_configure': False, 'cmake_target': None, 'cmake_target_skip_unavailable': False, 'install_base': '/home/robot/human_ws/install/test_listen', 'merge_install': False, 'path': '/home/robot/human_ws/src/test_listen', 'symlink_install': False, 'test_result_base': None}
[0.309s] Level 5:colcon.colcon_core.verb:set package 'human' build argument 'cmake_args' from command line to 'None'
[0.309s] Level 5:colcon.colcon_core.verb:set package 'human' build argument 'cmake_target' from command line to 'None'
[0.309s] Level 5:colcon.colcon_core.verb:set package 'human' build argument 'cmake_target_skip_unavailable' from command line to 'False'
[0.309s] Level 5:colcon.colcon_core.verb:set package 'human' build argument 'cmake_clean_cache' from command line to 'False'
[0.309s] Level 5:colcon.colcon_core.verb:set package 'human' build argument 'cmake_clean_first' from command line to 'False'
[0.309s] Level 5:colcon.colcon_core.verb:set package 'human' build argument 'cmake_force_configure' from command line to 'False'
[0.309s] Level 5:colcon.colcon_core.verb:set package 'human' build argument 'ament_cmake_args' from command line to 'None'
[0.309s] Level 5:colcon.colcon_core.verb:set package 'human' build argument 'catkin_cmake_args' from command line to 'None'
[0.309s] Level 5:colcon.colcon_core.verb:set package 'human' build argument 'catkin_skip_building_tests' from command line to 'False'
[0.309s] DEBUG:colcon.colcon_core.verb:Building package 'human' with the following arguments: {'ament_cmake_args': None, 'build_base': '/home/robot/human_ws/build/human', 'catkin_cmake_args': None, 'catkin_skip_building_tests': False, 'cmake_args': None, 'cmake_clean_cache': False, 'cmake_clean_first': False, 'cmake_force_configure': False, 'cmake_target': None, 'cmake_target_skip_unavailable': False, 'install_base': '/home/robot/human_ws/install/human', 'merge_install': False, 'path': '/home/robot/human_ws/src/human', 'symlink_install': False, 'test_result_base': None}
[0.309s] INFO:colcon.colcon_core.executor:Executing jobs using 'parallel' executor
[0.310s] DEBUG:colcon.colcon_parallel_executor.executor.parallel:run_until_complete
[0.310s] INFO:colcon.colcon_ros.task.ament_cmake.build:Building ROS package in '/home/robot/human_ws/src/myinterfaces' with build type 'ament_cmake'
[0.310s] INFO:colcon.colcon_cmake.task.cmake.build:Building CMake package in '/home/robot/human_ws/src/myinterfaces'
[0.313s] INFO:colcon.colcon_core.plugin_system:Skipping extension 'colcon_core.shell.bat': Not used on non-Windows systems
[0.313s] INFO:colcon.colcon_core.shell:Skip shell extension 'powershell' for command environment: Not usable outside of PowerShell
[0.313s] DEBUG:colcon.colcon_core.shell:Skip shell extension 'dsv' for command environment
[0.319s] INFO:colcon.colcon_ros.task.ament_cmake.build:Building ROS package in '/home/robot/human_ws/src/apriltag_ros' with build type 'ament_cmake'
[0.319s] INFO:colcon.colcon_cmake.task.cmake.build:Building CMake package in '/home/robot/human_ws/src/apriltag_ros'
[0.319s] INFO:colcon.colcon_core.shell:Skip shell extension 'powershell' for command environment: Not usable outside of PowerShell
[0.319s] DEBUG:colcon.colcon_core.shell:Skip shell extension 'dsv' for command environment
[0.325s] INFO:colcon.colcon_ros.task.ament_python.build:Building ROS package in '/home/robot/human_ws/src/follow' with build type 'ament_python'
[0.325s] Level 1:colcon.colcon_core.shell:create_environment_hook('follow', 'ament_prefix_path')
[0.326s] INFO:colcon.colcon_core.shell:Creating environment hook '/home/robot/human_ws/install/follow/share/follow/hook/ament_prefix_path.ps1'
[0.327s] INFO:colcon.colcon_core.shell:Creating environment descriptor '/home/robot/human_ws/install/follow/share/follow/hook/ament_prefix_path.dsv'
[0.327s] INFO:colcon.colcon_core.shell:Creating environment hook '/home/robot/human_ws/install/follow/share/follow/hook/ament_prefix_path.sh'
[0.328s] INFO:colcon.colcon_core.shell:Skip shell extension 'powershell' for command environment: Not usable outside of PowerShell
[0.328s] DEBUG:colcon.colcon_core.shell:Skip shell extension 'dsv' for command environment
[0.333s] INFO:colcon.colcon_ros.task.ament_python.build:Building ROS package in '/home/robot/human_ws/src/image' with build type 'ament_python'
[0.333s] Level 1:colcon.colcon_core.shell:create_environment_hook('image', 'ament_prefix_path')
[0.334s] INFO:colcon.colcon_core.shell:Creating environment hook '/home/robot/human_ws/install/image/share/image/hook/ament_prefix_path.ps1'
[0.335s] INFO:colcon.colcon_core.shell:Creating environment descriptor '/home/robot/human_ws/install/image/share/image/hook/ament_prefix_path.dsv'
[0.336s] INFO:colcon.colcon_core.shell:Creating environment hook '/home/robot/human_ws/install/image/share/image/hook/ament_prefix_path.sh'
[0.339s] INFO:colcon.colcon_core.shell:Skip shell extension 'powershell' for command environment: Not usable outside of PowerShell
[0.339s] DEBUG:colcon.colcon_core.shell:Skip shell extension 'dsv' for command environment
[0.345s] INFO:colcon.colcon_ros.task.ament_python.build:Building ROS package in '/home/robot/human_ws/src/manager' with build type 'ament_python'
[0.345s] Level 1:colcon.colcon_core.shell:create_environment_hook('manager', 'ament_prefix_path')
[0.346s] INFO:colcon.colcon_core.shell:Creating environment hook '/home/robot/human_ws/install/manager/share/manager/hook/ament_prefix_path.ps1'
[0.347s] INFO:colcon.colcon_core.shell:Creating environment descriptor '/home/robot/human_ws/install/manager/share/manager/hook/ament_prefix_path.dsv'
[0.348s] INFO:colcon.colcon_core.shell:Creating environment hook '/home/robot/human_ws/install/manager/share/manager/hook/ament_prefix_path.sh'
[0.349s] INFO:colcon.colcon_core.shell:Skip shell extension 'powershell' for command environment: Not usable outside of PowerShell
[0.349s] DEBUG:colcon.colcon_core.shell:Skip shell extension 'dsv' for command environment
[0.355s] INFO:colcon.colcon_ros.task.ament_cmake.build:Building ROS package in '/home/robot/human_ws/src/startup' with build type 'ament_cmake'
[0.355s] INFO:colcon.colcon_cmake.task.cmake.build:Building CMake package in '/home/robot/human_ws/src/startup'
[0.355s] INFO:colcon.colcon_core.shell:Skip shell extension 'powershell' for command environment: Not usable outside of PowerShell
[0.355s] DEBUG:colcon.colcon_core.shell:Skip shell extension 'dsv' for command environment
[0.360s] INFO:colcon.colcon_ros.task.ament_python.build:Building ROS package in '/home/robot/human_ws/src/test_listen' with build type 'ament_python'
[0.361s] Level 1:colcon.colcon_core.shell:create_environment_hook('test_listen', 'ament_prefix_path')
[0.361s] INFO:colcon.colcon_core.shell:Creating environment hook '/home/robot/human_ws/install/test_listen/share/test_listen/hook/ament_prefix_path.ps1'
[0.362s] INFO:colcon.colcon_core.shell:Creating environment descriptor '/home/robot/human_ws/install/test_listen/share/test_listen/hook/ament_prefix_path.dsv'
[0.365s] INFO:colcon.colcon_core.shell:Creating environment hook '/home/robot/human_ws/install/test_listen/share/test_listen/hook/ament_prefix_path.sh'
[0.367s] INFO:colcon.colcon_core.shell:Skip shell extension 'powershell' for command environment: Not usable outside of PowerShell
[0.367s] DEBUG:colcon.colcon_core.shell:Skip shell extension 'dsv' for command environment
[0.382s] DEBUG:colcon.colcon_core.event_handler.log_command:Invoking command in '/home/robot/human_ws/build/myinterfaces': CMAKE_PREFIX_PATH=${CMAKE_PREFIX_PATH}:/home/robot/robot_controller_release/ros2_packages/object_detect_track_node_py:/opt/ros/humble /usr/bin/cmake --build /home/robot/human_ws/build/myinterfaces -- -j16 -l16
[0.388s] DEBUG:colcon.colcon_core.event_handler.log_command:Invoking command in '/home/robot/human_ws/build/apriltag_ros': CMAKE_PREFIX_PATH=${CMAKE_PREFIX_PATH}:/home/robot/robot_controller_release/ros2_packages/object_detect_track_node_py:/opt/ros/humble /usr/bin/cmake --build /home/robot/human_ws/build/apriltag_ros -- -j16 -l16
[0.831s] INFO:colcon.colcon_core.task.python.build:Building Python package in '/home/robot/human_ws/src/follow'
[0.833s] INFO:colcon.colcon_core.shell:Skip shell extension 'powershell' for command environment: Not usable outside of PowerShell
[0.833s] DEBUG:colcon.colcon_core.shell:Skip shell extension 'dsv' for command environment
[1.160s] INFO:colcon.colcon_core.task.python.build:Building Python package in '/home/robot/human_ws/src/image'
[1.160s] INFO:colcon.colcon_core.shell:Skip shell extension 'powershell' for command environment: Not usable outside of PowerShell
[1.160s] DEBUG:colcon.colcon_core.shell:Skip shell extension 'dsv' for command environment
[1.458s] INFO:colcon.colcon_core.task.python.build:Building Python package in '/home/robot/human_ws/src/manager'
[1.458s] INFO:colcon.colcon_core.shell:Skip shell extension 'powershell' for command environment: Not usable outside of PowerShell
[1.458s] DEBUG:colcon.colcon_core.shell:Skip shell extension 'dsv' for command environment
[1.465s] DEBUG:colcon.colcon_core.event_handler.log_command:Invoking command in '/home/robot/human_ws/build/startup': CMAKE_PREFIX_PATH=${CMAKE_PREFIX_PATH}:/home/robot/robot_controller_release/ros2_packages/object_detect_track_node_py:/opt/ros/humble /usr/bin/cmake --build /home/robot/human_ws/build/startup -- -j16 -l16
[1.749s] INFO:colcon.colcon_core.task.python.build:Building Python package in '/home/robot/human_ws/src/test_listen'
[1.750s] INFO:colcon.colcon_core.shell:Skip shell extension 'powershell' for command environment: Not usable outside of PowerShell
[1.750s] DEBUG:colcon.colcon_core.shell:Skip shell extension 'dsv' for command environment
[1.759s] DEBUG:colcon.colcon_core.event_handler.log_command:Invoked command in '/home/robot/human_ws/build/myinterfaces' returned '0': CMAKE_PREFIX_PATH=${CMAKE_PREFIX_PATH}:/home/robot/robot_controller_release/ros2_packages/object_detect_track_node_py:/opt/ros/humble /usr/bin/cmake --build /home/robot/human_ws/build/myinterfaces -- -j16 -l16
[1.760s] DEBUG:colcon.colcon_core.event_handler.log_command:Invoked command in '/home/robot/human_ws/build/apriltag_ros' returned '0': CMAKE_PREFIX_PATH=${CMAKE_PREFIX_PATH}:/home/robot/robot_controller_release/ros2_packages/object_detect_track_node_py:/opt/ros/humble /usr/bin/cmake --build /home/robot/human_ws/build/apriltag_ros -- -j16 -l16
[1.767s] DEBUG:colcon.colcon_core.event_handler.log_command:Invoked command in '/home/robot/human_ws/build/startup' returned '0': CMAKE_PREFIX_PATH=${CMAKE_PREFIX_PATH}:/home/robot/robot_controller_release/ros2_packages/object_detect_track_node_py:/opt/ros/humble /usr/bin/cmake --build /home/robot/human_ws/build/startup -- -j16 -l16
[1.815s] DEBUG:colcon.colcon_core.event_handler.log_command:Invoking command in '/home/robot/human_ws/build/startup': CMAKE_PREFIX_PATH=${CMAKE_PREFIX_PATH}:/home/robot/robot_controller_release/ros2_packages/object_detect_track_node_py:/opt/ros/humble /usr/bin/cmake --install /home/robot/human_ws/build/startup
[1.819s] DEBUG:colcon.colcon_core.event_handler.log_command:Invoking command in '/home/robot/human_ws/build/apriltag_ros': CMAKE_PREFIX_PATH=${CMAKE_PREFIX_PATH}:/home/robot/robot_controller_release/ros2_packages/object_detect_track_node_py:/opt/ros/humble /usr/bin/cmake --install /home/robot/human_ws/build/apriltag_ros
[1.834s] Level 1:colcon.colcon_core.environment:create_environment_scripts_only(startup)
[1.838s] DEBUG:colcon.colcon_core.event_handler.log_command:Invoked command in '/home/robot/human_ws/build/startup' returned '0': CMAKE_PREFIX_PATH=${CMAKE_PREFIX_PATH}:/home/robot/robot_controller_release/ros2_packages/object_detect_track_node_py:/opt/ros/humble /usr/bin/cmake --install /home/robot/human_ws/build/startup
[1.840s] Level 1:colcon.colcon_core.environment:checking '/home/robot/human_ws/install/startup' for CMake module files
[1.841s] Level 1:colcon.colcon_core.environment:checking '/home/robot/human_ws/install/startup' for CMake config files
[1.841s] Level 1:colcon.colcon_core.shell:create_environment_hook('startup', 'cmake_prefix_path')
[1.842s] INFO:colcon.colcon_core.shell:Creating environment hook '/home/robot/human_ws/install/startup/share/startup/hook/cmake_prefix_path.ps1'
[1.843s] INFO:colcon.colcon_core.shell:Creating environment descriptor '/home/robot/human_ws/install/startup/share/startup/hook/cmake_prefix_path.dsv'
[1.843s] INFO:colcon.colcon_core.shell:Creating environment hook '/home/robot/human_ws/install/startup/share/startup/hook/cmake_prefix_path.sh'
[1.845s] Level 1:colcon.colcon_core.environment:checking '/home/robot/human_ws/install/startup/bin'
[1.845s] Level 1:colcon.colcon_core.environment:checking '/home/robot/human_ws/install/startup/lib/pkgconfig/startup.pc'
[1.845s] Level 1:colcon.colcon_core.environment:checking '/home/robot/human_ws/install/startup/lib/python3.10/site-packages'
[1.845s] Level 1:colcon.colcon_core.environment:checking '/home/robot/human_ws/install/startup/bin'
[1.846s] INFO:colcon.colcon_core.shell:Creating package script '/home/robot/human_ws/install/startup/share/startup/package.ps1'
[1.847s] INFO:colcon.colcon_core.shell:Creating package descriptor '/home/robot/human_ws/install/startup/share/startup/package.dsv'
[1.849s] INFO:colcon.colcon_core.shell:Creating package script '/home/robot/human_ws/install/startup/share/startup/package.sh'
[1.850s] INFO:colcon.colcon_core.shell:Creating package script '/home/robot/human_ws/install/startup/share/startup/package.bash'
[1.851s] INFO:colcon.colcon_core.shell:Creating package script '/home/robot/human_ws/install/startup/share/startup/package.zsh'
[1.854s] Level 1:colcon.colcon_core.environment:create_file_with_runtime_dependencies(/home/robot/human_ws/install/startup/share/colcon-core/packages/startup)
[1.856s] Level 1:colcon.colcon_core.environment:create_environment_scripts_only(apriltag_ros)
[1.857s] Level 1:colcon.colcon_core.environment:checking '/home/robot/human_ws/install/apriltag_ros' for CMake module files
[1.858s] DEBUG:colcon.colcon_core.event_handler.log_command:Invoked command in '/home/robot/human_ws/build/apriltag_ros' returned '0': CMAKE_PREFIX_PATH=${CMAKE_PREFIX_PATH}:/home/robot/robot_controller_release/ros2_packages/object_detect_track_node_py:/opt/ros/humble /usr/bin/cmake --install /home/robot/human_ws/build/apriltag_ros
[1.859s] Level 1:colcon.colcon_core.environment:checking '/home/robot/human_ws/install/apriltag_ros' for CMake config files
[1.859s] Level 1:colcon.colcon_core.shell:create_environment_hook('apriltag_ros', 'cmake_prefix_path')
[1.860s] INFO:colcon.colcon_core.shell:Creating environment hook '/home/robot/human_ws/install/apriltag_ros/share/apriltag_ros/hook/cmake_prefix_path.ps1'
[1.861s] INFO:colcon.colcon_core.shell:Creating environment descriptor '/home/robot/human_ws/install/apriltag_ros/share/apriltag_ros/hook/cmake_prefix_path.dsv'
[1.861s] INFO:colcon.colcon_core.shell:Creating environment hook '/home/robot/human_ws/install/apriltag_ros/share/apriltag_ros/hook/cmake_prefix_path.sh'
[1.862s] Level 1:colcon.colcon_core.environment:checking '/home/robot/human_ws/install/apriltag_ros/lib'
[1.863s] Level 1:colcon.colcon_core.shell:create_environment_hook('apriltag_ros', 'ld_library_path_lib')
[1.864s] INFO:colcon.colcon_core.shell:Creating environment hook '/home/robot/human_ws/install/apriltag_ros/share/apriltag_ros/hook/ld_library_path_lib.ps1'
[1.865s] INFO:colcon.colcon_core.shell:Creating environment descriptor '/home/robot/human_ws/install/apriltag_ros/share/apriltag_ros/hook/ld_library_path_lib.dsv'
[1.865s] INFO:colcon.colcon_core.shell:Creating environment hook '/home/robot/human_ws/install/apriltag_ros/share/apriltag_ros/hook/ld_library_path_lib.sh'
[1.866s] Level 1:colcon.colcon_core.environment:checking '/home/robot/human_ws/install/apriltag_ros/bin'
[1.866s] Level 1:colcon.colcon_core.environment:checking '/home/robot/human_ws/install/apriltag_ros/lib/pkgconfig/apriltag_ros.pc'
[1.867s] Level 1:colcon.colcon_core.environment:checking '/home/robot/human_ws/install/apriltag_ros/lib/python3.10/site-packages'
[1.867s] Level 1:colcon.colcon_core.environment:checking '/home/robot/human_ws/install/apriltag_ros/bin'
[1.868s] INFO:colcon.colcon_core.shell:Creating package script '/home/robot/human_ws/install/apriltag_ros/share/apriltag_ros/package.ps1'
[1.869s] INFO:colcon.colcon_core.shell:Creating package descriptor '/home/robot/human_ws/install/apriltag_ros/share/apriltag_ros/package.dsv'
[1.869s] INFO:colcon.colcon_core.shell:Creating package script '/home/robot/human_ws/install/apriltag_ros/share/apriltag_ros/package.sh'
[1.870s] INFO:colcon.colcon_core.shell:Creating package script '/home/robot/human_ws/install/apriltag_ros/share/apriltag_ros/package.bash'
[1.870s] INFO:colcon.colcon_core.shell:Creating package script '/home/robot/human_ws/install/apriltag_ros/share/apriltag_ros/package.zsh'
[1.871s] Level 1:colcon.colcon_core.environment:create_file_with_runtime_dependencies(/home/robot/human_ws/install/apriltag_ros/share/colcon-core/packages/apriltag_ros)
[1.879s] Level 1:colcon.colcon_core.environment:create_environment_scripts_only(startup)
[1.879s] Level 1:colcon.colcon_core.environment:checking '/home/robot/human_ws/install/startup' for CMake module files
[1.880s] Level 1:colcon.colcon_core.environment:checking '/home/robot/human_ws/install/startup' for CMake config files
[1.880s] Level 1:colcon.colcon_core.shell:create_environment_hook('startup', 'cmake_prefix_path')
[1.880s] INFO:colcon.colcon_core.shell:Creating environment hook '/home/robot/human_ws/install/startup/share/startup/hook/cmake_prefix_path.ps1'
[1.881s] INFO:colcon.colcon_core.shell:Creating environment descriptor '/home/robot/human_ws/install/startup/share/startup/hook/cmake_prefix_path.dsv'
[1.881s] INFO:colcon.colcon_core.shell:Creating environment hook '/home/robot/human_ws/install/startup/share/startup/hook/cmake_prefix_path.sh'
[1.881s] Level 1:colcon.colcon_core.environment:checking '/home/robot/human_ws/install/startup/bin'
[1.881s] Level 1:colcon.colcon_core.environment:checking '/home/robot/human_ws/install/startup/lib/pkgconfig/startup.pc'
[1.881s] Level 1:colcon.colcon_core.environment:checking '/home/robot/human_ws/install/startup/lib/python3.10/site-packages'
[1.882s] Level 1:colcon.colcon_core.environment:checking '/home/robot/human_ws/install/startup/bin'
[1.882s] INFO:colcon.colcon_core.shell:Creating package script '/home/robot/human_ws/install/startup/share/startup/package.ps1'
[1.882s] INFO:colcon.colcon_core.shell:Creating package descriptor '/home/robot/human_ws/install/startup/share/startup/package.dsv'
[1.883s] INFO:colcon.colcon_core.shell:Creating package script '/home/robot/human_ws/install/startup/share/startup/package.sh'
[1.884s] INFO:colcon.colcon_core.shell:Creating package script '/home/robot/human_ws/install/startup/share/startup/package.bash'
[1.885s] INFO:colcon.colcon_core.shell:Creating package script '/home/robot/human_ws/install/startup/share/startup/package.zsh'
[1.885s] Level 1:colcon.colcon_core.environment:create_file_with_runtime_dependencies(/home/robot/human_ws/install/startup/share/colcon-core/packages/startup)
[1.908s] Level 1:colcon.colcon_core.environment:create_environment_scripts_only(apriltag_ros)
[1.909s] Level 1:colcon.colcon_core.environment:checking '/home/robot/human_ws/install/apriltag_ros' for CMake module files
[1.910s] Level 1:colcon.colcon_core.environment:checking '/home/robot/human_ws/install/apriltag_ros' for CMake config files
[1.910s] Level 1:colcon.colcon_core.shell:create_environment_hook('apriltag_ros', 'cmake_prefix_path')
[1.910s] INFO:colcon.colcon_core.shell:Creating environment hook '/home/robot/human_ws/install/apriltag_ros/share/apriltag_ros/hook/cmake_prefix_path.ps1'
[1.911s] INFO:colcon.colcon_core.shell:Creating environment descriptor '/home/robot/human_ws/install/apriltag_ros/share/apriltag_ros/hook/cmake_prefix_path.dsv'
[1.912s] INFO:colcon.colcon_core.shell:Creating environment hook '/home/robot/human_ws/install/apriltag_ros/share/apriltag_ros/hook/cmake_prefix_path.sh'
[1.912s] Level 1:colcon.colcon_core.environment:checking '/home/robot/human_ws/install/apriltag_ros/lib'
[1.912s] Level 1:colcon.colcon_core.shell:create_environment_hook('apriltag_ros', 'ld_library_path_lib')
[1.913s] INFO:colcon.colcon_core.shell:Creating environment hook '/home/robot/human_ws/install/apriltag_ros/share/apriltag_ros/hook/ld_library_path_lib.ps1'
[1.913s] INFO:colcon.colcon_core.shell:Creating environment descriptor '/home/robot/human_ws/install/apriltag_ros/share/apriltag_ros/hook/ld_library_path_lib.dsv'
[1.913s] INFO:colcon.colcon_core.shell:Creating environment hook '/home/robot/human_ws/install/apriltag_ros/share/apriltag_ros/hook/ld_library_path_lib.sh'
[1.913s] Level 1:colcon.colcon_core.environment:checking '/home/robot/human_ws/install/apriltag_ros/bin'
[1.914s] Level 1:colcon.colcon_core.environment:checking '/home/robot/human_ws/install/apriltag_ros/lib/pkgconfig/apriltag_ros.pc'
[1.914s] Level 1:colcon.colcon_core.environment:checking '/home/robot/human_ws/install/apriltag_ros/lib/python3.10/site-packages'
[1.914s] Level 1:colcon.colcon_core.environment:checking '/home/robot/human_ws/install/apriltag_ros/bin'
[1.914s] INFO:colcon.colcon_core.shell:Creating package script '/home/robot/human_ws/install/apriltag_ros/share/apriltag_ros/package.ps1'
[1.916s] INFO:colcon.colcon_core.shell:Creating package descriptor '/home/robot/human_ws/install/apriltag_ros/share/apriltag_ros/package.dsv'
[1.917s] INFO:colcon.colcon_core.shell:Creating package script '/home/robot/human_ws/install/apriltag_ros/share/apriltag_ros/package.sh'
[1.917s] INFO:colcon.colcon_core.shell:Creating package script '/home/robot/human_ws/install/apriltag_ros/share/apriltag_ros/package.bash'
[1.918s] INFO:colcon.colcon_core.shell:Creating package script '/home/robot/human_ws/install/apriltag_ros/share/apriltag_ros/package.zsh'
[1.919s] Level 1:colcon.colcon_core.environment:create_file_with_runtime_dependencies(/home/robot/human_ws/install/apriltag_ros/share/colcon-core/packages/apriltag_ros)
[1.939s] DEBUG:colcon.colcon_core.event_handler.log_command:Invoking command in '/home/robot/human_ws/build/myinterfaces': CMAKE_PREFIX_PATH=${CMAKE_PREFIX_PATH}:/home/robot/robot_controller_release/ros2_packages/object_detect_track_node_py:/opt/ros/humble /usr/bin/cmake --install /home/robot/human_ws/build/myinterfaces
[2.016s] Level 1:colcon.colcon_core.environment:create_environment_scripts_only(myinterfaces)
[2.017s] Level 1:colcon.colcon_core.environment:checking '/home/robot/human_ws/install/myinterfaces' for CMake module files
[2.019s] Level 1:colcon.colcon_core.environment:checking '/home/robot/human_ws/install/myinterfaces' for CMake config files
[2.019s] DEBUG:colcon.colcon_core.event_handler.log_command:Invoked command in '/home/robot/human_ws/build/myinterfaces' returned '0': CMAKE_PREFIX_PATH=${CMAKE_PREFIX_PATH}:/home/robot/robot_controller_release/ros2_packages/object_detect_track_node_py:/opt/ros/humble /usr/bin/cmake --install /home/robot/human_ws/build/myinterfaces
[2.020s] Level 1:colcon.colcon_core.shell:create_environment_hook('myinterfaces', 'cmake_prefix_path')
[2.021s] INFO:colcon.colcon_core.shell:Creating environment hook '/home/robot/human_ws/install/myinterfaces/share/myinterfaces/hook/cmake_prefix_path.ps1'
[2.022s] INFO:colcon.colcon_core.shell:Creating environment descriptor '/home/robot/human_ws/install/myinterfaces/share/myinterfaces/hook/cmake_prefix_path.dsv'
[2.022s] INFO:colcon.colcon_core.shell:Creating environment hook '/home/robot/human_ws/install/myinterfaces/share/myinterfaces/hook/cmake_prefix_path.sh'
[2.023s] Level 1:colcon.colcon_core.environment:checking '/home/robot/human_ws/install/myinterfaces/lib'
[2.023s] Level 1:colcon.colcon_core.shell:create_environment_hook('myinterfaces', 'ld_library_path_lib')
[2.023s] INFO:colcon.colcon_core.shell:Creating environment hook '/home/robot/human_ws/install/myinterfaces/share/myinterfaces/hook/ld_library_path_lib.ps1'
[2.024s] INFO:colcon.colcon_core.shell:Creating environment descriptor '/home/robot/human_ws/install/myinterfaces/share/myinterfaces/hook/ld_library_path_lib.dsv'
[2.024s] INFO:colcon.colcon_core.shell:Creating environment hook '/home/robot/human_ws/install/myinterfaces/share/myinterfaces/hook/ld_library_path_lib.sh'
[2.024s] Level 1:colcon.colcon_core.environment:checking '/home/robot/human_ws/install/myinterfaces/bin'
[2.024s] Level 1:colcon.colcon_core.environment:checking '/home/robot/human_ws/install/myinterfaces/lib/pkgconfig/myinterfaces.pc'
[2.025s] Level 1:colcon.colcon_core.environment:checking '/home/robot/human_ws/install/myinterfaces/lib/python3.10/site-packages'
[2.025s] Level 1:colcon.colcon_core.environment:checking '/home/robot/human_ws/install/myinterfaces/bin'
[2.025s] INFO:colcon.colcon_core.shell:Creating package script '/home/robot/human_ws/install/myinterfaces/share/myinterfaces/package.ps1'
[2.026s] INFO:colcon.colcon_core.shell:Creating package descriptor '/home/robot/human_ws/install/myinterfaces/share/myinterfaces/package.dsv'
[2.026s] INFO:colcon.colcon_core.shell:Creating package script '/home/robot/human_ws/install/myinterfaces/share/myinterfaces/package.sh'
[2.027s] INFO:colcon.colcon_core.shell:Creating package script '/home/robot/human_ws/install/myinterfaces/share/myinterfaces/package.bash'
[2.028s] INFO:colcon.colcon_core.shell:Creating package script '/home/robot/human_ws/install/myinterfaces/share/myinterfaces/package.zsh'
[2.028s] Level 1:colcon.colcon_core.environment:create_file_with_runtime_dependencies(/home/robot/human_ws/install/myinterfaces/share/colcon-core/packages/myinterfaces)
[2.220s] Level 1:colcon.colcon_core.environment:create_environment_scripts_only(myinterfaces)
[2.220s] Level 1:colcon.colcon_core.environment:checking '/home/robot/human_ws/install/myinterfaces' for CMake module files
[2.221s] Level 1:colcon.colcon_core.environment:checking '/home/robot/human_ws/install/myinterfaces' for CMake config files
[2.222s] Level 1:colcon.colcon_core.shell:create_environment_hook('myinterfaces', 'cmake_prefix_path')
[2.222s] INFO:colcon.colcon_core.shell:Creating environment hook '/home/robot/human_ws/install/myinterfaces/share/myinterfaces/hook/cmake_prefix_path.ps1'
[2.223s] INFO:colcon.colcon_core.shell:Creating environment descriptor '/home/robot/human_ws/install/myinterfaces/share/myinterfaces/hook/cmake_prefix_path.dsv'
[2.224s] INFO:colcon.colcon_core.shell:Creating environment hook '/home/robot/human_ws/install/myinterfaces/share/myinterfaces/hook/cmake_prefix_path.sh'
[2.225s] Level 1:colcon.colcon_core.environment:checking '/home/robot/human_ws/install/myinterfaces/lib'
[2.225s] Level 1:colcon.colcon_core.shell:create_environment_hook('myinterfaces', 'ld_library_path_lib')
[2.225s] INFO:colcon.colcon_core.shell:Creating environment hook '/home/robot/human_ws/install/myinterfaces/share/myinterfaces/hook/ld_library_path_lib.ps1'
[2.226s] INFO:colcon.colcon_core.shell:Creating environment descriptor '/home/robot/human_ws/install/myinterfaces/share/myinterfaces/hook/ld_library_path_lib.dsv'
[2.226s] INFO:colcon.colcon_core.shell:Creating environment hook '/home/robot/human_ws/install/myinterfaces/share/myinterfaces/hook/ld_library_path_lib.sh'
[2.227s] Level 1:colcon.colcon_core.environment:checking '/home/robot/human_ws/install/myinterfaces/bin'
[2.227s] Level 1:colcon.colcon_core.environment:checking '/home/robot/human_ws/install/myinterfaces/lib/pkgconfig/myinterfaces.pc'
[2.227s] Level 1:colcon.colcon_core.environment:checking '/home/robot/human_ws/install/myinterfaces/lib/python3.10/site-packages'
[2.227s] Level 1:colcon.colcon_core.environment:checking '/home/robot/human_ws/install/myinterfaces/bin'
[2.228s] INFO:colcon.colcon_core.shell:Creating package script '/home/robot/human_ws/install/myinterfaces/share/myinterfaces/package.ps1'
[2.228s] INFO:colcon.colcon_core.shell:Creating package descriptor '/home/robot/human_ws/install/myinterfaces/share/myinterfaces/package.dsv'
[2.229s] INFO:colcon.colcon_core.shell:Creating package script '/home/robot/human_ws/install/myinterfaces/share/myinterfaces/package.sh'
[2.229s] INFO:colcon.colcon_core.shell:Creating package script '/home/robot/human_ws/install/myinterfaces/share/myinterfaces/package.bash'
[2.230s] INFO:colcon.colcon_core.shell:Creating package script '/home/robot/human_ws/install/myinterfaces/share/myinterfaces/package.zsh'
[2.231s] Level 1:colcon.colcon_core.environment:create_file_with_runtime_dependencies(/home/robot/human_ws/install/myinterfaces/share/colcon-core/packages/myinterfaces)
[2.231s] INFO:colcon.colcon_ros.task.ament_python.build:Building ROS package in '/home/robot/human_ws/src/human' with build type 'ament_python'
[2.232s] Level 1:colcon.colcon_core.shell:create_environment_hook('human', 'ament_prefix_path')
[2.232s] INFO:colcon.colcon_core.shell:Creating environment hook '/home/robot/human_ws/install/human/share/human/hook/ament_prefix_path.ps1'
[2.234s] INFO:colcon.colcon_core.shell:Creating environment descriptor '/home/robot/human_ws/install/human/share/human/hook/ament_prefix_path.dsv'
[2.235s] INFO:colcon.colcon_core.shell:Creating environment hook '/home/robot/human_ws/install/human/share/human/hook/ament_prefix_path.sh'
[2.236s] INFO:colcon.colcon_core.shell:Skip shell extension 'powershell' for command environment: Not usable outside of PowerShell
[2.236s] DEBUG:colcon.colcon_core.shell:Skip shell extension 'dsv' for command environment
[2.596s] INFO:colcon.colcon_core.task.python.build:Building Python package in '/home/robot/human_ws/src/human'
[2.596s] INFO:colcon.colcon_core.shell:Skip shell extension 'powershell' for command environment: Not usable outside of PowerShell
[2.596s] DEBUG:colcon.colcon_core.shell:Skip shell extension 'dsv' for command environment
[2.607s] DEBUG:colcon.colcon_core.event_handler.log_command:Invoking command in '/home/robot/human_ws/src/manager': PYTHONPATH=/home/robot/human_ws/build/manager/prefix_override:/usr/lib/python3/dist-packages/colcon_core/task/python/colcon_distutils_commands:/home/robot/human_ws/install/manager/lib/python3.10/site-packages:${PYTHONPATH} /usr/bin/python3 -W ignore:setup.py install is deprecated setup.py egg_info --egg-base ../../build/manager build --build-base /home/robot/human_ws/build/manager/build install --record /home/robot/human_ws/build/manager/install.log --single-version-externally-managed install_data
[2.611s] DEBUG:colcon.colcon_core.event_handler.log_command:Invoking command in '/home/robot/human_ws/src/image': PYTHONPATH=/home/robot/human_ws/build/image/prefix_override:/usr/lib/python3/dist-packages/colcon_core/task/python/colcon_distutils_commands:/home/robot/human_ws/install/image/lib/python3.10/site-packages:${PYTHONPATH} /usr/bin/python3 -W ignore:setup.py install is deprecated setup.py egg_info --egg-base ../../build/image build --build-base /home/robot/human_ws/build/image/build install --record /home/robot/human_ws/build/image/install.log --single-version-externally-managed install_data
[2.687s] DEBUG:colcon.colcon_core.event_handler.log_command:Invoking command in '/home/robot/human_ws/src/follow': PYTHONPATH=/home/robot/human_ws/build/follow/prefix_override:/usr/lib/python3/dist-packages/colcon_core/task/python/colcon_distutils_commands:/home/robot/human_ws/install/follow/lib/python3.10/site-packages:${PYTHONPATH} /usr/bin/python3 -W ignore:setup.py install is deprecated setup.py egg_info --egg-base ../../build/follow build --build-base /home/robot/human_ws/build/follow/build install --record /home/robot/human_ws/build/follow/install.log --single-version-externally-managed install_data
[2.807s] DEBUG:colcon.colcon_core.event_handler.log_command:Invoking command in '/home/robot/human_ws/src/test_listen': PYTHONPATH=/home/robot/human_ws/build/test_listen/prefix_override:/usr/lib/python3/dist-packages/colcon_core/task/python/colcon_distutils_commands:/home/robot/human_ws/install/test_listen/lib/python3.10/site-packages:${PYTHONPATH} /usr/bin/python3 -W ignore:setup.py install is deprecated setup.py egg_info --egg-base ../../build/test_listen build --build-base /home/robot/human_ws/build/test_listen/build install --record /home/robot/human_ws/build/test_listen/install.log --single-version-externally-managed install_data
[3.143s] Level 1:colcon.colcon_core.environment:checking '/home/robot/human_ws/install/manager' for CMake module files
[3.143s] DEBUG:colcon.colcon_core.event_handler.log_command:Invoked command in '/home/robot/human_ws/src/manager' returned '0': PYTHONPATH=/home/robot/human_ws/build/manager/prefix_override:/usr/lib/python3/dist-packages/colcon_core/task/python/colcon_distutils_commands:/home/robot/human_ws/install/manager/lib/python3.10/site-packages:${PYTHONPATH} /usr/bin/python3 -W ignore:setup.py install is deprecated setup.py egg_info --egg-base ../../build/manager build --build-base /home/robot/human_ws/build/manager/build install --record /home/robot/human_ws/build/manager/install.log --single-version-externally-managed install_data
[3.144s] Level 1:colcon.colcon_core.environment:checking '/home/robot/human_ws/install/manager' for CMake config files
[3.145s] Level 1:colcon.colcon_core.environment:checking '/home/robot/human_ws/install/manager/lib'
[3.145s] Level 1:colcon.colcon_core.environment:checking '/home/robot/human_ws/install/manager/bin'
[3.145s] Level 1:colcon.colcon_core.environment:checking '/home/robot/human_ws/install/manager/lib/pkgconfig/manager.pc'
[3.145s] Level 1:colcon.colcon_core.environment:checking '/home/robot/human_ws/install/manager/lib/python3.10/site-packages'
[3.145s] Level 1:colcon.colcon_core.shell:create_environment_hook('manager', 'pythonpath')
[3.146s] INFO:colcon.colcon_core.shell:Creating environment hook '/home/robot/human_ws/install/manager/share/manager/hook/pythonpath.ps1'
[3.147s] INFO:colcon.colcon_core.shell:Creating environment descriptor '/home/robot/human_ws/install/manager/share/manager/hook/pythonpath.dsv'
[3.148s] INFO:colcon.colcon_core.shell:Creating environment hook '/home/robot/human_ws/install/manager/share/manager/hook/pythonpath.sh'
[3.149s] Level 1:colcon.colcon_core.environment:checking '/home/robot/human_ws/install/manager/bin'
[3.149s] Level 1:colcon.colcon_core.environment:create_environment_scripts_only(manager)
[3.150s] INFO:colcon.colcon_core.shell:Creating package script '/home/robot/human_ws/install/manager/share/manager/package.ps1'
[3.151s] INFO:colcon.colcon_core.shell:Creating package descriptor '/home/robot/human_ws/install/manager/share/manager/package.dsv'
[3.152s] INFO:colcon.colcon_core.shell:Creating package script '/home/robot/human_ws/install/manager/share/manager/package.sh'
[3.154s] INFO:colcon.colcon_core.shell:Creating package script '/home/robot/human_ws/install/manager/share/manager/package.bash'
[3.154s] INFO:colcon.colcon_core.shell:Creating package script '/home/robot/human_ws/install/manager/share/manager/package.zsh'
[3.155s] Level 1:colcon.colcon_core.environment:create_file_with_runtime_dependencies(/home/robot/human_ws/install/manager/share/colcon-core/packages/manager)
[3.328s] Level 1:colcon.colcon_core.environment:checking '/home/robot/human_ws/install/image' for CMake module files
[3.329s] DEBUG:colcon.colcon_core.event_handler.log_command:Invoked command in '/home/robot/human_ws/src/image' returned '0': PYTHONPATH=/home/robot/human_ws/build/image/prefix_override:/usr/lib/python3/dist-packages/colcon_core/task/python/colcon_distutils_commands:/home/robot/human_ws/install/image/lib/python3.10/site-packages:${PYTHONPATH} /usr/bin/python3 -W ignore:setup.py install is deprecated setup.py egg_info --egg-base ../../build/image build --build-base /home/robot/human_ws/build/image/build install --record /home/robot/human_ws/build/image/install.log --single-version-externally-managed install_data
[3.329s] Level 1:colcon.colcon_core.environment:checking '/home/robot/human_ws/install/image' for CMake config files
[3.330s] Level 1:colcon.colcon_core.environment:checking '/home/robot/human_ws/install/image/lib'
[3.330s] Level 1:colcon.colcon_core.environment:checking '/home/robot/human_ws/install/image/bin'
[3.330s] Level 1:colcon.colcon_core.environment:checking '/home/robot/human_ws/install/image/lib/pkgconfig/image.pc'
[3.330s] Level 1:colcon.colcon_core.environment:checking '/home/robot/human_ws/install/image/lib/python3.10/site-packages'
[3.330s] Level 1:colcon.colcon_core.shell:create_environment_hook('image', 'pythonpath')
[3.330s] INFO:colcon.colcon_core.shell:Creating environment hook '/home/robot/human_ws/install/image/share/image/hook/pythonpath.ps1'
[3.331s] INFO:colcon.colcon_core.shell:Creating environment descriptor '/home/robot/human_ws/install/image/share/image/hook/pythonpath.dsv'
[3.331s] INFO:colcon.colcon_core.shell:Creating environment hook '/home/robot/human_ws/install/image/share/image/hook/pythonpath.sh'
[3.331s] Level 1:colcon.colcon_core.environment:checking '/home/robot/human_ws/install/image/bin'
[3.332s] Level 1:colcon.colcon_core.environment:create_environment_scripts_only(image)
[3.332s] INFO:colcon.colcon_core.shell:Creating package script '/home/robot/human_ws/install/image/share/image/package.ps1'
[3.333s] INFO:colcon.colcon_core.shell:Creating package descriptor '/home/robot/human_ws/install/image/share/image/package.dsv'
[3.334s] INFO:colcon.colcon_core.shell:Creating package script '/home/robot/human_ws/install/image/share/image/package.sh'
[3.334s] INFO:colcon.colcon_core.shell:Creating package script '/home/robot/human_ws/install/image/share/image/package.bash'
[3.335s] INFO:colcon.colcon_core.shell:Creating package script '/home/robot/human_ws/install/image/share/image/package.zsh'
[3.336s] Level 1:colcon.colcon_core.environment:create_file_with_runtime_dependencies(/home/robot/human_ws/install/image/share/colcon-core/packages/image)
[3.418s] DEBUG:colcon.colcon_core.event_handler.log_command:Invoking command in '/home/robot/human_ws/src/human': AMENT_PREFIX_PATH=/home/robot/human_ws/install/myinterfaces:${AMENT_PREFIX_PATH} CMAKE_PREFIX_PATH=/home/robot/human_ws/install/myinterfaces:${CMAKE_PREFIX_PATH} LD_LIBRARY_PATH=/home/robot/human_ws/install/myinterfaces/lib:${LD_LIBRARY_PATH} PYTHONPATH=/home/robot/human_ws/build/human/prefix_override:/usr/lib/python3/dist-packages/colcon_core/task/python/colcon_distutils_commands:/home/robot/human_ws/install/human/lib/python3.10/site-packages:/home/robot/human_ws/install/myinterfaces/local/lib/python3.10/dist-packages:${PYTHONPATH} /usr/bin/python3 -W ignore:setup.py install is deprecated setup.py egg_info --egg-base ../../build/human build --build-base /home/robot/human_ws/build/human/build install --record /home/robot/human_ws/build/human/install.log --single-version-externally-managed install_data
[3.445s] Level 1:colcon.colcon_core.environment:checking '/home/robot/human_ws/install/follow' for CMake module files
[3.446s] DEBUG:colcon.colcon_core.event_handler.log_command:Invoked command in '/home/robot/human_ws/src/follow' returned '0': PYTHONPATH=/home/robot/human_ws/build/follow/prefix_override:/usr/lib/python3/dist-packages/colcon_core/task/python/colcon_distutils_commands:/home/robot/human_ws/install/follow/lib/python3.10/site-packages:${PYTHONPATH} /usr/bin/python3 -W ignore:setup.py install is deprecated setup.py egg_info --egg-base ../../build/follow build --build-base /home/robot/human_ws/build/follow/build install --record /home/robot/human_ws/build/follow/install.log --single-version-externally-managed install_data
[3.446s] Level 1:colcon.colcon_core.environment:checking '/home/robot/human_ws/install/follow' for CMake config files
[3.448s] Level 1:colcon.colcon_core.environment:checking '/home/robot/human_ws/install/follow/lib'
[3.449s] Level 1:colcon.colcon_core.environment:checking '/home/robot/human_ws/install/follow/bin'
[3.449s] Level 1:colcon.colcon_core.environment:checking '/home/robot/human_ws/install/follow/lib/pkgconfig/follow.pc'
[3.450s] Level 1:colcon.colcon_core.environment:checking '/home/robot/human_ws/install/follow/lib/python3.10/site-packages'
[3.450s] Level 1:colcon.colcon_core.shell:create_environment_hook('follow', 'pythonpath')
[3.451s] INFO:colcon.colcon_core.shell:Creating environment hook '/home/robot/human_ws/install/follow/share/follow/hook/pythonpath.ps1'
[3.452s] INFO:colcon.colcon_core.shell:Creating environment descriptor '/home/robot/human_ws/install/follow/share/follow/hook/pythonpath.dsv'
[3.453s] INFO:colcon.colcon_core.shell:Creating environment hook '/home/robot/human_ws/install/follow/share/follow/hook/pythonpath.sh'
[3.456s] Level 1:colcon.colcon_core.environment:checking '/home/robot/human_ws/install/follow/bin'
[3.456s] Level 1:colcon.colcon_core.environment:create_environment_scripts_only(follow)
[3.457s] INFO:colcon.colcon_core.shell:Creating package script '/home/robot/human_ws/install/follow/share/follow/package.ps1'
[3.459s] INFO:colcon.colcon_core.shell:Creating package descriptor '/home/robot/human_ws/install/follow/share/follow/package.dsv'
[3.459s] INFO:colcon.colcon_core.shell:Creating package script '/home/robot/human_ws/install/follow/share/follow/package.sh'
[3.460s] INFO:colcon.colcon_core.shell:Creating package script '/home/robot/human_ws/install/follow/share/follow/package.bash'
[3.460s] INFO:colcon.colcon_core.shell:Creating package script '/home/robot/human_ws/install/follow/share/follow/package.zsh'
[3.461s] Level 1:colcon.colcon_core.environment:create_file_with_runtime_dependencies(/home/robot/human_ws/install/follow/share/colcon-core/packages/follow)
[3.523s] Level 1:colcon.colcon_core.environment:checking '/home/robot/human_ws/install/test_listen' for CMake module files
[3.523s] DEBUG:colcon.colcon_core.event_handler.log_command:Invoked command in '/home/robot/human_ws/src/test_listen' returned '0': PYTHONPATH=/home/robot/human_ws/build/test_listen/prefix_override:/usr/lib/python3/dist-packages/colcon_core/task/python/colcon_distutils_commands:/home/robot/human_ws/install/test_listen/lib/python3.10/site-packages:${PYTHONPATH} /usr/bin/python3 -W ignore:setup.py install is deprecated setup.py egg_info --egg-base ../../build/test_listen build --build-base /home/robot/human_ws/build/test_listen/build install --record /home/robot/human_ws/build/test_listen/install.log --single-version-externally-managed install_data
[3.524s] Level 1:colcon.colcon_core.environment:checking '/home/robot/human_ws/install/test_listen' for CMake config files
[3.524s] Level 1:colcon.colcon_core.environment:checking '/home/robot/human_ws/install/test_listen/lib'
[3.524s] Level 1:colcon.colcon_core.environment:checking '/home/robot/human_ws/install/test_listen/bin'
[3.524s] Level 1:colcon.colcon_core.environment:checking '/home/robot/human_ws/install/test_listen/lib/pkgconfig/test_listen.pc'
[3.525s] Level 1:colcon.colcon_core.environment:checking '/home/robot/human_ws/install/test_listen/lib/python3.10/site-packages'
[3.525s] Level 1:colcon.colcon_core.shell:create_environment_hook('test_listen', 'pythonpath')
[3.525s] INFO:colcon.colcon_core.shell:Creating environment hook '/home/robot/human_ws/install/test_listen/share/test_listen/hook/pythonpath.ps1'
[3.525s] INFO:colcon.colcon_core.shell:Creating environment descriptor '/home/robot/human_ws/install/test_listen/share/test_listen/hook/pythonpath.dsv'
[3.526s] INFO:colcon.colcon_core.shell:Creating environment hook '/home/robot/human_ws/install/test_listen/share/test_listen/hook/pythonpath.sh'
[3.526s] Level 1:colcon.colcon_core.environment:checking '/home/robot/human_ws/install/test_listen/bin'
[3.526s] Level 1:colcon.colcon_core.environment:create_environment_scripts_only(test_listen)
[3.527s] INFO:colcon.colcon_core.shell:Creating package script '/home/robot/human_ws/install/test_listen/share/test_listen/package.ps1'
[3.527s] INFO:colcon.colcon_core.shell:Creating package descriptor '/home/robot/human_ws/install/test_listen/share/test_listen/package.dsv'
[3.527s] INFO:colcon.colcon_core.shell:Creating package script '/home/robot/human_ws/install/test_listen/share/test_listen/package.sh'
[3.528s] INFO:colcon.colcon_core.shell:Creating package script '/home/robot/human_ws/install/test_listen/share/test_listen/package.bash'
[3.528s] INFO:colcon.colcon_core.shell:Creating package script '/home/robot/human_ws/install/test_listen/share/test_listen/package.zsh'
[3.528s] Level 1:colcon.colcon_core.environment:create_file_with_runtime_dependencies(/home/robot/human_ws/install/test_listen/share/colcon-core/packages/test_listen)
[3.740s] Level 1:colcon.colcon_core.environment:checking '/home/robot/human_ws/install/human' for CMake module files
[3.741s] DEBUG:colcon.colcon_core.event_handler.log_command:Invoked command in '/home/robot/human_ws/src/human' returned '0': AMENT_PREFIX_PATH=/home/robot/human_ws/install/myinterfaces:${AMENT_PREFIX_PATH} CMAKE_PREFIX_PATH=/home/robot/human_ws/install/myinterfaces:${CMAKE_PREFIX_PATH} LD_LIBRARY_PATH=/home/robot/human_ws/install/myinterfaces/lib:${LD_LIBRARY_PATH} PYTHONPATH=/home/robot/human_ws/build/human/prefix_override:/usr/lib/python3/dist-packages/colcon_core/task/python/colcon_distutils_commands:/home/robot/human_ws/install/human/lib/python3.10/site-packages:/home/robot/human_ws/install/myinterfaces/local/lib/python3.10/dist-packages:${PYTHONPATH} /usr/bin/python3 -W ignore:setup.py install is deprecated setup.py egg_info --egg-base ../../build/human build --build-base /home/robot/human_ws/build/human/build install --record /home/robot/human_ws/build/human/install.log --single-version-externally-managed install_data
[3.741s] Level 1:colcon.colcon_core.environment:checking '/home/robot/human_ws/install/human' for CMake config files
[3.743s] Level 1:colcon.colcon_core.environment:checking '/home/robot/human_ws/install/human/lib'
[3.743s] Level 1:colcon.colcon_core.environment:checking '/home/robot/human_ws/install/human/bin'
[3.743s] Level 1:colcon.colcon_core.environment:checking '/home/robot/human_ws/install/human/lib/pkgconfig/human.pc'
[3.743s] Level 1:colcon.colcon_core.environment:checking '/home/robot/human_ws/install/human/lib/python3.10/site-packages'
[3.743s] Level 1:colcon.colcon_core.shell:create_environment_hook('human', 'pythonpath')
[3.744s] INFO:colcon.colcon_core.shell:Creating environment hook '/home/robot/human_ws/install/human/share/human/hook/pythonpath.ps1'
[3.744s] INFO:colcon.colcon_core.shell:Creating environment descriptor '/home/robot/human_ws/install/human/share/human/hook/pythonpath.dsv'
[3.744s] INFO:colcon.colcon_core.shell:Creating environment hook '/home/robot/human_ws/install/human/share/human/hook/pythonpath.sh'
[3.745s] Level 1:colcon.colcon_core.environment:checking '/home/robot/human_ws/install/human/bin'
[3.745s] Level 1:colcon.colcon_core.environment:create_environment_scripts_only(human)
[3.745s] INFO:colcon.colcon_core.shell:Creating package script '/home/robot/human_ws/install/human/share/human/package.ps1'
[3.745s] INFO:colcon.colcon_core.shell:Creating package descriptor '/home/robot/human_ws/install/human/share/human/package.dsv'
[3.746s] INFO:colcon.colcon_core.shell:Creating package script '/home/robot/human_ws/install/human/share/human/package.sh'
[3.746s] INFO:colcon.colcon_core.shell:Creating package script '/home/robot/human_ws/install/human/share/human/package.bash'
[3.746s] INFO:colcon.colcon_core.shell:Creating package script '/home/robot/human_ws/install/human/share/human/package.zsh'
[3.746s] Level 1:colcon.colcon_core.environment:create_file_with_runtime_dependencies(/home/robot/human_ws/install/human/share/colcon-core/packages/human)
[3.747s] DEBUG:colcon.colcon_parallel_executor.executor.parallel:closing loop
[3.747s] DEBUG:colcon.colcon_parallel_executor.executor.parallel:loop closed
[3.747s] DEBUG:colcon.colcon_parallel_executor.executor.parallel:run_until_complete finished with '0'
[3.747s] DEBUG:colcon.colcon_core.event_reactor:joining thread
[3.759s] INFO:colcon.colcon_core.plugin_system:Skipping extension 'colcon_notification.desktop_notification.terminal_notifier': Not used on non-Darwin systems
[3.759s] INFO:colcon.colcon_core.plugin_system:Skipping extension 'colcon_notification.desktop_notification.win32': Not used on non-Windows systems
[3.759s] INFO:colcon.colcon_notification.desktop_notification:Sending desktop notification using 'notify2'
[3.773s] DEBUG:colcon.colcon_core.event_reactor:joined thread
[3.773s] INFO:colcon.colcon_core.shell:Creating prefix script '/home/robot/human_ws/install/local_setup.ps1'
[3.775s] INFO:colcon.colcon_core.shell:Creating prefix util module '/home/robot/human_ws/install/_local_setup_util_ps1.py'
[3.777s] INFO:colcon.colcon_core.shell:Creating prefix chain script '/home/robot/human_ws/install/setup.ps1'
[3.779s] INFO:colcon.colcon_core.shell:Creating prefix script '/home/robot/human_ws/install/local_setup.sh'
[3.780s] INFO:colcon.colcon_core.shell:Creating prefix util module '/home/robot/human_ws/install/_local_setup_util_sh.py'
[3.780s] INFO:colcon.colcon_core.shell:Creating prefix chain script '/home/robot/human_ws/install/setup.sh'
[3.782s] INFO:colcon.colcon_core.shell:Creating prefix script '/home/robot/human_ws/install/local_setup.bash'
[3.783s] INFO:colcon.colcon_core.shell:Creating prefix chain script '/home/robot/human_ws/install/setup.bash'
[3.786s] INFO:colcon.colcon_core.shell:Creating prefix script '/home/robot/human_ws/install/local_setup.zsh'
[3.787s] INFO:colcon.colcon_core.shell:Creating prefix chain script '/home/robot/human_ws/install/setup.zsh'
