[31mCMake Error at CMakeLists.txt:34:
  Parse error.  Function missing ending ")".  Instead found unterminated
  string with text "srv/Action.srv

    DEPENDENCIES geometry_msgs sensor_msgs

  )

  if(BUILD_TESTING)

    find_package(ament_lint_auto REQUIRED)
    # the following line skips the linter which checks for copyrights
    # comment the line when a copyright and license is added to all source files
    set(ament_cmake_copyright_FOUND TRUE)
    # the following line skips cpplint (only works in a git repo)
    # comment the line when this package is in a git repo and when
    # a copyright and license is added to all source files
    set(ament_cmake_cpplint_FOUND TRUE)
    ament_lint_auto_find_test_dependencies()

  endif()

  

  ament_package()

  ".

[0m
gmake: *** [Makefile:1179: cmake_check_build_system] Error 1
