[0.010s] Invoking command in '/home/robot/human_ws/build/myinterfaces': CMAKE_PREFIX_PATH=${CMAKE_PREFIX_PATH}:/home/robot/human_ws/install/rotate:/home/robot/human_ws/install/locomotion:/home/robot/human_ws/install/human:/home/robot/human_ws/install/manager:/home/robot/human_ws/install/listen:/home/robot/human_ws/install/image:/home/robot/human_ws/install/follow:/home/robot/human_ws/install/apriltag_detection:/home/robot/human_ws/install/action_server:/home/robot/robot_controller_release/ros2_packages/object_detect_track_node_py:/opt/ros/humble /usr/bin/cmake --build /home/robot/human_ws/build/myinterfaces -- -j16 -l16
[0.034s] [31mCMake Error at CMakeLists.txt:34:
[0.034s]   Parse error.  Function missing ending ")".  Instead found unterminated
[0.034s]   string with text "srv/Action.srv
[0.034s] 
[0.034s]     DEPENDENCIES geometry_msgs sensor_msgs
[0.034s] 
[0.034s]   )
[0.034s] 
[0.034s]   if(BUILD_TESTING)
[0.034s] 
[0.034s]     find_package(ament_lint_auto REQUIRED)
[0.035s]     # the following line skips the linter which checks for copyrights
[0.035s]     # comment the line when a copyright and license is added to all source files
[0.035s]     set(ament_cmake_copyright_FOUND TRUE)
[0.035s]     # the following line skips cpplint (only works in a git repo)
[0.035s]     # comment the line when this package is in a git repo and when
[0.035s]     # a copyright and license is added to all source files
[0.035s]     set(ament_cmake_cpplint_FOUND TRUE)
[0.035s]     ament_lint_auto_find_test_dependencies()
[0.035s] 
[0.035s]   endif()
[0.035s] 
[0.036s]   
[0.036s] 
[0.037s]   ament_package()
[0.037s] 
[0.037s]   ".
[0.037s] 
[0.037s] [0m
[0.037s] -- Configuring incomplete, errors occurred!
[0.037s] See also "/home/robot/human_ws/build/myinterfaces/CMakeFiles/CMakeOutput.log".
[0.037s] gmake: *** [Makefile:1179: cmake_check_build_system] Error 1
[0.037s] Invoked command in '/home/robot/human_ws/build/myinterfaces' returned '2': CMAKE_PREFIX_PATH=${CMAKE_PREFIX_PATH}:/home/robot/human_ws/install/rotate:/home/robot/human_ws/install/locomotion:/home/robot/human_ws/install/human:/home/robot/human_ws/install/manager:/home/robot/human_ws/install/listen:/home/robot/human_ws/install/image:/home/robot/human_ws/install/follow:/home/robot/human_ws/install/apriltag_detection:/home/robot/human_ws/install/action_server:/home/robot/robot_controller_release/ros2_packages/object_detect_track_node_py:/opt/ros/humble /usr/bin/cmake --build /home/robot/human_ws/build/myinterfaces -- -j16 -l16
