[1.574s] Invoking command in '/home/robot/human_ws/src/locomotion': AMENT_PREFIX_PATH=/home/robot/human_ws/install/myinterfaces:${AMENT_PREFIX_PATH} CMAKE_PREFIX_PATH=/home/robot/human_ws/install/myinterfaces:${CMAKE_PREFIX_PATH} LD_LIBRARY_PATH=/home/robot/human_ws/install/myinterfaces/lib:${LD_LIBRARY_PATH} PYTHONPATH=/home/robot/human_ws/build/locomotion/prefix_override:/usr/lib/python3/dist-packages/colcon_core/task/python/colcon_distutils_commands:/home/robot/human_ws/install/locomotion/lib/python3.10/site-packages:/home/robot/human_ws/install/myinterfaces/local/lib/python3.10/dist-packages:${PYTHONPATH} /usr/bin/python3 -W ignore:setup.py install is deprecated setup.py egg_info --egg-base ../../build/locomotion build --build-base /home/robot/human_ws/build/locomotion/build install --record /home/robot/human_ws/build/locomotion/install.log --single-version-externally-managed install_data
[2.082s] running egg_info
[2.083s] writing ../../build/locomotion/locomotion.egg-info/PKG-INFO
[2.083s] writing dependency_links to ../../build/locomotion/locomotion.egg-info/dependency_links.txt
[2.083s] writing entry points to ../../build/locomotion/locomotion.egg-info/entry_points.txt
[2.083s] writing requirements to ../../build/locomotion/locomotion.egg-info/requires.txt
[2.083s] writing top-level names to ../../build/locomotion/locomotion.egg-info/top_level.txt
[2.088s] reading manifest file '../../build/locomotion/locomotion.egg-info/SOURCES.txt'
[2.090s] writing manifest file '../../build/locomotion/locomotion.egg-info/SOURCES.txt'
[2.091s] running build
[2.091s] running build_py
[2.091s] running install
[2.092s] running install_lib
[2.094s] running install_data
[2.094s] running install_egg_info
[2.101s] removing '/home/robot/human_ws/install/locomotion/lib/python3.10/site-packages/locomotion-0.0.0-py3.10.egg-info' (and everything under it)
[2.105s] Copying ../../build/locomotion/locomotion.egg-info to /home/robot/human_ws/install/locomotion/lib/python3.10/site-packages/locomotion-0.0.0-py3.10.egg-info
[2.106s] running install_scripts
[2.143s] Installing locomotion script to /home/robot/human_ws/install/locomotion/lib/locomotion
[2.144s] writing list of installed files to '/home/robot/human_ws/build/locomotion/install.log'
[2.196s] Invoked command in '/home/robot/human_ws/src/locomotion' returned '0': AMENT_PREFIX_PATH=/home/robot/human_ws/install/myinterfaces:${AMENT_PREFIX_PATH} CMAKE_PREFIX_PATH=/home/robot/human_ws/install/myinterfaces:${CMAKE_PREFIX_PATH} LD_LIBRARY_PATH=/home/robot/human_ws/install/myinterfaces/lib:${LD_LIBRARY_PATH} PYTHONPATH=/home/robot/human_ws/build/locomotion/prefix_override:/usr/lib/python3/dist-packages/colcon_core/task/python/colcon_distutils_commands:/home/robot/human_ws/install/locomotion/lib/python3.10/site-packages:/home/robot/human_ws/install/myinterfaces/local/lib/python3.10/dist-packages:${PYTHONPATH} /usr/bin/python3 -W ignore:setup.py install is deprecated setup.py egg_info --egg-base ../../build/locomotion build --build-base /home/robot/human_ws/build/locomotion/build install --record /home/robot/human_ws/build/locomotion/install.log --single-version-externally-managed install_data
