[0.708s] Invoking command in '/home/robot/human_ws/src/follow': PYTHONPATH=/home/robot/human_ws/build/follow/prefix_override:/usr/lib/python3/dist-packages/colcon_core/task/python/colcon_distutils_commands:/home/robot/human_ws/install/follow/lib/python3.10/site-packages:${PYTHONPATH} /usr/bin/python3 -W ignore:setup.py install is deprecated setup.py egg_info --egg-base ../../build/follow build --build-base /home/robot/human_ws/build/follow/build install --record /home/robot/human_ws/build/follow/install.log --single-version-externally-managed install_data
[0.945s] running egg_info
[0.946s] writing ../../build/follow/follow.egg-info/PKG-INFO
[0.946s] writing dependency_links to ../../build/follow/follow.egg-info/dependency_links.txt
[0.946s] writing entry points to ../../build/follow/follow.egg-info/entry_points.txt
[0.946s] writing requirements to ../../build/follow/follow.egg-info/requires.txt
[0.946s] writing top-level names to ../../build/follow/follow.egg-info/top_level.txt
[0.947s] reading manifest file '../../build/follow/follow.egg-info/SOURCES.txt'
[0.948s] writing manifest file '../../build/follow/follow.egg-info/SOURCES.txt'
[0.948s] running build
[0.948s] running build_py
[0.948s] copying follow/follower.py -> /home/robot/human_ws/build/follow/build/lib/follow
[0.948s] running install
[0.948s] running install_lib
[0.949s] copying /home/robot/human_ws/build/follow/build/lib/follow/follower.py -> /home/robot/human_ws/install/follow/lib/python3.10/site-packages/follow
[0.949s] byte-compiling /home/robot/human_ws/install/follow/lib/python3.10/site-packages/follow/follower.py to follower.cpython-310.pyc
[0.950s] running install_data
[0.950s] running install_egg_info
[0.951s] removing '/home/robot/human_ws/install/follow/lib/python3.10/site-packages/follow-0.0.0-py3.10.egg-info' (and everything under it)
[0.951s] Copying ../../build/follow/follow.egg-info to /home/robot/human_ws/install/follow/lib/python3.10/site-packages/follow-0.0.0-py3.10.egg-info
[0.952s] running install_scripts
[0.966s] Installing follower script to /home/robot/human_ws/install/follow/lib/follow
[0.966s] Installing joy_publisher script to /home/robot/human_ws/install/follow/lib/follow
[0.967s] Installing tag_follower script to /home/robot/human_ws/install/follow/lib/follow
[0.967s] Installing test_publisher script to /home/robot/human_ws/install/follow/lib/follow
[0.967s] writing list of installed files to '/home/robot/human_ws/build/follow/install.log'
[0.987s] Invoked command in '/home/robot/human_ws/src/follow' returned '0': PYTHONPATH=/home/robot/human_ws/build/follow/prefix_override:/usr/lib/python3/dist-packages/colcon_core/task/python/colcon_distutils_commands:/home/robot/human_ws/install/follow/lib/python3.10/site-packages:${PYTHONPATH} /usr/bin/python3 -W ignore:setup.py install is deprecated setup.py egg_info --egg-base ../../build/follow build --build-base /home/robot/human_ws/build/follow/build install --record /home/robot/human_ws/build/follow/install.log --single-version-externally-managed install_data
