[1.369s] Invoking command in '/home/robot/human_ws/src/locomotion': PYTHONPATH=/home/robot/human_ws/build/locomotion/prefix_override:/usr/lib/python3/dist-packages/colcon_core/task/python/colcon_distutils_commands:/home/robot/human_ws/install/locomotion/lib/python3.10/site-packages:${PYTHONPATH} /usr/bin/python3 -W ignore:setup.py install is deprecated setup.py egg_info --egg-base ../../build/locomotion build --build-base /home/robot/human_ws/build/locomotion/build install --record /home/robot/human_ws/build/locomotion/install.log --single-version-externally-managed install_data
[1.886s] running egg_info
[1.888s] writing ../../build/locomotion/locomotion.egg-info/PKG-INFO
[1.888s] writing dependency_links to ../../build/locomotion/locomotion.egg-info/dependency_links.txt
[1.888s] writing entry points to ../../build/locomotion/locomotion.egg-info/entry_points.txt
[1.888s] writing requirements to ../../build/locomotion/locomotion.egg-info/requires.txt
[1.888s] writing top-level names to ../../build/locomotion/locomotion.egg-info/top_level.txt
[1.895s] reading manifest file '../../build/locomotion/locomotion.egg-info/SOURCES.txt'
[1.896s] writing manifest file '../../build/locomotion/locomotion.egg-info/SOURCES.txt'
[1.896s] running build
[1.896s] running build_py
[1.897s] copying locomotion/locomotion.py -> /home/robot/human_ws/build/locomotion/build/lib/locomotion
[1.900s] running install
[1.901s] running install_lib
[1.902s] copying /home/robot/human_ws/build/locomotion/build/lib/locomotion/locomotion.py -> /home/robot/human_ws/install/locomotion/lib/python3.10/site-packages/locomotion
[1.904s] byte-compiling /home/robot/human_ws/install/locomotion/lib/python3.10/site-packages/locomotion/locomotion.py to locomotion.cpython-310.pyc
[1.907s] running install_data
[1.907s] running install_egg_info
[1.910s] removing '/home/robot/human_ws/install/locomotion/lib/python3.10/site-packages/locomotion-0.0.0-py3.10.egg-info' (and everything under it)
[1.911s] Copying ../../build/locomotion/locomotion.egg-info to /home/robot/human_ws/install/locomotion/lib/python3.10/site-packages/locomotion-0.0.0-py3.10.egg-info
[1.911s] running install_scripts
[1.958s] Installing locomotion script to /home/robot/human_ws/install/locomotion/lib/locomotion
[1.958s] writing list of installed files to '/home/robot/human_ws/build/locomotion/install.log'
[2.003s] Invoked command in '/home/robot/human_ws/src/locomotion' returned '0': PYTHONPATH=/home/robot/human_ws/build/locomotion/prefix_override:/usr/lib/python3/dist-packages/colcon_core/task/python/colcon_distutils_commands:/home/robot/human_ws/install/locomotion/lib/python3.10/site-packages:${PYTHONPATH} /usr/bin/python3 -W ignore:setup.py install is deprecated setup.py egg_info --egg-base ../../build/locomotion build --build-base /home/robot/human_ws/build/locomotion/build install --record /home/robot/human_ws/build/locomotion/install.log --single-version-externally-managed install_data
