[0.755s] Invoking command in '/home/robot/human_ws/src/manager': PYTHONPATH=/home/robot/human_ws/src/build/manager/prefix_override:/usr/lib/python3/dist-packages/colcon_core/task/python/colcon_distutils_commands:/home/robot/human_ws/src/install/manager/lib/python3.10/site-packages:${PYTHONPATH} /usr/bin/python3 -W ignore:setup.py install is deprecated setup.py egg_info --egg-base ../build/manager build --build-base /home/robot/human_ws/src/build/manager/build install --record /home/robot/human_ws/src/build/manager/install.log --single-version-externally-managed install_data
[1.015s] running egg_info
[1.015s] creating ../build/manager/manager.egg-info
[1.015s] writing ../build/manager/manager.egg-info/PKG-INFO
[1.015s] writing dependency_links to ../build/manager/manager.egg-info/dependency_links.txt
[1.015s] writing entry points to ../build/manager/manager.egg-info/entry_points.txt
[1.015s] writing requirements to ../build/manager/manager.egg-info/requires.txt
[1.015s] writing top-level names to ../build/manager/manager.egg-info/top_level.txt
[1.016s] writing manifest file '../build/manager/manager.egg-info/SOURCES.txt'
[1.017s] reading manifest file '../build/manager/manager.egg-info/SOURCES.txt'
[1.017s] writing manifest file '../build/manager/manager.egg-info/SOURCES.txt'
[1.017s] running build
[1.017s] running build_py
[1.018s] creating /home/robot/human_ws/src/build/manager/build
[1.018s] creating /home/robot/human_ws/src/build/manager/build/lib
[1.018s] creating /home/robot/human_ws/src/build/manager/build/lib/manager
[1.018s] copying manager/__init__.py -> /home/robot/human_ws/src/build/manager/build/lib/manager
[1.018s] copying manager/manager.py -> /home/robot/human_ws/src/build/manager/build/lib/manager
[1.018s] running install
[1.018s] running install_lib
[1.019s] creating /home/robot/human_ws/src/install/manager/lib/python3.10/site-packages/manager
[1.019s] copying /home/robot/human_ws/src/build/manager/build/lib/manager/__init__.py -> /home/robot/human_ws/src/install/manager/lib/python3.10/site-packages/manager
[1.019s] copying /home/robot/human_ws/src/build/manager/build/lib/manager/manager.py -> /home/robot/human_ws/src/install/manager/lib/python3.10/site-packages/manager
[1.019s] byte-compiling /home/robot/human_ws/src/install/manager/lib/python3.10/site-packages/manager/__init__.py to __init__.cpython-310.pyc
[1.019s] byte-compiling /home/robot/human_ws/src/install/manager/lib/python3.10/site-packages/manager/manager.py to manager.cpython-310.pyc
[1.022s] running install_data
[1.022s] creating /home/robot/human_ws/src/install/manager/share/ament_index
[1.022s] creating /home/robot/human_ws/src/install/manager/share/ament_index/resource_index
[1.022s] creating /home/robot/human_ws/src/install/manager/share/ament_index/resource_index/packages
[1.023s] copying resource/manager -> /home/robot/human_ws/src/install/manager/share/ament_index/resource_index/packages
[1.023s] copying package.xml -> /home/robot/human_ws/src/install/manager/share/manager
[1.023s] running install_egg_info
[1.024s] Copying ../build/manager/manager.egg-info to /home/robot/human_ws/src/install/manager/lib/python3.10/site-packages/manager-0.0.0-py3.10.egg-info
[1.024s] running install_scripts
[1.040s] Installing manager_node script to /home/robot/human_ws/src/install/manager/lib/manager
[1.040s] writing list of installed files to '/home/robot/human_ws/src/build/manager/install.log'
[1.064s] Invoked command in '/home/robot/human_ws/src/manager' returned '0': PYTHONPATH=/home/robot/human_ws/src/build/manager/prefix_override:/usr/lib/python3/dist-packages/colcon_core/task/python/colcon_distutils_commands:/home/robot/human_ws/src/install/manager/lib/python3.10/site-packages:${PYTHONPATH} /usr/bin/python3 -W ignore:setup.py install is deprecated setup.py egg_info --egg-base ../build/manager build --build-base /home/robot/human_ws/src/build/manager/build install --record /home/robot/human_ws/src/build/manager/install.log --single-version-externally-managed install_data
