[1.729s] Invoking command in '/home/robot/human_ws/src/locomotion': AMENT_PREFIX_PATH=/home/robot/human_ws/install/myinterfaces:${AMENT_PREFIX_PATH} CMAKE_PREFIX_PATH=/home/robot/human_ws/install/myinterfaces:${CMAKE_PREFIX_PATH} LD_LIBRARY_PATH=/home/robot/human_ws/install/myinterfaces/lib:${LD_LIBRARY_PATH} PYTHONPATH=/home/robot/human_ws/build/locomotion/prefix_override:/usr/lib/python3/dist-packages/colcon_core/task/python/colcon_distutils_commands:/home/robot/human_ws/install/locomotion/lib/python3.10/site-packages:/home/robot/human_ws/install/myinterfaces/local/lib/python3.10/dist-packages:${PYTHONPATH} /usr/bin/python3 -W ignore:setup.py install is deprecated setup.py egg_info --egg-base ../../build/locomotion build --build-base /home/robot/human_ws/build/locomotion/build install --record /home/robot/human_ws/build/locomotion/install.log --single-version-externally-managed install_data
[2.095s] running egg_info
[2.095s] writing ../../build/locomotion/locomotion.egg-info/PKG-INFO
[2.095s] writing dependency_links to ../../build/locomotion/locomotion.egg-info/dependency_links.txt
[2.096s] writing entry points to ../../build/locomotion/locomotion.egg-info/entry_points.txt
[2.096s] writing requirements to ../../build/locomotion/locomotion.egg-info/requires.txt
[2.096s] writing top-level names to ../../build/locomotion/locomotion.egg-info/top_level.txt
[2.100s] reading manifest file '../../build/locomotion/locomotion.egg-info/SOURCES.txt'
[2.102s] writing manifest file '../../build/locomotion/locomotion.egg-info/SOURCES.txt'
[2.102s] running build
[2.102s] running build_py
[2.102s] copying locomotion/locomotion.py -> /home/robot/human_ws/build/locomotion/build/lib/locomotion
[2.102s] running install
[2.102s] running install_lib
[2.103s] copying /home/robot/human_ws/build/locomotion/build/lib/locomotion/locomotion.py -> /home/robot/human_ws/install/locomotion/lib/python3.10/site-packages/locomotion
[2.104s] byte-compiling /home/robot/human_ws/install/locomotion/lib/python3.10/site-packages/locomotion/locomotion.py to locomotion.cpython-310.pyc
[2.106s] running install_data
[2.106s] running install_egg_info
[2.108s] removing '/home/robot/human_ws/install/locomotion/lib/python3.10/site-packages/locomotion-0.0.0-py3.10.egg-info' (and everything under it)
[2.109s] Copying ../../build/locomotion/locomotion.egg-info to /home/robot/human_ws/install/locomotion/lib/python3.10/site-packages/locomotion-0.0.0-py3.10.egg-info
[2.113s] running install_scripts
[2.164s] Installing locomotion script to /home/robot/human_ws/install/locomotion/lib/locomotion
[2.164s] writing list of installed files to '/home/robot/human_ws/build/locomotion/install.log'
[2.206s] Invoked command in '/home/robot/human_ws/src/locomotion' returned '0': AMENT_PREFIX_PATH=/home/robot/human_ws/install/myinterfaces:${AMENT_PREFIX_PATH} CMAKE_PREFIX_PATH=/home/robot/human_ws/install/myinterfaces:${CMAKE_PREFIX_PATH} LD_LIBRARY_PATH=/home/robot/human_ws/install/myinterfaces/lib:${LD_LIBRARY_PATH} PYTHONPATH=/home/robot/human_ws/build/locomotion/prefix_override:/usr/lib/python3/dist-packages/colcon_core/task/python/colcon_distutils_commands:/home/robot/human_ws/install/locomotion/lib/python3.10/site-packages:/home/robot/human_ws/install/myinterfaces/local/lib/python3.10/dist-packages:${PYTHONPATH} /usr/bin/python3 -W ignore:setup.py install is deprecated setup.py egg_info --egg-base ../../build/locomotion build --build-base /home/robot/human_ws/build/locomotion/build install --record /home/robot/human_ws/build/locomotion/install.log --single-version-externally-managed install_data
