[1.217s] Invoking command in '/home/robot/human_ws/src/follow': PYTHONPATH=/home/robot/human_ws/build/follow/prefix_override:/usr/lib/python3/dist-packages/colcon_core/task/python/colcon_distutils_commands:/home/robot/human_ws/install/follow/lib/python3.10/site-packages:${PYTHONPATH} /usr/bin/python3 -W ignore:setup.py install is deprecated setup.py egg_info --egg-base ../../build/follow build --build-base /home/robot/human_ws/build/follow/build install --record /home/robot/human_ws/build/follow/install.log --single-version-externally-managed install_data
[1.434s] running egg_info
[1.435s] writing ../../build/follow/follow.egg-info/PKG-INFO
[1.435s] writing dependency_links to ../../build/follow/follow.egg-info/dependency_links.txt
[1.435s] writing entry points to ../../build/follow/follow.egg-info/entry_points.txt
[1.435s] writing requirements to ../../build/follow/follow.egg-info/requires.txt
[1.435s] writing top-level names to ../../build/follow/follow.egg-info/top_level.txt
[1.437s] reading manifest file '../../build/follow/follow.egg-info/SOURCES.txt'
[1.437s] writing manifest file '../../build/follow/follow.egg-info/SOURCES.txt'
[1.438s] running build
[1.438s] running build_py
[1.438s] running install
[1.438s] running install_lib
[1.439s] running install_data
[1.439s] running install_egg_info
[1.441s] removing '/home/robot/human_ws/install/follow/lib/python3.10/site-packages/follow-0.0.0-py3.10.egg-info' (and everything under it)
[1.441s] Copying ../../build/follow/follow.egg-info to /home/robot/human_ws/install/follow/lib/python3.10/site-packages/follow-0.0.0-py3.10.egg-info
[1.441s] running install_scripts
[1.457s] Installing follower script to /home/robot/human_ws/install/follow/lib/follow
[1.457s] Installing joy_publisher script to /home/robot/human_ws/install/follow/lib/follow
[1.457s] Installing test_publisher script to /home/robot/human_ws/install/follow/lib/follow
[1.457s] writing list of installed files to '/home/robot/human_ws/build/follow/install.log'
[1.487s] Invoked command in '/home/robot/human_ws/src/follow' returned '0': PYTHONPATH=/home/robot/human_ws/build/follow/prefix_override:/usr/lib/python3/dist-packages/colcon_core/task/python/colcon_distutils_commands:/home/robot/human_ws/install/follow/lib/python3.10/site-packages:${PYTHONPATH} /usr/bin/python3 -W ignore:setup.py install is deprecated setup.py egg_info --egg-base ../../build/follow build --build-base /home/robot/human_ws/build/follow/build install --record /home/robot/human_ws/build/follow/install.log --single-version-externally-managed install_data
