[0.771s] Invoking command in '/home/robot/human_ws/src/locomotion': PYTHONPATH=/home/robot/human_ws/build/locomotion/prefix_override:/usr/lib/python3/dist-packages/colcon_core/task/python/colcon_distutils_commands:/home/robot/human_ws/install/locomotion/lib/python3.10/site-packages:${PYTHONPATH} /usr/bin/python3 -W ignore:setup.py install is deprecated setup.py egg_info --egg-base ../../build/locomotion build --build-base /home/robot/human_ws/build/locomotion/build install --record /home/robot/human_ws/build/locomotion/install.log --single-version-externally-managed install_data
[0.983s] running egg_info
[0.984s] writing ../../build/locomotion/locomotion.egg-info/PKG-INFO
[0.984s] writing dependency_links to ../../build/locomotion/locomotion.egg-info/dependency_links.txt
[0.984s] writing entry points to ../../build/locomotion/locomotion.egg-info/entry_points.txt
[0.984s] writing requirements to ../../build/locomotion/locomotion.egg-info/requires.txt
[0.984s] writing top-level names to ../../build/locomotion/locomotion.egg-info/top_level.txt
[0.986s] reading manifest file '../../build/locomotion/locomotion.egg-info/SOURCES.txt'
[0.987s] writing manifest file '../../build/locomotion/locomotion.egg-info/SOURCES.txt'
[0.987s] running build
[0.987s] running build_py
[0.987s] running install
[0.987s] running install_lib
[0.988s] running install_data
[0.988s] running install_egg_info
[0.990s] removing '/home/robot/human_ws/install/locomotion/lib/python3.10/site-packages/locomotion-0.0.0-py3.10.egg-info' (and everything under it)
[0.990s] Copying ../../build/locomotion/locomotion.egg-info to /home/robot/human_ws/install/locomotion/lib/python3.10/site-packages/locomotion-0.0.0-py3.10.egg-info
[0.991s] running install_scripts
[1.006s] Installing locomotion script to /home/robot/human_ws/install/locomotion/lib/locomotion
[1.006s] writing list of installed files to '/home/robot/human_ws/build/locomotion/install.log'
[1.023s] Invoked command in '/home/robot/human_ws/src/locomotion' returned '0': PYTHONPATH=/home/robot/human_ws/build/locomotion/prefix_override:/usr/lib/python3/dist-packages/colcon_core/task/python/colcon_distutils_commands:/home/robot/human_ws/install/locomotion/lib/python3.10/site-packages:${PYTHONPATH} /usr/bin/python3 -W ignore:setup.py install is deprecated setup.py egg_info --egg-base ../../build/locomotion build --build-base /home/robot/human_ws/build/locomotion/build install --record /home/robot/human_ws/build/locomotion/install.log --single-version-externally-managed install_data
