[3.080s] Invoking command in '/home/robot/human_ws/src/action_server': PYTHONPATH=/home/robot/human_ws/build/action_server/prefix_override:/usr/lib/python3/dist-packages/colcon_core/task/python/colcon_distutils_commands:/home/robot/human_ws/install/action_server/lib/python3.10/site-packages:${PYTHONPATH} /usr/bin/python3 -W ignore:setup.py install is deprecated setup.py egg_info --egg-base ../../build/action_server build --build-base /home/robot/human_ws/build/action_server/build install --record /home/robot/human_ws/build/action_server/install.log --single-version-externally-managed install_data
[3.749s] running egg_info
[3.754s] creating ../../build/action_server/action_server.egg-info
[3.755s] writing ../../build/action_server/action_server.egg-info/PKG-INFO
[3.755s] writing dependency_links to ../../build/action_server/action_server.egg-info/dependency_links.txt
[3.755s] writing entry points to ../../build/action_server/action_server.egg-info/entry_points.txt
[3.755s] writing requirements to ../../build/action_server/action_server.egg-info/requires.txt
[3.755s] writing top-level names to ../../build/action_server/action_server.egg-info/top_level.txt
[3.755s] writing manifest file '../../build/action_server/action_server.egg-info/SOURCES.txt'
[3.758s] reading manifest file '../../build/action_server/action_server.egg-info/SOURCES.txt'
[3.761s] writing manifest file '../../build/action_server/action_server.egg-info/SOURCES.txt'
[3.761s] running build
[3.761s] running build_py
[3.762s] creating /home/robot/human_ws/build/action_server/build
[3.762s] creating /home/robot/human_ws/build/action_server/build/lib
[3.762s] creating /home/robot/human_ws/build/action_server/build/lib/action_server
[3.762s] copying action_server/action_service.py -> /home/robot/human_ws/build/action_server/build/lib/action_server
[3.766s] copying action_server/__init__.py -> /home/robot/human_ws/build/action_server/build/lib/action_server
[3.766s] running install
[3.768s] running install_lib
[3.772s] running install_data
[3.772s] running install_egg_info
[3.774s] removing '/home/robot/human_ws/install/action_server/lib/python3.10/site-packages/action_server-0.0.0-py3.10.egg-info' (and everything under it)
[3.777s] Copying ../../build/action_server/action_server.egg-info to /home/robot/human_ws/install/action_server/lib/python3.10/site-packages/action_server-0.0.0-py3.10.egg-info
[3.779s] running install_scripts
[3.819s] Installing action_node script to /home/robot/human_ws/install/action_server/lib/action_server
[3.820s] writing list of installed files to '/home/robot/human_ws/build/action_server/install.log'
[3.958s] Invoked command in '/home/robot/human_ws/src/action_server' returned '0': PYTHONPATH=/home/robot/human_ws/build/action_server/prefix_override:/usr/lib/python3/dist-packages/colcon_core/task/python/colcon_distutils_commands:/home/robot/human_ws/install/action_server/lib/python3.10/site-packages:${PYTHONPATH} /usr/bin/python3 -W ignore:setup.py install is deprecated setup.py egg_info --egg-base ../../build/action_server build --build-base /home/robot/human_ws/build/action_server/build install --record /home/robot/human_ws/build/action_server/install.log --single-version-externally-managed install_data
