[0.742s] Invoking command in '/home/robot/human_ws/src/manager': PYTHONPATH=/home/robot/human_ws/build/manager/prefix_override:/usr/lib/python3/dist-packages/colcon_core/task/python/colcon_distutils_commands:/home/robot/human_ws/install/manager/lib/python3.10/site-packages:${PYTHONPATH} /usr/bin/python3 -W ignore:setup.py install is deprecated setup.py egg_info --egg-base ../../build/manager build --build-base /home/robot/human_ws/build/manager/build install --record /home/robot/human_ws/build/manager/install.log --single-version-externally-managed install_data
[0.995s] running egg_info
[0.995s] writing ../../build/manager/manager.egg-info/PKG-INFO
[0.996s] writing dependency_links to ../../build/manager/manager.egg-info/dependency_links.txt
[0.996s] writing entry points to ../../build/manager/manager.egg-info/entry_points.txt
[0.996s] writing requirements to ../../build/manager/manager.egg-info/requires.txt
[0.996s] writing top-level names to ../../build/manager/manager.egg-info/top_level.txt
[0.997s] reading manifest file '../../build/manager/manager.egg-info/SOURCES.txt'
[0.998s] writing manifest file '../../build/manager/manager.egg-info/SOURCES.txt'
[0.998s] running build
[0.998s] running build_py
[0.998s] copying manager/manager.py -> /home/robot/human_ws/build/manager/build/lib/manager
[0.998s] running install
[0.998s] running install_lib
[0.999s] copying /home/robot/human_ws/build/manager/build/lib/manager/manager.py -> /home/robot/human_ws/install/manager/lib/python3.10/site-packages/manager
[0.999s] byte-compiling /home/robot/human_ws/install/manager/lib/python3.10/site-packages/manager/manager.py to manager.cpython-310.pyc
[1.001s] running install_data
[1.001s] running install_egg_info
[1.002s] removing '/home/robot/human_ws/install/manager/lib/python3.10/site-packages/manager-0.0.0-py3.10.egg-info' (and everything under it)
[1.002s] Copying ../../build/manager/manager.egg-info to /home/robot/human_ws/install/manager/lib/python3.10/site-packages/manager-0.0.0-py3.10.egg-info
[1.003s] running install_scripts
[1.017s] Installing manager_node script to /home/robot/human_ws/install/manager/lib/manager
[1.017s] writing list of installed files to '/home/robot/human_ws/build/manager/install.log'
[1.042s] Invoked command in '/home/robot/human_ws/src/manager' returned '0': PYTHONPATH=/home/robot/human_ws/build/manager/prefix_override:/usr/lib/python3/dist-packages/colcon_core/task/python/colcon_distutils_commands:/home/robot/human_ws/install/manager/lib/python3.10/site-packages:${PYTHONPATH} /usr/bin/python3 -W ignore:setup.py install is deprecated setup.py egg_info --egg-base ../../build/manager build --build-base /home/robot/human_ws/build/manager/build install --record /home/robot/human_ws/build/manager/install.log --single-version-externally-managed install_data
