[1.783s] Invoking command in '/home/robot/human_ws/src/manager': PYTHONPATH=/home/robot/human_ws/build/manager/prefix_override:/usr/lib/python3/dist-packages/colcon_core/task/python/colcon_distutils_commands:/home/robot/human_ws/install/manager/lib/python3.10/site-packages:${PYTHONPATH} /usr/bin/python3 -W ignore:setup.py install is deprecated setup.py egg_info --egg-base ../../build/manager build --build-base /home/robot/human_ws/build/manager/build install --record /home/robot/human_ws/build/manager/install.log --single-version-externally-managed install_data
[2.319s] running egg_info
[2.320s] writing ../../build/manager/manager.egg-info/PKG-INFO
[2.323s] writing dependency_links to ../../build/manager/manager.egg-info/dependency_links.txt
[2.323s] writing entry points to ../../build/manager/manager.egg-info/entry_points.txt
[2.323s] writing requirements to ../../build/manager/manager.egg-info/requires.txt
[2.323s] writing top-level names to ../../build/manager/manager.egg-info/top_level.txt
[2.326s] reading manifest file '../../build/manager/manager.egg-info/SOURCES.txt'
[2.328s] writing manifest file '../../build/manager/manager.egg-info/SOURCES.txt'
[2.329s] running build
[2.329s] running build_py
[2.329s] copying manager/manager.py -> /home/robot/human_ws/build/manager/build/lib/manager
[2.329s] running install
[2.329s] running install_lib
[2.329s] copying /home/robot/human_ws/build/manager/build/lib/manager/manager.py -> /home/robot/human_ws/install/manager/lib/python3.10/site-packages/manager
[2.330s] byte-compiling /home/robot/human_ws/install/manager/lib/python3.10/site-packages/manager/manager.py to manager.cpython-310.pyc
[2.334s] running install_data
[2.334s] running install_egg_info
[2.337s] removing '/home/robot/human_ws/install/manager/lib/python3.10/site-packages/manager-0.0.0-py3.10.egg-info' (and everything under it)
[2.340s] Copying ../../build/manager/manager.egg-info to /home/robot/human_ws/install/manager/lib/python3.10/site-packages/manager-0.0.0-py3.10.egg-info
[2.340s] running install_scripts
[2.381s] Installing manager_node script to /home/robot/human_ws/install/manager/lib/manager
[2.381s] writing list of installed files to '/home/robot/human_ws/build/manager/install.log'
[2.432s] Invoked command in '/home/robot/human_ws/src/manager' returned '0': PYTHONPATH=/home/robot/human_ws/build/manager/prefix_override:/usr/lib/python3/dist-packages/colcon_core/task/python/colcon_distutils_commands:/home/robot/human_ws/install/manager/lib/python3.10/site-packages:${PYTHONPATH} /usr/bin/python3 -W ignore:setup.py install is deprecated setup.py egg_info --egg-base ../../build/manager build --build-base /home/robot/human_ws/build/manager/build install --record /home/robot/human_ws/build/manager/install.log --single-version-externally-managed install_data
