running egg_info
creating ../../build/locomotion/locomotion.egg-info
writing ../../build/locomotion/locomotion.egg-info/PKG-INFO
writing dependency_links to ../../build/locomotion/locomotion.egg-info/dependency_links.txt
writing entry points to ../../build/locomotion/locomotion.egg-info/entry_points.txt
writing requirements to ../../build/locomotion/locomotion.egg-info/requires.txt
writing top-level names to ../../build/locomotion/locomotion.egg-info/top_level.txt
writing manifest file '../../build/locomotion/locomotion.egg-info/SOURCES.txt'
reading manifest file '../../build/locomotion/locomotion.egg-info/SOURCES.txt'
writing manifest file '../../build/locomotion/locomotion.egg-info/SOURCES.txt'
running build
running build_py
creating /home/robot/human_ws/build/locomotion/build
creating /home/robot/human_ws/build/locomotion/build/lib
creating /home/robot/human_ws/build/locomotion/build/lib/locomotion
copying locomotion/__init__.py -> /home/robot/human_ws/build/locomotion/build/lib/locomotion
copying locomotion/locomotion.py -> /home/robot/human_ws/build/locomotion/build/lib/locomotion
running install
running install_lib
running install_data
running install_egg_info
removing '/home/robot/human_ws/install/locomotion/lib/python3.10/site-packages/locomotion-0.0.0-py3.10.egg-info' (and everything under it)
Copying ../../build/locomotion/locomotion.egg-info to /home/robot/human_ws/install/locomotion/lib/python3.10/site-packages/locomotion-0.0.0-py3.10.egg-info
running install_scripts
Installing locomotion script to /home/robot/human_ws/install/locomotion/lib/locomotion
writing list of installed files to '/home/robot/human_ws/build/locomotion/install.log'
