[1.078s] Invoking command in '/home/robot/human_ws/src/locomotion': AMENT_PREFIX_PATH=/home/robot/human_ws/install/myinterfaces:${AMENT_PREFIX_PATH} CMAKE_PREFIX_PATH=/home/robot/human_ws/install/myinterfaces:${CMAKE_PREFIX_PATH} LD_LIBRARY_PATH=/home/robot/human_ws/install/myinterfaces/lib:${LD_LIBRARY_PATH} PYTHONPATH=/home/robot/human_ws/build/locomotion/prefix_override:/usr/lib/python3/dist-packages/colcon_core/task/python/colcon_distutils_commands:/home/robot/human_ws/install/locomotion/lib/python3.10/site-packages:/home/robot/human_ws/install/myinterfaces/local/lib/python3.10/dist-packages:${PYTHONPATH} /usr/bin/python3 -W ignore:setup.py install is deprecated setup.py egg_info --egg-base ../../build/locomotion build --build-base /home/robot/human_ws/build/locomotion/build install --record /home/robot/human_ws/build/locomotion/install.log --single-version-externally-managed install_data
[1.321s] running egg_info
[1.322s] creating ../../build/locomotion/locomotion.egg-info
[1.322s] writing ../../build/locomotion/locomotion.egg-info/PKG-INFO
[1.322s] writing dependency_links to ../../build/locomotion/locomotion.egg-info/dependency_links.txt
[1.322s] writing entry points to ../../build/locomotion/locomotion.egg-info/entry_points.txt
[1.322s] writing requirements to ../../build/locomotion/locomotion.egg-info/requires.txt
[1.322s] writing top-level names to ../../build/locomotion/locomotion.egg-info/top_level.txt
[1.322s] writing manifest file '../../build/locomotion/locomotion.egg-info/SOURCES.txt'
[1.324s] reading manifest file '../../build/locomotion/locomotion.egg-info/SOURCES.txt'
[1.324s] writing manifest file '../../build/locomotion/locomotion.egg-info/SOURCES.txt'
[1.324s] running build
[1.324s] running build_py
[1.324s] creating /home/robot/human_ws/build/locomotion/build
[1.324s] creating /home/robot/human_ws/build/locomotion/build/lib
[1.325s] creating /home/robot/human_ws/build/locomotion/build/lib/locomotion
[1.325s] copying locomotion/__init__.py -> /home/robot/human_ws/build/locomotion/build/lib/locomotion
[1.325s] copying locomotion/locomotion.py -> /home/robot/human_ws/build/locomotion/build/lib/locomotion
[1.325s] running install
[1.325s] running install_lib
[1.326s] running install_data
[1.326s] running install_egg_info
[1.328s] removing '/home/robot/human_ws/install/locomotion/lib/python3.10/site-packages/locomotion-0.0.0-py3.10.egg-info' (and everything under it)
[1.328s] Copying ../../build/locomotion/locomotion.egg-info to /home/robot/human_ws/install/locomotion/lib/python3.10/site-packages/locomotion-0.0.0-py3.10.egg-info
[1.328s] running install_scripts
[1.345s] Installing locomotion script to /home/robot/human_ws/install/locomotion/lib/locomotion
[1.346s] writing list of installed files to '/home/robot/human_ws/build/locomotion/install.log'
[1.375s] Invoked command in '/home/robot/human_ws/src/locomotion' returned '0': AMENT_PREFIX_PATH=/home/robot/human_ws/install/myinterfaces:${AMENT_PREFIX_PATH} CMAKE_PREFIX_PATH=/home/robot/human_ws/install/myinterfaces:${CMAKE_PREFIX_PATH} LD_LIBRARY_PATH=/home/robot/human_ws/install/myinterfaces/lib:${LD_LIBRARY_PATH} PYTHONPATH=/home/robot/human_ws/build/locomotion/prefix_override:/usr/lib/python3/dist-packages/colcon_core/task/python/colcon_distutils_commands:/home/robot/human_ws/install/locomotion/lib/python3.10/site-packages:/home/robot/human_ws/install/myinterfaces/local/lib/python3.10/dist-packages:${PYTHONPATH} /usr/bin/python3 -W ignore:setup.py install is deprecated setup.py egg_info --egg-base ../../build/locomotion build --build-base /home/robot/human_ws/build/locomotion/build install --record /home/robot/human_ws/build/locomotion/install.log --single-version-externally-managed install_data
