[0.895s] Invoking command in '/home/robot/human_ws/src/follow': PYTHONPATH=/home/robot/human_ws/build/follow/prefix_override:/usr/lib/python3/dist-packages/colcon_core/task/python/colcon_distutils_commands:/home/robot/human_ws/install/follow/lib/python3.10/site-packages:${PYTHONPATH} /usr/bin/python3 -W ignore:setup.py install is deprecated setup.py egg_info --egg-base ../../build/follow build --build-base /home/robot/human_ws/build/follow/build install --record /home/robot/human_ws/build/follow/install.log --single-version-externally-managed install_data
[1.129s] running egg_info
[1.129s] writing ../../build/follow/follow.egg-info/PKG-INFO
[1.130s] writing dependency_links to ../../build/follow/follow.egg-info/dependency_links.txt
[1.130s] writing entry points to ../../build/follow/follow.egg-info/entry_points.txt
[1.130s] writing requirements to ../../build/follow/follow.egg-info/requires.txt
[1.130s] writing top-level names to ../../build/follow/follow.egg-info/top_level.txt
[1.132s] reading manifest file '../../build/follow/follow.egg-info/SOURCES.txt'
[1.133s] writing manifest file '../../build/follow/follow.egg-info/SOURCES.txt'
[1.133s] running build
[1.133s] running build_py
[1.133s] copying follow/tag_server.py -> /home/robot/human_ws/build/follow/build/lib/follow
[1.134s] running install
[1.134s] running install_lib
[1.135s] copying /home/robot/human_ws/build/follow/build/lib/follow/tag_server.py -> /home/robot/human_ws/install/follow/lib/python3.10/site-packages/follow
[1.135s] byte-compiling /home/robot/human_ws/install/follow/lib/python3.10/site-packages/follow/tag_server.py to tag_server.cpython-310.pyc
[1.137s] running install_data
[1.137s] running install_egg_info
[1.138s] removing '/home/robot/human_ws/install/follow/lib/python3.10/site-packages/follow-0.0.0-py3.10.egg-info' (and everything under it)
[1.139s] Copying ../../build/follow/follow.egg-info to /home/robot/human_ws/install/follow/lib/python3.10/site-packages/follow-0.0.0-py3.10.egg-info
[1.140s] running install_scripts
[1.158s] Installing camerainfo script to /home/robot/human_ws/install/follow/lib/follow
[1.158s] Installing follower script to /home/robot/human_ws/install/follow/lib/follow
[1.159s] Installing joy_publisher script to /home/robot/human_ws/install/follow/lib/follow
[1.159s] Installing rotate_human script to /home/robot/human_ws/install/follow/lib/follow
[1.159s] Installing tag_follower script to /home/robot/human_ws/install/follow/lib/follow
[1.159s] Installing tag_follower_static script to /home/robot/human_ws/install/follow/lib/follow
[1.159s] Installing tag_follower_static2 script to /home/robot/human_ws/install/follow/lib/follow
[1.159s] Installing tag_server script to /home/robot/human_ws/install/follow/lib/follow
[1.159s] Installing tag_test_client script to /home/robot/human_ws/install/follow/lib/follow
[1.159s] Installing test_publisher script to /home/robot/human_ws/install/follow/lib/follow
[1.159s] writing list of installed files to '/home/robot/human_ws/build/follow/install.log'
[1.189s] Invoked command in '/home/robot/human_ws/src/follow' returned '0': PYTHONPATH=/home/robot/human_ws/build/follow/prefix_override:/usr/lib/python3/dist-packages/colcon_core/task/python/colcon_distutils_commands:/home/robot/human_ws/install/follow/lib/python3.10/site-packages:${PYTHONPATH} /usr/bin/python3 -W ignore:setup.py install is deprecated setup.py egg_info --egg-base ../../build/follow build --build-base /home/robot/human_ws/build/follow/build install --record /home/robot/human_ws/build/follow/install.log --single-version-externally-managed install_data
