[0.012s] Invoking command in '/home/robot/human_ws/build/robot_startup': CMAKE_PREFIX_PATH=${CMAKE_PREFIX_PATH}:/home/robot/human_ws/install/test_manager:/home/robot/human_ws/install/test_listen:/home/robot/human_ws/install/rotate:/home/robot/human_ws/install/locomotion:/home/robot/human_ws/install/human:/home/robot/human_ws/install/manager:/home/robot/human_ws/install/listen:/home/robot/human_ws/install/image:/home/robot/human_ws/install/follow:/home/robot/human_ws/install/apriltag_detection:/home/robot/human_ws/install/action_server:/home/robot/robot_controller_release/ros2_packages/object_detect_track_node_py:/opt/ros/humble /usr/bin/cmake --build /home/robot/human_ws/build/robot_startup -- -j16 -l16
[0.101s] Invoked command in '/home/robot/human_ws/build/robot_startup' returned '0': CMAKE_PREFIX_PATH=${CMAKE_PREFIX_PATH}:/home/robot/human_ws/install/test_manager:/home/robot/human_ws/install/test_listen:/home/robot/human_ws/install/rotate:/home/robot/human_ws/install/locomotion:/home/robot/human_ws/install/human:/home/robot/human_ws/install/manager:/home/robot/human_ws/install/listen:/home/robot/human_ws/install/image:/home/robot/human_ws/install/follow:/home/robot/human_ws/install/apriltag_detection:/home/robot/human_ws/install/action_server:/home/robot/robot_controller_release/ros2_packages/object_detect_track_node_py:/opt/ros/humble /usr/bin/cmake --build /home/robot/human_ws/build/robot_startup -- -j16 -l16
[0.155s] Invoking command in '/home/robot/human_ws/build/robot_startup': CMAKE_PREFIX_PATH=${CMAKE_PREFIX_PATH}:/home/robot/human_ws/install/test_manager:/home/robot/human_ws/install/test_listen:/home/robot/human_ws/install/rotate:/home/robot/human_ws/install/locomotion:/home/robot/human_ws/install/human:/home/robot/human_ws/install/manager:/home/robot/human_ws/install/listen:/home/robot/human_ws/install/image:/home/robot/human_ws/install/follow:/home/robot/human_ws/install/apriltag_detection:/home/robot/human_ws/install/action_server:/home/robot/robot_controller_release/ros2_packages/object_detect_track_node_py:/opt/ros/humble /usr/bin/cmake --install /home/robot/human_ws/build/robot_startup
[0.169s] -- Install configuration: ""
[0.169s] -- Up-to-date: /home/robot/human_ws/install/robot_startup/share/robot_startup/launch
[0.169s] -- Installing: /home/robot/human_ws/install/robot_startup/share/robot_startup/launch/start.launch.py
[0.169s] -- Up-to-date: /home/robot/human_ws/install/robot_startup/share/ament_index/resource_index/package_run_dependencies/robot_startup
[0.170s] -- Up-to-date: /home/robot/human_ws/install/robot_startup/share/ament_index/resource_index/parent_prefix_path/robot_startup
[0.170s] -- Up-to-date: /home/robot/human_ws/install/robot_startup/share/robot_startup/environment/ament_prefix_path.sh
[0.170s] -- Up-to-date: /home/robot/human_ws/install/robot_startup/share/robot_startup/environment/ament_prefix_path.dsv
[0.170s] -- Up-to-date: /home/robot/human_ws/install/robot_startup/share/robot_startup/environment/path.sh
[0.170s] -- Up-to-date: /home/robot/human_ws/install/robot_startup/share/robot_startup/environment/path.dsv
[0.170s] -- Up-to-date: /home/robot/human_ws/install/robot_startup/share/robot_startup/local_setup.bash
[0.170s] -- Up-to-date: /home/robot/human_ws/install/robot_startup/share/robot_startup/local_setup.sh
[0.170s] -- Up-to-date: /home/robot/human_ws/install/robot_startup/share/robot_startup/local_setup.zsh
[0.170s] -- Up-to-date: /home/robot/human_ws/install/robot_startup/share/robot_startup/local_setup.dsv
[0.170s] -- Up-to-date: /home/robot/human_ws/install/robot_startup/share/robot_startup/package.dsv
[0.170s] -- Up-to-date: /home/robot/human_ws/install/robot_startup/share/ament_index/resource_index/packages/robot_startup
[0.171s] -- Up-to-date: /home/robot/human_ws/install/robot_startup/share/robot_startup/cmake/robot_startupConfig.cmake
[0.171s] -- Up-to-date: /home/robot/human_ws/install/robot_startup/share/robot_startup/cmake/robot_startupConfig-version.cmake
[0.171s] -- Up-to-date: /home/robot/human_ws/install/robot_startup/share/robot_startup/package.xml
[0.172s] Invoked command in '/home/robot/human_ws/build/robot_startup' returned '0': CMAKE_PREFIX_PATH=${CMAKE_PREFIX_PATH}:/home/robot/human_ws/install/test_manager:/home/robot/human_ws/install/test_listen:/home/robot/human_ws/install/rotate:/home/robot/human_ws/install/locomotion:/home/robot/human_ws/install/human:/home/robot/human_ws/install/manager:/home/robot/human_ws/install/listen:/home/robot/human_ws/install/image:/home/robot/human_ws/install/follow:/home/robot/human_ws/install/apriltag_detection:/home/robot/human_ws/install/action_server:/home/robot/robot_controller_release/ros2_packages/object_detect_track_node_py:/opt/ros/humble /usr/bin/cmake --install /home/robot/human_ws/build/robot_startup
