-- Found ament_cmake: 1.3.10 (/opt/ros/humble/share/ament_cmake/cmake)
-- Found rosidl_default_generators: 1.2.0 (/opt/ros/humble/share/rosidl_default_generators/cmake)
-- Using all available rosidl_typesupport_c: rosidl_typesupport_fastrtps_c;rosidl_typesupport_introspection_c
-- Found rosidl_adapter: 3.1.5 (/opt/ros/humble/share/rosidl_adapter/cmake)
-- Using all available rosidl_typesupport_cpp: rosidl_typesupport_fastrtps_cpp;rosidl_typesupport_introspection_cpp
-- Found geometry_msgs: 4.2.4 (/opt/ros/humble/share/geometry_msgs/cmake)
-- Found sensor_msgs: 4.2.4 (/opt/ros/humble/share/sensor_msgs/cmake)
-- Found ament_cmake_ros: 0.10.0 (/opt/ros/humble/share/ament_cmake_ros/cmake)
-- Using all available rosidl_typesupport_c: rosidl_typesupport_fastrtps_c;rosidl_typesupport_introspection_c
-- Using all available rosidl_typesupport_cpp: rosidl_typesupport_fastrtps_cpp;rosidl_typesupport_introspection_cpp
-- Found python_cmake_module: 0.10.0 (/opt/ros/humble/share/python_cmake_module/cmake)
-- Using PYTHON_EXECUTABLE: /usr/bin/python3
-- Using PYTHON_INCLUDE_DIRS: /usr/include/python3.10
-- Using PYTHON_LIBRARIES: /usr/lib/x86_64-linux-gnu/libpython3.10.so
-- Found ament_lint_auto: 0.12.11 (/opt/ros/humble/share/ament_lint_auto/cmake)
-- Added test 'lint_cmake' to check CMake code style
-- Added test 'xmllint' to check XML markup files
-- Configuring done
-- Generating done
-- Build files have been written to: /home/robot/human_ws/build/myinterfaces
[35m[1mConsolidate compiler generated dependencies of target myinterfaces__rosidl_generator_c[0m
[  1%] Built target myinterfaces__cpp
[ 12%] Built target myinterfaces__rosidl_generator_c
[35m[1mConsolidate compiler generated dependencies of target myinterfaces__rosidl_typesupport_introspection_cpp[0m
[ 12%] Built target ament_cmake_python_copy_myinterfaces
[35m[1mConsolidate compiler generated dependencies of target myinterfaces__rosidl_typesupport_fastrtps_cpp[0m
[35m[1mConsolidate compiler generated dependencies of target myinterfaces__rosidl_typesupport_cpp[0m
[35m[1mConsolidate compiler generated dependencies of target myinterfaces__rosidl_typesupport_c[0m
[35m[1mConsolidate compiler generated dependencies of target myinterfaces__rosidl_typesupport_introspection_c[0m
[35m[1mConsolidate compiler generated dependencies of target myinterfaces__rosidl_typesupport_fastrtps_c[0m
[ 23%] Built target myinterfaces__rosidl_typesupport_c
[ 34%] Built target myinterfaces__rosidl_typesupport_introspection_cpp
[ 46%] Built target myinterfaces__rosidl_typesupport_cpp
[ 57%] Built target myinterfaces__rosidl_typesupport_introspection_c
[ 79%] Built target myinterfaces__rosidl_typesupport_fastrtps_cpp
[ 79%] Built target myinterfaces__rosidl_typesupport_fastrtps_c
[ 79%] Built target myinterfaces
[ 80%] Built target myinterfaces__py
[35m[1mConsolidate compiler generated dependencies of target myinterfaces__rosidl_generator_py[0m
[ 90%] Built target myinterfaces__rosidl_generator_py
[35m[1mConsolidate compiler generated dependencies of target myinterfaces__rosidl_typesupport_fastrtps_c__pyext[0m
[35m[1mConsolidate compiler generated dependencies of target myinterfaces__rosidl_typesupport_introspection_c__pyext[0m
[35m[1mConsolidate compiler generated dependencies of target myinterfaces__rosidl_typesupport_c__pyext[0m
[ 93%] Built target myinterfaces__rosidl_typesupport_fastrtps_c__pyext
[ 96%] Built target myinterfaces__rosidl_typesupport_introspection_c__pyext
[100%] Built target myinterfaces__rosidl_typesupport_c__pyext
running egg_info
writing myinterfaces.egg-info/PKG-INFO
writing dependency_links to myinterfaces.egg-info/dependency_links.txt
writing top-level names to myinterfaces.egg-info/top_level.txt
reading manifest file 'myinterfaces.egg-info/SOURCES.txt'
writing manifest file 'myinterfaces.egg-info/SOURCES.txt'
[100%] Built target ament_cmake_python_build_myinterfaces_egg
-- Install configuration: ""
-- Up-to-date: /home/robot/human_ws/install/myinterfaces/share/ament_index/resource_index/rosidl_interfaces/myinterfaces
-- Up-to-date: /home/robot/human_ws/install/myinterfaces/include/myinterfaces/myinterfaces
-- Up-to-date: /home/robot/human_ws/install/myinterfaces/include/myinterfaces/myinterfaces/srv
-- Up-to-date: /home/robot/human_ws/install/myinterfaces/include/myinterfaces/myinterfaces/srv/detail
-- Up-to-date: /home/robot/human_ws/install/myinterfaces/include/myinterfaces/myinterfaces/srv/detail/humancoordinatespcd__functions.c
-- Up-to-date: /home/robot/human_ws/install/myinterfaces/include/myinterfaces/myinterfaces/srv/detail/humancoordinatespcd__struct.h
-- Up-to-date: /home/robot/human_ws/install/myinterfaces/include/myinterfaces/myinterfaces/srv/detail/humancoordinates__functions.h
-- Up-to-date: /home/robot/human_ws/install/myinterfaces/include/myinterfaces/myinterfaces/srv/detail/humancoordinates__functions.c
-- Up-to-date: /home/robot/human_ws/install/myinterfaces/include/myinterfaces/myinterfaces/srv/detail/humancoordinatespcd__type_support.h
-- Up-to-date: /home/robot/human_ws/install/myinterfaces/include/myinterfaces/myinterfaces/srv/detail/action__functions.h
-- Up-to-date: /home/robot/human_ws/install/myinterfaces/include/myinterfaces/myinterfaces/srv/detail/humancoordinates__struct.h
-- Up-to-date: /home/robot/human_ws/install/myinterfaces/include/myinterfaces/myinterfaces/srv/detail/action__type_support.h
-- Up-to-date: /home/robot/human_ws/install/myinterfaces/include/myinterfaces/myinterfaces/srv/detail/humancoordinates__type_support.h
-- Up-to-date: /home/robot/human_ws/install/myinterfaces/include/myinterfaces/myinterfaces/srv/detail/humancoordinatespcd__functions.h
-- Up-to-date: /home/robot/human_ws/install/myinterfaces/include/myinterfaces/myinterfaces/srv/detail/action__struct.h
-- Up-to-date: /home/robot/human_ws/install/myinterfaces/include/myinterfaces/myinterfaces/srv/detail/action__functions.c
-- Up-to-date: /home/robot/human_ws/install/myinterfaces/include/myinterfaces/myinterfaces/srv/humancoordinates.h
-- Up-to-date: /home/robot/human_ws/install/myinterfaces/include/myinterfaces/myinterfaces/srv/humancoordinatespcd.h
-- Up-to-date: /home/robot/human_ws/install/myinterfaces/include/myinterfaces/myinterfaces/srv/action.h
-- Up-to-date: /home/robot/human_ws/install/myinterfaces/include/myinterfaces/myinterfaces/msg
-- Up-to-date: /home/robot/human_ws/install/myinterfaces/include/myinterfaces/myinterfaces/msg/detail
-- Up-to-date: /home/robot/human_ws/install/myinterfaces/include/myinterfaces/myinterfaces/msg/detail/state__struct.h
-- Up-to-date: /home/robot/human_ws/install/myinterfaces/include/myinterfaces/myinterfaces/msg/detail/state__type_support.h
-- Up-to-date: /home/robot/human_ws/install/myinterfaces/include/myinterfaces/myinterfaces/msg/detail/state__functions.h
-- Up-to-date: /home/robot/human_ws/install/myinterfaces/include/myinterfaces/myinterfaces/msg/detail/detect_coordinates__functions.h
-- Up-to-date: /home/robot/human_ws/install/myinterfaces/include/myinterfaces/myinterfaces/msg/detail/detect_coordinates__type_support.h
-- Up-to-date: /home/robot/human_ws/install/myinterfaces/include/myinterfaces/myinterfaces/msg/detail/detect_coordinates__struct.h
-- Up-to-date: /home/robot/human_ws/install/myinterfaces/include/myinterfaces/myinterfaces/msg/detail/detect_coordinates__functions.c
-- Up-to-date: /home/robot/human_ws/install/myinterfaces/include/myinterfaces/myinterfaces/msg/detail/state__functions.c
-- Up-to-date: /home/robot/human_ws/install/myinterfaces/include/myinterfaces/myinterfaces/msg/rosidl_generator_c__visibility_control.h
-- Up-to-date: /home/robot/human_ws/install/myinterfaces/include/myinterfaces/myinterfaces/msg/state.h
-- Up-to-date: /home/robot/human_ws/install/myinterfaces/include/myinterfaces/myinterfaces/msg/detect_coordinates.h
-- Up-to-date: /home/robot/human_ws/install/myinterfaces/share/myinterfaces/environment/library_path.sh
-- Installing: /home/robot/human_ws/install/myinterfaces/share/myinterfaces/environment/library_path.dsv
-- Up-to-date: /home/robot/human_ws/install/myinterfaces/lib/libmyinterfaces__rosidl_generator_c.so
-- Up-to-date: /home/robot/human_ws/install/myinterfaces/include/myinterfaces/myinterfaces
-- Up-to-date: /home/robot/human_ws/install/myinterfaces/include/myinterfaces/myinterfaces/srv
-- Up-to-date: /home/robot/human_ws/install/myinterfaces/include/myinterfaces/myinterfaces/srv/detail
-- Up-to-date: /home/robot/human_ws/install/myinterfaces/include/myinterfaces/myinterfaces/srv/detail/humancoordinates__rosidl_typesupport_fastrtps_c.h
-- Up-to-date: /home/robot/human_ws/install/myinterfaces/include/myinterfaces/myinterfaces/srv/detail/humancoordinatespcd__rosidl_typesupport_fastrtps_c.h
-- Up-to-date: /home/robot/human_ws/install/myinterfaces/include/myinterfaces/myinterfaces/srv/detail/action__rosidl_typesupport_fastrtps_c.h
-- Up-to-date: /home/robot/human_ws/install/myinterfaces/include/myinterfaces/myinterfaces/msg
-- Up-to-date: /home/robot/human_ws/install/myinterfaces/include/myinterfaces/myinterfaces/msg/detail
-- Up-to-date: /home/robot/human_ws/install/myinterfaces/include/myinterfaces/myinterfaces/msg/detail/state__rosidl_typesupport_fastrtps_c.h
-- Up-to-date: /home/robot/human_ws/install/myinterfaces/include/myinterfaces/myinterfaces/msg/detail/detect_coordinates__rosidl_typesupport_fastrtps_c.h
-- Up-to-date: /home/robot/human_ws/install/myinterfaces/include/myinterfaces/myinterfaces/msg/rosidl_typesupport_fastrtps_c__visibility_control.h
-- Up-to-date: /home/robot/human_ws/install/myinterfaces/lib/libmyinterfaces__rosidl_typesupport_fastrtps_c.so
-- Up-to-date: /home/robot/human_ws/install/myinterfaces/include/myinterfaces/myinterfaces
-- Up-to-date: /home/robot/human_ws/install/myinterfaces/include/myinterfaces/myinterfaces/srv
-- Up-to-date: /home/robot/human_ws/install/myinterfaces/include/myinterfaces/myinterfaces/srv/detail
-- Up-to-date: /home/robot/human_ws/install/myinterfaces/include/myinterfaces/myinterfaces/srv/detail/humancoordinates__rosidl_typesupport_introspection_c.h
-- Up-to-date: /home/robot/human_ws/install/myinterfaces/include/myinterfaces/myinterfaces/srv/detail/humancoordinatespcd__type_support.c
-- Up-to-date: /home/robot/human_ws/install/myinterfaces/include/myinterfaces/myinterfaces/srv/detail/action__rosidl_typesupport_introspection_c.h
-- Up-to-date: /home/robot/human_ws/install/myinterfaces/include/myinterfaces/myinterfaces/srv/detail/humancoordinatespcd__rosidl_typesupport_introspection_c.h
-- Up-to-date: /home/robot/human_ws/install/myinterfaces/include/myinterfaces/myinterfaces/srv/detail/humancoordinates__type_support.c
-- Up-to-date: /home/robot/human_ws/install/myinterfaces/include/myinterfaces/myinterfaces/srv/detail/action__type_support.c
-- Up-to-date: /home/robot/human_ws/install/myinterfaces/include/myinterfaces/myinterfaces/msg
-- Up-to-date: /home/robot/human_ws/install/myinterfaces/include/myinterfaces/myinterfaces/msg/detail
-- Up-to-date: /home/robot/human_ws/install/myinterfaces/include/myinterfaces/myinterfaces/msg/detail/state__type_support.c
-- Up-to-date: /home/robot/human_ws/install/myinterfaces/include/myinterfaces/myinterfaces/msg/detail/detect_coordinates__rosidl_typesupport_introspection_c.h
-- Up-to-date: /home/robot/human_ws/install/myinterfaces/include/myinterfaces/myinterfaces/msg/detail/detect_coordinates__type_support.c
-- Up-to-date: /home/robot/human_ws/install/myinterfaces/include/myinterfaces/myinterfaces/msg/detail/state__rosidl_typesupport_introspection_c.h
-- Up-to-date: /home/robot/human_ws/install/myinterfaces/include/myinterfaces/myinterfaces/msg/rosidl_typesupport_introspection_c__visibility_control.h
-- Up-to-date: /home/robot/human_ws/install/myinterfaces/lib/libmyinterfaces__rosidl_typesupport_introspection_c.so
-- Up-to-date: /home/robot/human_ws/install/myinterfaces/lib/libmyinterfaces__rosidl_typesupport_c.so
-- Up-to-date: /home/robot/human_ws/install/myinterfaces/include/myinterfaces/myinterfaces
-- Up-to-date: /home/robot/human_ws/install/myinterfaces/include/myinterfaces/myinterfaces/srv
-- Up-to-date: /home/robot/human_ws/install/myinterfaces/include/myinterfaces/myinterfaces/srv/detail
-- Up-to-date: /home/robot/human_ws/install/myinterfaces/include/myinterfaces/myinterfaces/srv/detail/humancoordinates__builder.hpp
-- Up-to-date: /home/robot/human_ws/install/myinterfaces/include/myinterfaces/myinterfaces/srv/detail/action__builder.hpp
-- Up-to-date: /home/robot/human_ws/install/myinterfaces/include/myinterfaces/myinterfaces/srv/detail/action__traits.hpp
-- Up-to-date: /home/robot/human_ws/install/myinterfaces/include/myinterfaces/myinterfaces/srv/detail/action__struct.hpp
-- Up-to-date: /home/robot/human_ws/install/myinterfaces/include/myinterfaces/myinterfaces/srv/detail/humancoordinatespcd__builder.hpp
-- Up-to-date: /home/robot/human_ws/install/myinterfaces/include/myinterfaces/myinterfaces/srv/detail/humancoordinates__traits.hpp
-- Up-to-date: /home/robot/human_ws/install/myinterfaces/include/myinterfaces/myinterfaces/srv/detail/humancoordinatespcd__traits.hpp
-- Up-to-date: /home/robot/human_ws/install/myinterfaces/include/myinterfaces/myinterfaces/srv/detail/humancoordinates__struct.hpp
-- Up-to-date: /home/robot/human_ws/install/myinterfaces/include/myinterfaces/myinterfaces/srv/detail/humancoordinatespcd__struct.hpp
-- Up-to-date: /home/robot/human_ws/install/myinterfaces/include/myinterfaces/myinterfaces/srv/action.hpp
-- Up-to-date: /home/robot/human_ws/install/myinterfaces/include/myinterfaces/myinterfaces/srv/humancoordinatespcd.hpp
-- Up-to-date: /home/robot/human_ws/install/myinterfaces/include/myinterfaces/myinterfaces/srv/humancoordinates.hpp
-- Up-to-date: /home/robot/human_ws/install/myinterfaces/include/myinterfaces/myinterfaces/msg
-- Up-to-date: /home/robot/human_ws/install/myinterfaces/include/myinterfaces/myinterfaces/msg/detail
-- Up-to-date: /home/robot/human_ws/install/myinterfaces/include/myinterfaces/myinterfaces/msg/detail/detect_coordinates__struct.hpp
-- Up-to-date: /home/robot/human_ws/install/myinterfaces/include/myinterfaces/myinterfaces/msg/detail/detect_coordinates__traits.hpp
-- Up-to-date: /home/robot/human_ws/install/myinterfaces/include/myinterfaces/myinterfaces/msg/detail/state__struct.hpp
-- Up-to-date: /home/robot/human_ws/install/myinterfaces/include/myinterfaces/myinterfaces/msg/detail/state__traits.hpp
-- Up-to-date: /home/robot/human_ws/install/myinterfaces/include/myinterfaces/myinterfaces/msg/detail/detect_coordinates__builder.hpp
-- Up-to-date: /home/robot/human_ws/install/myinterfaces/include/myinterfaces/myinterfaces/msg/detail/state__builder.hpp
-- Up-to-date: /home/robot/human_ws/install/myinterfaces/include/myinterfaces/myinterfaces/msg/detect_coordinates.hpp
-- Up-to-date: /home/robot/human_ws/install/myinterfaces/include/myinterfaces/myinterfaces/msg/state.hpp
-- Up-to-date: /home/robot/human_ws/install/myinterfaces/include/myinterfaces/myinterfaces
-- Up-to-date: /home/robot/human_ws/install/myinterfaces/include/myinterfaces/myinterfaces/srv
-- Up-to-date: /home/robot/human_ws/install/myinterfaces/include/myinterfaces/myinterfaces/srv/detail
-- Up-to-date: /home/robot/human_ws/install/myinterfaces/include/myinterfaces/myinterfaces/srv/detail/action__rosidl_typesupport_fastrtps_cpp.hpp
-- Up-to-date: /home/robot/human_ws/install/myinterfaces/include/myinterfaces/myinterfaces/srv/detail/humancoordinates__rosidl_typesupport_fastrtps_cpp.hpp
-- Up-to-date: /home/robot/human_ws/install/myinterfaces/include/myinterfaces/myinterfaces/srv/detail/humancoordinatespcd__rosidl_typesupport_fastrtps_cpp.hpp
-- Up-to-date: /home/robot/human_ws/install/myinterfaces/include/myinterfaces/myinterfaces/srv/detail/dds_fastrtps
-- Up-to-date: /home/robot/human_ws/install/myinterfaces/include/myinterfaces/myinterfaces/msg
-- Up-to-date: /home/robot/human_ws/install/myinterfaces/include/myinterfaces/myinterfaces/msg/detail
-- Up-to-date: /home/robot/human_ws/install/myinterfaces/include/myinterfaces/myinterfaces/msg/detail/state__rosidl_typesupport_fastrtps_cpp.hpp
-- Up-to-date: /home/robot/human_ws/install/myinterfaces/include/myinterfaces/myinterfaces/msg/detail/detect_coordinates__rosidl_typesupport_fastrtps_cpp.hpp
-- Up-to-date: /home/robot/human_ws/install/myinterfaces/include/myinterfaces/myinterfaces/msg/detail/dds_fastrtps
-- Up-to-date: /home/robot/human_ws/install/myinterfaces/include/myinterfaces/myinterfaces/msg/rosidl_typesupport_fastrtps_cpp__visibility_control.h
-- Up-to-date: /home/robot/human_ws/install/myinterfaces/lib/libmyinterfaces__rosidl_typesupport_fastrtps_cpp.so
-- Up-to-date: /home/robot/human_ws/install/myinterfaces/include/myinterfaces/myinterfaces
-- Up-to-date: /home/robot/human_ws/install/myinterfaces/include/myinterfaces/myinterfaces/srv
-- Up-to-date: /home/robot/human_ws/install/myinterfaces/include/myinterfaces/myinterfaces/srv/detail
-- Up-to-date: /home/robot/human_ws/install/myinterfaces/include/myinterfaces/myinterfaces/srv/detail/humancoordinatespcd__type_support.cpp
-- Up-to-date: /home/robot/human_ws/install/myinterfaces/include/myinterfaces/myinterfaces/srv/detail/humancoordinatespcd__rosidl_typesupport_introspection_cpp.hpp
-- Up-to-date: /home/robot/human_ws/install/myinterfaces/include/myinterfaces/myinterfaces/srv/detail/action__rosidl_typesupport_introspection_cpp.hpp
-- Up-to-date: /home/robot/human_ws/install/myinterfaces/include/myinterfaces/myinterfaces/srv/detail/humancoordinates__type_support.cpp
-- Up-to-date: /home/robot/human_ws/install/myinterfaces/include/myinterfaces/myinterfaces/srv/detail/humancoordinates__rosidl_typesupport_introspection_cpp.hpp
-- Up-to-date: /home/robot/human_ws/install/myinterfaces/include/myinterfaces/myinterfaces/srv/detail/action__type_support.cpp
-- Up-to-date: /home/robot/human_ws/install/myinterfaces/include/myinterfaces/myinterfaces/msg
-- Up-to-date: /home/robot/human_ws/install/myinterfaces/include/myinterfaces/myinterfaces/msg/detail
-- Up-to-date: /home/robot/human_ws/install/myinterfaces/include/myinterfaces/myinterfaces/msg/detail/state__type_support.cpp
-- Up-to-date: /home/robot/human_ws/install/myinterfaces/include/myinterfaces/myinterfaces/msg/detail/state__rosidl_typesupport_introspection_cpp.hpp
-- Up-to-date: /home/robot/human_ws/install/myinterfaces/include/myinterfaces/myinterfaces/msg/detail/detect_coordinates__rosidl_typesupport_introspection_cpp.hpp
-- Up-to-date: /home/robot/human_ws/install/myinterfaces/include/myinterfaces/myinterfaces/msg/detail/detect_coordinates__type_support.cpp
-- Up-to-date: /home/robot/human_ws/install/myinterfaces/lib/libmyinterfaces__rosidl_typesupport_introspection_cpp.so
-- Up-to-date: /home/robot/human_ws/install/myinterfaces/lib/libmyinterfaces__rosidl_typesupport_cpp.so
-- Up-to-date: /home/robot/human_ws/install/myinterfaces/share/myinterfaces/environment/pythonpath.sh
-- Installing: /home/robot/human_ws/install/myinterfaces/share/myinterfaces/environment/pythonpath.dsv
-- Up-to-date: /home/robot/human_ws/install/myinterfaces/local/lib/python3.10/dist-packages/myinterfaces-0.0.0-py3.10.egg-info
-- Installing: /home/robot/human_ws/install/myinterfaces/local/lib/python3.10/dist-packages/myinterfaces-0.0.0-py3.10.egg-info/PKG-INFO
-- Installing: /home/robot/human_ws/install/myinterfaces/local/lib/python3.10/dist-packages/myinterfaces-0.0.0-py3.10.egg-info/top_level.txt
-- Installing: /home/robot/human_ws/install/myinterfaces/local/lib/python3.10/dist-packages/myinterfaces-0.0.0-py3.10.egg-info/SOURCES.txt
-- Installing: /home/robot/human_ws/install/myinterfaces/local/lib/python3.10/dist-packages/myinterfaces-0.0.0-py3.10.egg-info/dependency_links.txt
-- Up-to-date: /home/robot/human_ws/install/myinterfaces/local/lib/python3.10/dist-packages/myinterfaces
-- Up-to-date: /home/robot/human_ws/install/myinterfaces/local/lib/python3.10/dist-packages/myinterfaces/myinterfaces_s__rosidl_typesupport_introspection_c.cpython-310-x86_64-linux-gnu.so
-- Installing: /home/robot/human_ws/install/myinterfaces/local/lib/python3.10/dist-packages/myinterfaces/__init__.py
-- Up-to-date: /home/robot/human_ws/install/myinterfaces/local/lib/python3.10/dist-packages/myinterfaces/_myinterfaces_s.ep.rosidl_typesupport_c.c
-- Up-to-date: /home/robot/human_ws/install/myinterfaces/local/lib/python3.10/dist-packages/myinterfaces/_myinterfaces_s.ep.rosidl_typesupport_fastrtps_c.c
-- Up-to-date: /home/robot/human_ws/install/myinterfaces/local/lib/python3.10/dist-packages/myinterfaces/libmyinterfaces__rosidl_generator_py.so
-- Up-to-date: /home/robot/human_ws/install/myinterfaces/local/lib/python3.10/dist-packages/myinterfaces/srv
-- Up-to-date: /home/robot/human_ws/install/myinterfaces/local/lib/python3.10/dist-packages/myinterfaces/srv/_action_s.c
-- Up-to-date: /home/robot/human_ws/install/myinterfaces/local/lib/python3.10/dist-packages/myinterfaces/srv/_humancoordinatespcd.py
-- Up-to-date: /home/robot/human_ws/install/myinterfaces/local/lib/python3.10/dist-packages/myinterfaces/srv/_action.py
-- Up-to-date: /home/robot/human_ws/install/myinterfaces/local/lib/python3.10/dist-packages/myinterfaces/srv/__init__.py
-- Up-to-date: /home/robot/human_ws/install/myinterfaces/local/lib/python3.10/dist-packages/myinterfaces/srv/_humancoordinates.py
-- Up-to-date: /home/robot/human_ws/install/myinterfaces/local/lib/python3.10/dist-packages/myinterfaces/srv/_humancoordinatespcd_s.c
-- Up-to-date: /home/robot/human_ws/install/myinterfaces/local/lib/python3.10/dist-packages/myinterfaces/srv/_humancoordinates_s.c
-- Up-to-date: /home/robot/human_ws/install/myinterfaces/local/lib/python3.10/dist-packages/myinterfaces/_myinterfaces_s.ep.rosidl_typesupport_introspection_c.c
-- Up-to-date: /home/robot/human_ws/install/myinterfaces/local/lib/python3.10/dist-packages/myinterfaces/myinterfaces_s__rosidl_typesupport_c.cpython-310-x86_64-linux-gnu.so
-- Up-to-date: /home/robot/human_ws/install/myinterfaces/local/lib/python3.10/dist-packages/myinterfaces/myinterfaces_s__rosidl_typesupport_fastrtps_c.cpython-310-x86_64-linux-gnu.so
-- Up-to-date: /home/robot/human_ws/install/myinterfaces/local/lib/python3.10/dist-packages/myinterfaces/msg
-- Up-to-date: /home/robot/human_ws/install/myinterfaces/local/lib/python3.10/dist-packages/myinterfaces/msg/_detect_coordinates.py
-- Up-to-date: /home/robot/human_ws/install/myinterfaces/local/lib/python3.10/dist-packages/myinterfaces/msg/__init__.py
-- Up-to-date: /home/robot/human_ws/install/myinterfaces/local/lib/python3.10/dist-packages/myinterfaces/msg/_state.py
-- Up-to-date: /home/robot/human_ws/install/myinterfaces/local/lib/python3.10/dist-packages/myinterfaces/msg/_state_s.c
-- Up-to-date: /home/robot/human_ws/install/myinterfaces/local/lib/python3.10/dist-packages/myinterfaces/msg/_detect_coordinates_s.c
Listing '/home/robot/human_ws/install/myinterfaces/local/lib/python3.10/dist-packages/myinterfaces'...
Compiling '/home/robot/human_ws/install/myinterfaces/local/lib/python3.10/dist-packages/myinterfaces/__init__.py'...
Listing '/home/robot/human_ws/install/myinterfaces/local/lib/python3.10/dist-packages/myinterfaces/msg'...
Listing '/home/robot/human_ws/install/myinterfaces/local/lib/python3.10/dist-packages/myinterfaces/srv'...
-- Up-to-date: /home/robot/human_ws/install/myinterfaces/local/lib/python3.10/dist-packages/myinterfaces/myinterfaces_s__rosidl_typesupport_fastrtps_c.cpython-310-x86_64-linux-gnu.so
-- Up-to-date: /home/robot/human_ws/install/myinterfaces/local/lib/python3.10/dist-packages/myinterfaces/myinterfaces_s__rosidl_typesupport_introspection_c.cpython-310-x86_64-linux-gnu.so
-- Up-to-date: /home/robot/human_ws/install/myinterfaces/local/lib/python3.10/dist-packages/myinterfaces/myinterfaces_s__rosidl_typesupport_c.cpython-310-x86_64-linux-gnu.so
-- Up-to-date: /home/robot/human_ws/install/myinterfaces/lib/libmyinterfaces__rosidl_generator_py.so
-- Up-to-date: /home/robot/human_ws/install/myinterfaces/share/myinterfaces/msg/DetectCoordinates.idl
-- Up-to-date: /home/robot/human_ws/install/myinterfaces/share/myinterfaces/msg/State.idl
-- Up-to-date: /home/robot/human_ws/install/myinterfaces/share/myinterfaces/srv/Humancoordinates.idl
-- Up-to-date: /home/robot/human_ws/install/myinterfaces/share/myinterfaces/srv/Humancoordinatespcd.idl
-- Up-to-date: /home/robot/human_ws/install/myinterfaces/share/myinterfaces/srv/Action.idl
-- Up-to-date: /home/robot/human_ws/install/myinterfaces/share/myinterfaces/msg/DetectCoordinates.msg
-- Up-to-date: /home/robot/human_ws/install/myinterfaces/share/myinterfaces/msg/State.msg
-- Up-to-date: /home/robot/human_ws/install/myinterfaces/share/myinterfaces/srv/Humancoordinates.srv
-- Up-to-date: /home/robot/human_ws/install/myinterfaces/share/myinterfaces/srv/Humancoordinates_Request.msg
-- Up-to-date: /home/robot/human_ws/install/myinterfaces/share/myinterfaces/srv/Humancoordinates_Response.msg
-- Up-to-date: /home/robot/human_ws/install/myinterfaces/share/myinterfaces/srv/Humancoordinatespcd.srv
-- Up-to-date: /home/robot/human_ws/install/myinterfaces/share/myinterfaces/srv/Humancoordinatespcd_Request.msg
-- Up-to-date: /home/robot/human_ws/install/myinterfaces/share/myinterfaces/srv/Humancoordinatespcd_Response.msg
-- Up-to-date: /home/robot/human_ws/install/myinterfaces/share/myinterfaces/srv/Action.srv
-- Up-to-date: /home/robot/human_ws/install/myinterfaces/share/myinterfaces/srv/Action_Request.msg
-- Up-to-date: /home/robot/human_ws/install/myinterfaces/share/myinterfaces/srv/Action_Response.msg
-- Up-to-date: /home/robot/human_ws/install/myinterfaces/share/ament_index/resource_index/package_run_dependencies/myinterfaces
-- Up-to-date: /home/robot/human_ws/install/myinterfaces/share/ament_index/resource_index/parent_prefix_path/myinterfaces
-- Up-to-date: /home/robot/human_ws/install/myinterfaces/share/myinterfaces/environment/ament_prefix_path.sh
-- Installing: /home/robot/human_ws/install/myinterfaces/share/myinterfaces/environment/ament_prefix_path.dsv
-- Up-to-date: /home/robot/human_ws/install/myinterfaces/share/myinterfaces/environment/path.sh
-- Installing: /home/robot/human_ws/install/myinterfaces/share/myinterfaces/environment/path.dsv
-- Up-to-date: /home/robot/human_ws/install/myinterfaces/share/myinterfaces/local_setup.bash
-- Up-to-date: /home/robot/human_ws/install/myinterfaces/share/myinterfaces/local_setup.sh
-- Up-to-date: /home/robot/human_ws/install/myinterfaces/share/myinterfaces/local_setup.zsh
-- Installing: /home/robot/human_ws/install/myinterfaces/share/myinterfaces/local_setup.dsv
-- Installing: /home/robot/human_ws/install/myinterfaces/share/myinterfaces/package.dsv
-- Up-to-date: /home/robot/human_ws/install/myinterfaces/share/ament_index/resource_index/packages/myinterfaces
-- Up-to-date: /home/robot/human_ws/install/myinterfaces/share/myinterfaces/cmake/export_myinterfaces__rosidl_generator_cExport.cmake
-- Up-to-date: /home/robot/human_ws/install/myinterfaces/share/myinterfaces/cmake/export_myinterfaces__rosidl_generator_cExport-noconfig.cmake
-- Up-to-date: /home/robot/human_ws/install/myinterfaces/share/myinterfaces/cmake/export_myinterfaces__rosidl_typesupport_fastrtps_cExport.cmake
-- Up-to-date: /home/robot/human_ws/install/myinterfaces/share/myinterfaces/cmake/export_myinterfaces__rosidl_typesupport_fastrtps_cExport-noconfig.cmake
-- Up-to-date: /home/robot/human_ws/install/myinterfaces/share/myinterfaces/cmake/myinterfaces__rosidl_typesupport_introspection_cExport.cmake
-- Up-to-date: /home/robot/human_ws/install/myinterfaces/share/myinterfaces/cmake/myinterfaces__rosidl_typesupport_introspection_cExport-noconfig.cmake
-- Up-to-date: /home/robot/human_ws/install/myinterfaces/share/myinterfaces/cmake/myinterfaces__rosidl_typesupport_cExport.cmake
-- Up-to-date: /home/robot/human_ws/install/myinterfaces/share/myinterfaces/cmake/myinterfaces__rosidl_typesupport_cExport-noconfig.cmake
-- Up-to-date: /home/robot/human_ws/install/myinterfaces/share/myinterfaces/cmake/export_myinterfaces__rosidl_generator_cppExport.cmake
-- Up-to-date: /home/robot/human_ws/install/myinterfaces/share/myinterfaces/cmake/export_myinterfaces__rosidl_typesupport_fastrtps_cppExport.cmake
-- Up-to-date: /home/robot/human_ws/install/myinterfaces/share/myinterfaces/cmake/export_myinterfaces__rosidl_typesupport_fastrtps_cppExport-noconfig.cmake
-- Up-to-date: /home/robot/human_ws/install/myinterfaces/share/myinterfaces/cmake/myinterfaces__rosidl_typesupport_introspection_cppExport.cmake
-- Up-to-date: /home/robot/human_ws/install/myinterfaces/share/myinterfaces/cmake/myinterfaces__rosidl_typesupport_introspection_cppExport-noconfig.cmake
-- Up-to-date: /home/robot/human_ws/install/myinterfaces/share/myinterfaces/cmake/myinterfaces__rosidl_typesupport_cppExport.cmake
-- Up-to-date: /home/robot/human_ws/install/myinterfaces/share/myinterfaces/cmake/myinterfaces__rosidl_typesupport_cppExport-noconfig.cmake
-- Up-to-date: /home/robot/human_ws/install/myinterfaces/share/myinterfaces/cmake/export_myinterfaces__rosidl_generator_pyExport.cmake
-- Up-to-date: /home/robot/human_ws/install/myinterfaces/share/myinterfaces/cmake/export_myinterfaces__rosidl_generator_pyExport-noconfig.cmake
-- Up-to-date: /home/robot/human_ws/install/myinterfaces/share/myinterfaces/cmake/rosidl_cmake-extras.cmake
-- Up-to-date: /home/robot/human_ws/install/myinterfaces/share/myinterfaces/cmake/ament_cmake_export_dependencies-extras.cmake
-- Up-to-date: /home/robot/human_ws/install/myinterfaces/share/myinterfaces/cmake/ament_cmake_export_include_directories-extras.cmake
-- Up-to-date: /home/robot/human_ws/install/myinterfaces/share/myinterfaces/cmake/ament_cmake_export_libraries-extras.cmake
-- Up-to-date: /home/robot/human_ws/install/myinterfaces/share/myinterfaces/cmake/ament_cmake_export_targets-extras.cmake
-- Up-to-date: /home/robot/human_ws/install/myinterfaces/share/myinterfaces/cmake/rosidl_cmake_export_typesupport_targets-extras.cmake
-- Up-to-date: /home/robot/human_ws/install/myinterfaces/share/myinterfaces/cmake/rosidl_cmake_export_typesupport_libraries-extras.cmake
-- Up-to-date: /home/robot/human_ws/install/myinterfaces/share/myinterfaces/cmake/myinterfacesConfig.cmake
-- Up-to-date: /home/robot/human_ws/install/myinterfaces/share/myinterfaces/cmake/myinterfacesConfig-version.cmake
-- Up-to-date: /home/robot/human_ws/install/myinterfaces/share/myinterfaces/package.xml
