[2.459s] Invoking command in '/home/robot/human_ws/src/image': PYTHONPATH=/home/robot/human_ws/build/image/prefix_override:/usr/lib/python3/dist-packages/colcon_core/task/python/colcon_distutils_commands:/home/robot/human_ws/install/image/lib/python3.10/site-packages:${PYTHONPATH} /usr/bin/python3 -W ignore:setup.py install is deprecated setup.py egg_info --egg-base ../../build/image build --build-base /home/robot/human_ws/build/image/build install --record /home/robot/human_ws/build/image/install.log --single-version-externally-managed install_data
[3.002s] running egg_info
[3.003s] writing ../../build/image/image.egg-info/PKG-INFO
[3.004s] writing dependency_links to ../../build/image/image.egg-info/dependency_links.txt
[3.004s] writing entry points to ../../build/image/image.egg-info/entry_points.txt
[3.004s] writing requirements to ../../build/image/image.egg-info/requires.txt
[3.004s] writing top-level names to ../../build/image/image.egg-info/top_level.txt
[3.008s] reading manifest file '../../build/image/image.egg-info/SOURCES.txt'
[3.008s] writing manifest file '../../build/image/image.egg-info/SOURCES.txt'
[3.009s] running build
[3.009s] running build_py
[3.009s] running install
[3.010s] running install_lib
[3.012s] running install_data
[3.012s] running install_egg_info
[3.014s] removing '/home/robot/human_ws/install/image/lib/python3.10/site-packages/image-0.0.0-py3.10.egg-info' (and everything under it)
[3.014s] Copying ../../build/image/image.egg-info to /home/robot/human_ws/install/image/lib/python3.10/site-packages/image-0.0.0-py3.10.egg-info
[3.015s] running install_scripts
[3.049s] Installing image_client script to /home/robot/human_ws/install/image/lib/image
[3.050s] writing list of installed files to '/home/robot/human_ws/build/image/install.log'
[3.154s] Invoked command in '/home/robot/human_ws/src/image' returned '0': PYTHONPATH=/home/robot/human_ws/build/image/prefix_override:/usr/lib/python3/dist-packages/colcon_core/task/python/colcon_distutils_commands:/home/robot/human_ws/install/image/lib/python3.10/site-packages:${PYTHONPATH} /usr/bin/python3 -W ignore:setup.py install is deprecated setup.py egg_info --egg-base ../../build/image build --build-base /home/robot/human_ws/build/image/build install --record /home/robot/human_ws/build/image/install.log --single-version-externally-managed install_data
