[4.746s] Invoking command in '/home/robot/human_ws/src/manager': PYTHONPATH=/home/robot/human_ws/build/manager/prefix_override:/usr/lib/python3/dist-packages/colcon_core/task/python/colcon_distutils_commands:/home/robot/human_ws/install/manager/lib/python3.10/site-packages:${PYTHONPATH} /usr/bin/python3 -W ignore:setup.py install is deprecated setup.py egg_info --egg-base ../../build/manager build --build-base /home/robot/human_ws/build/manager/build install --record /home/robot/human_ws/build/manager/install.log --single-version-externally-managed install_data
[5.174s] running egg_info
[5.175s] creating ../../build/manager/manager.egg-info
[5.175s] writing ../../build/manager/manager.egg-info/PKG-INFO
[5.175s] writing dependency_links to ../../build/manager/manager.egg-info/dependency_links.txt
[5.175s] writing entry points to ../../build/manager/manager.egg-info/entry_points.txt
[5.176s] writing requirements to ../../build/manager/manager.egg-info/requires.txt
[5.176s] writing top-level names to ../../build/manager/manager.egg-info/top_level.txt
[5.176s] writing manifest file '../../build/manager/manager.egg-info/SOURCES.txt'
[5.178s] reading manifest file '../../build/manager/manager.egg-info/SOURCES.txt'
[5.179s] writing manifest file '../../build/manager/manager.egg-info/SOURCES.txt'
[5.179s] running build
[5.179s] running build_py
[5.180s] creating /home/robot/human_ws/build/manager/build
[5.181s] creating /home/robot/human_ws/build/manager/build/lib
[5.181s] creating /home/robot/human_ws/build/manager/build/lib/manager
[5.182s] copying manager/__init__.py -> /home/robot/human_ws/build/manager/build/lib/manager
[5.182s] copying manager/manager.py -> /home/robot/human_ws/build/manager/build/lib/manager
[5.182s] running install
[5.182s] running install_lib
[5.184s] creating /home/robot/human_ws/install/manager/lib/python3.10/site-packages/manager
[5.185s] copying /home/robot/human_ws/build/manager/build/lib/manager/__init__.py -> /home/robot/human_ws/install/manager/lib/python3.10/site-packages/manager
[5.185s] copying /home/robot/human_ws/build/manager/build/lib/manager/manager.py -> /home/robot/human_ws/install/manager/lib/python3.10/site-packages/manager
[5.187s] byte-compiling /home/robot/human_ws/install/manager/lib/python3.10/site-packages/manager/__init__.py to __init__.cpython-310.pyc
[5.187s] byte-compiling /home/robot/human_ws/install/manager/lib/python3.10/site-packages/manager/manager.py to manager.cpython-310.pyc
[5.188s]   File "/home/robot/human_ws/install/manager/lib/python3.10/site-packages/manager/manager.py", line 4
[5.189s]     class 
[5.189s]           ^
[5.189s] SyntaxError: invalid syntax
[5.189s] 
[5.189s] running install_data
[5.189s] creating /home/robot/human_ws/install/manager/share/ament_index
[5.189s] creating /home/robot/human_ws/install/manager/share/ament_index/resource_index
[5.189s] creating /home/robot/human_ws/install/manager/share/ament_index/resource_index/packages
[5.189s] copying resource/manager -> /home/robot/human_ws/install/manager/share/ament_index/resource_index/packages
[5.189s] copying package.xml -> /home/robot/human_ws/install/manager/share/manager
[5.189s] running install_egg_info
[5.193s] Copying ../../build/manager/manager.egg-info to /home/robot/human_ws/install/manager/lib/python3.10/site-packages/manager-0.0.0-py3.10.egg-info
[5.194s] running install_scripts
[5.225s] writing list of installed files to '/home/robot/human_ws/build/manager/install.log'
[5.277s] Invoked command in '/home/robot/human_ws/src/manager' returned '0': PYTHONPATH=/home/robot/human_ws/build/manager/prefix_override:/usr/lib/python3/dist-packages/colcon_core/task/python/colcon_distutils_commands:/home/robot/human_ws/install/manager/lib/python3.10/site-packages:${PYTHONPATH} /usr/bin/python3 -W ignore:setup.py install is deprecated setup.py egg_info --egg-base ../../build/manager build --build-base /home/robot/human_ws/build/manager/build install --record /home/robot/human_ws/build/manager/install.log --single-version-externally-managed install_data
