[0.791s] Invoking command in '/home/robot/human_ws/src/listen': PYTHONPATH=/home/robot/human_ws/build/listen/prefix_override:/usr/lib/python3/dist-packages/colcon_core/task/python/colcon_distutils_commands:/home/robot/human_ws/install/listen/lib/python3.10/site-packages:${PYTHONPATH} /usr/bin/python3 -W ignore:setup.py install is deprecated setup.py egg_info --egg-base ../../build/listen build --build-base /home/robot/human_ws/build/listen/build install --record /home/robot/human_ws/build/listen/install.log --single-version-externally-managed install_data
[0.997s] running egg_info
[0.997s] writing ../../build/listen/listen.egg-info/PKG-INFO
[0.998s] writing dependency_links to ../../build/listen/listen.egg-info/dependency_links.txt
[0.998s] writing entry points to ../../build/listen/listen.egg-info/entry_points.txt
[0.998s] writing requirements to ../../build/listen/listen.egg-info/requires.txt
[0.998s] writing top-level names to ../../build/listen/listen.egg-info/top_level.txt
[0.999s] reading manifest file '../../build/listen/listen.egg-info/SOURCES.txt'
[1.000s] writing manifest file '../../build/listen/listen.egg-info/SOURCES.txt'
[1.000s] running build
[1.000s] running build_py
[1.000s] copying listen/tts.py -> /home/robot/human_ws/build/listen/build/lib/listen
[1.000s] copying listen/listen.py -> /home/robot/human_ws/build/listen/build/lib/listen
[1.000s] copying listen/STT.py -> /home/robot/human_ws/build/listen/build/lib/listen
[1.000s] running install
[1.001s] running install_lib
[1.001s] copying /home/robot/human_ws/build/listen/build/lib/listen/tts.py -> /home/robot/human_ws/install/listen/lib/python3.10/site-packages/listen
[1.001s] copying /home/robot/human_ws/build/listen/build/lib/listen/listen.py -> /home/robot/human_ws/install/listen/lib/python3.10/site-packages/listen
[1.001s] copying /home/robot/human_ws/build/listen/build/lib/listen/STT.py -> /home/robot/human_ws/install/listen/lib/python3.10/site-packages/listen
[1.002s] byte-compiling /home/robot/human_ws/install/listen/lib/python3.10/site-packages/listen/tts.py to tts.cpython-310.pyc
[1.002s] byte-compiling /home/robot/human_ws/install/listen/lib/python3.10/site-packages/listen/listen.py to listen.cpython-310.pyc
[1.003s] byte-compiling /home/robot/human_ws/install/listen/lib/python3.10/site-packages/listen/STT.py to STT.cpython-310.pyc
[1.004s] running install_data
[1.004s] copying package.xml -> /home/robot/human_ws/install/listen/share/listen
[1.004s] running install_egg_info
[1.005s] removing '/home/robot/human_ws/install/listen/lib/python3.10/site-packages/listen-0.0.0-py3.10.egg-info' (and everything under it)
[1.005s] Copying ../../build/listen/listen.egg-info to /home/robot/human_ws/install/listen/lib/python3.10/site-packages/listen-0.0.0-py3.10.egg-info
[1.007s] running install_scripts
[1.022s] Installing listen_node script to /home/robot/human_ws/install/listen/lib/listen
[1.022s] writing list of installed files to '/home/robot/human_ws/build/listen/install.log'
[1.045s] Invoked command in '/home/robot/human_ws/src/listen' returned '0': PYTHONPATH=/home/robot/human_ws/build/listen/prefix_override:/usr/lib/python3/dist-packages/colcon_core/task/python/colcon_distutils_commands:/home/robot/human_ws/install/listen/lib/python3.10/site-packages:${PYTHONPATH} /usr/bin/python3 -W ignore:setup.py install is deprecated setup.py egg_info --egg-base ../../build/listen build --build-base /home/robot/human_ws/build/listen/build install --record /home/robot/human_ws/build/listen/install.log --single-version-externally-managed install_data
