[2.831s] Invoking command in '/home/robot/human_ws/src/image': PYTHONPATH=/home/robot/human_ws/build/image/prefix_override:/usr/lib/python3/dist-packages/colcon_core/task/python/colcon_distutils_commands:/home/robot/human_ws/install/image/lib/python3.10/site-packages:${PYTHONPATH} /usr/bin/python3 -W ignore:setup.py install is deprecated setup.py egg_info --egg-base ../../build/image build --build-base /home/robot/human_ws/build/image/build install --record /home/robot/human_ws/build/image/install.log --single-version-externally-managed install_data
[3.130s] running egg_info
[3.132s] writing ../../build/image/image.egg-info/PKG-INFO
[3.132s] writing dependency_links to ../../build/image/image.egg-info/dependency_links.txt
[3.132s] writing entry points to ../../build/image/image.egg-info/entry_points.txt
[3.132s] writing requirements to ../../build/image/image.egg-info/requires.txt
[3.133s] writing top-level names to ../../build/image/image.egg-info/top_level.txt
[3.135s] reading manifest file '../../build/image/image.egg-info/SOURCES.txt'
[3.136s] writing manifest file '../../build/image/image.egg-info/SOURCES.txt'
[3.136s] running build
[3.136s] running build_py
[3.137s] running install
[3.137s] running install_lib
[3.139s] running install_data
[3.139s] running install_egg_info
[3.141s] removing '/home/robot/human_ws/install/image/lib/python3.10/site-packages/image-0.0.0-py3.10.egg-info' (and everything under it)
[3.141s] Copying ../../build/image/image.egg-info to /home/robot/human_ws/install/image/lib/python3.10/site-packages/image-0.0.0-py3.10.egg-info
[3.143s] running install_scripts
[3.173s] Installing image_client script to /home/robot/human_ws/install/image/lib/image
[3.173s] writing list of installed files to '/home/robot/human_ws/build/image/install.log'
[3.248s] Invoked command in '/home/robot/human_ws/src/image' returned '0': PYTHONPATH=/home/robot/human_ws/build/image/prefix_override:/usr/lib/python3/dist-packages/colcon_core/task/python/colcon_distutils_commands:/home/robot/human_ws/install/image/lib/python3.10/site-packages:${PYTHONPATH} /usr/bin/python3 -W ignore:setup.py install is deprecated setup.py egg_info --egg-base ../../build/image build --build-base /home/robot/human_ws/build/image/build install --record /home/robot/human_ws/build/image/install.log --single-version-externally-managed install_data
