[0.709s] Invoking command in '/home/robot/human_ws/src/follow': PYTHONPATH=/home/robot/human_ws/build/follow/prefix_override:/usr/lib/python3/dist-packages/colcon_core/task/python/colcon_distutils_commands:/home/robot/human_ws/install/follow/lib/python3.10/site-packages:${PYTHONPATH} /usr/bin/python3 -W ignore:setup.py install is deprecated setup.py egg_info --egg-base ../../build/follow build --build-base /home/robot/human_ws/build/follow/build install --record /home/robot/human_ws/build/follow/install.log --single-version-externally-managed install_data
[0.938s] running egg_info
[0.938s] writing ../../build/follow/follow.egg-info/PKG-INFO
[0.938s] writing dependency_links to ../../build/follow/follow.egg-info/dependency_links.txt
[0.939s] writing entry points to ../../build/follow/follow.egg-info/entry_points.txt
[0.939s] writing requirements to ../../build/follow/follow.egg-info/requires.txt
[0.939s] writing top-level names to ../../build/follow/follow.egg-info/top_level.txt
[0.940s] reading manifest file '../../build/follow/follow.egg-info/SOURCES.txt'
[0.941s] writing manifest file '../../build/follow/follow.egg-info/SOURCES.txt'
[0.941s] running build
[0.941s] running build_py
[0.941s] copying follow/test_client.py -> /home/robot/human_ws/build/follow/build/lib/follow
[0.941s] running install
[0.941s] running install_lib
[0.942s] copying /home/robot/human_ws/build/follow/build/lib/follow/test_client.py -> /home/robot/human_ws/install/follow/lib/python3.10/site-packages/follow
[0.942s] byte-compiling /home/robot/human_ws/install/follow/lib/python3.10/site-packages/follow/follow_tag_static2.py to follow_tag_static2.cpython-310.pyc
[0.943s]   File "/home/robot/human_ws/install/follow/lib/python3.10/site-packages/follow/follow_tag_static2.py", line 36
[0.943s]     self.z_offset = [-0.7,,1.4,0.45,1]
[0.943s]                           ^
[0.943s] SyntaxError: invalid syntax
[0.943s] 
[0.943s] byte-compiling /home/robot/human_ws/install/follow/lib/python3.10/site-packages/follow/test_client.py to test_client.cpython-310.pyc
[0.943s] running install_data
[0.943s] running install_egg_info
[0.944s] removing '/home/robot/human_ws/install/follow/lib/python3.10/site-packages/follow-0.0.0-py3.10.egg-info' (and everything under it)
[0.944s] Copying ../../build/follow/follow.egg-info to /home/robot/human_ws/install/follow/lib/python3.10/site-packages/follow-0.0.0-py3.10.egg-info
[0.945s] running install_scripts
[0.961s] Installing camerainfo script to /home/robot/human_ws/install/follow/lib/follow
[0.961s] Installing follower script to /home/robot/human_ws/install/follow/lib/follow
[0.961s] Installing joy_publisher script to /home/robot/human_ws/install/follow/lib/follow
[0.962s] Installing tag_follower script to /home/robot/human_ws/install/follow/lib/follow
[0.962s] Installing tag_follower_static script to /home/robot/human_ws/install/follow/lib/follow
[0.962s] Installing tag_follower_static2 script to /home/robot/human_ws/install/follow/lib/follow
[0.962s] Installing tag_test_client script to /home/robot/human_ws/install/follow/lib/follow
[0.962s] Installing test_publisher script to /home/robot/human_ws/install/follow/lib/follow
[0.962s] writing list of installed files to '/home/robot/human_ws/build/follow/install.log'
[0.985s] Invoked command in '/home/robot/human_ws/src/follow' returned '0': PYTHONPATH=/home/robot/human_ws/build/follow/prefix_override:/usr/lib/python3/dist-packages/colcon_core/task/python/colcon_distutils_commands:/home/robot/human_ws/install/follow/lib/python3.10/site-packages:${PYTHONPATH} /usr/bin/python3 -W ignore:setup.py install is deprecated setup.py egg_info --egg-base ../../build/follow build --build-base /home/robot/human_ws/build/follow/build install --record /home/robot/human_ws/build/follow/install.log --single-version-externally-managed install_data
