[0.706s] Invoking command in '/home/robot/human_ws/src/follow': PYTHONPATH=/home/robot/human_ws/build/follow/prefix_override:/usr/lib/python3/dist-packages/colcon_core/task/python/colcon_distutils_commands:/home/robot/human_ws/install/follow/lib/python3.10/site-packages:${PYTHONPATH} /usr/bin/python3 -W ignore:setup.py install is deprecated setup.py egg_info --egg-base ../../build/follow build --build-base /home/robot/human_ws/build/follow/build install --record /home/robot/human_ws/build/follow/install.log --single-version-externally-managed install_data
[0.956s] running egg_info
[0.957s] writing ../../build/follow/follow.egg-info/PKG-INFO
[0.957s] writing dependency_links to ../../build/follow/follow.egg-info/dependency_links.txt
[0.957s] writing entry points to ../../build/follow/follow.egg-info/entry_points.txt
[0.957s] writing requirements to ../../build/follow/follow.egg-info/requires.txt
[0.957s] writing top-level names to ../../build/follow/follow.egg-info/top_level.txt
[0.960s] reading manifest file '../../build/follow/follow.egg-info/SOURCES.txt'
[0.961s] writing manifest file '../../build/follow/follow.egg-info/SOURCES.txt'
[0.961s] running build
[0.961s] running build_py
[0.961s] copying follow/camerainfo_tag.py -> /home/robot/human_ws/build/follow/build/lib/follow
[0.962s] running install
[0.962s] running install_lib
[0.963s] copying /home/robot/human_ws/build/follow/build/lib/follow/camerainfo_tag.py -> /home/robot/human_ws/install/follow/lib/python3.10/site-packages/follow
[0.964s] byte-compiling /home/robot/human_ws/install/follow/lib/python3.10/site-packages/follow/camerainfo_tag.py to camerainfo_tag.cpython-310.pyc
[0.964s] running install_data
[0.964s] running install_egg_info
[0.967s] removing '/home/robot/human_ws/install/follow/lib/python3.10/site-packages/follow-0.0.0-py3.10.egg-info' (and everything under it)
[0.967s] Copying ../../build/follow/follow.egg-info to /home/robot/human_ws/install/follow/lib/python3.10/site-packages/follow-0.0.0-py3.10.egg-info
[0.968s] running install_scripts
[0.983s] Installing camerainfo script to /home/robot/human_ws/install/follow/lib/follow
[0.983s] Installing robot_head_controller script to /home/robot/human_ws/install/follow/lib/follow
[0.983s] Installing rotate_human_node script to /home/robot/human_ws/install/follow/lib/follow
[0.983s] Installing tag_server script to /home/robot/human_ws/install/follow/lib/follow
[0.984s] writing list of installed files to '/home/robot/human_ws/build/follow/install.log'
[1.005s] Invoked command in '/home/robot/human_ws/src/follow' returned '0': PYTHONPATH=/home/robot/human_ws/build/follow/prefix_override:/usr/lib/python3/dist-packages/colcon_core/task/python/colcon_distutils_commands:/home/robot/human_ws/install/follow/lib/python3.10/site-packages:${PYTHONPATH} /usr/bin/python3 -W ignore:setup.py install is deprecated setup.py egg_info --egg-base ../../build/follow build --build-base /home/robot/human_ws/build/follow/build install --record /home/robot/human_ws/build/follow/install.log --single-version-externally-managed install_data
