[1.596s] Invoking command in '/home/robot/human_ws/src/manager': PYTHONPATH=/home/robot/human_ws/build/manager/prefix_override:/usr/lib/python3/dist-packages/colcon_core/task/python/colcon_distutils_commands:/home/robot/human_ws/install/manager/lib/python3.10/site-packages:${PYTHONPATH} /usr/bin/python3 -W ignore:setup.py install is deprecated setup.py egg_info --egg-base ../../build/manager build --build-base /home/robot/human_ws/build/manager/build install --record /home/robot/human_ws/build/manager/install.log --single-version-externally-managed install_data
[2.215s] running egg_info
[2.216s] writing ../../build/manager/manager.egg-info/PKG-INFO
[2.217s] writing dependency_links to ../../build/manager/manager.egg-info/dependency_links.txt
[2.217s] writing entry points to ../../build/manager/manager.egg-info/entry_points.txt
[2.217s] writing requirements to ../../build/manager/manager.egg-info/requires.txt
[2.217s] writing top-level names to ../../build/manager/manager.egg-info/top_level.txt
[2.221s] reading manifest file '../../build/manager/manager.egg-info/SOURCES.txt'
[2.222s] writing manifest file '../../build/manager/manager.egg-info/SOURCES.txt'
[2.222s] running build
[2.223s] running build_py
[2.223s] copying manager/manager.py -> /home/robot/human_ws/build/manager/build/lib/manager
[2.223s] running install
[2.223s] running install_lib
[2.228s] copying /home/robot/human_ws/build/manager/build/lib/manager/manager.py -> /home/robot/human_ws/install/manager/lib/python3.10/site-packages/manager
[2.228s] byte-compiling /home/robot/human_ws/install/manager/lib/python3.10/site-packages/manager/manager.py to manager.cpython-310.pyc
[2.230s] running install_data
[2.230s] running install_egg_info
[2.234s] removing '/home/robot/human_ws/install/manager/lib/python3.10/site-packages/manager-0.0.0-py3.10.egg-info' (and everything under it)
[2.237s] Copying ../../build/manager/manager.egg-info to /home/robot/human_ws/install/manager/lib/python3.10/site-packages/manager-0.0.0-py3.10.egg-info
[2.238s] running install_scripts
[2.269s] Installing manager_node script to /home/robot/human_ws/install/manager/lib/manager
[2.269s] writing list of installed files to '/home/robot/human_ws/build/manager/install.log'
[2.319s] Invoked command in '/home/robot/human_ws/src/manager' returned '0': PYTHONPATH=/home/robot/human_ws/build/manager/prefix_override:/usr/lib/python3/dist-packages/colcon_core/task/python/colcon_distutils_commands:/home/robot/human_ws/install/manager/lib/python3.10/site-packages:${PYTHONPATH} /usr/bin/python3 -W ignore:setup.py install is deprecated setup.py egg_info --egg-base ../../build/manager build --build-base /home/robot/human_ws/build/manager/build install --record /home/robot/human_ws/build/manager/install.log --single-version-externally-managed install_data
