[0.019s] Invoking command in '/home/robot/human_ws/build/depthimage_to_laserscan': CMAKE_PREFIX_PATH=${CMAKE_PREFIX_PATH}:/home/robot/robot_controller_release/ros2_packages/object_detect_track_node_py:/opt/ros/humble /usr/bin/cmake /home/robot/human_ws/src/depthimage_to_laserscan -DCMAKE_INSTALL_PREFIX=/home/robot/human_ws/install/depthimage_to_laserscan
[0.494s] -- The C compiler identification is GNU 11.4.0
[0.494s] -- The CXX compiler identification is GNU 11.4.0
[0.494s] -- Detecting C compiler ABI info
[0.495s] -- Detecting C compiler ABI info - done
[0.495s] -- Check for working C compiler: /usr/bin/cc - skipped
[0.495s] -- Detecting C compile features
[0.495s] -- Detecting C compile features - done
[0.495s] -- Detecting CXX compiler ABI info
[0.495s] -- Detecting CXX compiler ABI info - done
[0.495s] -- Check for working CXX compiler: /usr/bin/c++ - skipped
[0.495s] -- Detecting CXX compile features
[0.495s] -- Detecting CXX compile features - done
[0.495s] -- Found ament_cmake_ros: 0.10.0 (/opt/ros/humble/share/ament_cmake_ros/cmake)
[0.495s] -- Found Python3: /usr/bin/python3 (found version "3.10.12") found components: Interpreter 
[0.495s] -- Found image_geometry: 3.2.1 (/opt/ros/humble/share/image_geometry/cmake)
[0.527s] -- Found rosidl_generator_c: 3.1.5 (/opt/ros/humble/share/rosidl_generator_c/cmake)
[0.531s] -- Found rosidl_adapter: 3.1.5 (/opt/ros/humble/share/rosidl_adapter/cmake)
[0.537s] -- Found rosidl_generator_cpp: 3.1.5 (/opt/ros/humble/share/rosidl_generator_cpp/cmake)
[0.546s] -- Using all available rosidl_typesupport_c: rosidl_typesupport_fastrtps_c;rosidl_typesupport_introspection_c
[0.557s] -- Using all available rosidl_typesupport_cpp: rosidl_typesupport_fastrtps_cpp;rosidl_typesupport_introspection_cpp
[0.597s] -- Found OpenCV: /usr (found version "4.5.4") found components: core 
[0.598s] -- Found rclcpp: 16.0.10 (/opt/ros/humble/share/rclcpp/cmake)
[0.625s] -- Found rmw_implementation_cmake: 6.1.2 (/opt/ros/humble/share/rmw_implementation_cmake/cmake)
[0.627s] -- Found rmw_fastrtps_cpp: 6.2.7 (/opt/ros/humble/share/rmw_fastrtps_cpp/cmake)
[0.702s] -- Found OpenSSL: /usr/lib/x86_64-linux-gnu/libcrypto.so (found version "3.0.2")  
[0.726s] -- Found FastRTPS: /opt/ros/humble/include  
[0.771s] -- Using RMW implementation 'rmw_fastrtps_cpp' as default
[0.786s] -- Looking for pthread.h
[0.865s] -- Looking for pthread.h - found
[0.865s] -- Performing Test CMAKE_HAVE_LIBC_PTHREAD
[0.935s] -- Performing Test CMAKE_HAVE_LIBC_PTHREAD - Success
[0.936s] -- Found Threads: TRUE  
[0.966s] -- Found rclcpp_components: 16.0.10 (/opt/ros/humble/share/rclcpp_components/cmake)
[1.011s] -- Performing Test COMPILER_HAS_HIDDEN_VISIBILITY
[1.111s] -- Performing Test COMPILER_HAS_HIDDEN_VISIBILITY - Success
[1.112s] -- Performing Test COMPILER_HAS_HIDDEN_INLINE_VISIBILITY
[1.206s] -- Performing Test COMPILER_HAS_HIDDEN_INLINE_VISIBILITY - Success
[1.206s] -- Performing Test COMPILER_HAS_DEPRECATED_ATTR
[1.282s] -- Performing Test COMPILER_HAS_DEPRECATED_ATTR - Success
[1.289s] -- Found ament_lint_auto: 0.12.11 (/opt/ros/humble/share/ament_lint_auto/cmake)
[1.401s] -- Found gtest sources under '/opt/ros/humble/src/gtest_vendor': C++ tests using 'Google Test' will be built
[1.411s] -- Added test 'copyright' to check source files copyright and LICENSE
[1.415s] -- Added test 'cppcheck' to perform static code analysis on C / C++ code
[1.415s] -- Configured cppcheck include dirs: $<BUILD_INTERFACE:/home/robot/human_ws/src/depthimage_to_laserscan/include>
[1.415s] -- Configured cppcheck exclude dirs and/or files: 
[1.419s] -- Added test 'cpplint' to check C / C++ code against the Google style
[1.419s] -- Configured cpplint exclude dirs and/or files: 
[1.420s] -- Added test 'flake8' to check Python code syntax and style conventions
[1.422s] -- Added test 'lint_cmake' to check CMake code style
[1.423s] -- Added test 'pep257' to check Python code against some of the docstring style conventions in PEP 257
[1.427s] -- Added test 'uncrustify' to check C / C++ code style
[1.427s] -- Configured uncrustify additional arguments: 
[1.428s] -- Added test 'xmllint' to check XML markup files
[1.433s] -- Configuring done
[1.460s] -- Generating done
[1.463s] -- Build files have been written to: /home/robot/human_ws/build/depthimage_to_laserscan
[1.478s] Invoked command in '/home/robot/human_ws/build/depthimage_to_laserscan' returned '0': CMAKE_PREFIX_PATH=${CMAKE_PREFIX_PATH}:/home/robot/robot_controller_release/ros2_packages/object_detect_track_node_py:/opt/ros/humble /usr/bin/cmake /home/robot/human_ws/src/depthimage_to_laserscan -DCMAKE_INSTALL_PREFIX=/home/robot/human_ws/install/depthimage_to_laserscan
[1.481s] Invoking command in '/home/robot/human_ws/build/depthimage_to_laserscan': CMAKE_PREFIX_PATH=${CMAKE_PREFIX_PATH}:/home/robot/robot_controller_release/ros2_packages/object_detect_track_node_py:/opt/ros/humble /usr/bin/cmake --build /home/robot/human_ws/build/depthimage_to_laserscan -- -j16 -l16
[1.546s] [ 16%] [32mBuilding CXX object CMakeFiles/DepthImageToLaserScan.dir/src/DepthImageToLaserScan.cpp.o[0m
[1.546s] [ 16%] [32mBuilding CXX object gtest/CMakeFiles/gtest_main.dir/src/gtest_main.cc.o[0m
[1.549s] [ 25%] [32mBuilding CXX object gtest/CMakeFiles/gtest.dir/src/gtest-all.cc.o[0m
[2.197s] [ 33%] [32m[1mLinking CXX static library libgtest_main.a[0m
[2.260s] [ 33%] Built target gtest_main
[2.377s] [ 41%] [32m[1mLinking CXX shared library libDepthImageToLaserScan.so[0m
[2.464s] [ 41%] Built target DepthImageToLaserScan
[2.485s] [ 50%] [32mBuilding CXX object CMakeFiles/DepthImageToLaserScanROS.dir/src/DepthImageToLaserScanROS.cpp.o[0m
[3.768s] [ 58%] [32m[1mLinking CXX static library libgtest.a[0m
[3.845s] [ 58%] Built target gtest
[3.866s] [ 66%] [32mBuilding CXX object CMakeFiles/depthimage_to_laserscan-test.dir/test/DepthImageToLaserScanTest.cpp.o[0m
[5.275s] [ 75%] [32m[1mLinking CXX executable depthimage_to_laserscan-test[0m
[5.413s] [ 75%] Built target depthimage_to_laserscan-test
[10.592s] [ 83%] [32m[1mLinking CXX shared library libDepthImageToLaserScanROS.so[0m
[11.046s] [ 83%] Built target DepthImageToLaserScanROS
[11.064s] [ 91%] [32mBuilding CXX object CMakeFiles/depthimage_to_laserscan_node.dir/src/depthimage_to_laserscan.cpp.o[0m
[13.247s] [100%] [32m[1mLinking CXX executable depthimage_to_laserscan_node[0m
[13.436s] [100%] Built target depthimage_to_laserscan_node
[13.449s] Invoked command in '/home/robot/human_ws/build/depthimage_to_laserscan' returned '0': CMAKE_PREFIX_PATH=${CMAKE_PREFIX_PATH}:/home/robot/robot_controller_release/ros2_packages/object_detect_track_node_py:/opt/ros/humble /usr/bin/cmake --build /home/robot/human_ws/build/depthimage_to_laserscan -- -j16 -l16
[13.512s] Invoking command in '/home/robot/human_ws/build/depthimage_to_laserscan': CMAKE_PREFIX_PATH=${CMAKE_PREFIX_PATH}:/home/robot/robot_controller_release/ros2_packages/object_detect_track_node_py:/opt/ros/humble /usr/bin/cmake --install /home/robot/human_ws/build/depthimage_to_laserscan
[13.524s] -- Install configuration: ""
[13.524s] -- Installing: /home/robot/human_ws/install/depthimage_to_laserscan/include/depthimage_to_laserscan
[13.524s] -- Installing: /home/robot/human_ws/install/depthimage_to_laserscan/include/depthimage_to_laserscan/depthimage_to_laserscan
[13.525s] -- Installing: /home/robot/human_ws/install/depthimage_to_laserscan/include/depthimage_to_laserscan/depthimage_to_laserscan/DepthImageToLaserScanROS.hpp
[13.525s] -- Installing: /home/robot/human_ws/install/depthimage_to_laserscan/include/depthimage_to_laserscan/depthimage_to_laserscan/DepthImageToLaserScan.hpp
[13.525s] -- Installing: /home/robot/human_ws/install/depthimage_to_laserscan/include/depthimage_to_laserscan/depthimage_to_laserscan/depth_traits.hpp
[13.525s] -- Installing: /home/robot/human_ws/install/depthimage_to_laserscan/share/depthimage_to_laserscan//launch
[13.525s] -- Installing: /home/robot/human_ws/install/depthimage_to_laserscan/share/depthimage_to_laserscan//launch/depthimage_to_laserscan-launch.py
[13.525s] -- Installing: /home/robot/human_ws/install/depthimage_to_laserscan/share/depthimage_to_laserscan//launch/depthimage_to_laserscan_composed-launch.py
[13.525s] -- Installing: /home/robot/human_ws/install/depthimage_to_laserscan/share/depthimage_to_laserscan//cfg
[13.525s] -- Installing: /home/robot/human_ws/install/depthimage_to_laserscan/share/depthimage_to_laserscan//cfg/param.yaml
[13.525s] -- Installing: /home/robot/human_ws/install/depthimage_to_laserscan/lib/libDepthImageToLaserScan.so
[13.526s] -- Set runtime path of "/home/robot/human_ws/install/depthimage_to_laserscan/lib/libDepthImageToLaserScan.so" to ""
[13.526s] -- Installing: /home/robot/human_ws/install/depthimage_to_laserscan/lib/libDepthImageToLaserScanROS.so
[13.533s] -- Set runtime path of "/home/robot/human_ws/install/depthimage_to_laserscan/lib/libDepthImageToLaserScanROS.so" to ""
[13.533s] -- Installing: /home/robot/human_ws/install/depthimage_to_laserscan/lib/depthimage_to_laserscan/depthimage_to_laserscan_node
[13.533s] -- Set runtime path of "/home/robot/human_ws/install/depthimage_to_laserscan/lib/depthimage_to_laserscan/depthimage_to_laserscan_node" to ""
[13.533s] -- Installing: /home/robot/human_ws/install/depthimage_to_laserscan/include/depthimage_to_laserscan/depthimage_to_laserscan/DepthImageToLaserScan_export.h
[13.533s] -- Installing: /home/robot/human_ws/install/depthimage_to_laserscan/include/depthimage_to_laserscan/depthimage_to_laserscan/DepthImageToLaserScanROS_export.h
[13.533s] -- Installing: /home/robot/human_ws/install/depthimage_to_laserscan/share/depthimage_to_laserscan/environment/library_path.sh
[13.533s] -- Installing: /home/robot/human_ws/install/depthimage_to_laserscan/share/depthimage_to_laserscan/environment/library_path.dsv
[13.533s] -- Installing: /home/robot/human_ws/install/depthimage_to_laserscan/share/ament_index/resource_index/package_run_dependencies/depthimage_to_laserscan
[13.533s] -- Installing: /home/robot/human_ws/install/depthimage_to_laserscan/share/ament_index/resource_index/parent_prefix_path/depthimage_to_laserscan
[13.533s] -- Installing: /home/robot/human_ws/install/depthimage_to_laserscan/share/depthimage_to_laserscan/environment/ament_prefix_path.sh
[13.533s] -- Installing: /home/robot/human_ws/install/depthimage_to_laserscan/share/depthimage_to_laserscan/environment/ament_prefix_path.dsv
[13.533s] -- Installing: /home/robot/human_ws/install/depthimage_to_laserscan/share/depthimage_to_laserscan/environment/path.sh
[13.533s] -- Installing: /home/robot/human_ws/install/depthimage_to_laserscan/share/depthimage_to_laserscan/environment/path.dsv
[13.533s] -- Installing: /home/robot/human_ws/install/depthimage_to_laserscan/share/depthimage_to_laserscan/local_setup.bash
[13.534s] -- Installing: /home/robot/human_ws/install/depthimage_to_laserscan/share/depthimage_to_laserscan/local_setup.sh
[13.534s] -- Installing: /home/robot/human_ws/install/depthimage_to_laserscan/share/depthimage_to_laserscan/local_setup.zsh
[13.534s] -- Installing: /home/robot/human_ws/install/depthimage_to_laserscan/share/depthimage_to_laserscan/local_setup.dsv
[13.534s] -- Installing: /home/robot/human_ws/install/depthimage_to_laserscan/share/depthimage_to_laserscan/package.dsv
[13.534s] -- Installing: /home/robot/human_ws/install/depthimage_to_laserscan/share/ament_index/resource_index/packages/depthimage_to_laserscan
[13.534s] -- Installing: /home/robot/human_ws/install/depthimage_to_laserscan/share/ament_index/resource_index/rclcpp_components/depthimage_to_laserscan
[13.534s] -- Installing: /home/robot/human_ws/install/depthimage_to_laserscan/share/depthimage_to_laserscan/cmake/export_depthimage_to_laserscanExport.cmake
[13.534s] -- Installing: /home/robot/human_ws/install/depthimage_to_laserscan/share/depthimage_to_laserscan/cmake/export_depthimage_to_laserscanExport-noconfig.cmake
[13.534s] -- Installing: /home/robot/human_ws/install/depthimage_to_laserscan/share/depthimage_to_laserscan/cmake/ament_cmake_export_include_directories-extras.cmake
[13.534s] -- Installing: /home/robot/human_ws/install/depthimage_to_laserscan/share/depthimage_to_laserscan/cmake/ament_cmake_export_libraries-extras.cmake
[13.534s] -- Installing: /home/robot/human_ws/install/depthimage_to_laserscan/share/depthimage_to_laserscan/cmake/ament_cmake_export_targets-extras.cmake
[13.534s] -- Installing: /home/robot/human_ws/install/depthimage_to_laserscan/share/depthimage_to_laserscan/cmake/ament_cmake_export_dependencies-extras.cmake
[13.534s] -- Installing: /home/robot/human_ws/install/depthimage_to_laserscan/share/depthimage_to_laserscan/cmake/depthimage_to_laserscanConfig.cmake
[13.534s] -- Installing: /home/robot/human_ws/install/depthimage_to_laserscan/share/depthimage_to_laserscan/cmake/depthimage_to_laserscanConfig-version.cmake
[13.534s] -- Installing: /home/robot/human_ws/install/depthimage_to_laserscan/share/depthimage_to_laserscan/package.xml
[13.536s] Invoked command in '/home/robot/human_ws/build/depthimage_to_laserscan' returned '0': CMAKE_PREFIX_PATH=${CMAKE_PREFIX_PATH}:/home/robot/robot_controller_release/ros2_packages/object_detect_track_node_py:/opt/ros/humble /usr/bin/cmake --install /home/robot/human_ws/build/depthimage_to_laserscan
