[0.117s] DEBUG:colcon:Command line arguments: ['/usr/bin/colcon', 'build']
[0.117s] DEBUG:colcon:Parsed command line arguments: Namespace(log_base=None, log_level=None, verb_name='build', build_base='build', install_base='install', merge_install=False, symlink_install=False, test_result_base=None, continue_on_error=False, executor='parallel', parallel_workers=16, event_handlers=None, ignore_user_meta=False, metas=['./colcon.meta'], base_paths=['.'], packages_ignore=None, packages_ignore_regex=None, paths=None, packages_up_to=None, packages_up_to_regex=None, packages_above=None, packages_above_and_dependencies=None, packages_above_depth=None, packages_select_by_dep=None, packages_skip_by_dep=None, packages_skip_up_to=None, packages_select_build_failed=False, packages_skip_build_finished=False, packages_select_test_failures=False, packages_skip_test_passed=False, packages_select=None, packages_skip=None, packages_select_regex=None, packages_skip_regex=None, packages_start=None, packages_end=None, allow_overriding=[], cmake_args=None, cmake_target=None, cmake_target_skip_unavailable=False, cmake_clean_cache=False, cmake_clean_first=False, cmake_force_configure=False, ament_cmake_args=None, catkin_cmake_args=None, catkin_skip_building_tests=False, mixin_files=None, mixin=None, verb_parser=<colcon_mixin.mixin.mixin_argument.MixinArgumentDecorator object at 0x7a600027ea10>, verb_extension=<colcon_core.verb.build.BuildVerb object at 0x7a600038f130>, main=<bound method BuildVerb.main of <colcon_core.verb.build.BuildVerb object at 0x7a600038f130>>, mixin_verb=('build',))
[0.405s] Level 1:colcon.colcon_core.package_discovery:discover_packages(colcon_meta) check parameters
[0.405s] Level 1:colcon.colcon_core.package_discovery:discover_packages(recursive) check parameters
[0.405s] Level 1:colcon.colcon_core.package_discovery:discover_packages(ignore) check parameters
[0.405s] Level 1:colcon.colcon_core.package_discovery:discover_packages(path) check parameters
[0.405s] Level 1:colcon.colcon_core.package_discovery:discover_packages(colcon_meta) discover
[0.405s] Level 1:colcon.colcon_core.package_discovery:discover_packages(recursive) discover
[0.405s] INFO:colcon.colcon_core.package_discovery:Crawling recursively for packages in '/home/robot/human_ws'
[0.405s] Level 1:colcon.colcon_core.package_identification:_identify(.) by extensions ['ignore', 'ignore_ament_install']
[0.405s] Level 1:colcon.colcon_core.package_identification:_identify(.) by extension 'ignore'
[0.405s] Level 1:colcon.colcon_core.package_identification:_identify(.) by extension 'ignore_ament_install'
[0.405s] Level 1:colcon.colcon_core.package_identification:_identify(.) by extensions ['colcon_pkg']
[0.405s] Level 1:colcon.colcon_core.package_identification:_identify(.) by extension 'colcon_pkg'
[0.405s] Level 1:colcon.colcon_core.package_identification:_identify(.) by extensions ['colcon_meta']
[0.405s] Level 1:colcon.colcon_core.package_identification:_identify(.) by extension 'colcon_meta'
[0.405s] Level 1:colcon.colcon_core.package_identification:_identify(.) by extensions ['ros']
[0.405s] Level 1:colcon.colcon_core.package_identification:_identify(.) by extension 'ros'
[0.413s] Level 1:colcon.colcon_core.package_identification:_identify(.) by extensions ['cmake', 'python']
[0.413s] Level 1:colcon.colcon_core.package_identification:_identify(.) by extension 'cmake'
[0.413s] Level 1:colcon.colcon_core.package_identification:_identify(.) by extension 'python'
[0.413s] Level 1:colcon.colcon_core.package_identification:_identify(.) by extensions ['python_setup_py']
[0.413s] Level 1:colcon.colcon_core.package_identification:_identify(.) by extension 'python_setup_py'
[0.413s] Level 1:colcon.colcon_core.package_identification:_identify(build) by extensions ['ignore', 'ignore_ament_install']
[0.414s] Level 1:colcon.colcon_core.package_identification:_identify(build) by extension 'ignore'
[0.414s] Level 1:colcon.colcon_core.package_identification:_identify(build) ignored
[0.414s] Level 1:colcon.colcon_core.package_identification:_identify(config) by extensions ['ignore', 'ignore_ament_install']
[0.414s] Level 1:colcon.colcon_core.package_identification:_identify(config) by extension 'ignore'
[0.414s] Level 1:colcon.colcon_core.package_identification:_identify(config) by extension 'ignore_ament_install'
[0.414s] Level 1:colcon.colcon_core.package_identification:_identify(config) by extensions ['colcon_pkg']
[0.414s] Level 1:colcon.colcon_core.package_identification:_identify(config) by extension 'colcon_pkg'
[0.414s] Level 1:colcon.colcon_core.package_identification:_identify(config) by extensions ['colcon_meta']
[0.414s] Level 1:colcon.colcon_core.package_identification:_identify(config) by extension 'colcon_meta'
[0.414s] Level 1:colcon.colcon_core.package_identification:_identify(config) by extensions ['ros']
[0.414s] Level 1:colcon.colcon_core.package_identification:_identify(config) by extension 'ros'
[0.414s] Level 1:colcon.colcon_core.package_identification:_identify(config) by extensions ['cmake', 'python']
[0.414s] Level 1:colcon.colcon_core.package_identification:_identify(config) by extension 'cmake'
[0.414s] Level 1:colcon.colcon_core.package_identification:_identify(config) by extension 'python'
[0.414s] Level 1:colcon.colcon_core.package_identification:_identify(config) by extensions ['python_setup_py']
[0.414s] Level 1:colcon.colcon_core.package_identification:_identify(config) by extension 'python_setup_py'
[0.414s] Level 1:colcon.colcon_core.package_identification:_identify(install) by extensions ['ignore', 'ignore_ament_install']
[0.414s] Level 1:colcon.colcon_core.package_identification:_identify(install) by extension 'ignore'
[0.414s] Level 1:colcon.colcon_core.package_identification:_identify(install) ignored
[0.414s] Level 1:colcon.colcon_core.package_identification:_identify(log) by extensions ['ignore', 'ignore_ament_install']
[0.414s] Level 1:colcon.colcon_core.package_identification:_identify(log) by extension 'ignore'
[0.414s] Level 1:colcon.colcon_core.package_identification:_identify(log) ignored
[0.414s] Level 1:colcon.colcon_core.package_identification:_identify(src) by extensions ['ignore', 'ignore_ament_install']
[0.415s] Level 1:colcon.colcon_core.package_identification:_identify(src) by extension 'ignore'
[0.415s] Level 1:colcon.colcon_core.package_identification:_identify(src) by extension 'ignore_ament_install'
[0.415s] Level 1:colcon.colcon_core.package_identification:_identify(src) by extensions ['colcon_pkg']
[0.415s] Level 1:colcon.colcon_core.package_identification:_identify(src) by extension 'colcon_pkg'
[0.415s] Level 1:colcon.colcon_core.package_identification:_identify(src) by extensions ['colcon_meta']
[0.415s] Level 1:colcon.colcon_core.package_identification:_identify(src) by extension 'colcon_meta'
[0.415s] Level 1:colcon.colcon_core.package_identification:_identify(src) by extensions ['ros']
[0.415s] Level 1:colcon.colcon_core.package_identification:_identify(src) by extension 'ros'
[0.415s] Level 1:colcon.colcon_core.package_identification:_identify(src) by extensions ['cmake', 'python']
[0.415s] Level 1:colcon.colcon_core.package_identification:_identify(src) by extension 'cmake'
[0.415s] Level 1:colcon.colcon_core.package_identification:_identify(src) by extension 'python'
[0.415s] Level 1:colcon.colcon_core.package_identification:_identify(src) by extensions ['python_setup_py']
[0.415s] Level 1:colcon.colcon_core.package_identification:_identify(src) by extension 'python_setup_py'
[0.415s] Level 1:colcon.colcon_core.package_identification:_identify(src/follow) by extensions ['ignore', 'ignore_ament_install']
[0.415s] Level 1:colcon.colcon_core.package_identification:_identify(src/follow) by extension 'ignore'
[0.415s] Level 1:colcon.colcon_core.package_identification:_identify(src/follow) by extension 'ignore_ament_install'
[0.415s] Level 1:colcon.colcon_core.package_identification:_identify(src/follow) by extensions ['colcon_pkg']
[0.415s] Level 1:colcon.colcon_core.package_identification:_identify(src/follow) by extension 'colcon_pkg'
[0.415s] Level 1:colcon.colcon_core.package_identification:_identify(src/follow) by extensions ['colcon_meta']
[0.415s] Level 1:colcon.colcon_core.package_identification:_identify(src/follow) by extension 'colcon_meta'
[0.415s] Level 1:colcon.colcon_core.package_identification:_identify(src/follow) by extensions ['ros']
[0.415s] Level 1:colcon.colcon_core.package_identification:_identify(src/follow) by extension 'ros'
[0.420s] DEBUG:colcon.colcon_core.package_identification:Package 'src/follow' with type 'ros.ament_python' and name 'follow'
[0.421s] Level 1:colcon.colcon_core.package_identification:_identify(src/human) by extensions ['ignore', 'ignore_ament_install']
[0.421s] Level 1:colcon.colcon_core.package_identification:_identify(src/human) by extension 'ignore'
[0.421s] Level 1:colcon.colcon_core.package_identification:_identify(src/human) by extension 'ignore_ament_install'
[0.421s] Level 1:colcon.colcon_core.package_identification:_identify(src/human) by extensions ['colcon_pkg']
[0.421s] Level 1:colcon.colcon_core.package_identification:_identify(src/human) by extension 'colcon_pkg'
[0.421s] Level 1:colcon.colcon_core.package_identification:_identify(src/human) by extensions ['colcon_meta']
[0.421s] Level 1:colcon.colcon_core.package_identification:_identify(src/human) by extension 'colcon_meta'
[0.421s] Level 1:colcon.colcon_core.package_identification:_identify(src/human) by extensions ['ros']
[0.421s] Level 1:colcon.colcon_core.package_identification:_identify(src/human) by extension 'ros'
[0.422s] DEBUG:colcon.colcon_core.package_identification:Package 'src/human' with type 'ros.ament_python' and name 'human'
[0.422s] Level 1:colcon.colcon_core.package_identification:_identify(src/myinterfaces) by extensions ['ignore', 'ignore_ament_install']
[0.422s] Level 1:colcon.colcon_core.package_identification:_identify(src/myinterfaces) by extension 'ignore'
[0.422s] Level 1:colcon.colcon_core.package_identification:_identify(src/myinterfaces) by extension 'ignore_ament_install'
[0.422s] Level 1:colcon.colcon_core.package_identification:_identify(src/myinterfaces) by extensions ['colcon_pkg']
[0.422s] Level 1:colcon.colcon_core.package_identification:_identify(src/myinterfaces) by extension 'colcon_pkg'
[0.422s] Level 1:colcon.colcon_core.package_identification:_identify(src/myinterfaces) by extensions ['colcon_meta']
[0.423s] Level 1:colcon.colcon_core.package_identification:_identify(src/myinterfaces) by extension 'colcon_meta'
[0.423s] Level 1:colcon.colcon_core.package_identification:_identify(src/myinterfaces) by extensions ['ros']
[0.423s] Level 1:colcon.colcon_core.package_identification:_identify(src/myinterfaces) by extension 'ros'
[0.423s] DEBUG:colcon.colcon_core.package_identification:Package 'src/myinterfaces' with type 'ros.ament_cmake' and name 'myinterfaces'
[0.423s] Level 1:colcon.colcon_core.package_identification:_identify(weights) by extensions ['ignore', 'ignore_ament_install']
[0.423s] Level 1:colcon.colcon_core.package_identification:_identify(weights) by extension 'ignore'
[0.423s] Level 1:colcon.colcon_core.package_identification:_identify(weights) by extension 'ignore_ament_install'
[0.423s] Level 1:colcon.colcon_core.package_identification:_identify(weights) by extensions ['colcon_pkg']
[0.423s] Level 1:colcon.colcon_core.package_identification:_identify(weights) by extension 'colcon_pkg'
[0.423s] Level 1:colcon.colcon_core.package_identification:_identify(weights) by extensions ['colcon_meta']
[0.423s] Level 1:colcon.colcon_core.package_identification:_identify(weights) by extension 'colcon_meta'
[0.424s] Level 1:colcon.colcon_core.package_identification:_identify(weights) by extensions ['ros']
[0.424s] Level 1:colcon.colcon_core.package_identification:_identify(weights) by extension 'ros'
[0.424s] Level 1:colcon.colcon_core.package_identification:_identify(weights) by extensions ['cmake', 'python']
[0.424s] Level 1:colcon.colcon_core.package_identification:_identify(weights) by extension 'cmake'
[0.424s] Level 1:colcon.colcon_core.package_identification:_identify(weights) by extension 'python'
[0.424s] Level 1:colcon.colcon_core.package_identification:_identify(weights) by extensions ['python_setup_py']
[0.424s] Level 1:colcon.colcon_core.package_identification:_identify(weights) by extension 'python_setup_py'
[0.424s] Level 1:colcon.colcon_core.package_discovery:discover_packages(recursive) using defaults
[0.424s] Level 1:colcon.colcon_core.package_discovery:discover_packages(ignore) discover
[0.424s] Level 1:colcon.colcon_core.package_discovery:discover_packages(ignore) using defaults
[0.424s] Level 1:colcon.colcon_core.package_discovery:discover_packages(path) discover
[0.424s] Level 1:colcon.colcon_core.package_discovery:discover_packages(path) using defaults
[0.454s] Level 1:colcon.colcon_core.package_discovery:discover_packages(prefix_path) check parameters
[0.454s] Level 1:colcon.colcon_core.package_discovery:discover_packages(prefix_path) discover
[0.457s] DEBUG:colcon.colcon_installed_package_information.package_discovery:Found 7 installed packages in /home/robot/robot_controller_release/ros2_packages
[0.458s] DEBUG:colcon.colcon_installed_package_information.package_discovery:Found 273 installed packages in /opt/ros/humble
[0.459s] Level 1:colcon.colcon_core.package_discovery:discover_packages(prefix_path) using defaults
[0.482s] Level 5:colcon.colcon_core.verb:set package 'follow' build argument 'cmake_args' from command line to 'None'
[0.482s] Level 5:colcon.colcon_core.verb:set package 'follow' build argument 'cmake_target' from command line to 'None'
[0.482s] Level 5:colcon.colcon_core.verb:set package 'follow' build argument 'cmake_target_skip_unavailable' from command line to 'False'
[0.482s] Level 5:colcon.colcon_core.verb:set package 'follow' build argument 'cmake_clean_cache' from command line to 'False'
[0.482s] Level 5:colcon.colcon_core.verb:set package 'follow' build argument 'cmake_clean_first' from command line to 'False'
[0.483s] Level 5:colcon.colcon_core.verb:set package 'follow' build argument 'cmake_force_configure' from command line to 'False'
[0.483s] Level 5:colcon.colcon_core.verb:set package 'follow' build argument 'ament_cmake_args' from command line to 'None'
[0.483s] Level 5:colcon.colcon_core.verb:set package 'follow' build argument 'catkin_cmake_args' from command line to 'None'
[0.483s] Level 5:colcon.colcon_core.verb:set package 'follow' build argument 'catkin_skip_building_tests' from command line to 'False'
[0.483s] DEBUG:colcon.colcon_core.verb:Building package 'follow' with the following arguments: {'ament_cmake_args': None, 'build_base': '/home/robot/human_ws/build/follow', 'catkin_cmake_args': None, 'catkin_skip_building_tests': False, 'cmake_args': None, 'cmake_clean_cache': False, 'cmake_clean_first': False, 'cmake_force_configure': False, 'cmake_target': None, 'cmake_target_skip_unavailable': False, 'install_base': '/home/robot/human_ws/install/follow', 'merge_install': False, 'path': '/home/robot/human_ws/src/follow', 'symlink_install': False, 'test_result_base': None}
[0.483s] Level 5:colcon.colcon_core.verb:set package 'myinterfaces' build argument 'cmake_args' from command line to 'None'
[0.483s] Level 5:colcon.colcon_core.verb:set package 'myinterfaces' build argument 'cmake_target' from command line to 'None'
[0.483s] Level 5:colcon.colcon_core.verb:set package 'myinterfaces' build argument 'cmake_target_skip_unavailable' from command line to 'False'
[0.483s] Level 5:colcon.colcon_core.verb:set package 'myinterfaces' build argument 'cmake_clean_cache' from command line to 'False'
[0.483s] Level 5:colcon.colcon_core.verb:set package 'myinterfaces' build argument 'cmake_clean_first' from command line to 'False'
[0.483s] Level 5:colcon.colcon_core.verb:set package 'myinterfaces' build argument 'cmake_force_configure' from command line to 'False'
[0.483s] Level 5:colcon.colcon_core.verb:set package 'myinterfaces' build argument 'ament_cmake_args' from command line to 'None'
[0.483s] Level 5:colcon.colcon_core.verb:set package 'myinterfaces' build argument 'catkin_cmake_args' from command line to 'None'
[0.483s] Level 5:colcon.colcon_core.verb:set package 'myinterfaces' build argument 'catkin_skip_building_tests' from command line to 'False'
[0.483s] DEBUG:colcon.colcon_core.verb:Building package 'myinterfaces' with the following arguments: {'ament_cmake_args': None, 'build_base': '/home/robot/human_ws/build/myinterfaces', 'catkin_cmake_args': None, 'catkin_skip_building_tests': False, 'cmake_args': None, 'cmake_clean_cache': False, 'cmake_clean_first': False, 'cmake_force_configure': False, 'cmake_target': None, 'cmake_target_skip_unavailable': False, 'install_base': '/home/robot/human_ws/install/myinterfaces', 'merge_install': False, 'path': '/home/robot/human_ws/src/myinterfaces', 'symlink_install': False, 'test_result_base': None}
[0.483s] Level 5:colcon.colcon_core.verb:set package 'human' build argument 'cmake_args' from command line to 'None'
[0.483s] Level 5:colcon.colcon_core.verb:set package 'human' build argument 'cmake_target' from command line to 'None'
[0.483s] Level 5:colcon.colcon_core.verb:set package 'human' build argument 'cmake_target_skip_unavailable' from command line to 'False'
[0.483s] Level 5:colcon.colcon_core.verb:set package 'human' build argument 'cmake_clean_cache' from command line to 'False'
[0.483s] Level 5:colcon.colcon_core.verb:set package 'human' build argument 'cmake_clean_first' from command line to 'False'
[0.483s] Level 5:colcon.colcon_core.verb:set package 'human' build argument 'cmake_force_configure' from command line to 'False'
[0.483s] Level 5:colcon.colcon_core.verb:set package 'human' build argument 'ament_cmake_args' from command line to 'None'
[0.483s] Level 5:colcon.colcon_core.verb:set package 'human' build argument 'catkin_cmake_args' from command line to 'None'
[0.483s] Level 5:colcon.colcon_core.verb:set package 'human' build argument 'catkin_skip_building_tests' from command line to 'False'
[0.483s] DEBUG:colcon.colcon_core.verb:Building package 'human' with the following arguments: {'ament_cmake_args': None, 'build_base': '/home/robot/human_ws/build/human', 'catkin_cmake_args': None, 'catkin_skip_building_tests': False, 'cmake_args': None, 'cmake_clean_cache': False, 'cmake_clean_first': False, 'cmake_force_configure': False, 'cmake_target': None, 'cmake_target_skip_unavailable': False, 'install_base': '/home/robot/human_ws/install/human', 'merge_install': False, 'path': '/home/robot/human_ws/src/human', 'symlink_install': False, 'test_result_base': None}
[0.483s] INFO:colcon.colcon_core.executor:Executing jobs using 'parallel' executor
[0.484s] DEBUG:colcon.colcon_parallel_executor.executor.parallel:run_until_complete
[0.484s] INFO:colcon.colcon_ros.task.ament_cmake.build:Building ROS package in '/home/robot/human_ws/src/myinterfaces' with build type 'ament_cmake'
[0.485s] INFO:colcon.colcon_cmake.task.cmake.build:Building CMake package in '/home/robot/human_ws/src/myinterfaces'
[0.489s] INFO:colcon.colcon_core.plugin_system:Skipping extension 'colcon_core.shell.bat': Not used on non-Windows systems
[0.489s] INFO:colcon.colcon_core.shell:Skip shell extension 'powershell' for command environment: Not usable outside of PowerShell
[0.489s] DEBUG:colcon.colcon_core.shell:Skip shell extension 'dsv' for command environment
[0.491s] INFO:colcon.colcon_ros.task.ament_python.build:Building ROS package in '/home/robot/human_ws/src/follow' with build type 'ament_python'
[0.492s] Level 1:colcon.colcon_core.shell:create_environment_hook('follow', 'ament_prefix_path')
[0.492s] INFO:colcon.colcon_core.shell:Creating environment hook '/home/robot/human_ws/install/follow/share/follow/hook/ament_prefix_path.ps1'
[0.493s] INFO:colcon.colcon_core.shell:Creating environment descriptor '/home/robot/human_ws/install/follow/share/follow/hook/ament_prefix_path.dsv'
[0.494s] INFO:colcon.colcon_core.shell:Creating environment hook '/home/robot/human_ws/install/follow/share/follow/hook/ament_prefix_path.sh'
[0.494s] INFO:colcon.colcon_core.shell:Skip shell extension 'powershell' for command environment: Not usable outside of PowerShell
[0.494s] DEBUG:colcon.colcon_core.shell:Skip shell extension 'dsv' for command environment
[0.501s] DEBUG:colcon.colcon_core.event_handler.log_command:Invoking command in '/home/robot/human_ws/build/myinterfaces': CMAKE_PREFIX_PATH=${CMAKE_PREFIX_PATH}:/opt/ros/humble /usr/bin/cmake --build /home/robot/human_ws/build/myinterfaces -- -j16 -l16
[0.739s] INFO:colcon.colcon_core.task.python.build:Building Python package in '/home/robot/human_ws/src/follow'
[0.739s] INFO:colcon.colcon_core.shell:Skip shell extension 'powershell' for command environment: Not usable outside of PowerShell
[0.739s] DEBUG:colcon.colcon_core.shell:Skip shell extension 'dsv' for command environment
[0.926s] DEBUG:colcon.colcon_core.event_handler.log_command:Invoked command in '/home/robot/human_ws/build/myinterfaces' returned '0': CMAKE_PREFIX_PATH=${CMAKE_PREFIX_PATH}:/opt/ros/humble /usr/bin/cmake --build /home/robot/human_ws/build/myinterfaces -- -j16 -l16
[1.011s] DEBUG:colcon.colcon_core.event_handler.log_command:Invoking command in '/home/robot/human_ws/build/myinterfaces': CMAKE_PREFIX_PATH=${CMAKE_PREFIX_PATH}:/opt/ros/humble /usr/bin/cmake --install /home/robot/human_ws/build/myinterfaces
[1.083s] Level 1:colcon.colcon_core.environment:create_environment_scripts_only(myinterfaces)
[1.083s] DEBUG:colcon.colcon_core.event_handler.log_command:Invoked command in '/home/robot/human_ws/build/myinterfaces' returned '0': CMAKE_PREFIX_PATH=${CMAKE_PREFIX_PATH}:/opt/ros/humble /usr/bin/cmake --install /home/robot/human_ws/build/myinterfaces
[1.090s] Level 1:colcon.colcon_core.environment:checking '/home/robot/human_ws/install/myinterfaces' for CMake module files
[1.090s] Level 1:colcon.colcon_core.environment:checking '/home/robot/human_ws/install/myinterfaces' for CMake config files
[1.091s] Level 1:colcon.colcon_core.shell:create_environment_hook('myinterfaces', 'cmake_prefix_path')
[1.091s] INFO:colcon.colcon_core.shell:Creating environment hook '/home/robot/human_ws/install/myinterfaces/share/myinterfaces/hook/cmake_prefix_path.ps1'
[1.091s] INFO:colcon.colcon_core.shell:Creating environment descriptor '/home/robot/human_ws/install/myinterfaces/share/myinterfaces/hook/cmake_prefix_path.dsv'
[1.092s] INFO:colcon.colcon_core.shell:Creating environment hook '/home/robot/human_ws/install/myinterfaces/share/myinterfaces/hook/cmake_prefix_path.sh'
[1.092s] Level 1:colcon.colcon_core.environment:checking '/home/robot/human_ws/install/myinterfaces/lib'
[1.092s] Level 1:colcon.colcon_core.shell:create_environment_hook('myinterfaces', 'ld_library_path_lib')
[1.092s] INFO:colcon.colcon_core.shell:Creating environment hook '/home/robot/human_ws/install/myinterfaces/share/myinterfaces/hook/ld_library_path_lib.ps1'
[1.093s] INFO:colcon.colcon_core.shell:Creating environment descriptor '/home/robot/human_ws/install/myinterfaces/share/myinterfaces/hook/ld_library_path_lib.dsv'
[1.093s] INFO:colcon.colcon_core.shell:Creating environment hook '/home/robot/human_ws/install/myinterfaces/share/myinterfaces/hook/ld_library_path_lib.sh'
[1.093s] Level 1:colcon.colcon_core.environment:checking '/home/robot/human_ws/install/myinterfaces/bin'
[1.093s] Level 1:colcon.colcon_core.environment:checking '/home/robot/human_ws/install/myinterfaces/lib/pkgconfig/myinterfaces.pc'
[1.093s] Level 1:colcon.colcon_core.environment:checking '/home/robot/human_ws/install/myinterfaces/lib/python3.10/site-packages'
[1.094s] Level 1:colcon.colcon_core.environment:checking '/home/robot/human_ws/install/myinterfaces/bin'
[1.094s] INFO:colcon.colcon_core.shell:Creating package script '/home/robot/human_ws/install/myinterfaces/share/myinterfaces/package.ps1'
[1.095s] INFO:colcon.colcon_core.shell:Creating package descriptor '/home/robot/human_ws/install/myinterfaces/share/myinterfaces/package.dsv'
[1.096s] INFO:colcon.colcon_core.shell:Creating package script '/home/robot/human_ws/install/myinterfaces/share/myinterfaces/package.sh'
[1.097s] INFO:colcon.colcon_core.shell:Creating package script '/home/robot/human_ws/install/myinterfaces/share/myinterfaces/package.bash'
[1.098s] INFO:colcon.colcon_core.shell:Creating package script '/home/robot/human_ws/install/myinterfaces/share/myinterfaces/package.zsh'
[1.099s] Level 1:colcon.colcon_core.environment:create_file_with_runtime_dependencies(/home/robot/human_ws/install/myinterfaces/share/colcon-core/packages/myinterfaces)
[1.170s] Level 1:colcon.colcon_core.environment:create_environment_scripts_only(myinterfaces)
[1.170s] Level 1:colcon.colcon_core.environment:checking '/home/robot/human_ws/install/myinterfaces' for CMake module files
[1.171s] Level 1:colcon.colcon_core.environment:checking '/home/robot/human_ws/install/myinterfaces' for CMake config files
[1.172s] Level 1:colcon.colcon_core.shell:create_environment_hook('myinterfaces', 'cmake_prefix_path')
[1.172s] INFO:colcon.colcon_core.shell:Creating environment hook '/home/robot/human_ws/install/myinterfaces/share/myinterfaces/hook/cmake_prefix_path.ps1'
[1.172s] INFO:colcon.colcon_core.shell:Creating environment descriptor '/home/robot/human_ws/install/myinterfaces/share/myinterfaces/hook/cmake_prefix_path.dsv'
[1.173s] INFO:colcon.colcon_core.shell:Creating environment hook '/home/robot/human_ws/install/myinterfaces/share/myinterfaces/hook/cmake_prefix_path.sh'
[1.174s] Level 1:colcon.colcon_core.environment:checking '/home/robot/human_ws/install/myinterfaces/lib'
[1.174s] Level 1:colcon.colcon_core.shell:create_environment_hook('myinterfaces', 'ld_library_path_lib')
[1.174s] INFO:colcon.colcon_core.shell:Creating environment hook '/home/robot/human_ws/install/myinterfaces/share/myinterfaces/hook/ld_library_path_lib.ps1'
[1.174s] INFO:colcon.colcon_core.shell:Creating environment descriptor '/home/robot/human_ws/install/myinterfaces/share/myinterfaces/hook/ld_library_path_lib.dsv'
[1.175s] INFO:colcon.colcon_core.shell:Creating environment hook '/home/robot/human_ws/install/myinterfaces/share/myinterfaces/hook/ld_library_path_lib.sh'
[1.175s] Level 1:colcon.colcon_core.environment:checking '/home/robot/human_ws/install/myinterfaces/bin'
[1.175s] Level 1:colcon.colcon_core.environment:checking '/home/robot/human_ws/install/myinterfaces/lib/pkgconfig/myinterfaces.pc'
[1.176s] Level 1:colcon.colcon_core.environment:checking '/home/robot/human_ws/install/myinterfaces/lib/python3.10/site-packages'
[1.176s] Level 1:colcon.colcon_core.environment:checking '/home/robot/human_ws/install/myinterfaces/bin'
[1.176s] INFO:colcon.colcon_core.shell:Creating package script '/home/robot/human_ws/install/myinterfaces/share/myinterfaces/package.ps1'
[1.177s] INFO:colcon.colcon_core.shell:Creating package descriptor '/home/robot/human_ws/install/myinterfaces/share/myinterfaces/package.dsv'
[1.177s] INFO:colcon.colcon_core.shell:Creating package script '/home/robot/human_ws/install/myinterfaces/share/myinterfaces/package.sh'
[1.177s] INFO:colcon.colcon_core.shell:Creating package script '/home/robot/human_ws/install/myinterfaces/share/myinterfaces/package.bash'
[1.178s] INFO:colcon.colcon_core.shell:Creating package script '/home/robot/human_ws/install/myinterfaces/share/myinterfaces/package.zsh'
[1.178s] Level 1:colcon.colcon_core.environment:create_file_with_runtime_dependencies(/home/robot/human_ws/install/myinterfaces/share/colcon-core/packages/myinterfaces)
[1.178s] INFO:colcon.colcon_ros.task.ament_python.build:Building ROS package in '/home/robot/human_ws/src/human' with build type 'ament_python'
[1.178s] Level 1:colcon.colcon_core.shell:create_environment_hook('human', 'ament_prefix_path')
[1.178s] INFO:colcon.colcon_core.shell:Creating environment hook '/home/robot/human_ws/install/human/share/human/hook/ament_prefix_path.ps1'
[1.179s] INFO:colcon.colcon_core.shell:Creating environment descriptor '/home/robot/human_ws/install/human/share/human/hook/ament_prefix_path.dsv'
[1.179s] INFO:colcon.colcon_core.shell:Creating environment hook '/home/robot/human_ws/install/human/share/human/hook/ament_prefix_path.sh'
[1.180s] INFO:colcon.colcon_core.shell:Skip shell extension 'powershell' for command environment: Not usable outside of PowerShell
[1.180s] DEBUG:colcon.colcon_core.shell:Skip shell extension 'dsv' for command environment
[1.409s] INFO:colcon.colcon_core.task.python.build:Building Python package in '/home/robot/human_ws/src/human'
[1.409s] INFO:colcon.colcon_core.shell:Skip shell extension 'powershell' for command environment: Not usable outside of PowerShell
[1.409s] DEBUG:colcon.colcon_core.shell:Skip shell extension 'dsv' for command environment
[1.413s] DEBUG:colcon.colcon_core.event_handler.log_command:Invoking command in '/home/robot/human_ws/src/follow': PYTHONPATH=/home/robot/human_ws/build/follow/prefix_override:/usr/lib/python3/dist-packages/colcon_core/task/python/colcon_distutils_commands:/home/robot/human_ws/install/follow/lib/python3.10/site-packages:${PYTHONPATH} /usr/bin/python3 -W ignore:setup.py install is deprecated setup.py egg_info --egg-base ../../build/follow build --build-base /home/robot/human_ws/build/follow/build install --record /home/robot/human_ws/build/follow/install.log --single-version-externally-managed install_data
[1.668s] Level 1:colcon.colcon_core.environment:checking '/home/robot/human_ws/install/follow' for CMake module files
[1.668s] DEBUG:colcon.colcon_core.event_handler.log_command:Invoked command in '/home/robot/human_ws/src/follow' returned '0': PYTHONPATH=/home/robot/human_ws/build/follow/prefix_override:/usr/lib/python3/dist-packages/colcon_core/task/python/colcon_distutils_commands:/home/robot/human_ws/install/follow/lib/python3.10/site-packages:${PYTHONPATH} /usr/bin/python3 -W ignore:setup.py install is deprecated setup.py egg_info --egg-base ../../build/follow build --build-base /home/robot/human_ws/build/follow/build install --record /home/robot/human_ws/build/follow/install.log --single-version-externally-managed install_data
[1.668s] Level 1:colcon.colcon_core.environment:checking '/home/robot/human_ws/install/follow' for CMake config files
[1.669s] Level 1:colcon.colcon_core.environment:checking '/home/robot/human_ws/install/follow/lib'
[1.669s] Level 1:colcon.colcon_core.environment:checking '/home/robot/human_ws/install/follow/bin'
[1.669s] Level 1:colcon.colcon_core.environment:checking '/home/robot/human_ws/install/follow/lib/pkgconfig/follow.pc'
[1.669s] Level 1:colcon.colcon_core.environment:checking '/home/robot/human_ws/install/follow/lib/python3.10/site-packages'
[1.669s] Level 1:colcon.colcon_core.shell:create_environment_hook('follow', 'pythonpath')
[1.669s] INFO:colcon.colcon_core.shell:Creating environment hook '/home/robot/human_ws/install/follow/share/follow/hook/pythonpath.ps1'
[1.670s] INFO:colcon.colcon_core.shell:Creating environment descriptor '/home/robot/human_ws/install/follow/share/follow/hook/pythonpath.dsv'
[1.670s] INFO:colcon.colcon_core.shell:Creating environment hook '/home/robot/human_ws/install/follow/share/follow/hook/pythonpath.sh'
[1.670s] Level 1:colcon.colcon_core.environment:checking '/home/robot/human_ws/install/follow/bin'
[1.670s] Level 1:colcon.colcon_core.environment:create_environment_scripts_only(follow)
[1.671s] INFO:colcon.colcon_core.shell:Creating package script '/home/robot/human_ws/install/follow/share/follow/package.ps1'
[1.671s] INFO:colcon.colcon_core.shell:Creating package descriptor '/home/robot/human_ws/install/follow/share/follow/package.dsv'
[1.671s] INFO:colcon.colcon_core.shell:Creating package script '/home/robot/human_ws/install/follow/share/follow/package.sh'
[1.672s] INFO:colcon.colcon_core.shell:Creating package script '/home/robot/human_ws/install/follow/share/follow/package.bash'
[1.672s] INFO:colcon.colcon_core.shell:Creating package script '/home/robot/human_ws/install/follow/share/follow/package.zsh'
[1.672s] Level 1:colcon.colcon_core.environment:create_file_with_runtime_dependencies(/home/robot/human_ws/install/follow/share/colcon-core/packages/follow)
[1.793s] DEBUG:colcon.colcon_core.event_handler.log_command:Invoking command in '/home/robot/human_ws/src/human': AMENT_PREFIX_PATH=/home/robot/human_ws/install/myinterfaces:${AMENT_PREFIX_PATH} CMAKE_PREFIX_PATH=/home/robot/human_ws/install/myinterfaces:${CMAKE_PREFIX_PATH} LD_LIBRARY_PATH=/home/robot/human_ws/install/myinterfaces/lib:${LD_LIBRARY_PATH} PYTHONPATH=/home/robot/human_ws/build/human/prefix_override:/usr/lib/python3/dist-packages/colcon_core/task/python/colcon_distutils_commands:/home/robot/human_ws/install/human/lib/python3.10/site-packages:/home/robot/human_ws/install/myinterfaces/local/lib/python3.10/dist-packages:${PYTHONPATH} /usr/bin/python3 -W ignore:setup.py install is deprecated setup.py egg_info --egg-base ../../build/human build --build-base /home/robot/human_ws/build/human/build install --record /home/robot/human_ws/build/human/install.log --single-version-externally-managed install_data
[2.041s] Level 1:colcon.colcon_core.environment:checking '/home/robot/human_ws/install/human' for CMake module files
[2.041s] DEBUG:colcon.colcon_core.event_handler.log_command:Invoked command in '/home/robot/human_ws/src/human' returned '0': AMENT_PREFIX_PATH=/home/robot/human_ws/install/myinterfaces:${AMENT_PREFIX_PATH} CMAKE_PREFIX_PATH=/home/robot/human_ws/install/myinterfaces:${CMAKE_PREFIX_PATH} LD_LIBRARY_PATH=/home/robot/human_ws/install/myinterfaces/lib:${LD_LIBRARY_PATH} PYTHONPATH=/home/robot/human_ws/build/human/prefix_override:/usr/lib/python3/dist-packages/colcon_core/task/python/colcon_distutils_commands:/home/robot/human_ws/install/human/lib/python3.10/site-packages:/home/robot/human_ws/install/myinterfaces/local/lib/python3.10/dist-packages:${PYTHONPATH} /usr/bin/python3 -W ignore:setup.py install is deprecated setup.py egg_info --egg-base ../../build/human build --build-base /home/robot/human_ws/build/human/build install --record /home/robot/human_ws/build/human/install.log --single-version-externally-managed install_data
[2.041s] Level 1:colcon.colcon_core.environment:checking '/home/robot/human_ws/install/human' for CMake config files
[2.043s] Level 1:colcon.colcon_core.environment:checking '/home/robot/human_ws/install/human/lib'
[2.043s] Level 1:colcon.colcon_core.environment:checking '/home/robot/human_ws/install/human/bin'
[2.043s] Level 1:colcon.colcon_core.environment:checking '/home/robot/human_ws/install/human/lib/pkgconfig/human.pc'
[2.043s] Level 1:colcon.colcon_core.environment:checking '/home/robot/human_ws/install/human/lib/python3.10/site-packages'
[2.043s] Level 1:colcon.colcon_core.shell:create_environment_hook('human', 'pythonpath')
[2.043s] INFO:colcon.colcon_core.shell:Creating environment hook '/home/robot/human_ws/install/human/share/human/hook/pythonpath.ps1'
[2.044s] INFO:colcon.colcon_core.shell:Creating environment descriptor '/home/robot/human_ws/install/human/share/human/hook/pythonpath.dsv'
[2.044s] INFO:colcon.colcon_core.shell:Creating environment hook '/home/robot/human_ws/install/human/share/human/hook/pythonpath.sh'
[2.044s] Level 1:colcon.colcon_core.environment:checking '/home/robot/human_ws/install/human/bin'
[2.044s] Level 1:colcon.colcon_core.environment:create_environment_scripts_only(human)
[2.044s] INFO:colcon.colcon_core.shell:Creating package script '/home/robot/human_ws/install/human/share/human/package.ps1'
[2.045s] INFO:colcon.colcon_core.shell:Creating package descriptor '/home/robot/human_ws/install/human/share/human/package.dsv'
[2.045s] INFO:colcon.colcon_core.shell:Creating package script '/home/robot/human_ws/install/human/share/human/package.sh'
[2.045s] INFO:colcon.colcon_core.shell:Creating package script '/home/robot/human_ws/install/human/share/human/package.bash'
[2.045s] INFO:colcon.colcon_core.shell:Creating package script '/home/robot/human_ws/install/human/share/human/package.zsh'
[2.045s] Level 1:colcon.colcon_core.environment:create_file_with_runtime_dependencies(/home/robot/human_ws/install/human/share/colcon-core/packages/human)
[2.046s] DEBUG:colcon.colcon_parallel_executor.executor.parallel:closing loop
[2.046s] DEBUG:colcon.colcon_parallel_executor.executor.parallel:loop closed
[2.046s] DEBUG:colcon.colcon_parallel_executor.executor.parallel:run_until_complete finished with '0'
[2.046s] DEBUG:colcon.colcon_core.event_reactor:joining thread
[2.051s] INFO:colcon.colcon_core.plugin_system:Skipping extension 'colcon_notification.desktop_notification.terminal_notifier': Not used on non-Darwin systems
[2.051s] INFO:colcon.colcon_core.plugin_system:Skipping extension 'colcon_notification.desktop_notification.win32': Not used on non-Windows systems
[2.051s] INFO:colcon.colcon_notification.desktop_notification:Sending desktop notification using 'notify2'
[2.074s] DEBUG:colcon.colcon_core.event_reactor:joined thread
[2.075s] INFO:colcon.colcon_core.shell:Creating prefix script '/home/robot/human_ws/install/local_setup.ps1'
[2.076s] INFO:colcon.colcon_core.shell:Creating prefix util module '/home/robot/human_ws/install/_local_setup_util_ps1.py'
[2.077s] INFO:colcon.colcon_core.shell:Creating prefix chain script '/home/robot/human_ws/install/setup.ps1'
[2.079s] INFO:colcon.colcon_core.shell:Creating prefix script '/home/robot/human_ws/install/local_setup.sh'
[2.080s] INFO:colcon.colcon_core.shell:Creating prefix util module '/home/robot/human_ws/install/_local_setup_util_sh.py'
[2.081s] INFO:colcon.colcon_core.shell:Creating prefix chain script '/home/robot/human_ws/install/setup.sh'
[2.082s] INFO:colcon.colcon_core.shell:Creating prefix script '/home/robot/human_ws/install/local_setup.bash'
[2.083s] INFO:colcon.colcon_core.shell:Creating prefix chain script '/home/robot/human_ws/install/setup.bash'
[2.085s] INFO:colcon.colcon_core.shell:Creating prefix script '/home/robot/human_ws/install/local_setup.zsh'
[2.086s] INFO:colcon.colcon_core.shell:Creating prefix chain script '/home/robot/human_ws/install/setup.zsh'
