[0.047s] Invoking command in '/home/robot/human_ws/build/apriltag_ros': CMAKE_PREFIX_PATH=${CMAKE_PREFIX_PATH}:/home/robot/robot_controller_release/ros2_packages/object_detect_track_node_py:/opt/ros/humble /usr/bin/cmake --build /home/robot/human_ws/build/apriltag_ros -- -j16 -l16
[1.277s] [ 20%] Built target tags
[1.277s] [ 60%] Built target apriltag_node
[1.277s] [ 60%] Built target conversion
[1.277s] [ 80%] Built target pose_estimation
[1.277s] [100%] Built target AprilTagNode
[1.553s] Invoked command in '/home/robot/human_ws/build/apriltag_ros' returned '0': CMAKE_PREFIX_PATH=${CMAKE_PREFIX_PATH}:/home/robot/robot_controller_release/ros2_packages/object_detect_track_node_py:/opt/ros/humble /usr/bin/cmake --build /home/robot/human_ws/build/apriltag_ros -- -j16 -l16
[1.613s] Invoking command in '/home/robot/human_ws/build/apriltag_ros': CMAKE_PREFIX_PATH=${CMAKE_PREFIX_PATH}:/home/robot/robot_controller_release/ros2_packages/object_detect_track_node_py:/opt/ros/humble /usr/bin/cmake --install /home/robot/human_ws/build/apriltag_ros
[1.622s] -- Install configuration: ""
[1.622s] -- Up-to-date: /home/robot/human_ws/install/apriltag_ros/lib/apriltag_ros/apriltag_node
[1.622s] -- Up-to-date: /home/robot/human_ws/install/apriltag_ros/share/apriltag_ros/environment/library_path.sh
[1.623s] -- Up-to-date: /home/robot/human_ws/install/apriltag_ros/share/apriltag_ros/environment/library_path.dsv
[1.623s] -- Up-to-date: /home/robot/human_ws/install/apriltag_ros/lib/libAprilTagNode.so
[1.623s] -- Up-to-date: /home/robot/human_ws/install/apriltag_ros/share/apriltag_ros/cfg
[1.623s] -- Up-to-date: /home/robot/human_ws/install/apriltag_ros/share/apriltag_ros/cfg/tags_36h11.yaml
[1.623s] -- Up-to-date: /home/robot/human_ws/install/apriltag_ros/share/apriltag_ros/launch
[1.623s] -- Up-to-date: /home/robot/human_ws/install/apriltag_ros/share/apriltag_ros/launch/ostrich_36h11.launch.yml
[1.623s] -- Up-to-date: /home/robot/human_ws/install/apriltag_ros/share/apriltag_ros/launch/v4l2_36h11.launch.yml
[1.624s] -- Up-to-date: /home/robot/human_ws/install/apriltag_ros/share/ament_index/resource_index/package_run_dependencies/apriltag_ros
[1.624s] -- Up-to-date: /home/robot/human_ws/install/apriltag_ros/share/ament_index/resource_index/parent_prefix_path/apriltag_ros
[1.624s] -- Up-to-date: /home/robot/human_ws/install/apriltag_ros/share/apriltag_ros/environment/ament_prefix_path.sh
[1.624s] -- Up-to-date: /home/robot/human_ws/install/apriltag_ros/share/apriltag_ros/environment/ament_prefix_path.dsv
[1.624s] -- Up-to-date: /home/robot/human_ws/install/apriltag_ros/share/apriltag_ros/environment/path.sh
[1.624s] -- Up-to-date: /home/robot/human_ws/install/apriltag_ros/share/apriltag_ros/environment/path.dsv
[1.624s] -- Up-to-date: /home/robot/human_ws/install/apriltag_ros/share/apriltag_ros/local_setup.bash
[1.624s] -- Up-to-date: /home/robot/human_ws/install/apriltag_ros/share/apriltag_ros/local_setup.sh
[1.624s] -- Up-to-date: /home/robot/human_ws/install/apriltag_ros/share/apriltag_ros/local_setup.zsh
[1.624s] -- Up-to-date: /home/robot/human_ws/install/apriltag_ros/share/apriltag_ros/local_setup.dsv
[1.624s] -- Installing: /home/robot/human_ws/install/apriltag_ros/share/apriltag_ros/package.dsv
[1.625s] -- Up-to-date: /home/robot/human_ws/install/apriltag_ros/share/ament_index/resource_index/packages/apriltag_ros
[1.625s] -- Up-to-date: /home/robot/human_ws/install/apriltag_ros/share/ament_index/resource_index/rclcpp_components/apriltag_ros
[1.625s] -- Up-to-date: /home/robot/human_ws/install/apriltag_ros/share/apriltag_ros/cmake/apriltag_rosConfig.cmake
[1.625s] -- Up-to-date: /home/robot/human_ws/install/apriltag_ros/share/apriltag_ros/cmake/apriltag_rosConfig-version.cmake
[1.625s] -- Up-to-date: /home/robot/human_ws/install/apriltag_ros/share/apriltag_ros/package.xml
[1.628s] Invoked command in '/home/robot/human_ws/build/apriltag_ros' returned '0': CMAKE_PREFIX_PATH=${CMAKE_PREFIX_PATH}:/home/robot/robot_controller_release/ros2_packages/object_detect_track_node_py:/opt/ros/humble /usr/bin/cmake --install /home/robot/human_ws/build/apriltag_ros
