[0.384s] [34mcolcon[0m [1;30mDEBUG[0m [32mCommand line arguments: ['/usr/bin/colcon', 'build', '--packages-select', 'follow'][0m
[0.384s] [34mcolcon[0m [1;30mDEBUG[0m [32mParsed command line arguments: Namespace(log_base=None, log_level=None, verb_name='build', build_base='build', install_base='install', merge_install=False, symlink_install=False, test_result_base=None, continue_on_error=False, executor='parallel', parallel_workers=16, event_handlers=None, ignore_user_meta=False, metas=['./colcon.meta'], base_paths=['.'], packages_ignore=None, packages_ignore_regex=None, paths=None, packages_up_to=None, packages_up_to_regex=None, packages_above=None, packages_above_and_dependencies=None, packages_above_depth=None, packages_select_by_dep=None, packages_skip_by_dep=None, packages_skip_up_to=None, packages_select_build_failed=False, packages_skip_build_finished=False, packages_select_test_failures=False, packages_skip_test_passed=False, packages_select=['follow'], packages_skip=None, packages_select_regex=None, packages_skip_regex=None, packages_start=None, packages_end=None, allow_overriding=[], cmake_args=None, cmake_target=None, cmake_target_skip_unavailable=False, cmake_clean_cache=False, cmake_clean_first=False, cmake_force_configure=False, ament_cmake_args=None, catkin_cmake_args=None, catkin_skip_building_tests=False, verb_parser=<colcon_defaults.argument_parser.defaults.DefaultArgumentsDecorator object at 0x7cc742660460>, verb_extension=<colcon_core.verb.build.BuildVerb object at 0x7cc74275c580>, main=<bound method BuildVerb.main of <colcon_core.verb.build.BuildVerb object at 0x7cc74275c580>>)[0m
[0.824s] [34mcolcon.colcon_core.package_discovery[0m [1;30mLevel 1[0m discover_packages(colcon_meta) check parameters
[0.824s] [34mcolcon.colcon_core.package_discovery[0m [1;30mLevel 1[0m discover_packages(recursive) check parameters
[0.825s] [34mcolcon.colcon_core.package_discovery[0m [1;30mLevel 1[0m discover_packages(ignore) check parameters
[0.825s] [34mcolcon.colcon_core.package_discovery[0m [1;30mLevel 1[0m discover_packages(path) check parameters
[0.825s] [34mcolcon.colcon_core.package_discovery[0m [1;30mLevel 1[0m discover_packages(colcon_meta) discover
[0.825s] [34mcolcon.colcon_core.package_discovery[0m [1;30mLevel 1[0m discover_packages(recursive) discover
[0.825s] [34mcolcon.colcon_core.package_discovery[0m [1;30mINFO[0m Crawling recursively for packages in '/home/robot/human_ws'
[0.825s] [34mcolcon.colcon_core.package_identification[0m [1;30mLevel 1[0m _identify(.) by extensions ['ignore', 'ignore_ament_install']
[0.825s] [34mcolcon.colcon_core.package_identification[0m [1;30mLevel 1[0m _identify(.) by extension 'ignore'
[0.825s] [34mcolcon.colcon_core.package_identification[0m [1;30mLevel 1[0m _identify(.) by extension 'ignore_ament_install'
[0.825s] [34mcolcon.colcon_core.package_identification[0m [1;30mLevel 1[0m _identify(.) by extensions ['colcon_pkg']
[0.825s] [34mcolcon.colcon_core.package_identification[0m [1;30mLevel 1[0m _identify(.) by extension 'colcon_pkg'
[0.825s] [34mcolcon.colcon_core.package_identification[0m [1;30mLevel 1[0m _identify(.) by extensions ['colcon_meta']
[0.825s] [34mcolcon.colcon_core.package_identification[0m [1;30mLevel 1[0m _identify(.) by extension 'colcon_meta'
[0.825s] [34mcolcon.colcon_core.package_identification[0m [1;30mLevel 1[0m _identify(.) by extensions ['ros']
[0.825s] [34mcolcon.colcon_core.package_identification[0m [1;30mLevel 1[0m _identify(.) by extension 'ros'
[0.851s] [34mcolcon.colcon_core.package_identification[0m [1;30mLevel 1[0m _identify(.) by extensions ['cmake', 'python']
[0.851s] [34mcolcon.colcon_core.package_identification[0m [1;30mLevel 1[0m _identify(.) by extension 'cmake'
[0.851s] [34mcolcon.colcon_core.package_identification[0m [1;30mLevel 1[0m _identify(.) by extension 'python'
[0.851s] [34mcolcon.colcon_core.package_identification[0m [1;30mLevel 1[0m _identify(.) by extensions ['python_setup_py']
[0.851s] [34mcolcon.colcon_core.package_identification[0m [1;30mLevel 1[0m _identify(.) by extension 'python_setup_py'
[0.852s] [34mcolcon.colcon_core.package_identification[0m [1;30mLevel 1[0m _identify(build) by extensions ['ignore', 'ignore_ament_install']
[0.852s] [34mcolcon.colcon_core.package_identification[0m [1;30mLevel 1[0m _identify(build) by extension 'ignore'
[0.852s] [34mcolcon.colcon_core.package_identification[0m [1;30mLevel 1[0m _identify(build) ignored
[0.852s] [34mcolcon.colcon_core.package_identification[0m [1;30mLevel 1[0m _identify(config) by extensions ['ignore', 'ignore_ament_install']
[0.852s] [34mcolcon.colcon_core.package_identification[0m [1;30mLevel 1[0m _identify(config) by extension 'ignore'
[0.852s] [34mcolcon.colcon_core.package_identification[0m [1;30mLevel 1[0m _identify(config) by extension 'ignore_ament_install'
[0.852s] [34mcolcon.colcon_core.package_identification[0m [1;30mLevel 1[0m _identify(config) by extensions ['colcon_pkg']
[0.852s] [34mcolcon.colcon_core.package_identification[0m [1;30mLevel 1[0m _identify(config) by extension 'colcon_pkg'
[0.852s] [34mcolcon.colcon_core.package_identification[0m [1;30mLevel 1[0m _identify(config) by extensions ['colcon_meta']
[0.852s] [34mcolcon.colcon_core.package_identification[0m [1;30mLevel 1[0m _identify(config) by extension 'colcon_meta'
[0.852s] [34mcolcon.colcon_core.package_identification[0m [1;30mLevel 1[0m _identify(config) by extensions ['ros']
[0.852s] [34mcolcon.colcon_core.package_identification[0m [1;30mLevel 1[0m _identify(config) by extension 'ros'
[0.852s] [34mcolcon.colcon_core.package_identification[0m [1;30mLevel 1[0m _identify(config) by extensions ['cmake', 'python']
[0.852s] [34mcolcon.colcon_core.package_identification[0m [1;30mLevel 1[0m _identify(config) by extension 'cmake'
[0.852s] [34mcolcon.colcon_core.package_identification[0m [1;30mLevel 1[0m _identify(config) by extension 'python'
[0.853s] [34mcolcon.colcon_core.package_identification[0m [1;30mLevel 1[0m _identify(config) by extensions ['python_setup_py']
[0.853s] [34mcolcon.colcon_core.package_identification[0m [1;30mLevel 1[0m _identify(config) by extension 'python_setup_py'
[0.853s] [34mcolcon.colcon_core.package_identification[0m [1;30mLevel 1[0m _identify(install) by extensions ['ignore', 'ignore_ament_install']
[0.853s] [34mcolcon.colcon_core.package_identification[0m [1;30mLevel 1[0m _identify(install) by extension 'ignore'
[0.853s] [34mcolcon.colcon_core.package_identification[0m [1;30mLevel 1[0m _identify(install) ignored
[0.854s] [34mcolcon.colcon_core.package_identification[0m [1;30mLevel 1[0m _identify(log) by extensions ['ignore', 'ignore_ament_install']
[0.854s] [34mcolcon.colcon_core.package_identification[0m [1;30mLevel 1[0m _identify(log) by extension 'ignore'
[0.854s] [34mcolcon.colcon_core.package_identification[0m [1;30mLevel 1[0m _identify(log) ignored
[0.854s] [34mcolcon.colcon_core.package_identification[0m [1;30mLevel 1[0m _identify(src) by extensions ['ignore', 'ignore_ament_install']
[0.855s] [34mcolcon.colcon_core.package_identification[0m [1;30mLevel 1[0m _identify(src) by extension 'ignore'
[0.855s] [34mcolcon.colcon_core.package_identification[0m [1;30mLevel 1[0m _identify(src) by extension 'ignore_ament_install'
[0.855s] [34mcolcon.colcon_core.package_identification[0m [1;30mLevel 1[0m _identify(src) by extensions ['colcon_pkg']
[0.855s] [34mcolcon.colcon_core.package_identification[0m [1;30mLevel 1[0m _identify(src) by extension 'colcon_pkg'
[0.855s] [34mcolcon.colcon_core.package_identification[0m [1;30mLevel 1[0m _identify(src) by extensions ['colcon_meta']
[0.855s] [34mcolcon.colcon_core.package_identification[0m [1;30mLevel 1[0m _identify(src) by extension 'colcon_meta'
[0.855s] [34mcolcon.colcon_core.package_identification[0m [1;30mLevel 1[0m _identify(src) by extensions ['ros']
[0.856s] [34mcolcon.colcon_core.package_identification[0m [1;30mLevel 1[0m _identify(src) by extension 'ros'
[0.856s] [34mcolcon.colcon_core.package_identification[0m [1;30mLevel 1[0m _identify(src) by extensions ['cmake', 'python']
[0.857s] [34mcolcon.colcon_core.package_identification[0m [1;30mLevel 1[0m _identify(src) by extension 'cmake'
[0.857s] [34mcolcon.colcon_core.package_identification[0m [1;30mLevel 1[0m _identify(src) by extension 'python'
[0.857s] [34mcolcon.colcon_core.package_identification[0m [1;30mLevel 1[0m _identify(src) by extensions ['python_setup_py']
[0.857s] [34mcolcon.colcon_core.package_identification[0m [1;30mLevel 1[0m _identify(src) by extension 'python_setup_py'
[0.857s] [34mcolcon.colcon_core.package_identification[0m [1;30mLevel 1[0m _identify(src/apriltag_ros) by extensions ['ignore', 'ignore_ament_install']
[0.857s] [34mcolcon.colcon_core.package_identification[0m [1;30mLevel 1[0m _identify(src/apriltag_ros) by extension 'ignore'
[0.857s] [34mcolcon.colcon_core.package_identification[0m [1;30mLevel 1[0m _identify(src/apriltag_ros) by extension 'ignore_ament_install'
[0.857s] [34mcolcon.colcon_core.package_identification[0m [1;30mLevel 1[0m _identify(src/apriltag_ros) by extensions ['colcon_pkg']
[0.857s] [34mcolcon.colcon_core.package_identification[0m [1;30mLevel 1[0m _identify(src/apriltag_ros) by extension 'colcon_pkg'
[0.858s] [34mcolcon.colcon_core.package_identification[0m [1;30mLevel 1[0m _identify(src/apriltag_ros) by extensions ['colcon_meta']
[0.858s] [34mcolcon.colcon_core.package_identification[0m [1;30mLevel 1[0m _identify(src/apriltag_ros) by extension 'colcon_meta'
[0.858s] [34mcolcon.colcon_core.package_identification[0m [1;30mLevel 1[0m _identify(src/apriltag_ros) by extensions ['ros']
[0.858s] [34mcolcon.colcon_core.package_identification[0m [1;30mLevel 1[0m _identify(src/apriltag_ros) by extension 'ros'
[0.863s] [34mcolcon.colcon_core.package_identification[0m [1;30mDEBUG[0m [32mPackage 'src/apriltag_ros' with type 'ros.ament_cmake' and name 'apriltag_ros'[0m
[0.863s] [34mcolcon.colcon_core.package_identification[0m [1;30mLevel 1[0m _identify(src/build) by extensions ['ignore', 'ignore_ament_install']
[0.863s] [34mcolcon.colcon_core.package_identification[0m [1;30mLevel 1[0m _identify(src/build) by extension 'ignore'
[0.863s] [34mcolcon.colcon_core.package_identification[0m [1;30mLevel 1[0m _identify(src/build) ignored
[0.863s] [34mcolcon.colcon_core.package_identification[0m [1;30mLevel 1[0m _identify(src/data) by extensions ['ignore', 'ignore_ament_install']
[0.863s] [34mcolcon.colcon_core.package_identification[0m [1;30mLevel 1[0m _identify(src/data) by extension 'ignore'
[0.864s] [34mcolcon.colcon_core.package_identification[0m [1;30mLevel 1[0m _identify(src/data) by extension 'ignore_ament_install'
[0.864s] [34mcolcon.colcon_core.package_identification[0m [1;30mLevel 1[0m _identify(src/data) by extensions ['colcon_pkg']
[0.864s] [34mcolcon.colcon_core.package_identification[0m [1;30mLevel 1[0m _identify(src/data) by extension 'colcon_pkg'
[0.864s] [34mcolcon.colcon_core.package_identification[0m [1;30mLevel 1[0m _identify(src/data) by extensions ['colcon_meta']
[0.864s] [34mcolcon.colcon_core.package_identification[0m [1;30mLevel 1[0m _identify(src/data) by extension 'colcon_meta'
[0.864s] [34mcolcon.colcon_core.package_identification[0m [1;30mLevel 1[0m _identify(src/data) by extensions ['ros']
[0.864s] [34mcolcon.colcon_core.package_identification[0m [1;30mLevel 1[0m _identify(src/data) by extension 'ros'
[0.865s] [34mcolcon.colcon_core.package_identification[0m [1;30mDEBUG[0m [32mPackage 'src/data' with type 'ros.ament_python' and name 'data'[0m
[0.865s] [34mcolcon.colcon_core.package_identification[0m [1;30mLevel 1[0m _identify(src/follow) by extensions ['ignore', 'ignore_ament_install']
[0.865s] [34mcolcon.colcon_core.package_identification[0m [1;30mLevel 1[0m _identify(src/follow) by extension 'ignore'
[0.865s] [34mcolcon.colcon_core.package_identification[0m [1;30mLevel 1[0m _identify(src/follow) by extension 'ignore_ament_install'
[0.865s] [34mcolcon.colcon_core.package_identification[0m [1;30mLevel 1[0m _identify(src/follow) by extensions ['colcon_pkg']
[0.865s] [34mcolcon.colcon_core.package_identification[0m [1;30mLevel 1[0m _identify(src/follow) by extension 'colcon_pkg'
[0.865s] [34mcolcon.colcon_core.package_identification[0m [1;30mLevel 1[0m _identify(src/follow) by extensions ['colcon_meta']
[0.865s] [34mcolcon.colcon_core.package_identification[0m [1;30mLevel 1[0m _identify(src/follow) by extension 'colcon_meta'
[0.865s] [34mcolcon.colcon_core.package_identification[0m [1;30mLevel 1[0m _identify(src/follow) by extensions ['ros']
[0.866s] [34mcolcon.colcon_core.package_identification[0m [1;30mLevel 1[0m _identify(src/follow) by extension 'ros'
[0.872s] [34mcolcon.colcon_core.package_identification[0m [1;30mDEBUG[0m [32mPackage 'src/follow' with type 'ros.ament_python' and name 'follow'[0m
[0.873s] [34mcolcon.colcon_core.package_identification[0m [1;30mLevel 1[0m _identify(src/human) by extensions ['ignore', 'ignore_ament_install']
[0.873s] [34mcolcon.colcon_core.package_identification[0m [1;30mLevel 1[0m _identify(src/human) by extension 'ignore'
[0.873s] [34mcolcon.colcon_core.package_identification[0m [1;30mLevel 1[0m _identify(src/human) by extension 'ignore_ament_install'
[0.873s] [34mcolcon.colcon_core.package_identification[0m [1;30mLevel 1[0m _identify(src/human) by extensions ['colcon_pkg']
[0.873s] [34mcolcon.colcon_core.package_identification[0m [1;30mLevel 1[0m _identify(src/human) by extension 'colcon_pkg'
[0.873s] [34mcolcon.colcon_core.package_identification[0m [1;30mLevel 1[0m _identify(src/human) by extensions ['colcon_meta']
[0.873s] [34mcolcon.colcon_core.package_identification[0m [1;30mLevel 1[0m _identify(src/human) by extension 'colcon_meta'
[0.873s] [34mcolcon.colcon_core.package_identification[0m [1;30mLevel 1[0m _identify(src/human) by extensions ['ros']
[0.873s] [34mcolcon.colcon_core.package_identification[0m [1;30mLevel 1[0m _identify(src/human) by extension 'ros'
[0.876s] [34mcolcon.colcon_core.package_identification[0m [1;30mDEBUG[0m [32mPackage 'src/human' with type 'ros.ament_python' and name 'human'[0m
[0.878s] [34mcolcon.colcon_core.package_identification[0m [1;30mLevel 1[0m _identify(src/image) by extensions ['ignore', 'ignore_ament_install']
[0.879s] [34mcolcon.colcon_core.package_identification[0m [1;30mLevel 1[0m _identify(src/image) by extension 'ignore'
[0.879s] [34mcolcon.colcon_core.package_identification[0m [1;30mLevel 1[0m _identify(src/image) by extension 'ignore_ament_install'
[0.879s] [34mcolcon.colcon_core.package_identification[0m [1;30mLevel 1[0m _identify(src/image) by extensions ['colcon_pkg']
[0.879s] [34mcolcon.colcon_core.package_identification[0m [1;30mLevel 1[0m _identify(src/image) by extension 'colcon_pkg'
[0.879s] [34mcolcon.colcon_core.package_identification[0m [1;30mLevel 1[0m _identify(src/image) by extensions ['colcon_meta']
[0.879s] [34mcolcon.colcon_core.package_identification[0m [1;30mLevel 1[0m _identify(src/image) by extension 'colcon_meta'
[0.880s] [34mcolcon.colcon_core.package_identification[0m [1;30mLevel 1[0m _identify(src/image) by extensions ['ros']
[0.880s] [34mcolcon.colcon_core.package_identification[0m [1;30mLevel 1[0m _identify(src/image) by extension 'ros'
[0.881s] [34mcolcon.colcon_core.package_identification[0m [1;30mDEBUG[0m [32mPackage 'src/image' with type 'ros.ament_python' and name 'image'[0m
[0.882s] [34mcolcon.colcon_core.package_identification[0m [1;30mLevel 1[0m _identify(src/install) by extensions ['ignore', 'ignore_ament_install']
[0.882s] [34mcolcon.colcon_core.package_identification[0m [1;30mLevel 1[0m _identify(src/install) by extension 'ignore'
[0.882s] [34mcolcon.colcon_core.package_identification[0m [1;30mLevel 1[0m _identify(src/install) ignored
[0.882s] [34mcolcon.colcon_core.package_identification[0m [1;30mLevel 1[0m _identify(src/log) by extensions ['ignore', 'ignore_ament_install']
[0.882s] [34mcolcon.colcon_core.package_identification[0m [1;30mLevel 1[0m _identify(src/log) by extension 'ignore'
[0.882s] [34mcolcon.colcon_core.package_identification[0m [1;30mLevel 1[0m _identify(src/log) ignored
[0.882s] [34mcolcon.colcon_core.package_identification[0m [1;30mLevel 1[0m _identify(src/manager) by extensions ['ignore', 'ignore_ament_install']
[0.882s] [34mcolcon.colcon_core.package_identification[0m [1;30mLevel 1[0m _identify(src/manager) by extension 'ignore'
[0.882s] [34mcolcon.colcon_core.package_identification[0m [1;30mLevel 1[0m _identify(src/manager) by extension 'ignore_ament_install'
[0.882s] [34mcolcon.colcon_core.package_identification[0m [1;30mLevel 1[0m _identify(src/manager) by extensions ['colcon_pkg']
[0.882s] [34mcolcon.colcon_core.package_identification[0m [1;30mLevel 1[0m _identify(src/manager) by extension 'colcon_pkg'
[0.883s] [34mcolcon.colcon_core.package_identification[0m [1;30mLevel 1[0m _identify(src/manager) by extensions ['colcon_meta']
[0.883s] [34mcolcon.colcon_core.package_identification[0m [1;30mLevel 1[0m _identify(src/manager) by extension 'colcon_meta'
[0.883s] [34mcolcon.colcon_core.package_identification[0m [1;30mLevel 1[0m _identify(src/manager) by extensions ['ros']
[0.883s] [34mcolcon.colcon_core.package_identification[0m [1;30mLevel 1[0m _identify(src/manager) by extension 'ros'
[0.884s] [34mcolcon.colcon_core.package_identification[0m [1;30mDEBUG[0m [32mPackage 'src/manager' with type 'ros.ament_python' and name 'manager'[0m
[0.884s] [34mcolcon.colcon_core.package_identification[0m [1;30mLevel 1[0m _identify(src/myinterfaces) by extensions ['ignore', 'ignore_ament_install']
[0.884s] [34mcolcon.colcon_core.package_identification[0m [1;30mLevel 1[0m _identify(src/myinterfaces) by extension 'ignore'
[0.884s] [34mcolcon.colcon_core.package_identification[0m [1;30mLevel 1[0m _identify(src/myinterfaces) by extension 'ignore_ament_install'
[0.884s] [34mcolcon.colcon_core.package_identification[0m [1;30mLevel 1[0m _identify(src/myinterfaces) by extensions ['colcon_pkg']
[0.884s] [34mcolcon.colcon_core.package_identification[0m [1;30mLevel 1[0m _identify(src/myinterfaces) by extension 'colcon_pkg'
[0.884s] [34mcolcon.colcon_core.package_identification[0m [1;30mLevel 1[0m _identify(src/myinterfaces) by extensions ['colcon_meta']
[0.884s] [34mcolcon.colcon_core.package_identification[0m [1;30mLevel 1[0m _identify(src/myinterfaces) by extension 'colcon_meta'
[0.884s] [34mcolcon.colcon_core.package_identification[0m [1;30mLevel 1[0m _identify(src/myinterfaces) by extensions ['ros']
[0.884s] [34mcolcon.colcon_core.package_identification[0m [1;30mLevel 1[0m _identify(src/myinterfaces) by extension 'ros'
[0.887s] [34mcolcon.colcon_core.package_identification[0m [1;30mDEBUG[0m [32mPackage 'src/myinterfaces' with type 'ros.ament_cmake' and name 'myinterfaces'[0m
[0.887s] [34mcolcon.colcon_core.package_identification[0m [1;30mLevel 1[0m _identify(src/startup) by extensions ['ignore', 'ignore_ament_install']
[0.889s] [34mcolcon.colcon_core.package_identification[0m [1;30mLevel 1[0m _identify(src/startup) by extension 'ignore'
[0.889s] [34mcolcon.colcon_core.package_identification[0m [1;30mLevel 1[0m _identify(src/startup) by extension 'ignore_ament_install'
[0.889s] [34mcolcon.colcon_core.package_identification[0m [1;30mLevel 1[0m _identify(src/startup) by extensions ['colcon_pkg']
[0.890s] [34mcolcon.colcon_core.package_identification[0m [1;30mLevel 1[0m _identify(src/startup) by extension 'colcon_pkg'
[0.890s] [34mcolcon.colcon_core.package_identification[0m [1;30mLevel 1[0m _identify(src/startup) by extensions ['colcon_meta']
[0.890s] [34mcolcon.colcon_core.package_identification[0m [1;30mLevel 1[0m _identify(src/startup) by extension 'colcon_meta'
[0.890s] [34mcolcon.colcon_core.package_identification[0m [1;30mLevel 1[0m _identify(src/startup) by extensions ['ros']
[0.890s] [34mcolcon.colcon_core.package_identification[0m [1;30mLevel 1[0m _identify(src/startup) by extension 'ros'
[0.891s] [34mcolcon.colcon_core.package_identification[0m [1;30mDEBUG[0m [32mPackage 'src/startup' with type 'ros.ament_cmake' and name 'startup'[0m
[0.892s] [34mcolcon.colcon_core.package_identification[0m [1;30mLevel 1[0m _identify(src/test_listen) by extensions ['ignore', 'ignore_ament_install']
[0.892s] [34mcolcon.colcon_core.package_identification[0m [1;30mLevel 1[0m _identify(src/test_listen) by extension 'ignore'
[0.892s] [34mcolcon.colcon_core.package_identification[0m [1;30mLevel 1[0m _identify(src/test_listen) by extension 'ignore_ament_install'
[0.892s] [34mcolcon.colcon_core.package_identification[0m [1;30mLevel 1[0m _identify(src/test_listen) by extensions ['colcon_pkg']
[0.892s] [34mcolcon.colcon_core.package_identification[0m [1;30mLevel 1[0m _identify(src/test_listen) by extension 'colcon_pkg'
[0.892s] [34mcolcon.colcon_core.package_identification[0m [1;30mLevel 1[0m _identify(src/test_listen) by extensions ['colcon_meta']
[0.892s] [34mcolcon.colcon_core.package_identification[0m [1;30mLevel 1[0m _identify(src/test_listen) by extension 'colcon_meta'
[0.892s] [34mcolcon.colcon_core.package_identification[0m [1;30mLevel 1[0m _identify(src/test_listen) by extensions ['ros']
[0.892s] [34mcolcon.colcon_core.package_identification[0m [1;30mLevel 1[0m _identify(src/test_listen) by extension 'ros'
[0.895s] [34mcolcon.colcon_core.package_identification[0m [1;30mDEBUG[0m [32mPackage 'src/test_listen' with type 'ros.ament_python' and name 'test_listen'[0m
[0.896s] [34mcolcon.colcon_core.package_identification[0m [1;30mLevel 1[0m _identify(weights) by extensions ['ignore', 'ignore_ament_install']
[0.896s] [34mcolcon.colcon_core.package_identification[0m [1;30mLevel 1[0m _identify(weights) by extension 'ignore'
[0.896s] [34mcolcon.colcon_core.package_identification[0m [1;30mLevel 1[0m _identify(weights) by extension 'ignore_ament_install'
[0.896s] [34mcolcon.colcon_core.package_identification[0m [1;30mLevel 1[0m _identify(weights) by extensions ['colcon_pkg']
[0.896s] [34mcolcon.colcon_core.package_identification[0m [1;30mLevel 1[0m _identify(weights) by extension 'colcon_pkg'
[0.896s] [34mcolcon.colcon_core.package_identification[0m [1;30mLevel 1[0m _identify(weights) by extensions ['colcon_meta']
[0.896s] [34mcolcon.colcon_core.package_identification[0m [1;30mLevel 1[0m _identify(weights) by extension 'colcon_meta'
[0.896s] [34mcolcon.colcon_core.package_identification[0m [1;30mLevel 1[0m _identify(weights) by extensions ['ros']
[0.896s] [34mcolcon.colcon_core.package_identification[0m [1;30mLevel 1[0m _identify(weights) by extension 'ros'
[0.896s] [34mcolcon.colcon_core.package_identification[0m [1;30mLevel 1[0m _identify(weights) by extensions ['cmake', 'python']
[0.896s] [34mcolcon.colcon_core.package_identification[0m [1;30mLevel 1[0m _identify(weights) by extension 'cmake'
[0.896s] [34mcolcon.colcon_core.package_identification[0m [1;30mLevel 1[0m _identify(weights) by extension 'python'
[0.896s] [34mcolcon.colcon_core.package_identification[0m [1;30mLevel 1[0m _identify(weights) by extensions ['python_setup_py']
[0.896s] [34mcolcon.colcon_core.package_identification[0m [1;30mLevel 1[0m _identify(weights) by extension 'python_setup_py'
[0.896s] [34mcolcon.colcon_core.package_discovery[0m [1;30mLevel 1[0m discover_packages(recursive) using defaults
[0.896s] [34mcolcon.colcon_core.package_discovery[0m [1;30mLevel 1[0m discover_packages(ignore) discover
[0.896s] [34mcolcon.colcon_core.package_discovery[0m [1;30mLevel 1[0m discover_packages(ignore) using defaults
[0.897s] [34mcolcon.colcon_core.package_discovery[0m [1;30mLevel 1[0m discover_packages(path) discover
[0.897s] [34mcolcon.colcon_core.package_discovery[0m [1;30mLevel 1[0m discover_packages(path) using defaults
[0.965s] [34mcolcon.colcon_core.package_selection[0m [1;30mINFO[0m Skipping not selected package 'apriltag_ros' in 'src/apriltag_ros'
[0.965s] [34mcolcon.colcon_core.package_selection[0m [1;30mINFO[0m Skipping not selected package 'data' in 'src/data'
[0.965s] [34mcolcon.colcon_core.package_selection[0m [1;30mINFO[0m Skipping not selected package 'image' in 'src/image'
[0.965s] [34mcolcon.colcon_core.package_selection[0m [1;30mINFO[0m Skipping not selected package 'manager' in 'src/manager'
[0.965s] [34mcolcon.colcon_core.package_selection[0m [1;30mINFO[0m Skipping not selected package 'myinterfaces' in 'src/myinterfaces'
[0.965s] [34mcolcon.colcon_core.package_selection[0m [1;30mINFO[0m Skipping not selected package 'startup' in 'src/startup'
[0.965s] [34mcolcon.colcon_core.package_selection[0m [1;30mINFO[0m Skipping not selected package 'test_listen' in 'src/test_listen'
[0.965s] [34mcolcon.colcon_core.package_selection[0m [1;30mINFO[0m Skipping not selected package 'human' in 'src/human'
[0.969s] [34mcolcon.colcon_core.package_discovery[0m [1;30mLevel 1[0m discover_packages(prefix_path) check parameters
[0.969s] [34mcolcon.colcon_core.package_discovery[0m [1;30mLevel 1[0m discover_packages(prefix_path) discover
[0.978s] [34mcolcon.colcon_installed_package_information.package_discovery[0m [1;30mDEBUG[0m [32mFound 9 installed packages in /home/robot/robot_controller_release/ros2_packages[0m
[0.980s] [34mcolcon.colcon_installed_package_information.package_discovery[0m [1;30mDEBUG[0m [32mFound 368 installed packages in /opt/ros/humble[0m
[0.990s] [34mcolcon.colcon_core.package_discovery[0m [1;30mLevel 1[0m discover_packages(prefix_path) using defaults
[1.091s] [34mcolcon.colcon_core.verb[0m [1;30mLevel 5[0m set package 'follow' build argument 'cmake_args' from command line to 'None'
[1.091s] [34mcolcon.colcon_core.verb[0m [1;30mLevel 5[0m set package 'follow' build argument 'cmake_target' from command line to 'None'
[1.091s] [34mcolcon.colcon_core.verb[0m [1;30mLevel 5[0m set package 'follow' build argument 'cmake_target_skip_unavailable' from command line to 'False'
[1.091s] [34mcolcon.colcon_core.verb[0m [1;30mLevel 5[0m set package 'follow' build argument 'cmake_clean_cache' from command line to 'False'
[1.092s] [34mcolcon.colcon_core.verb[0m [1;30mLevel 5[0m set package 'follow' build argument 'cmake_clean_first' from command line to 'False'
[1.092s] [34mcolcon.colcon_core.verb[0m [1;30mLevel 5[0m set package 'follow' build argument 'cmake_force_configure' from command line to 'False'
[1.092s] [34mcolcon.colcon_core.verb[0m [1;30mLevel 5[0m set package 'follow' build argument 'ament_cmake_args' from command line to 'None'
[1.092s] [34mcolcon.colcon_core.verb[0m [1;30mLevel 5[0m set package 'follow' build argument 'catkin_cmake_args' from command line to 'None'
[1.092s] [34mcolcon.colcon_core.verb[0m [1;30mLevel 5[0m set package 'follow' build argument 'catkin_skip_building_tests' from command line to 'False'
[1.092s] [34mcolcon.colcon_core.verb[0m [1;30mDEBUG[0m [32mBuilding package 'follow' with the following arguments: {'ament_cmake_args': None, 'build_base': '/home/robot/human_ws/build/follow', 'catkin_cmake_args': None, 'catkin_skip_building_tests': False, 'cmake_args': None, 'cmake_clean_cache': False, 'cmake_clean_first': False, 'cmake_force_configure': False, 'cmake_target': None, 'cmake_target_skip_unavailable': False, 'install_base': '/home/robot/human_ws/install/follow', 'merge_install': False, 'path': '/home/robot/human_ws/src/follow', 'symlink_install': False, 'test_result_base': None}[0m
[1.092s] [34mcolcon.colcon_core.executor[0m [1;30mINFO[0m Executing jobs using 'parallel' executor
[1.095s] [34mcolcon.colcon_parallel_executor.executor.parallel[0m [1;30mDEBUG[0m [32mrun_until_complete[0m
[1.096s] [34mcolcon.colcon_ros.task.ament_python.build[0m [1;30mINFO[0m Building ROS package in '/home/robot/human_ws/src/follow' with build type 'ament_python'
[1.097s] [34mcolcon.colcon_core.shell[0m [1;30mLevel 1[0m create_environment_hook('follow', 'ament_prefix_path')
[1.104s] [34mcolcon.colcon_core.plugin_system[0m [1;30mINFO[0m Skipping extension 'colcon_core.shell.bat': Not used on non-Windows systems
[1.104s] [34mcolcon.colcon_core.shell[0m [1;30mINFO[0m Creating environment hook '/home/robot/human_ws/install/follow/share/follow/hook/ament_prefix_path.ps1'
[1.112s] [34mcolcon.colcon_core.shell[0m [1;30mINFO[0m Creating environment descriptor '/home/robot/human_ws/install/follow/share/follow/hook/ament_prefix_path.dsv'
[1.121s] [34mcolcon.colcon_core.shell[0m [1;30mINFO[0m Creating environment hook '/home/robot/human_ws/install/follow/share/follow/hook/ament_prefix_path.sh'
[1.123s] [34mcolcon.colcon_core.shell[0m [1;30mINFO[0m Skip shell extension 'powershell' for command environment: Not usable outside of PowerShell
[1.123s] [34mcolcon.colcon_core.shell[0m [1;30mDEBUG[0m [32mSkip shell extension 'dsv' for command environment[0m
[1.812s] [34mcolcon.colcon_core.task.python.build[0m [1;30mINFO[0m Building Python package in '/home/robot/human_ws/src/follow'
[1.813s] [34mcolcon.colcon_core.shell[0m [1;30mINFO[0m Skip shell extension 'powershell' for command environment: Not usable outside of PowerShell
[1.813s] [34mcolcon.colcon_core.shell[0m [1;30mDEBUG[0m [32mSkip shell extension 'dsv' for command environment[0m
[3.400s] [34mcolcon.colcon_core.event_handler.log_command[0m [1;30mDEBUG[0m [32mInvoking command in '/home/robot/human_ws/src/follow': PYTHONPATH=/home/robot/human_ws/build/follow/prefix_override:/usr/lib/python3/dist-packages/colcon_core/task/python/colcon_distutils_commands:/home/robot/human_ws/install/follow/lib/python3.10/site-packages:${PYTHONPATH} /usr/bin/python3 -W ignore:setup.py install is deprecated setup.py egg_info --egg-base ../../build/follow build --build-base /home/robot/human_ws/build/follow/build install --record /home/robot/human_ws/build/follow/install.log --single-version-externally-managed install_data[0m
[4.200s] [34mcolcon.colcon_core.event_handler.log_command[0m [1;30mDEBUG[0m [32mInvoked command in '/home/robot/human_ws/src/follow' returned '0': PYTHONPATH=/home/robot/human_ws/build/follow/prefix_override:/usr/lib/python3/dist-packages/colcon_core/task/python/colcon_distutils_commands:/home/robot/human_ws/install/follow/lib/python3.10/site-packages:${PYTHONPATH} /usr/bin/python3 -W ignore:setup.py install is deprecated setup.py egg_info --egg-base ../../build/follow build --build-base /home/robot/human_ws/build/follow/build install --record /home/robot/human_ws/build/follow/install.log --single-version-externally-managed install_data[0m
[4.211s] [34mcolcon.colcon_core.environment[0m [1;30mLevel 1[0m checking '/home/robot/human_ws/install/follow' for CMake module files
[4.211s] [34mcolcon.colcon_core.environment[0m [1;30mLevel 1[0m checking '/home/robot/human_ws/install/follow' for CMake config files
[4.214s] [34mcolcon.colcon_core.environment[0m [1;30mLevel 1[0m checking '/home/robot/human_ws/install/follow/lib'
[4.214s] [34mcolcon.colcon_core.environment[0m [1;30mLevel 1[0m checking '/home/robot/human_ws/install/follow/bin'
[4.214s] [34mcolcon.colcon_core.environment[0m [1;30mLevel 1[0m checking '/home/robot/human_ws/install/follow/lib/pkgconfig/follow.pc'
[4.214s] [34mcolcon.colcon_core.environment[0m [1;30mLevel 1[0m checking '/home/robot/human_ws/install/follow/lib/python3.10/site-packages'
[4.214s] [34mcolcon.colcon_core.shell[0m [1;30mLevel 1[0m create_environment_hook('follow', 'pythonpath')
[4.215s] [34mcolcon.colcon_core.shell[0m [1;30mINFO[0m Creating environment hook '/home/robot/human_ws/install/follow/share/follow/hook/pythonpath.ps1'
[4.218s] [34mcolcon.colcon_core.shell[0m [1;30mINFO[0m Creating environment descriptor '/home/robot/human_ws/install/follow/share/follow/hook/pythonpath.dsv'
[4.218s] [34mcolcon.colcon_core.shell[0m [1;30mINFO[0m Creating environment hook '/home/robot/human_ws/install/follow/share/follow/hook/pythonpath.sh'
[4.219s] [34mcolcon.colcon_core.environment[0m [1;30mLevel 1[0m checking '/home/robot/human_ws/install/follow/bin'
[4.219s] [34mcolcon.colcon_core.environment[0m [1;30mLevel 1[0m create_environment_scripts_only(follow)
[4.219s] [34mcolcon.colcon_core.shell[0m [1;30mINFO[0m Creating package script '/home/robot/human_ws/install/follow/share/follow/package.ps1'
[4.223s] [34mcolcon.colcon_core.shell[0m [1;30mINFO[0m Creating package descriptor '/home/robot/human_ws/install/follow/share/follow/package.dsv'
[4.225s] [34mcolcon.colcon_core.shell[0m [1;30mINFO[0m Creating package script '/home/robot/human_ws/install/follow/share/follow/package.sh'
[4.231s] [34mcolcon.colcon_core.shell[0m [1;30mINFO[0m Creating package script '/home/robot/human_ws/install/follow/share/follow/package.bash'
[4.233s] [34mcolcon.colcon_core.shell[0m [1;30mINFO[0m Creating package script '/home/robot/human_ws/install/follow/share/follow/package.zsh'
[4.235s] [34mcolcon.colcon_core.environment[0m [1;30mLevel 1[0m create_file_with_runtime_dependencies(/home/robot/human_ws/install/follow/share/colcon-core/packages/follow)
[4.238s] [34mcolcon.colcon_parallel_executor.executor.parallel[0m [1;30mDEBUG[0m [32mclosing loop[0m
[4.239s] [34mcolcon.colcon_parallel_executor.executor.parallel[0m [1;30mDEBUG[0m [32mloop closed[0m
[4.240s] [34mcolcon.colcon_parallel_executor.executor.parallel[0m [1;30mDEBUG[0m [32mrun_until_complete finished with '0'[0m
[4.240s] [34mcolcon.colcon_core.event_reactor[0m [1;30mDEBUG[0m [32mjoining thread[0m
[4.269s] [34mcolcon.colcon_core.plugin_system[0m [1;30mINFO[0m Skipping extension 'colcon_notification.desktop_notification.terminal_notifier': Not used on non-Darwin systems
[4.269s] [34mcolcon.colcon_core.plugin_system[0m [1;30mINFO[0m Skipping extension 'colcon_notification.desktop_notification.win32': Not used on non-Windows systems
[4.269s] [34mcolcon.colcon_notification.desktop_notification[0m [1;30mINFO[0m Sending desktop notification using 'notify2'
[4.339s] [34mcolcon.colcon_core.event_reactor[0m [1;30mDEBUG[0m [32mjoined thread[0m
[4.344s] [34mcolcon.colcon_core.shell[0m [1;30mINFO[0m Creating prefix script '/home/robot/human_ws/install/local_setup.ps1'
[4.349s] [34mcolcon.colcon_core.shell[0m [1;30mINFO[0m Creating prefix util module '/home/robot/human_ws/install/_local_setup_util_ps1.py'
[4.354s] [34mcolcon.colcon_core.shell[0m [1;30mINFO[0m Creating prefix chain script '/home/robot/human_ws/install/setup.ps1'
[4.358s] [34mcolcon.colcon_core.shell[0m [1;30mINFO[0m Creating prefix script '/home/robot/human_ws/install/local_setup.sh'
[4.363s] [34mcolcon.colcon_core.shell[0m [1;30mINFO[0m Creating prefix util module '/home/robot/human_ws/install/_local_setup_util_sh.py'
[4.365s] [34mcolcon.colcon_core.shell[0m [1;30mINFO[0m Creating prefix chain script '/home/robot/human_ws/install/setup.sh'
[4.368s] [34mcolcon.colcon_core.shell[0m [1;30mINFO[0m Creating prefix script '/home/robot/human_ws/install/local_setup.bash'
[4.370s] [34mcolcon.colcon_core.shell[0m [1;30mINFO[0m Creating prefix chain script '/home/robot/human_ws/install/setup.bash'
[4.375s] [34mcolcon.colcon_core.shell[0m [1;30mINFO[0m Creating prefix script '/home/robot/human_ws/install/local_setup.zsh'
[4.380s] [34mcolcon.colcon_core.shell[0m [1;30mINFO[0m Creating prefix chain script '/home/robot/human_ws/install/setup.zsh'
