[0.038s] Invoking command in '/home/robot/human_ws/build/myinterfaces': CMAKE_PREFIX_PATH=${CMAKE_PREFIX_PATH}:/opt/ros/humble /usr/bin/cmake --build /home/robot/human_ws/build/myinterfaces -- -j16 -l16
[0.260s] [  2%] Built target myinterfaces__cpp
[0.310s] [  2%] Built target ament_cmake_python_copy_myinterfaces
[0.322s] [ 12%] Built target myinterfaces__rosidl_generator_c
[0.359s] [ 23%] Built target myinterfaces__rosidl_typesupport_cpp
[0.367s] [ 33%] Built target myinterfaces__rosidl_typesupport_introspection_cpp
[0.420s] [ 43%] Built target myinterfaces__rosidl_typesupport_introspection_c
[0.443s] [ 53%] Built target myinterfaces__rosidl_typesupport_c
[0.497s] [ 64%] Built target myinterfaces__rosidl_typesupport_fastrtps_c
[0.509s] [ 74%] Built target myinterfaces__rosidl_typesupport_fastrtps_cpp
[0.555s] [ 74%] Built target myinterfaces
[0.606s] [ 76%] Built target myinterfaces__py
[0.671s] [ 84%] Built target myinterfaces__rosidl_generator_py
[0.700s] [ 89%] Built target myinterfaces__rosidl_typesupport_fastrtps_c__pyext
[0.702s] [ 94%] Built target myinterfaces__rosidl_typesupport_introspection_c__pyext
[0.736s] [100%] Built target myinterfaces__rosidl_typesupport_c__pyext
[0.851s] running egg_info
[0.852s] writing myinterfaces.egg-info/PKG-INFO
[0.853s] writing dependency_links to myinterfaces.egg-info/dependency_links.txt
[0.853s] writing top-level names to myinterfaces.egg-info/top_level.txt
[0.861s] reading manifest file 'myinterfaces.egg-info/SOURCES.txt'
[0.863s] writing manifest file 'myinterfaces.egg-info/SOURCES.txt'
[0.926s] [100%] Built target ament_cmake_python_build_myinterfaces_egg
[0.964s] Invoked command in '/home/robot/human_ws/build/myinterfaces' returned '0': CMAKE_PREFIX_PATH=${CMAKE_PREFIX_PATH}:/opt/ros/humble /usr/bin/cmake --build /home/robot/human_ws/build/myinterfaces -- -j16 -l16
[1.112s] Invoking command in '/home/robot/human_ws/build/myinterfaces': CMAKE_PREFIX_PATH=${CMAKE_PREFIX_PATH}:/opt/ros/humble /usr/bin/cmake --install /home/robot/human_ws/build/myinterfaces
[1.123s] -- Install configuration: ""
[1.128s] -- Up-to-date: /home/robot/human_ws/install/myinterfaces/share/ament_index/resource_index/rosidl_interfaces/myinterfaces
[1.129s] -- Up-to-date: /home/robot/human_ws/install/myinterfaces/include/myinterfaces/myinterfaces
[1.129s] -- Up-to-date: /home/robot/human_ws/install/myinterfaces/include/myinterfaces/myinterfaces/srv
[1.129s] -- Up-to-date: /home/robot/human_ws/install/myinterfaces/include/myinterfaces/myinterfaces/srv/detail
[1.129s] -- Up-to-date: /home/robot/human_ws/install/myinterfaces/include/myinterfaces/myinterfaces/srv/detail/humancoordinatespcd__functions.c
[1.129s] -- Up-to-date: /home/robot/human_ws/install/myinterfaces/include/myinterfaces/myinterfaces/srv/detail/humancoordinatespcd__struct.h
[1.129s] -- Up-to-date: /home/robot/human_ws/install/myinterfaces/include/myinterfaces/myinterfaces/srv/detail/humancoordinates__functions.h
[1.129s] -- Up-to-date: /home/robot/human_ws/install/myinterfaces/include/myinterfaces/myinterfaces/srv/detail/humancoordinates__functions.c
[1.129s] -- Up-to-date: /home/robot/human_ws/install/myinterfaces/include/myinterfaces/myinterfaces/srv/detail/humancoordinatespcd__type_support.h
[1.129s] -- Up-to-date: /home/robot/human_ws/install/myinterfaces/include/myinterfaces/myinterfaces/srv/detail/humancoordinates__struct.h
[1.129s] -- Up-to-date: /home/robot/human_ws/install/myinterfaces/include/myinterfaces/myinterfaces/srv/detail/humancoordinates__type_support.h
[1.129s] -- Up-to-date: /home/robot/human_ws/install/myinterfaces/include/myinterfaces/myinterfaces/srv/detail/humancoordinatespcd__functions.h
[1.129s] -- Up-to-date: /home/robot/human_ws/install/myinterfaces/include/myinterfaces/myinterfaces/srv/humancoordinates.h
[1.129s] -- Up-to-date: /home/robot/human_ws/install/myinterfaces/include/myinterfaces/myinterfaces/srv/humancoordinatespcd.h
[1.129s] -- Up-to-date: /home/robot/human_ws/install/myinterfaces/include/myinterfaces/myinterfaces/msg
[1.129s] -- Up-to-date: /home/robot/human_ws/install/myinterfaces/include/myinterfaces/myinterfaces/msg/rosidl_generator_c__visibility_control.h
[1.129s] -- Up-to-date: /home/robot/human_ws/install/myinterfaces/share/myinterfaces/environment/library_path.sh
[1.129s] -- Up-to-date: /home/robot/human_ws/install/myinterfaces/share/myinterfaces/environment/library_path.dsv
[1.130s] -- Up-to-date: /home/robot/human_ws/install/myinterfaces/lib/libmyinterfaces__rosidl_generator_c.so
[1.131s] -- Up-to-date: /home/robot/human_ws/install/myinterfaces/include/myinterfaces/myinterfaces
[1.131s] -- Up-to-date: /home/robot/human_ws/install/myinterfaces/include/myinterfaces/myinterfaces/srv
[1.131s] -- Up-to-date: /home/robot/human_ws/install/myinterfaces/include/myinterfaces/myinterfaces/srv/detail
[1.131s] -- Up-to-date: /home/robot/human_ws/install/myinterfaces/include/myinterfaces/myinterfaces/srv/detail/humancoordinates__rosidl_typesupport_fastrtps_c.h
[1.131s] -- Up-to-date: /home/robot/human_ws/install/myinterfaces/include/myinterfaces/myinterfaces/srv/detail/humancoordinatespcd__rosidl_typesupport_fastrtps_c.h
[1.131s] -- Up-to-date: /home/robot/human_ws/install/myinterfaces/include/myinterfaces/myinterfaces/msg
[1.131s] -- Up-to-date: /home/robot/human_ws/install/myinterfaces/include/myinterfaces/myinterfaces/msg/rosidl_typesupport_fastrtps_c__visibility_control.h
[1.131s] -- Up-to-date: /home/robot/human_ws/install/myinterfaces/lib/libmyinterfaces__rosidl_typesupport_fastrtps_c.so
[1.131s] -- Up-to-date: /home/robot/human_ws/install/myinterfaces/include/myinterfaces/myinterfaces
[1.131s] -- Up-to-date: /home/robot/human_ws/install/myinterfaces/include/myinterfaces/myinterfaces/srv
[1.131s] -- Up-to-date: /home/robot/human_ws/install/myinterfaces/include/myinterfaces/myinterfaces/srv/detail
[1.131s] -- Up-to-date: /home/robot/human_ws/install/myinterfaces/include/myinterfaces/myinterfaces/srv/detail/humancoordinates__rosidl_typesupport_introspection_c.h
[1.133s] -- Up-to-date: /home/robot/human_ws/install/myinterfaces/include/myinterfaces/myinterfaces/srv/detail/humancoordinatespcd__type_support.c
[1.133s] -- Up-to-date: /home/robot/human_ws/install/myinterfaces/include/myinterfaces/myinterfaces/srv/detail/humancoordinatespcd__rosidl_typesupport_introspection_c.h
[1.133s] -- Up-to-date: /home/robot/human_ws/install/myinterfaces/include/myinterfaces/myinterfaces/srv/detail/humancoordinates__type_support.c
[1.133s] -- Up-to-date: /home/robot/human_ws/install/myinterfaces/include/myinterfaces/myinterfaces/msg
[1.133s] -- Up-to-date: /home/robot/human_ws/install/myinterfaces/include/myinterfaces/myinterfaces/msg/rosidl_typesupport_introspection_c__visibility_control.h
[1.133s] -- Up-to-date: /home/robot/human_ws/install/myinterfaces/lib/libmyinterfaces__rosidl_typesupport_introspection_c.so
[1.134s] -- Up-to-date: /home/robot/human_ws/install/myinterfaces/lib/libmyinterfaces__rosidl_typesupport_c.so
[1.134s] -- Up-to-date: /home/robot/human_ws/install/myinterfaces/include/myinterfaces/myinterfaces
[1.134s] -- Up-to-date: /home/robot/human_ws/install/myinterfaces/include/myinterfaces/myinterfaces/srv
[1.134s] -- Up-to-date: /home/robot/human_ws/install/myinterfaces/include/myinterfaces/myinterfaces/srv/detail
[1.134s] -- Up-to-date: /home/robot/human_ws/install/myinterfaces/include/myinterfaces/myinterfaces/srv/detail/humancoordinates__builder.hpp
[1.134s] -- Up-to-date: /home/robot/human_ws/install/myinterfaces/include/myinterfaces/myinterfaces/srv/detail/humancoordinatespcd__builder.hpp
[1.134s] -- Up-to-date: /home/robot/human_ws/install/myinterfaces/include/myinterfaces/myinterfaces/srv/detail/humancoordinates__traits.hpp
[1.134s] -- Up-to-date: /home/robot/human_ws/install/myinterfaces/include/myinterfaces/myinterfaces/srv/detail/humancoordinatespcd__traits.hpp
[1.134s] -- Up-to-date: /home/robot/human_ws/install/myinterfaces/include/myinterfaces/myinterfaces/srv/detail/humancoordinates__struct.hpp
[1.134s] -- Up-to-date: /home/robot/human_ws/install/myinterfaces/include/myinterfaces/myinterfaces/srv/detail/humancoordinatespcd__struct.hpp
[1.134s] -- Up-to-date: /home/robot/human_ws/install/myinterfaces/include/myinterfaces/myinterfaces/srv/humancoordinatespcd.hpp
[1.134s] -- Up-to-date: /home/robot/human_ws/install/myinterfaces/include/myinterfaces/myinterfaces/srv/humancoordinates.hpp
[1.134s] -- Up-to-date: /home/robot/human_ws/install/myinterfaces/include/myinterfaces/myinterfaces
[1.134s] -- Up-to-date: /home/robot/human_ws/install/myinterfaces/include/myinterfaces/myinterfaces/srv
[1.135s] -- Up-to-date: /home/robot/human_ws/install/myinterfaces/include/myinterfaces/myinterfaces/srv/detail
[1.135s] -- Up-to-date: /home/robot/human_ws/install/myinterfaces/include/myinterfaces/myinterfaces/srv/detail/humancoordinates__rosidl_typesupport_fastrtps_cpp.hpp
[1.135s] -- Up-to-date: /home/robot/human_ws/install/myinterfaces/include/myinterfaces/myinterfaces/srv/detail/humancoordinatespcd__rosidl_typesupport_fastrtps_cpp.hpp
[1.136s] -- Up-to-date: /home/robot/human_ws/install/myinterfaces/include/myinterfaces/myinterfaces/srv/detail/dds_fastrtps
[1.136s] -- Up-to-date: /home/robot/human_ws/install/myinterfaces/include/myinterfaces/myinterfaces/msg
[1.136s] -- Up-to-date: /home/robot/human_ws/install/myinterfaces/include/myinterfaces/myinterfaces/msg/rosidl_typesupport_fastrtps_cpp__visibility_control.h
[1.136s] -- Up-to-date: /home/robot/human_ws/install/myinterfaces/lib/libmyinterfaces__rosidl_typesupport_fastrtps_cpp.so
[1.136s] -- Up-to-date: /home/robot/human_ws/install/myinterfaces/include/myinterfaces/myinterfaces
[1.136s] -- Up-to-date: /home/robot/human_ws/install/myinterfaces/include/myinterfaces/myinterfaces/srv
[1.137s] -- Up-to-date: /home/robot/human_ws/install/myinterfaces/include/myinterfaces/myinterfaces/srv/detail
[1.137s] -- Up-to-date: /home/robot/human_ws/install/myinterfaces/include/myinterfaces/myinterfaces/srv/detail/humancoordinatespcd__type_support.cpp
[1.137s] -- Up-to-date: /home/robot/human_ws/install/myinterfaces/include/myinterfaces/myinterfaces/srv/detail/humancoordinatespcd__rosidl_typesupport_introspection_cpp.hpp
[1.137s] -- Up-to-date: /home/robot/human_ws/install/myinterfaces/include/myinterfaces/myinterfaces/srv/detail/humancoordinates__type_support.cpp
[1.137s] -- Up-to-date: /home/robot/human_ws/install/myinterfaces/include/myinterfaces/myinterfaces/srv/detail/humancoordinates__rosidl_typesupport_introspection_cpp.hpp
[1.137s] -- Up-to-date: /home/robot/human_ws/install/myinterfaces/lib/libmyinterfaces__rosidl_typesupport_introspection_cpp.so
[1.137s] -- Up-to-date: /home/robot/human_ws/install/myinterfaces/lib/libmyinterfaces__rosidl_typesupport_cpp.so
[1.137s] -- Up-to-date: /home/robot/human_ws/install/myinterfaces/share/myinterfaces/environment/pythonpath.sh
[1.137s] -- Up-to-date: /home/robot/human_ws/install/myinterfaces/share/myinterfaces/environment/pythonpath.dsv
[1.137s] -- Up-to-date: /home/robot/human_ws/install/myinterfaces/local/lib/python3.10/dist-packages/myinterfaces-0.0.0-py3.10.egg-info
[1.137s] -- Installing: /home/robot/human_ws/install/myinterfaces/local/lib/python3.10/dist-packages/myinterfaces-0.0.0-py3.10.egg-info/PKG-INFO
[1.137s] -- Installing: /home/robot/human_ws/install/myinterfaces/local/lib/python3.10/dist-packages/myinterfaces-0.0.0-py3.10.egg-info/top_level.txt
[1.140s] -- Installing: /home/robot/human_ws/install/myinterfaces/local/lib/python3.10/dist-packages/myinterfaces-0.0.0-py3.10.egg-info/SOURCES.txt
[1.141s] -- Installing: /home/robot/human_ws/install/myinterfaces/local/lib/python3.10/dist-packages/myinterfaces-0.0.0-py3.10.egg-info/dependency_links.txt
[1.141s] -- Up-to-date: /home/robot/human_ws/install/myinterfaces/local/lib/python3.10/dist-packages/myinterfaces
[1.141s] -- Up-to-date: /home/robot/human_ws/install/myinterfaces/local/lib/python3.10/dist-packages/myinterfaces/myinterfaces_s__rosidl_typesupport_introspection_c.cpython-310-x86_64-linux-gnu.so
[1.141s] -- Up-to-date: /home/robot/human_ws/install/myinterfaces/local/lib/python3.10/dist-packages/myinterfaces/__init__.py
[1.141s] -- Up-to-date: /home/robot/human_ws/install/myinterfaces/local/lib/python3.10/dist-packages/myinterfaces/_myinterfaces_s.ep.rosidl_typesupport_c.c
[1.141s] -- Up-to-date: /home/robot/human_ws/install/myinterfaces/local/lib/python3.10/dist-packages/myinterfaces/_myinterfaces_s.ep.rosidl_typesupport_fastrtps_c.c
[1.141s] -- Up-to-date: /home/robot/human_ws/install/myinterfaces/local/lib/python3.10/dist-packages/myinterfaces/libmyinterfaces__rosidl_generator_py.so
[1.141s] -- Up-to-date: /home/robot/human_ws/install/myinterfaces/local/lib/python3.10/dist-packages/myinterfaces/srv
[1.141s] -- Up-to-date: /home/robot/human_ws/install/myinterfaces/local/lib/python3.10/dist-packages/myinterfaces/srv/_humancoordinatespcd.py
[1.141s] -- Up-to-date: /home/robot/human_ws/install/myinterfaces/local/lib/python3.10/dist-packages/myinterfaces/srv/__init__.py
[1.141s] -- Up-to-date: /home/robot/human_ws/install/myinterfaces/local/lib/python3.10/dist-packages/myinterfaces/srv/_humancoordinates.py
[1.141s] -- Up-to-date: /home/robot/human_ws/install/myinterfaces/local/lib/python3.10/dist-packages/myinterfaces/srv/_humancoordinatespcd_s.c
[1.141s] -- Up-to-date: /home/robot/human_ws/install/myinterfaces/local/lib/python3.10/dist-packages/myinterfaces/srv/_humancoordinates_s.c
[1.141s] -- Up-to-date: /home/robot/human_ws/install/myinterfaces/local/lib/python3.10/dist-packages/myinterfaces/_myinterfaces_s.ep.rosidl_typesupport_introspection_c.c
[1.141s] -- Up-to-date: /home/robot/human_ws/install/myinterfaces/local/lib/python3.10/dist-packages/myinterfaces/myinterfaces_s__rosidl_typesupport_c.cpython-310-x86_64-linux-gnu.so
[1.141s] -- Up-to-date: /home/robot/human_ws/install/myinterfaces/local/lib/python3.10/dist-packages/myinterfaces/myinterfaces_s__rosidl_typesupport_fastrtps_c.cpython-310-x86_64-linux-gnu.so
[1.194s] Listing '/home/robot/human_ws/install/myinterfaces/local/lib/python3.10/dist-packages/myinterfaces'...
[1.194s] Listing '/home/robot/human_ws/install/myinterfaces/local/lib/python3.10/dist-packages/myinterfaces/srv'...
[1.205s] -- Up-to-date: /home/robot/human_ws/install/myinterfaces/local/lib/python3.10/dist-packages/myinterfaces/myinterfaces_s__rosidl_typesupport_fastrtps_c.cpython-310-x86_64-linux-gnu.so
[1.206s] -- Up-to-date: /home/robot/human_ws/install/myinterfaces/local/lib/python3.10/dist-packages/myinterfaces/myinterfaces_s__rosidl_typesupport_introspection_c.cpython-310-x86_64-linux-gnu.so
[1.206s] -- Up-to-date: /home/robot/human_ws/install/myinterfaces/local/lib/python3.10/dist-packages/myinterfaces/myinterfaces_s__rosidl_typesupport_c.cpython-310-x86_64-linux-gnu.so
[1.206s] -- Up-to-date: /home/robot/human_ws/install/myinterfaces/lib/libmyinterfaces__rosidl_generator_py.so
[1.206s] -- Up-to-date: /home/robot/human_ws/install/myinterfaces/share/myinterfaces/srv/Humancoordinates.idl
[1.206s] -- Up-to-date: /home/robot/human_ws/install/myinterfaces/share/myinterfaces/srv/Humancoordinatespcd.idl
[1.207s] -- Up-to-date: /home/robot/human_ws/install/myinterfaces/share/myinterfaces/srv/Humancoordinates.srv
[1.207s] -- Up-to-date: /home/robot/human_ws/install/myinterfaces/share/myinterfaces/srv/Humancoordinates_Request.msg
[1.207s] -- Up-to-date: /home/robot/human_ws/install/myinterfaces/share/myinterfaces/srv/Humancoordinates_Response.msg
[1.207s] -- Up-to-date: /home/robot/human_ws/install/myinterfaces/share/myinterfaces/srv/Humancoordinatespcd.srv
[1.207s] -- Up-to-date: /home/robot/human_ws/install/myinterfaces/share/myinterfaces/srv/Humancoordinatespcd_Request.msg
[1.207s] -- Up-to-date: /home/robot/human_ws/install/myinterfaces/share/myinterfaces/srv/Humancoordinatespcd_Response.msg
[1.207s] -- Up-to-date: /home/robot/human_ws/install/myinterfaces/share/ament_index/resource_index/package_run_dependencies/myinterfaces
[1.207s] -- Up-to-date: /home/robot/human_ws/install/myinterfaces/share/ament_index/resource_index/parent_prefix_path/myinterfaces
[1.207s] -- Up-to-date: /home/robot/human_ws/install/myinterfaces/share/myinterfaces/environment/ament_prefix_path.sh
[1.208s] -- Up-to-date: /home/robot/human_ws/install/myinterfaces/share/myinterfaces/environment/ament_prefix_path.dsv
[1.208s] -- Up-to-date: /home/robot/human_ws/install/myinterfaces/share/myinterfaces/environment/path.sh
[1.208s] -- Up-to-date: /home/robot/human_ws/install/myinterfaces/share/myinterfaces/environment/path.dsv
[1.208s] -- Up-to-date: /home/robot/human_ws/install/myinterfaces/share/myinterfaces/local_setup.bash
[1.208s] -- Up-to-date: /home/robot/human_ws/install/myinterfaces/share/myinterfaces/local_setup.sh
[1.208s] -- Up-to-date: /home/robot/human_ws/install/myinterfaces/share/myinterfaces/local_setup.zsh
[1.208s] -- Up-to-date: /home/robot/human_ws/install/myinterfaces/share/myinterfaces/local_setup.dsv
[1.208s] -- Installing: /home/robot/human_ws/install/myinterfaces/share/myinterfaces/package.dsv
[1.208s] -- Up-to-date: /home/robot/human_ws/install/myinterfaces/share/ament_index/resource_index/packages/myinterfaces
[1.208s] -- Up-to-date: /home/robot/human_ws/install/myinterfaces/share/myinterfaces/cmake/export_myinterfaces__rosidl_generator_cExport.cmake
[1.209s] -- Up-to-date: /home/robot/human_ws/install/myinterfaces/share/myinterfaces/cmake/export_myinterfaces__rosidl_generator_cExport-noconfig.cmake
[1.209s] -- Up-to-date: /home/robot/human_ws/install/myinterfaces/share/myinterfaces/cmake/export_myinterfaces__rosidl_typesupport_fastrtps_cExport.cmake
[1.209s] -- Up-to-date: /home/robot/human_ws/install/myinterfaces/share/myinterfaces/cmake/export_myinterfaces__rosidl_typesupport_fastrtps_cExport-noconfig.cmake
[1.209s] -- Up-to-date: /home/robot/human_ws/install/myinterfaces/share/myinterfaces/cmake/myinterfaces__rosidl_typesupport_introspection_cExport.cmake
[1.209s] -- Up-to-date: /home/robot/human_ws/install/myinterfaces/share/myinterfaces/cmake/myinterfaces__rosidl_typesupport_introspection_cExport-noconfig.cmake
[1.214s] -- Up-to-date: /home/robot/human_ws/install/myinterfaces/share/myinterfaces/cmake/myinterfaces__rosidl_typesupport_cExport.cmake
[1.214s] -- Up-to-date: /home/robot/human_ws/install/myinterfaces/share/myinterfaces/cmake/myinterfaces__rosidl_typesupport_cExport-noconfig.cmake
[1.214s] -- Up-to-date: /home/robot/human_ws/install/myinterfaces/share/myinterfaces/cmake/export_myinterfaces__rosidl_generator_cppExport.cmake
[1.214s] -- Up-to-date: /home/robot/human_ws/install/myinterfaces/share/myinterfaces/cmake/export_myinterfaces__rosidl_typesupport_fastrtps_cppExport.cmake
[1.214s] -- Up-to-date: /home/robot/human_ws/install/myinterfaces/share/myinterfaces/cmake/export_myinterfaces__rosidl_typesupport_fastrtps_cppExport-noconfig.cmake
[1.215s] -- Up-to-date: /home/robot/human_ws/install/myinterfaces/share/myinterfaces/cmake/myinterfaces__rosidl_typesupport_introspection_cppExport.cmake
[1.215s] -- Up-to-date: /home/robot/human_ws/install/myinterfaces/share/myinterfaces/cmake/myinterfaces__rosidl_typesupport_introspection_cppExport-noconfig.cmake
[1.215s] -- Up-to-date: /home/robot/human_ws/install/myinterfaces/share/myinterfaces/cmake/myinterfaces__rosidl_typesupport_cppExport.cmake
[1.215s] -- Up-to-date: /home/robot/human_ws/install/myinterfaces/share/myinterfaces/cmake/myinterfaces__rosidl_typesupport_cppExport-noconfig.cmake
[1.215s] -- Up-to-date: /home/robot/human_ws/install/myinterfaces/share/myinterfaces/cmake/export_myinterfaces__rosidl_generator_pyExport.cmake
[1.215s] -- Up-to-date: /home/robot/human_ws/install/myinterfaces/share/myinterfaces/cmake/export_myinterfaces__rosidl_generator_pyExport-noconfig.cmake
[1.215s] -- Up-to-date: /home/robot/human_ws/install/myinterfaces/share/myinterfaces/cmake/rosidl_cmake-extras.cmake
[1.216s] -- Up-to-date: /home/robot/human_ws/install/myinterfaces/share/myinterfaces/cmake/ament_cmake_export_dependencies-extras.cmake
[1.216s] -- Up-to-date: /home/robot/human_ws/install/myinterfaces/share/myinterfaces/cmake/ament_cmake_export_include_directories-extras.cmake
[1.216s] -- Up-to-date: /home/robot/human_ws/install/myinterfaces/share/myinterfaces/cmake/ament_cmake_export_libraries-extras.cmake
[1.216s] -- Up-to-date: /home/robot/human_ws/install/myinterfaces/share/myinterfaces/cmake/ament_cmake_export_targets-extras.cmake
[1.216s] -- Up-to-date: /home/robot/human_ws/install/myinterfaces/share/myinterfaces/cmake/rosidl_cmake_export_typesupport_targets-extras.cmake
[1.216s] -- Up-to-date: /home/robot/human_ws/install/myinterfaces/share/myinterfaces/cmake/rosidl_cmake_export_typesupport_libraries-extras.cmake
[1.216s] -- Up-to-date: /home/robot/human_ws/install/myinterfaces/share/myinterfaces/cmake/myinterfacesConfig.cmake
[1.216s] -- Up-to-date: /home/robot/human_ws/install/myinterfaces/share/myinterfaces/cmake/myinterfacesConfig-version.cmake
[1.216s] -- Up-to-date: /home/robot/human_ws/install/myinterfaces/share/myinterfaces/package.xml
[1.223s] Invoked command in '/home/robot/human_ws/build/myinterfaces' returned '0': CMAKE_PREFIX_PATH=${CMAKE_PREFIX_PATH}:/opt/ros/humble /usr/bin/cmake --install /home/robot/human_ws/build/myinterfaces
