[1.648s] Invoking command in '/home/robot/human_ws/src/human': AMENT_PREFIX_PATH=/home/robot/human_ws/install/myinterfaces:${AMENT_PREFIX_PATH} CMAKE_PREFIX_PATH=/home/robot/human_ws/install/myinterfaces:${CMAKE_PREFIX_PATH} LD_LIBRARY_PATH=/home/robot/human_ws/install/myinterfaces/lib:${LD_LIBRARY_PATH} PYTHONPATH=/home/robot/human_ws/build/human/prefix_override:/usr/lib/python3/dist-packages/colcon_core/task/python/colcon_distutils_commands:/home/robot/human_ws/install/human/lib/python3.10/site-packages:/home/robot/human_ws/install/myinterfaces/local/lib/python3.10/dist-packages:${PYTHONPATH} /usr/bin/python3 -W ignore:setup.py install is deprecated setup.py egg_info --egg-base ../../build/human build --build-base /home/robot/human_ws/build/human/build install --record /home/robot/human_ws/build/human/install.log --single-version-externally-managed install_data
[2.137s] running egg_info
[2.138s] writing ../../build/human/human.egg-info/PKG-INFO
[2.139s] writing dependency_links to ../../build/human/human.egg-info/dependency_links.txt
[2.139s] writing entry points to ../../build/human/human.egg-info/entry_points.txt
[2.139s] writing requirements to ../../build/human/human.egg-info/requires.txt
[2.139s] writing top-level names to ../../build/human/human.egg-info/top_level.txt
[2.145s] reading manifest file '../../build/human/human.egg-info/SOURCES.txt'
[2.147s] writing manifest file '../../build/human/human.egg-info/SOURCES.txt'
[2.148s] running build
[2.148s] running build_py
[2.148s] copying human/human_client.py -> /home/robot/human_ws/build/human/build/lib/human
[2.153s] running install
[2.155s] running install_lib
[2.157s] copying /home/robot/human_ws/build/human/build/lib/human/human_client.py -> /home/robot/human_ws/install/human/lib/python3.10/site-packages/human
[2.159s] byte-compiling /home/robot/human_ws/install/human/lib/python3.10/site-packages/human/human_client.py to human_client.cpython-310.pyc
[2.162s] running install_data
[2.162s] running install_egg_info
[2.166s] removing '/home/robot/human_ws/install/human/lib/python3.10/site-packages/human-0.0.0-py3.10.egg-info' (and everything under it)
[2.167s] Copying ../../build/human/human.egg-info to /home/robot/human_ws/install/human/lib/python3.10/site-packages/human-0.0.0-py3.10.egg-info
[2.170s] running install_scripts
[2.206s] Installing human_coordinate_client script to /home/robot/human_ws/install/human/lib/human
[2.207s] Installing human_coordinate_client_pcd script to /home/robot/human_ws/install/human/lib/human
[2.207s] Installing human_coordinate_server script to /home/robot/human_ws/install/human/lib/human
[2.207s] Installing human_coordinate_server_pcd script to /home/robot/human_ws/install/human/lib/human
[2.209s] writing list of installed files to '/home/robot/human_ws/build/human/install.log'
[2.269s] Invoked command in '/home/robot/human_ws/src/human' returned '0': AMENT_PREFIX_PATH=/home/robot/human_ws/install/myinterfaces:${AMENT_PREFIX_PATH} CMAKE_PREFIX_PATH=/home/robot/human_ws/install/myinterfaces:${CMAKE_PREFIX_PATH} LD_LIBRARY_PATH=/home/robot/human_ws/install/myinterfaces/lib:${LD_LIBRARY_PATH} PYTHONPATH=/home/robot/human_ws/build/human/prefix_override:/usr/lib/python3/dist-packages/colcon_core/task/python/colcon_distutils_commands:/home/robot/human_ws/install/human/lib/python3.10/site-packages:/home/robot/human_ws/install/myinterfaces/local/lib/python3.10/dist-packages:${PYTHONPATH} /usr/bin/python3 -W ignore:setup.py install is deprecated setup.py egg_info --egg-base ../../build/human build --build-base /home/robot/human_ws/build/human/build install --record /home/robot/human_ws/build/human/install.log --single-version-externally-managed install_data
