[0.662s] Invoking command in '/home/robot/human_ws/src/human': AMENT_PREFIX_PATH=/home/robot/human_ws/install/myinterfaces:${AMENT_PREFIX_PATH} CMAKE_PREFIX_PATH=/home/robot/human_ws/install/myinterfaces:${CMAKE_PREFIX_PATH} LD_LIBRARY_PATH=/home/robot/human_ws/install/myinterfaces/lib:${LD_LIBRARY_PATH} PYTHONPATH=/home/robot/human_ws/build/human/prefix_override:/usr/lib/python3/dist-packages/colcon_core/task/python/colcon_distutils_commands:/home/robot/human_ws/install/human/lib/python3.10/site-packages:/home/robot/human_ws/install/myinterfaces/local/lib/python3.10/dist-packages:${PYTHONPATH} /usr/bin/python3 -W ignore:setup.py install is deprecated setup.py egg_info --egg-base ../../build/human build --build-base /home/robot/human_ws/build/human/build install --record /home/robot/human_ws/build/human/install.log --single-version-externally-managed install_data
[0.871s] running egg_info
[0.871s] writing ../../build/human/human.egg-info/PKG-INFO
[0.871s] writing dependency_links to ../../build/human/human.egg-info/dependency_links.txt
[0.872s] writing entry points to ../../build/human/human.egg-info/entry_points.txt
[0.872s] writing requirements to ../../build/human/human.egg-info/requires.txt
[0.872s] writing top-level names to ../../build/human/human.egg-info/top_level.txt
[0.873s] reading manifest file '../../build/human/human.egg-info/SOURCES.txt'
[0.875s] writing manifest file '../../build/human/human.egg-info/SOURCES.txt'
[0.875s] running build
[0.875s] running build_py
[0.875s] copying human/coordinates_publisher.py -> /home/robot/human_ws/build/human/build/lib/human
[0.876s] running install
[0.877s] running install_lib
[0.877s] copying /home/robot/human_ws/build/human/build/lib/human/coordinates_publisher.py -> /home/robot/human_ws/install/human/lib/python3.10/site-packages/human
[0.878s] byte-compiling /home/robot/human_ws/install/human/lib/python3.10/site-packages/human/coordinates_publisher.py to coordinates_publisher.cpython-310.pyc
[0.880s] running install_data
[0.880s] running install_egg_info
[0.882s] removing '/home/robot/human_ws/install/human/lib/python3.10/site-packages/human-0.0.0-py3.10.egg-info' (and everything under it)
[0.882s] Copying ../../build/human/human.egg-info to /home/robot/human_ws/install/human/lib/python3.10/site-packages/human-0.0.0-py3.10.egg-info
[0.882s] running install_scripts
[0.895s] Installing coordinates_publisher script to /home/robot/human_ws/install/human/lib/human
[0.895s] Installing human_coordinate_client script to /home/robot/human_ws/install/human/lib/human
[0.895s] Installing human_coordinate_client_pcd script to /home/robot/human_ws/install/human/lib/human
[0.896s] Installing human_coordinate_server script to /home/robot/human_ws/install/human/lib/human
[0.896s] Installing human_coordinate_server_pcd script to /home/robot/human_ws/install/human/lib/human
[0.896s] Installing start_nodes script to /home/robot/human_ws/install/human/lib/human
[0.896s] writing list of installed files to '/home/robot/human_ws/build/human/install.log'
[0.917s] Invoked command in '/home/robot/human_ws/src/human' returned '0': AMENT_PREFIX_PATH=/home/robot/human_ws/install/myinterfaces:${AMENT_PREFIX_PATH} CMAKE_PREFIX_PATH=/home/robot/human_ws/install/myinterfaces:${CMAKE_PREFIX_PATH} LD_LIBRARY_PATH=/home/robot/human_ws/install/myinterfaces/lib:${LD_LIBRARY_PATH} PYTHONPATH=/home/robot/human_ws/build/human/prefix_override:/usr/lib/python3/dist-packages/colcon_core/task/python/colcon_distutils_commands:/home/robot/human_ws/install/human/lib/python3.10/site-packages:/home/robot/human_ws/install/myinterfaces/local/lib/python3.10/dist-packages:${PYTHONPATH} /usr/bin/python3 -W ignore:setup.py install is deprecated setup.py egg_info --egg-base ../../build/human build --build-base /home/robot/human_ws/build/human/build install --record /home/robot/human_ws/build/human/install.log --single-version-externally-managed install_data
