[1.437s] Invoking command in '/home/robot/human_ws/src/follow': PYTHONPATH=/home/robot/human_ws/build/follow/prefix_override:/usr/lib/python3/dist-packages/colcon_core/task/python/colcon_distutils_commands:/home/robot/human_ws/install/follow/lib/python3.10/site-packages:${PYTHONPATH} /usr/bin/python3 -W ignore:setup.py install is deprecated setup.py egg_info --egg-base ../../build/follow build --build-base /home/robot/human_ws/build/follow/build install --record /home/robot/human_ws/build/follow/install.log --single-version-externally-managed install_data
[1.807s] running egg_info
[1.807s] writing ../../build/follow/follow.egg-info/PKG-INFO
[1.808s] writing dependency_links to ../../build/follow/follow.egg-info/dependency_links.txt
[1.808s] writing entry points to ../../build/follow/follow.egg-info/entry_points.txt
[1.808s] writing requirements to ../../build/follow/follow.egg-info/requires.txt
[1.808s] writing top-level names to ../../build/follow/follow.egg-info/top_level.txt
[1.813s] reading manifest file '../../build/follow/follow.egg-info/SOURCES.txt'
[1.815s] writing manifest file '../../build/follow/follow.egg-info/SOURCES.txt'
[1.815s] running build
[1.815s] running build_py
[1.816s] copying follow/head_server.py -> /home/robot/human_ws/build/follow/build/lib/follow
[1.816s] copying follow/head_client.py -> /home/robot/human_ws/build/follow/build/lib/follow
[1.816s] running install
[1.817s] running install_lib
[1.818s] copying /home/robot/human_ws/build/follow/build/lib/follow/head_server.py -> /home/robot/human_ws/install/follow/lib/python3.10/site-packages/follow
[1.819s] copying /home/robot/human_ws/build/follow/build/lib/follow/head_client.py -> /home/robot/human_ws/install/follow/lib/python3.10/site-packages/follow
[1.820s] byte-compiling /home/robot/human_ws/install/follow/lib/python3.10/site-packages/follow/head_server.py to head_server.cpython-310.pyc
[1.822s] byte-compiling /home/robot/human_ws/install/follow/lib/python3.10/site-packages/follow/head_client.py to head_client.cpython-310.pyc
[1.823s] running install_data
[1.824s] running install_egg_info
[1.826s] removing '/home/robot/human_ws/install/follow/lib/python3.10/site-packages/follow-0.0.0-py3.10.egg-info' (and everything under it)
[1.827s] Copying ../../build/follow/follow.egg-info to /home/robot/human_ws/install/follow/lib/python3.10/site-packages/follow-0.0.0-py3.10.egg-info
[1.828s] running install_scripts
[1.874s] Installing camerainfo script to /home/robot/human_ws/install/follow/lib/follow
[1.874s] Installing head_client script to /home/robot/human_ws/install/follow/lib/follow
[1.874s] Installing robot_head_controller script to /home/robot/human_ws/install/follow/lib/follow
[1.874s] Installing rotate_human_node script to /home/robot/human_ws/install/follow/lib/follow
[1.874s] Installing tag_server script to /home/robot/human_ws/install/follow/lib/follow
[1.875s] writing list of installed files to '/home/robot/human_ws/build/follow/install.log'
[1.932s] Invoked command in '/home/robot/human_ws/src/follow' returned '0': PYTHONPATH=/home/robot/human_ws/build/follow/prefix_override:/usr/lib/python3/dist-packages/colcon_core/task/python/colcon_distutils_commands:/home/robot/human_ws/install/follow/lib/python3.10/site-packages:${PYTHONPATH} /usr/bin/python3 -W ignore:setup.py install is deprecated setup.py egg_info --egg-base ../../build/follow build --build-base /home/robot/human_ws/build/follow/build install --record /home/robot/human_ws/build/follow/install.log --single-version-externally-managed install_data
