[2.671s] Invoking command in '/home/robot/human_ws/src/manager': PYTHONPATH=/home/robot/human_ws/build/manager/prefix_override:/usr/lib/python3/dist-packages/colcon_core/task/python/colcon_distutils_commands:/home/robot/human_ws/install/manager/lib/python3.10/site-packages:${PYTHONPATH} /usr/bin/python3 -W ignore:setup.py install is deprecated setup.py egg_info --egg-base ../../build/manager build --build-base /home/robot/human_ws/build/manager/build install --record /home/robot/human_ws/build/manager/install.log --single-version-externally-managed install_data
[2.993s] running egg_info
[2.993s] writing ../../build/manager/manager.egg-info/PKG-INFO
[2.994s] writing dependency_links to ../../build/manager/manager.egg-info/dependency_links.txt
[2.994s] writing entry points to ../../build/manager/manager.egg-info/entry_points.txt
[2.994s] writing requirements to ../../build/manager/manager.egg-info/requires.txt
[2.994s] writing top-level names to ../../build/manager/manager.egg-info/top_level.txt
[2.995s] reading manifest file '../../build/manager/manager.egg-info/SOURCES.txt'
[2.996s] writing manifest file '../../build/manager/manager.egg-info/SOURCES.txt'
[2.997s] running build
[2.997s] running build_py
[2.997s] copying manager/manager.py -> /home/robot/human_ws/build/manager/build/lib/manager
[2.998s] running install
[2.998s] running install_lib
[3.000s] copying /home/robot/human_ws/build/manager/build/lib/manager/manager.py -> /home/robot/human_ws/install/manager/lib/python3.10/site-packages/manager
[3.001s] byte-compiling /home/robot/human_ws/install/manager/lib/python3.10/site-packages/manager/manager.py to manager.cpython-310.pyc
[3.006s] running install_data
[3.006s] running install_egg_info
[3.008s] removing '/home/robot/human_ws/install/manager/lib/python3.10/site-packages/manager-0.0.0-py3.10.egg-info' (and everything under it)
[3.008s] Copying ../../build/manager/manager.egg-info to /home/robot/human_ws/install/manager/lib/python3.10/site-packages/manager-0.0.0-py3.10.egg-info
[3.009s] running install_scripts
[3.031s] Installing manager_node script to /home/robot/human_ws/install/manager/lib/manager
[3.031s] writing list of installed files to '/home/robot/human_ws/build/manager/install.log'
[3.090s] Invoked command in '/home/robot/human_ws/src/manager' returned '0': PYTHONPATH=/home/robot/human_ws/build/manager/prefix_override:/usr/lib/python3/dist-packages/colcon_core/task/python/colcon_distutils_commands:/home/robot/human_ws/install/manager/lib/python3.10/site-packages:${PYTHONPATH} /usr/bin/python3 -W ignore:setup.py install is deprecated setup.py egg_info --egg-base ../../build/manager build --build-base /home/robot/human_ws/build/manager/build install --record /home/robot/human_ws/build/manager/install.log --single-version-externally-managed install_data
