[0.571s] Invoking command in '/home/robot/human_ws/src/human': PYTHONPATH=/home/robot/human_ws/build/human/prefix_override:/usr/lib/python3/dist-packages/colcon_core/task/python/colcon_distutils_commands:/home/robot/human_ws/install/human/lib/python3.10/site-packages:${PYTHONPATH} /usr/bin/python3 -W ignore:setup.py install is deprecated setup.py egg_info --egg-base ../../build/human build --build-base /home/robot/human_ws/build/human/build install --record /home/robot/human_ws/build/human/install.log --single-version-externally-managed install_data
[0.764s] running egg_info
[0.765s] writing ../../build/human/human.egg-info/PKG-INFO
[0.765s] writing dependency_links to ../../build/human/human.egg-info/dependency_links.txt
[0.765s] writing entry points to ../../build/human/human.egg-info/entry_points.txt
[0.765s] writing requirements to ../../build/human/human.egg-info/requires.txt
[0.765s] writing top-level names to ../../build/human/human.egg-info/top_level.txt
[0.767s] reading manifest file '../../build/human/human.egg-info/SOURCES.txt'
[0.767s] writing manifest file '../../build/human/human.egg-info/SOURCES.txt'
[0.767s] running build
[0.767s] running build_py
[0.767s] copying human/human_client_pcd.py -> /home/robot/human_ws/build/human/build/lib/human
[0.767s] copying human/human_client.py -> /home/robot/human_ws/build/human/build/lib/human
[0.768s] copying human/human_detection_pcd.py -> /home/robot/human_ws/build/human/build/lib/human
[0.769s] running install
[0.769s] running install_lib
[0.769s] copying /home/robot/human_ws/build/human/build/lib/human/human_client_pcd.py -> /home/robot/human_ws/install/human/lib/python3.10/site-packages/human
[0.769s] copying /home/robot/human_ws/build/human/build/lib/human/human_client.py -> /home/robot/human_ws/install/human/lib/python3.10/site-packages/human
[0.770s] copying /home/robot/human_ws/build/human/build/lib/human/human_detection_pcd.py -> /home/robot/human_ws/install/human/lib/python3.10/site-packages/human
[0.770s] byte-compiling /home/robot/human_ws/install/human/lib/python3.10/site-packages/human/human_client_pcd.py to human_client_pcd.cpython-310.pyc
[0.771s] byte-compiling /home/robot/human_ws/install/human/lib/python3.10/site-packages/human/human_client.py to human_client.cpython-310.pyc
[0.771s] byte-compiling /home/robot/human_ws/install/human/lib/python3.10/site-packages/human/human_detection_pcd.py to human_detection_pcd.cpython-310.pyc
[0.772s] running install_data
[0.772s] running install_egg_info
[0.773s] removing '/home/robot/human_ws/install/human/lib/python3.10/site-packages/human-0.0.0-py3.10.egg-info' (and everything under it)
[0.773s] Copying ../../build/human/human.egg-info to /home/robot/human_ws/install/human/lib/python3.10/site-packages/human-0.0.0-py3.10.egg-info
[0.774s] running install_scripts
[0.787s] Installing human_coordinate_client script to /home/robot/human_ws/install/human/lib/human
[0.788s] Installing human_coordinate_server script to /home/robot/human_ws/install/human/lib/human
[0.788s] writing list of installed files to '/home/robot/human_ws/build/human/install.log'
[0.807s] Invoked command in '/home/robot/human_ws/src/human' returned '0': PYTHONPATH=/home/robot/human_ws/build/human/prefix_override:/usr/lib/python3/dist-packages/colcon_core/task/python/colcon_distutils_commands:/home/robot/human_ws/install/human/lib/python3.10/site-packages:${PYTHONPATH} /usr/bin/python3 -W ignore:setup.py install is deprecated setup.py egg_info --egg-base ../../build/human build --build-base /home/robot/human_ws/build/human/build install --record /home/robot/human_ws/build/human/install.log --single-version-externally-managed install_data
