[1.142s] Invoking command in '/home/robot/human_ws/src/image': PYTHONPATH=/home/robot/human_ws/build/image/prefix_override:/usr/lib/python3/dist-packages/colcon_core/task/python/colcon_distutils_commands:/home/robot/human_ws/install/image/lib/python3.10/site-packages:${PYTHONPATH} /usr/bin/python3 -W ignore:setup.py install is deprecated setup.py egg_info --egg-base ../../build/image build --build-base /home/robot/human_ws/build/image/build install --record /home/robot/human_ws/build/image/install.log --single-version-externally-managed install_data
[1.368s] running egg_info
[1.368s] writing ../../build/image/image.egg-info/PKG-INFO
[1.368s] writing dependency_links to ../../build/image/image.egg-info/dependency_links.txt
[1.368s] writing entry points to ../../build/image/image.egg-info/entry_points.txt
[1.368s] writing requirements to ../../build/image/image.egg-info/requires.txt
[1.368s] writing top-level names to ../../build/image/image.egg-info/top_level.txt
[1.370s] reading manifest file '../../build/image/image.egg-info/SOURCES.txt'
[1.370s] writing manifest file '../../build/image/image.egg-info/SOURCES.txt'
[1.370s] running build
[1.370s] running build_py
[1.371s] running install
[1.371s] running install_lib
[1.372s] running install_data
[1.372s] running install_egg_info
[1.373s] removing '/home/robot/human_ws/install/image/lib/python3.10/site-packages/image-0.0.0-py3.10.egg-info' (and everything under it)
[1.373s] Copying ../../build/image/image.egg-info to /home/robot/human_ws/install/image/lib/python3.10/site-packages/image-0.0.0-py3.10.egg-info
[1.374s] running install_scripts
[1.388s] Installing image_client script to /home/robot/human_ws/install/image/lib/image
[1.389s] writing list of installed files to '/home/robot/human_ws/build/image/install.log'
[1.420s] Invoked command in '/home/robot/human_ws/src/image' returned '0': PYTHONPATH=/home/robot/human_ws/build/image/prefix_override:/usr/lib/python3/dist-packages/colcon_core/task/python/colcon_distutils_commands:/home/robot/human_ws/install/image/lib/python3.10/site-packages:${PYTHONPATH} /usr/bin/python3 -W ignore:setup.py install is deprecated setup.py egg_info --egg-base ../../build/image build --build-base /home/robot/human_ws/build/image/build install --record /home/robot/human_ws/build/image/install.log --single-version-externally-managed install_data
