[1.545s] Invoking command in '/home/robot/human_ws/src/locomotion': PYTHONPATH=/home/robot/human_ws/build/locomotion/prefix_override:/usr/lib/python3/dist-packages/colcon_core/task/python/colcon_distutils_commands:/home/robot/human_ws/install/locomotion/lib/python3.10/site-packages:${PYTHONPATH} /usr/bin/python3 -W ignore:setup.py install is deprecated setup.py egg_info --egg-base ../../build/locomotion build --build-base /home/robot/human_ws/build/locomotion/build install --record /home/robot/human_ws/build/locomotion/install.log --single-version-externally-managed install_data
[2.086s] running egg_info
[2.087s] writing ../../build/locomotion/locomotion.egg-info/PKG-INFO
[2.088s] writing dependency_links to ../../build/locomotion/locomotion.egg-info/dependency_links.txt
[2.088s] writing entry points to ../../build/locomotion/locomotion.egg-info/entry_points.txt
[2.088s] writing requirements to ../../build/locomotion/locomotion.egg-info/requires.txt
[2.089s] writing top-level names to ../../build/locomotion/locomotion.egg-info/top_level.txt
[2.095s] reading manifest file '../../build/locomotion/locomotion.egg-info/SOURCES.txt'
[2.096s] writing manifest file '../../build/locomotion/locomotion.egg-info/SOURCES.txt'
[2.096s] running build
[2.097s] running build_py
[2.097s] copying locomotion/locomotion.py -> /home/robot/human_ws/build/locomotion/build/lib/locomotion
[2.097s] running install
[2.098s] running install_lib
[2.100s] copying /home/robot/human_ws/build/locomotion/build/lib/locomotion/locomotion.py -> /home/robot/human_ws/install/locomotion/lib/python3.10/site-packages/locomotion
[2.101s] byte-compiling /home/robot/human_ws/install/locomotion/lib/python3.10/site-packages/locomotion/locomotion.py to locomotion.cpython-310.pyc
[2.106s] running install_data
[2.106s] running install_egg_info
[2.108s] removing '/home/robot/human_ws/install/locomotion/lib/python3.10/site-packages/locomotion-0.0.0-py3.10.egg-info' (and everything under it)
[2.108s] Copying ../../build/locomotion/locomotion.egg-info to /home/robot/human_ws/install/locomotion/lib/python3.10/site-packages/locomotion-0.0.0-py3.10.egg-info
[2.109s] running install_scripts
[2.150s] Installing locomotion script to /home/robot/human_ws/install/locomotion/lib/locomotion
[2.150s] writing list of installed files to '/home/robot/human_ws/build/locomotion/install.log'
[2.199s] Invoked command in '/home/robot/human_ws/src/locomotion' returned '0': PYTHONPATH=/home/robot/human_ws/build/locomotion/prefix_override:/usr/lib/python3/dist-packages/colcon_core/task/python/colcon_distutils_commands:/home/robot/human_ws/install/locomotion/lib/python3.10/site-packages:${PYTHONPATH} /usr/bin/python3 -W ignore:setup.py install is deprecated setup.py egg_info --egg-base ../../build/locomotion build --build-base /home/robot/human_ws/build/locomotion/build install --record /home/robot/human_ws/build/locomotion/install.log --single-version-externally-managed install_data
