[1.621s] Invoking command in '/home/robot/human_ws/src/follow': PYTHONPATH=/home/robot/human_ws/build/follow/prefix_override:/usr/lib/python3/dist-packages/colcon_core/task/python/colcon_distutils_commands:/home/robot/human_ws/install/follow/lib/python3.10/site-packages:${PYTHONPATH} /usr/bin/python3 -W ignore:setup.py install is deprecated setup.py egg_info --egg-base ../../build/follow build --build-base /home/robot/human_ws/build/follow/build install --record /home/robot/human_ws/build/follow/install.log --single-version-externally-managed install_data
[2.243s] running egg_info
[2.244s] writing ../../build/follow/follow.egg-info/PKG-INFO
[2.248s] writing dependency_links to ../../build/follow/follow.egg-info/dependency_links.txt
[2.248s] writing entry points to ../../build/follow/follow.egg-info/entry_points.txt
[2.248s] writing requirements to ../../build/follow/follow.egg-info/requires.txt
[2.248s] writing top-level names to ../../build/follow/follow.egg-info/top_level.txt
[2.253s] reading manifest file '../../build/follow/follow.egg-info/SOURCES.txt'
[2.253s] writing manifest file '../../build/follow/follow.egg-info/SOURCES.txt'
[2.254s] running build
[2.254s] running build_py
[2.256s] copying follow/rotate_human_server.py -> /home/robot/human_ws/build/follow/build/lib/follow
[2.256s] running install
[2.256s] running install_lib
[2.258s] copying /home/robot/human_ws/build/follow/build/lib/follow/rotate_human_server.py -> /home/robot/human_ws/install/follow/lib/python3.10/site-packages/follow
[2.259s] byte-compiling /home/robot/human_ws/install/follow/lib/python3.10/site-packages/follow/rotate_human_server.py to rotate_human_server.cpython-310.pyc
[2.260s] running install_data
[2.261s] running install_egg_info
[2.264s] removing '/home/robot/human_ws/install/follow/lib/python3.10/site-packages/follow-0.0.0-py3.10.egg-info' (and everything under it)
[2.273s] Copying ../../build/follow/follow.egg-info to /home/robot/human_ws/install/follow/lib/python3.10/site-packages/follow-0.0.0-py3.10.egg-info
[2.273s] running install_scripts
[2.293s] Installing camerainfo script to /home/robot/human_ws/install/follow/lib/follow
[2.296s] Installing head_client script to /home/robot/human_ws/install/follow/lib/follow
[2.296s] Installing robot_head_controller script to /home/robot/human_ws/install/follow/lib/follow
[2.296s] Installing rotate_human_node script to /home/robot/human_ws/install/follow/lib/follow
[2.296s] Installing tag_server script to /home/robot/human_ws/install/follow/lib/follow
[2.296s] writing list of installed files to '/home/robot/human_ws/build/follow/install.log'
[2.353s] Invoked command in '/home/robot/human_ws/src/follow' returned '0': PYTHONPATH=/home/robot/human_ws/build/follow/prefix_override:/usr/lib/python3/dist-packages/colcon_core/task/python/colcon_distutils_commands:/home/robot/human_ws/install/follow/lib/python3.10/site-packages:${PYTHONPATH} /usr/bin/python3 -W ignore:setup.py install is deprecated setup.py egg_info --egg-base ../../build/follow build --build-base /home/robot/human_ws/build/follow/build install --record /home/robot/human_ws/build/follow/install.log --single-version-externally-managed install_data
