[0.683s] Invoking command in '/home/robot/human_ws/src/listen': PYTHONPATH=/home/robot/human_ws/build/listen/prefix_override:/usr/lib/python3/dist-packages/colcon_core/task/python/colcon_distutils_commands:/home/robot/human_ws/install/listen/lib/python3.10/site-packages:${PYTHONPATH} /usr/bin/python3 -W ignore:setup.py install is deprecated setup.py egg_info --egg-base ../../build/listen build --build-base /home/robot/human_ws/build/listen/build install --record /home/robot/human_ws/build/listen/install.log --single-version-externally-managed install_data
[0.903s] running egg_info
[0.903s] writing ../../build/listen/listen.egg-info/PKG-INFO
[0.903s] writing dependency_links to ../../build/listen/listen.egg-info/dependency_links.txt
[0.903s] writing entry points to ../../build/listen/listen.egg-info/entry_points.txt
[0.904s] writing requirements to ../../build/listen/listen.egg-info/requires.txt
[0.904s] writing top-level names to ../../build/listen/listen.egg-info/top_level.txt
[0.905s] reading manifest file '../../build/listen/listen.egg-info/SOURCES.txt'
[0.905s] writing manifest file '../../build/listen/listen.egg-info/SOURCES.txt'
[0.905s] running build
[0.906s] running build_py
[0.906s] copying listen/STT.py -> /home/robot/human_ws/build/listen/build/lib/listen
[0.906s] running install
[0.906s] running install_lib
[0.906s] copying /home/robot/human_ws/build/listen/build/lib/listen/STT.py -> /home/robot/human_ws/install/listen/lib/python3.10/site-packages/listen
[0.907s] byte-compiling /home/robot/human_ws/install/listen/lib/python3.10/site-packages/listen/STT.py to STT.cpython-310.pyc
[0.908s] running install_data
[0.908s] running install_egg_info
[0.910s] removing '/home/robot/human_ws/install/listen/lib/python3.10/site-packages/listen-0.0.0-py3.10.egg-info' (and everything under it)
[0.910s] Copying ../../build/listen/listen.egg-info to /home/robot/human_ws/install/listen/lib/python3.10/site-packages/listen-0.0.0-py3.10.egg-info
[0.910s] running install_scripts
[0.927s] Installing listen_node script to /home/robot/human_ws/install/listen/lib/listen
[0.927s] writing list of installed files to '/home/robot/human_ws/build/listen/install.log'
[0.970s] Invoked command in '/home/robot/human_ws/src/listen' returned '0': PYTHONPATH=/home/robot/human_ws/build/listen/prefix_override:/usr/lib/python3/dist-packages/colcon_core/task/python/colcon_distutils_commands:/home/robot/human_ws/install/listen/lib/python3.10/site-packages:${PYTHONPATH} /usr/bin/python3 -W ignore:setup.py install is deprecated setup.py egg_info --egg-base ../../build/listen build --build-base /home/robot/human_ws/build/listen/build install --record /home/robot/human_ws/build/listen/install.log --single-version-externally-managed install_data
