[2.818s] Invoking command in '/home/robot/human_ws/src/manager': PYTHONPATH=/home/robot/human_ws/build/manager/prefix_override:/usr/lib/python3/dist-packages/colcon_core/task/python/colcon_distutils_commands:/home/robot/human_ws/install/manager/lib/python3.10/site-packages:${PYTHONPATH} /usr/bin/python3 -W ignore:setup.py install is deprecated setup.py egg_info --egg-base ../../build/manager build --build-base /home/robot/human_ws/build/manager/build install --record /home/robot/human_ws/build/manager/install.log --single-version-externally-managed install_data
[3.444s] running egg_info
[3.446s] writing ../../build/manager/manager.egg-info/PKG-INFO
[3.447s] writing dependency_links to ../../build/manager/manager.egg-info/dependency_links.txt
[3.447s] writing entry points to ../../build/manager/manager.egg-info/entry_points.txt
[3.448s] writing requirements to ../../build/manager/manager.egg-info/requires.txt
[3.448s] writing top-level names to ../../build/manager/manager.egg-info/top_level.txt
[3.452s] reading manifest file '../../build/manager/manager.egg-info/SOURCES.txt'
[3.453s] writing manifest file '../../build/manager/manager.egg-info/SOURCES.txt'
[3.454s] running build
[3.454s] running build_py
[3.454s] copying manager/manager.py -> /home/robot/human_ws/build/manager/build/lib/manager
[3.456s] running install
[3.457s] running install_lib
[3.457s] copying /home/robot/human_ws/build/manager/build/lib/manager/manager.py -> /home/robot/human_ws/install/manager/lib/python3.10/site-packages/manager
[3.463s] byte-compiling /home/robot/human_ws/install/manager/lib/python3.10/site-packages/manager/manager.py to manager.cpython-310.pyc
[3.472s] running install_data
[3.472s] running install_egg_info
[3.475s] removing '/home/robot/human_ws/install/manager/lib/python3.10/site-packages/manager-0.0.0-py3.10.egg-info' (and everything under it)
[3.476s] Copying ../../build/manager/manager.egg-info to /home/robot/human_ws/install/manager/lib/python3.10/site-packages/manager-0.0.0-py3.10.egg-info
[3.481s] running install_scripts
[3.505s] Installing manager_node script to /home/robot/human_ws/install/manager/lib/manager
[3.508s] writing list of installed files to '/home/robot/human_ws/build/manager/install.log'
[3.542s] Invoked command in '/home/robot/human_ws/src/manager' returned '0': PYTHONPATH=/home/robot/human_ws/build/manager/prefix_override:/usr/lib/python3/dist-packages/colcon_core/task/python/colcon_distutils_commands:/home/robot/human_ws/install/manager/lib/python3.10/site-packages:${PYTHONPATH} /usr/bin/python3 -W ignore:setup.py install is deprecated setup.py egg_info --egg-base ../../build/manager build --build-base /home/robot/human_ws/build/manager/build install --record /home/robot/human_ws/build/manager/install.log --single-version-externally-managed install_data
