[0.709s] Invoking command in '/home/robot/human_ws/src/follow': PYTHONPATH=/home/robot/human_ws/build/follow/prefix_override:/usr/lib/python3/dist-packages/colcon_core/task/python/colcon_distutils_commands:/home/robot/human_ws/install/follow/lib/python3.10/site-packages:${PYTHONPATH} /usr/bin/python3 -W ignore:setup.py install is deprecated setup.py egg_info --egg-base ../../build/follow build --build-base /home/robot/human_ws/build/follow/build install --record /home/robot/human_ws/build/follow/install.log --single-version-externally-managed install_data
[0.953s] running egg_info
[0.954s] writing ../../build/follow/follow.egg-info/PKG-INFO
[0.954s] writing dependency_links to ../../build/follow/follow.egg-info/dependency_links.txt
[0.954s] writing entry points to ../../build/follow/follow.egg-info/entry_points.txt
[0.954s] writing requirements to ../../build/follow/follow.egg-info/requires.txt
[0.954s] writing top-level names to ../../build/follow/follow.egg-info/top_level.txt
[0.955s] reading manifest file '../../build/follow/follow.egg-info/SOURCES.txt'
[0.956s] writing manifest file '../../build/follow/follow.egg-info/SOURCES.txt'
[0.956s] running build
[0.956s] running build_py
[0.956s] copying follow/tag_server.py -> /home/robot/human_ws/build/follow/build/lib/follow
[0.956s] running install
[0.957s] running install_lib
[0.957s] copying /home/robot/human_ws/build/follow/build/lib/follow/tag_server.py -> /home/robot/human_ws/install/follow/lib/python3.10/site-packages/follow
[0.958s] byte-compiling /home/robot/human_ws/install/follow/lib/python3.10/site-packages/follow/tag_server.py to tag_server.cpython-310.pyc
[0.959s] running install_data
[0.960s] running install_egg_info
[0.961s] removing '/home/robot/human_ws/install/follow/lib/python3.10/site-packages/follow-0.0.0-py3.10.egg-info' (and everything under it)
[0.961s] Copying ../../build/follow/follow.egg-info to /home/robot/human_ws/install/follow/lib/python3.10/site-packages/follow-0.0.0-py3.10.egg-info
[0.962s] running install_scripts
[0.976s] Installing camerainfo script to /home/robot/human_ws/install/follow/lib/follow
[0.976s] Installing follower script to /home/robot/human_ws/install/follow/lib/follow
[0.976s] Installing joy_publisher script to /home/robot/human_ws/install/follow/lib/follow
[0.976s] Installing rotate_human script to /home/robot/human_ws/install/follow/lib/follow
[0.976s] Installing tag_follower script to /home/robot/human_ws/install/follow/lib/follow
[0.976s] Installing tag_follower_static script to /home/robot/human_ws/install/follow/lib/follow
[0.976s] Installing tag_follower_static2 script to /home/robot/human_ws/install/follow/lib/follow
[0.976s] Installing tag_server script to /home/robot/human_ws/install/follow/lib/follow
[0.977s] Installing tag_test_client script to /home/robot/human_ws/install/follow/lib/follow
[0.977s] Installing test_publisher script to /home/robot/human_ws/install/follow/lib/follow
[0.977s] writing list of installed files to '/home/robot/human_ws/build/follow/install.log'
[0.997s] Invoked command in '/home/robot/human_ws/src/follow' returned '0': PYTHONPATH=/home/robot/human_ws/build/follow/prefix_override:/usr/lib/python3/dist-packages/colcon_core/task/python/colcon_distutils_commands:/home/robot/human_ws/install/follow/lib/python3.10/site-packages:${PYTHONPATH} /usr/bin/python3 -W ignore:setup.py install is deprecated setup.py egg_info --egg-base ../../build/follow build --build-base /home/robot/human_ws/build/follow/build install --record /home/robot/human_ws/build/follow/install.log --single-version-externally-managed install_data
