running egg_info
creating ../../build/apriltag_detection/apriltag_detection.egg-info
writing ../../build/apriltag_detection/apriltag_detection.egg-info/PKG-INFO
writing dependency_links to ../../build/apriltag_detection/apriltag_detection.egg-info/dependency_links.txt
writing entry points to ../../build/apriltag_detection/apriltag_detection.egg-info/entry_points.txt
writing requirements to ../../build/apriltag_detection/apriltag_detection.egg-info/requires.txt
writing top-level names to ../../build/apriltag_detection/apriltag_detection.egg-info/top_level.txt
writing manifest file '../../build/apriltag_detection/apriltag_detection.egg-info/SOURCES.txt'
reading manifest file '../../build/apriltag_detection/apriltag_detection.egg-info/SOURCES.txt'
writing manifest file '../../build/apriltag_detection/apriltag_detection.egg-info/SOURCES.txt'
running build
running build_py
creating /home/robot/human_ws/build/apriltag_detection/build
creating /home/robot/human_ws/build/apriltag_detection/build/lib
creating /home/robot/human_ws/build/apriltag_detection/build/lib/apriltag_detection
copying apriltag_detection/detection.py -> /home/robot/human_ws/build/apriltag_detection/build/lib/apriltag_detection
copying apriltag_detection/__init__.py -> /home/robot/human_ws/build/apriltag_detection/build/lib/apriltag_detection
copying apriltag_detection/camerainfo_tag.py -> /home/robot/human_ws/build/apriltag_detection/build/lib/apriltag_detection
running install
running install_lib
creating /home/robot/human_ws/install/apriltag_detection/lib/python3.10/site-packages/apriltag_detection
copying /home/robot/human_ws/build/apriltag_detection/build/lib/apriltag_detection/detection.py -> /home/robot/human_ws/install/apriltag_detection/lib/python3.10/site-packages/apriltag_detection
copying /home/robot/human_ws/build/apriltag_detection/build/lib/apriltag_detection/__init__.py -> /home/robot/human_ws/install/apriltag_detection/lib/python3.10/site-packages/apriltag_detection
copying /home/robot/human_ws/build/apriltag_detection/build/lib/apriltag_detection/camerainfo_tag.py -> /home/robot/human_ws/install/apriltag_detection/lib/python3.10/site-packages/apriltag_detection
byte-compiling /home/robot/human_ws/install/apriltag_detection/lib/python3.10/site-packages/apriltag_detection/detection.py to detection.cpython-310.pyc
byte-compiling /home/robot/human_ws/install/apriltag_detection/lib/python3.10/site-packages/apriltag_detection/__init__.py to __init__.cpython-310.pyc
byte-compiling /home/robot/human_ws/install/apriltag_detection/lib/python3.10/site-packages/apriltag_detection/camerainfo_tag.py to camerainfo_tag.cpython-310.pyc
running install_data
creating /home/robot/human_ws/install/apriltag_detection/share/ament_index
creating /home/robot/human_ws/install/apriltag_detection/share/ament_index/resource_index
creating /home/robot/human_ws/install/apriltag_detection/share/ament_index/resource_index/packages
copying resource/apriltag_detection -> /home/robot/human_ws/install/apriltag_detection/share/ament_index/resource_index/packages
copying package.xml -> /home/robot/human_ws/install/apriltag_detection/share/apriltag_detection
running install_egg_info
Copying ../../build/apriltag_detection/apriltag_detection.egg-info to /home/robot/human_ws/install/apriltag_detection/lib/python3.10/site-packages/apriltag_detection-0.0.0-py3.10.egg-info
running install_scripts
writing list of installed files to '/home/robot/human_ws/build/apriltag_detection/install.log'
