[1.886s] Invoking command in '/home/robot/human_ws/src/manager': PYTHONPATH=/home/robot/human_ws/build/manager/prefix_override:/usr/lib/python3/dist-packages/colcon_core/task/python/colcon_distutils_commands:/home/robot/human_ws/install/manager/lib/python3.10/site-packages:${PYTHONPATH} /usr/bin/python3 -W ignore:setup.py install is deprecated setup.py egg_info --egg-base ../../build/manager build --build-base /home/robot/human_ws/build/manager/build install --record /home/robot/human_ws/build/manager/install.log --single-version-externally-managed install_data
[2.506s] running egg_info
[2.506s] writing ../../build/manager/manager.egg-info/PKG-INFO
[2.507s] writing dependency_links to ../../build/manager/manager.egg-info/dependency_links.txt
[2.507s] writing entry points to ../../build/manager/manager.egg-info/entry_points.txt
[2.508s] writing requirements to ../../build/manager/manager.egg-info/requires.txt
[2.508s] writing top-level names to ../../build/manager/manager.egg-info/top_level.txt
[2.514s] reading manifest file '../../build/manager/manager.egg-info/SOURCES.txt'
[2.515s] writing manifest file '../../build/manager/manager.egg-info/SOURCES.txt'
[2.515s] running build
[2.517s] running build_py
[2.517s] copying manager/manager.py -> /home/robot/human_ws/build/manager/build/lib/manager
[2.520s] running install
[2.520s] running install_lib
[2.520s] copying /home/robot/human_ws/build/manager/build/lib/manager/manager.py -> /home/robot/human_ws/install/manager/lib/python3.10/site-packages/manager
[2.520s] byte-compiling /home/robot/human_ws/install/manager/lib/python3.10/site-packages/manager/manager.py to manager.cpython-310.pyc
[2.524s] running install_data
[2.525s] running install_egg_info
[2.529s] removing '/home/robot/human_ws/install/manager/lib/python3.10/site-packages/manager-0.0.0-py3.10.egg-info' (and everything under it)
[2.531s] Copying ../../build/manager/manager.egg-info to /home/robot/human_ws/install/manager/lib/python3.10/site-packages/manager-0.0.0-py3.10.egg-info
[2.532s] running install_scripts
[2.568s] Installing manager_node script to /home/robot/human_ws/install/manager/lib/manager
[2.568s] writing list of installed files to '/home/robot/human_ws/build/manager/install.log'
[2.634s] Invoked command in '/home/robot/human_ws/src/manager' returned '0': PYTHONPATH=/home/robot/human_ws/build/manager/prefix_override:/usr/lib/python3/dist-packages/colcon_core/task/python/colcon_distutils_commands:/home/robot/human_ws/install/manager/lib/python3.10/site-packages:${PYTHONPATH} /usr/bin/python3 -W ignore:setup.py install is deprecated setup.py egg_info --egg-base ../../build/manager build --build-base /home/robot/human_ws/build/manager/build install --record /home/robot/human_ws/build/manager/install.log --single-version-externally-managed install_data
