[0.771s] Invoking command in '/home/robot/human_ws/src/follow': PYTHONPATH=/home/robot/human_ws/build/follow/prefix_override:/usr/lib/python3/dist-packages/colcon_core/task/python/colcon_distutils_commands:/home/robot/human_ws/install/follow/lib/python3.10/site-packages:${PYTHONPATH} /usr/bin/python3 -W ignore:setup.py install is deprecated setup.py egg_info --egg-base ../../build/follow build --build-base /home/robot/human_ws/build/follow/build install --record /home/robot/human_ws/build/follow/install.log --single-version-externally-managed install_data
[0.981s] running egg_info
[0.981s] writing ../../build/follow/follow.egg-info/PKG-INFO
[0.981s] writing dependency_links to ../../build/follow/follow.egg-info/dependency_links.txt
[0.981s] writing entry points to ../../build/follow/follow.egg-info/entry_points.txt
[0.981s] writing requirements to ../../build/follow/follow.egg-info/requires.txt
[0.981s] writing top-level names to ../../build/follow/follow.egg-info/top_level.txt
[0.983s] reading manifest file '../../build/follow/follow.egg-info/SOURCES.txt'
[0.983s] writing manifest file '../../build/follow/follow.egg-info/SOURCES.txt'
[0.983s] running build
[0.984s] running build_py
[0.984s] running install
[0.984s] running install_lib
[0.985s] running install_data
[0.985s] running install_egg_info
[0.986s] removing '/home/robot/human_ws/install/follow/lib/python3.10/site-packages/follow-0.0.0-py3.10.egg-info' (and everything under it)
[0.986s] Copying ../../build/follow/follow.egg-info to /home/robot/human_ws/install/follow/lib/python3.10/site-packages/follow-0.0.0-py3.10.egg-info
[0.986s] running install_scripts
[1.001s] Installing follower script to /home/robot/human_ws/install/follow/lib/follow
[1.001s] Installing test_publisher script to /home/robot/human_ws/install/follow/lib/follow
[1.001s] writing list of installed files to '/home/robot/human_ws/build/follow/install.log'
[1.024s] Invoked command in '/home/robot/human_ws/src/follow' returned '0': PYTHONPATH=/home/robot/human_ws/build/follow/prefix_override:/usr/lib/python3/dist-packages/colcon_core/task/python/colcon_distutils_commands:/home/robot/human_ws/install/follow/lib/python3.10/site-packages:${PYTHONPATH} /usr/bin/python3 -W ignore:setup.py install is deprecated setup.py egg_info --egg-base ../../build/follow build --build-base /home/robot/human_ws/build/follow/build install --record /home/robot/human_ws/build/follow/install.log --single-version-externally-managed install_data
