[0.922s] Invoking command in '/home/robot/human_ws/src/follow': PYTHONPATH=/home/robot/human_ws/build/follow/prefix_override:/usr/lib/python3/dist-packages/colcon_core/task/python/colcon_distutils_commands:/home/robot/human_ws/install/follow/lib/python3.10/site-packages:${PYTHONPATH} /usr/bin/python3 -W ignore:setup.py install is deprecated setup.py egg_info --egg-base ../../build/follow build --build-base /home/robot/human_ws/build/follow/build install --record /home/robot/human_ws/build/follow/install.log --single-version-externally-managed install_data
[1.133s] running egg_info
[1.134s] creating ../../build/follow/follow.egg-info
[1.134s] writing ../../build/follow/follow.egg-info/PKG-INFO
[1.134s] writing dependency_links to ../../build/follow/follow.egg-info/dependency_links.txt
[1.134s] writing entry points to ../../build/follow/follow.egg-info/entry_points.txt
[1.134s] writing requirements to ../../build/follow/follow.egg-info/requires.txt
[1.134s] writing top-level names to ../../build/follow/follow.egg-info/top_level.txt
[1.134s] writing manifest file '../../build/follow/follow.egg-info/SOURCES.txt'
[1.136s] reading manifest file '../../build/follow/follow.egg-info/SOURCES.txt'
[1.136s] writing manifest file '../../build/follow/follow.egg-info/SOURCES.txt'
[1.136s] running build
[1.136s] running build_py
[1.137s] creating /home/robot/human_ws/build/follow/build
[1.137s] creating /home/robot/human_ws/build/follow/build/lib
[1.137s] creating /home/robot/human_ws/build/follow/build/lib/follow
[1.137s] copying follow/__init__.py -> /home/robot/human_ws/build/follow/build/lib/follow
[1.137s] copying follow/setup.py -> /home/robot/human_ws/build/follow/build/lib/follow
[1.137s] creating /home/robot/human_ws/build/follow/build/lib/follow/follow
[1.137s] copying follow/follow/__init__.py -> /home/robot/human_ws/build/follow/build/lib/follow/follow
[1.137s] copying follow/follow/follower.py -> /home/robot/human_ws/build/follow/build/lib/follow/follow
[1.137s] copying follow/follow/test_publisher.py -> /home/robot/human_ws/build/follow/build/lib/follow/follow
[1.137s] running install
[1.137s] running install_lib
[1.138s] creating /home/robot/human_ws/install/follow/lib/python3.10/site-packages/follow
[1.138s] creating /home/robot/human_ws/install/follow/lib/python3.10/site-packages/follow/follow
[1.138s] copying /home/robot/human_ws/build/follow/build/lib/follow/follow/__init__.py -> /home/robot/human_ws/install/follow/lib/python3.10/site-packages/follow/follow
[1.138s] copying /home/robot/human_ws/build/follow/build/lib/follow/follow/follower.py -> /home/robot/human_ws/install/follow/lib/python3.10/site-packages/follow/follow
[1.138s] copying /home/robot/human_ws/build/follow/build/lib/follow/follow/test_publisher.py -> /home/robot/human_ws/install/follow/lib/python3.10/site-packages/follow/follow
[1.138s] copying /home/robot/human_ws/build/follow/build/lib/follow/__init__.py -> /home/robot/human_ws/install/follow/lib/python3.10/site-packages/follow
[1.138s] copying /home/robot/human_ws/build/follow/build/lib/follow/setup.py -> /home/robot/human_ws/install/follow/lib/python3.10/site-packages/follow
[1.138s] byte-compiling /home/robot/human_ws/install/follow/lib/python3.10/site-packages/follow/follow/__init__.py to __init__.cpython-310.pyc
[1.139s] byte-compiling /home/robot/human_ws/install/follow/lib/python3.10/site-packages/follow/follow/follower.py to follower.cpython-310.pyc
[1.139s] byte-compiling /home/robot/human_ws/install/follow/lib/python3.10/site-packages/follow/follow/test_publisher.py to test_publisher.cpython-310.pyc
[1.139s] byte-compiling /home/robot/human_ws/install/follow/lib/python3.10/site-packages/follow/__init__.py to __init__.cpython-310.pyc
[1.139s] byte-compiling /home/robot/human_ws/install/follow/lib/python3.10/site-packages/follow/setup.py to setup.cpython-310.pyc
[1.139s] running install_data
[1.139s] creating /home/robot/human_ws/install/follow/share/ament_index
[1.139s] creating /home/robot/human_ws/install/follow/share/ament_index/resource_index
[1.139s] creating /home/robot/human_ws/install/follow/share/ament_index/resource_index/packages
[1.139s] copying resource/follow -> /home/robot/human_ws/install/follow/share/ament_index/resource_index/packages
[1.140s] copying package.xml -> /home/robot/human_ws/install/follow/share/follow
[1.140s] running install_egg_info
[1.141s] Copying ../../build/follow/follow.egg-info to /home/robot/human_ws/install/follow/lib/python3.10/site-packages/follow-0.0.0-py3.10.egg-info
[1.141s] running install_scripts
[1.155s] writing list of installed files to '/home/robot/human_ws/build/follow/install.log'
[1.176s] Invoked command in '/home/robot/human_ws/src/follow' returned '0': PYTHONPATH=/home/robot/human_ws/build/follow/prefix_override:/usr/lib/python3/dist-packages/colcon_core/task/python/colcon_distutils_commands:/home/robot/human_ws/install/follow/lib/python3.10/site-packages:${PYTHONPATH} /usr/bin/python3 -W ignore:setup.py install is deprecated setup.py egg_info --egg-base ../../build/follow build --build-base /home/robot/human_ws/build/follow/build install --record /home/robot/human_ws/build/follow/install.log --single-version-externally-managed install_data
